Using pre-set license
Built from '2021.3/staging' branch; Version is '2021.3.15f1 (e8e88683f834) revision 15263878'; Using compiler version '192829333'; Build Type 'Release'
OS: 'Windows 10  (10.0.19045) 64bit Core' Language: 'pl' Physical Memory: 16304 MB
BatchMode: 1, IsHumanControllingUs: 0, StartBugReporterOnCrash: 0, Is64bit: 1, IsPro: 1

COMMAND LINE ARGUMENTS:
F:\Unity\2021.3.15f1\Editor\Unity.exe
-adb2
-batchMode
-noUpm
-name
AssetImportWorker35
-projectPath
F:/Github/VR-projekt/VR projekt
-logFile
Logs/AssetImportWorker35.log
-srvPort
52652
Successfully changed project path to: F:/Github/VR-projekt/VR projekt
F:/Github/VR-projekt/VR projekt
[UnityMemory] Configuration Parameters - Can be set up in boot.config
    "memorysetup-bucket-allocator-granularity=16"
    "memorysetup-bucket-allocator-bucket-count=8"
    "memorysetup-bucket-allocator-block-size=33554432"
    "memorysetup-bucket-allocator-block-count=8"
    "memorysetup-main-allocator-block-size=16777216"
    "memorysetup-thread-allocator-block-size=16777216"
    "memorysetup-gfx-main-allocator-block-size=16777216"
    "memorysetup-gfx-thread-allocator-block-size=16777216"
    "memorysetup-cache-allocator-block-size=4194304"
    "memorysetup-typetree-allocator-block-size=2097152"
    "memorysetup-profiler-bucket-allocator-granularity=16"
    "memorysetup-profiler-bucket-allocator-bucket-count=8"
    "memorysetup-profiler-bucket-allocator-block-size=33554432"
    "memorysetup-profiler-bucket-allocator-block-count=8"
    "memorysetup-profiler-allocator-block-size=16777216"
    "memorysetup-profiler-editor-allocator-block-size=1048576"
    "memorysetup-temp-allocator-size-main=16777216"
    "memorysetup-job-temp-allocator-block-size=2097152"
    "memorysetup-job-temp-allocator-block-size-background=1048576"
    "memorysetup-job-temp-allocator-reduction-small-platforms=262144"
    "memorysetup-temp-allocator-size-background-worker=32768"
    "memorysetup-temp-allocator-size-job-worker=262144"
    "memorysetup-temp-allocator-size-preload-manager=33554432"
    "memorysetup-temp-allocator-size-nav-mesh-worker=65536"
    "memorysetup-temp-allocator-size-audio-worker=65536"
    "memorysetup-temp-allocator-size-cloud-worker=32768"
    "memorysetup-temp-allocator-size-gi-baking-worker=262144"
    "memorysetup-temp-allocator-size-gfx=262144"
Player connection [20516] Host "[IP] 192.168.0.11 [Port] 0 [Flags] 2 [Guid] 1888336920 [EditorId] 1888336920 [Version] 1048832 [Id] WindowsEditor(7,DESKTOP-MN4RVAM) [Debug] 1 [PackageName] WindowsEditor [ProjectName] Editor" joined multi-casting on [225.0.0.222:54997]...

Player connection [20516] Host "[IP] 192.168.0.11 [Port] 0 [Flags] 2 [Guid] 1888336920 [EditorId] 1888336920 [Version] 1048832 [Id] WindowsEditor(7,DESKTOP-MN4RVAM) [Debug] 1 [PackageName] WindowsEditor [ProjectName] Editor" joined alternative multi-casting on [225.0.0.222:34997]...

Refreshing native plugins compatible for Editor in 275.21 ms, found 3 plugins.
Preloading 0 native plugins for Editor in 0.00 ms.
Initialize engine version: 2021.3.15f1 (e8e88683f834)
[Subsystems] Discovering subsystems at path F:/Unity/2021.3.15f1/Editor/Data/Resources/UnitySubsystems
[Subsystems] Discovering subsystems at path F:/Github/VR-projekt/VR projekt/Assets
GfxDevice: creating device client; threaded=0; jobified=0
Direct3D:
    Version:  Direct3D 11.0 [level 11.1]
    Renderer: NVIDIA GeForce GTX 1650 (ID=0x1f91)
    Vendor:   NVIDIA
    VRAM:     3949 MB
    Driver:   31.0.15.2824
Initialize mono
Mono path[0] = 'F:/Unity/2021.3.15f1/Editor/Data/Managed'
Mono path[1] = 'F:/Unity/2021.3.15f1/Editor/Data/MonoBleedingEdge/lib/mono/unityjit-win32'
Mono config path = 'F:/Unity/2021.3.15f1/Editor/Data/MonoBleedingEdge/etc'
Using monoOptions --debugger-agent=transport=dt_socket,embedding=1,server=y,suspend=n,address=127.0.0.1:56348
Begin MonoManager ReloadAssembly
Registering precompiled unity dll's ...
Register platform support module: F:/Unity/2021.3.15f1/Editor/Data/PlaybackEngines/WindowsStandaloneSupport/UnityEditor.WindowsStandalone.Extensions.dll
Registered in 0.009543 seconds.
Native extension for WindowsStandalone target not found
Refreshing native plugins compatible for Editor in 260.04 ms, found 3 plugins.
Preloading 0 native plugins for Editor in 0.00 ms.
Mono: successfully reloaded assembly
- Completed reload, in  1.764 seconds
Domain Reload Profiling:
	ReloadAssembly (1770ms)
		BeginReloadAssembly (178ms)
			ExecutionOrderSort (0ms)
			DisableScriptedObjects (0ms)
			BackupInstance (0ms)
			ReleaseScriptingObjects (0ms)
			CreateAndSetChildDomain (2ms)
		EndReloadAssembly (1253ms)
			LoadAssemblies (161ms)
			RebuildTransferFunctionScriptingTraits (0ms)
			SetupTypeCache (351ms)
			ReleaseScriptCaches (0ms)
			RebuildScriptCaches (71ms)
			SetupLoadedEditorAssemblies (716ms)
				LogAssemblyErrors (0ms)
				InitializePlatformSupportModulesInManaged (20ms)
				SetLoadedEditorAssemblies (1ms)
				RefreshPlugins (260ms)
				BeforeProcessingInitializeOnLoad (3ms)
				ProcessInitializeOnLoadAttributes (361ms)
				ProcessInitializeOnLoadMethodAttributes (72ms)
				AfterProcessingInitializeOnLoad (0ms)
				EditorAssembliesLoaded (0ms)
			ExecutionOrderSort2 (0ms)
			AwakeInstancesAfterBackupRestoration (0ms)
Platform modules already initialized, skipping
Registering precompiled user dll's ...
Registered in 0.015513 seconds.
Begin MonoManager ReloadAssembly
Symbol file LoadedFromMemory doesn't match image F:\Github\VR-projekt\VR projekt\Library\PackageCache\com.unity.visualscripting@1.7.8\Editor\VisualScripting.Core\Dependencies\YamlDotNet\Unity.VisualScripting.YamlDotNet.dll
Symbol file LoadedFromMemory doesn't match image F:\Github\VR-projekt\VR projekt\Library\PackageCache\com.unity.visualscripting@1.7.8\Editor\VisualScripting.Core\Dependencies\DotNetZip\Unity.VisualScripting.IonicZip.dll
Native extension for WindowsStandalone target not found
Refreshing native plugins compatible for Editor in 167.87 ms, found 3 plugins.
Preloading 0 native plugins for Editor in 0.00 ms.
Mono: successfully reloaded assembly
- Completed reload, in  2.277 seconds
Domain Reload Profiling:
	ReloadAssembly (2278ms)
		BeginReloadAssembly (186ms)
			ExecutionOrderSort (0ms)
			DisableScriptedObjects (10ms)
			BackupInstance (0ms)
			ReleaseScriptingObjects (0ms)
			CreateAndSetChildDomain (34ms)
		EndReloadAssembly (1904ms)
			LoadAssemblies (140ms)
			RebuildTransferFunctionScriptingTraits (0ms)
			SetupTypeCache (479ms)
			ReleaseScriptCaches (1ms)
			RebuildScriptCaches (93ms)
			SetupLoadedEditorAssemblies (1140ms)
				LogAssemblyErrors (0ms)
				InitializePlatformSupportModulesInManaged (8ms)
				SetLoadedEditorAssemblies (0ms)
				RefreshPlugins (168ms)
				BeforeProcessingInitializeOnLoad (152ms)
				ProcessInitializeOnLoadAttributes (750ms)
				ProcessInitializeOnLoadMethodAttributes (50ms)
				AfterProcessingInitializeOnLoad (13ms)
				EditorAssembliesLoaded (0ms)
			ExecutionOrderSort2 (0ms)
			AwakeInstancesAfterBackupRestoration (7ms)
Platform modules already initialized, skipping
========================================================================
Worker process is ready to serve import requests
Launched and connected shader compiler UnityShaderCompiler.exe after 0.09 seconds
Refreshing native plugins compatible for Editor in 1.75 ms, found 3 plugins.
Preloading 0 native plugins for Editor in 0.00 ms.
Unloading 3883 Unused Serialized files (Serialized files now loaded: 0)
Unloading 44 unused Assets / (185.1 KB). Loaded Objects now: 4358.
Memory consumption went from 151.9 MB to 151.7 MB.
Total: 9.637000 ms (FindLiveObjects: 0.437800 ms CreateObjectMapping: 0.365000 ms MarkObjects: 8.586400 ms  DeleteObjects: 0.246600 ms)

AssetImportParameters requested are different than current active one (requested -> active):
  custom:video-decoder-ogg-theora: a1e56fd34408186e4bbccfd4996cb3dc -> 
  custom:container-muxer-webm: aa71ff27fc2769a1b78a27578f13a17b -> 
  custom:container-demuxer-webm: 4f35f7cbe854078d1ac9338744f61a02 -> 
  custom:video-encoder-webm-vp8: eb34c28f22e8b96e1ab97ce403110664 -> 
  custom:audio-encoder-webm-vorbis: bf7c407c2cedff20999df2af8eb42d56 -> 
  custom:framework-win-MediaFoundation: 216162199b28c13a410421893ffa2e32 -> 
  custom:container-demuxer-ogg: 62fdf1f143b41e24485cea50d1cbac27 -> 
  custom:video-decoder-webm-vp8: 9c59270c3fd7afecdb556c50c9e8de78 -> 
  custom:audio-decoder-ogg-vorbis: bf7c407c2cedff20999df2af8eb42d56 -> 
========================================================================
Received Import Request.
  Time since last request: 14015.822184 seconds.
  path: Assets/cemetery halloween set/Prefab/spokebone_01.prefab
  artifactKey: Guid(26a39a9e4e508834e920296ec8d2badf) Importer(815301076,1909f56bfc062723c751e8b465ee728b)
Start importing Assets/cemetery halloween set/Prefab/spokebone_01.prefab using Guid(26a39a9e4e508834e920296ec8d2badf) Importer(815301076,1909f56bfc062723c751e8b465ee728b)  -> (artifact id: '09e8e93c5860ac781a01f64f1b3d988d') in 0.321825 seconds 
========================================================================
Received Import Request.
  Time since last request: 0.000020 seconds.
  path: Assets/cemetery halloween set/Prefab/zombie_hand_07.prefab
  artifactKey: Guid(0c654bfecb1e6c4468c8934406b1c1b2) Importer(815301076,1909f56bfc062723c751e8b465ee728b)
Start importing Assets/cemetery halloween set/Prefab/zombie_hand_07.prefab using Guid(0c654bfecb1e6c4468c8934406b1c1b2) Importer(815301076,1909f56bfc062723c751e8b465ee728b)  -> (artifact id: '8bd6d382b2a73381833f803dc8ec0358') in 0.038995 seconds 
========================================================================
Received Import Request.
  Time since last request: 0.194644 seconds.
  path: Assets/cemetery halloween set/Prefab/zombie_hand_08.prefab
  artifactKey: Guid(5a1431cb1a2a1454986e38f431f012e0) Importer(815301076,1909f56bfc062723c751e8b465ee728b)
Start importing Assets/cemetery halloween set/Prefab/zombie_hand_08.prefab using Guid(5a1431cb1a2a1454986e38f431f012e0) Importer(815301076,1909f56bfc062723c751e8b465ee728b)  -> (artifact id: 'c66abc307ed6597b815b0de2c8f07499') in 0.054188 seconds 
========================================================================
Received Import Request.
  Time since last request: 94.541315 seconds.
  path: Assets/cemetery halloween set/models/bush_01.FBX
  artifactKey: Guid(a478d6d92ef5900488f4cc185bbfc98d) Importer(815301076,1909f56bfc062723c751e8b465ee728b)
Start importing Assets/cemetery halloween set/models/bush_01.FBX using Guid(a478d6d92ef5900488f4cc185bbfc98d) Importer(815301076,1909f56bfc062723c751e8b465ee728b)  -> (artifact id: 'abb28d53649b28a397f7df6341a3eca1') in 0.127960 seconds 
========================================================================
Received Import Request.
  Time since last request: 0.000036 seconds.
  path: Assets/cemetery halloween set/models/dead_tree_06.FBX
  artifactKey: Guid(8a379897544d01b47a00a9dce9ffbce2) Importer(815301076,1909f56bfc062723c751e8b465ee728b)
Start importing Assets/cemetery halloween set/models/dead_tree_06.FBX using Guid(8a379897544d01b47a00a9dce9ffbce2) Importer(815301076,1909f56bfc062723c751e8b465ee728b)  -> (artifact id: '98028c4b81dfa24ce2b110d0d88ddc2d') in 0.138078 seconds 
========================================================================
Received Import Request.
  Time since last request: 0.000032 seconds.
  path: Assets/cemetery halloween set/models/skull_03.fbx
  artifactKey: Guid(690d478168e1ba247b9862d32af19518) Importer(815301076,1909f56bfc062723c751e8b465ee728b)
Start importing Assets/cemetery halloween set/models/skull_03.fbx using Guid(690d478168e1ba247b9862d32af19518) Importer(815301076,1909f56bfc062723c751e8b465ee728b)  -> (artifact id: 'd999dd52a126a544e31c57c460d7ec14') in 0.055765 seconds 
========================================================================
Received Import Request.
  Time since last request: 0.000026 seconds.
  path: Assets/cemetery halloween set/models/gravestone_10.fbx
  artifactKey: Guid(903b69e4eb99d014b84617b73f932ac2) Importer(815301076,1909f56bfc062723c751e8b465ee728b)
Start importing Assets/cemetery halloween set/models/gravestone_10.fbx using Guid(903b69e4eb99d014b84617b73f932ac2) Importer(815301076,1909f56bfc062723c751e8b465ee728b)  -> (artifact id: '329d75de99073d296b5688244b968a87') in 0.054664 seconds 
========================================================================
Received Import Request.
  Time since last request: 0.000031 seconds.
  path: Assets/cemetery halloween set/models/gravestone_03.fbx
  artifactKey: Guid(0a1e210e16f925b449521d1035a19137) Importer(815301076,1909f56bfc062723c751e8b465ee728b)
Start importing Assets/cemetery halloween set/models/gravestone_03.fbx using Guid(0a1e210e16f925b449521d1035a19137) Importer(815301076,1909f56bfc062723c751e8b465ee728b)  -> (artifact id: 'a011bc70735fd95fb4228403497ef6af') in 0.064530 seconds 
========================================================================
Received Import Request.
  Time since last request: 0.000023 seconds.
  path: Assets/cemetery halloween set/models/lava_dead_tree_01.FBX
  artifactKey: Guid(3f2e6295562c91f4ca24f635676b603e) Importer(815301076,1909f56bfc062723c751e8b465ee728b)
Start importing Assets/cemetery halloween set/models/lava_dead_tree_01.FBX using Guid(3f2e6295562c91f4ca24f635676b603e) Importer(815301076,1909f56bfc062723c751e8b465ee728b)  -> (artifact id: 'cddcc0399ce073ba6db4a3290feb1a68') in 0.078449 seconds 
========================================================================
Received Import Request.
  Time since last request: 0.000042 seconds.
  path: Assets/cemetery halloween set/models/pumpkin_05.FBX
  artifactKey: Guid(81bd1c361541fe74bba12aacc913298e) Importer(815301076,1909f56bfc062723c751e8b465ee728b)
Start importing Assets/cemetery halloween set/models/pumpkin_05.FBX using Guid(81bd1c361541fe74bba12aacc913298e) Importer(815301076,1909f56bfc062723c751e8b465ee728b)  -> (artifact id: '2f8627d48a5ddd9159da38356b857407') in 0.072036 seconds 
========================================================================
Received Import Request.
  Time since last request: 0.000033 seconds.
  path: Assets/cemetery halloween set/models/gravestone_09.fbx
  artifactKey: Guid(d7369344e347ec740a57571e8653a1c3) Importer(815301076,1909f56bfc062723c751e8b465ee728b)
Start importing Assets/cemetery halloween set/models/gravestone_09.fbx using Guid(d7369344e347ec740a57571e8653a1c3) Importer(815301076,1909f56bfc062723c751e8b465ee728b)  -> (artifact id: '2f315110055782ec6240c82563079aa9') in 0.059589 seconds 
========================================================================
Received Import Request.
  Time since last request: 0.000024 seconds.
  path: Assets/cemetery halloween set/models/rock_04.fbx
  artifactKey: Guid(767cb26abc3ce284897d1ec8a99023fe) Importer(815301076,1909f56bfc062723c751e8b465ee728b)
Start importing Assets/cemetery halloween set/models/rock_04.fbx using Guid(767cb26abc3ce284897d1ec8a99023fe) Importer(815301076,1909f56bfc062723c751e8b465ee728b)  -> (artifact id: 'd97ddc1adf58dcc41c9a25207448075b') in 0.042869 seconds 
========================================================================
Received Import Request.
  Time since last request: 0.000028 seconds.
  path: Assets/cemetery halloween set/models/pumpkin_01.FBX
  artifactKey: Guid(24b7202a5e454ea48ba7f25ac5b839bd) Importer(815301076,1909f56bfc062723c751e8b465ee728b)
Start importing Assets/cemetery halloween set/models/pumpkin_01.FBX using Guid(24b7202a5e454ea48ba7f25ac5b839bd) Importer(815301076,1909f56bfc062723c751e8b465ee728b)  -> (artifact id: '344d1fb10bcd7a726f462cce3042f975') in 0.045393 seconds 
========================================================================
Received Import Request.
  Time since last request: 0.000025 seconds.
  path: Assets/cemetery halloween set/models/rock_08.fbx
  artifactKey: Guid(04a832b6c39f96e4b9bd6d65db63dd75) Importer(815301076,1909f56bfc062723c751e8b465ee728b)
Start importing Assets/cemetery halloween set/models/rock_08.fbx using Guid(04a832b6c39f96e4b9bd6d65db63dd75) Importer(815301076,1909f56bfc062723c751e8b465ee728b)  -> (artifact id: 'c71bc6d7662b7b4323d5b8280a820134') in 0.035348 seconds 
========================================================================
Received Import Request.
  Time since last request: 0.000029 seconds.
  path: Assets/cemetery halloween set/models/rock_09.fbx
  artifactKey: Guid(fefbfe09f1bcf814cb5f844c981e7369) Importer(815301076,1909f56bfc062723c751e8b465ee728b)
Start importing Assets/cemetery halloween set/models/rock_09.fbx using Guid(fefbfe09f1bcf814cb5f844c981e7369) Importer(815301076,1909f56bfc062723c751e8b465ee728b)  -> (artifact id: 'f81a319e41a82ab30153cc055aa6f287') in 0.051074 seconds 
========================================================================
Received Import Request.
  Time since last request: 0.000061 seconds.
  path: Assets/cemetery halloween set/models/dead_tree_04.FBX
  artifactKey: Guid(3377073e3e89c874cb513eee713eff89) Importer(815301076,1909f56bfc062723c751e8b465ee728b)
Start importing Assets/cemetery halloween set/models/dead_tree_04.FBX using Guid(3377073e3e89c874cb513eee713eff89) Importer(815301076,1909f56bfc062723c751e8b465ee728b)  -> (artifact id: '52f3d05e6184392325157e948d7b740c') in 0.063747 seconds 
========================================================================
Received Import Request.
  Time since last request: 0.000029 seconds.
  path: Assets/cemetery halloween set/models/pumpkin_10.FBX
  artifactKey: Guid(ca955adc0ee594341b35932e657e6bb6) Importer(815301076,1909f56bfc062723c751e8b465ee728b)
Start importing Assets/cemetery halloween set/models/pumpkin_10.FBX using Guid(ca955adc0ee594341b35932e657e6bb6) Importer(815301076,1909f56bfc062723c751e8b465ee728b)  -> (artifact id: 'ac3e7c475db7d94dc93ba4262e18b6bf') in 0.052267 seconds 
========================================================================
Received Import Request.
  Time since last request: 0.000047 seconds.
  path: Assets/cemetery halloween set/models/pumpkin_07.FBX
  artifactKey: Guid(9a1ff450f10a30d42bbd560ed6446c4e) Importer(815301076,1909f56bfc062723c751e8b465ee728b)
Start importing Assets/cemetery halloween set/models/pumpkin_07.FBX using Guid(9a1ff450f10a30d42bbd560ed6446c4e) Importer(815301076,1909f56bfc062723c751e8b465ee728b)  -> (artifact id: '7f081dacd5e023d8582cb9c57032744c') in 0.062344 seconds 
========================================================================
Received Import Request.
  Time since last request: 0.000031 seconds.
  path: Assets/cemetery halloween set/models/gravestone_02.fbx
  artifactKey: Guid(8b52540195a274341bdfcb7742fbaf84) Importer(815301076,1909f56bfc062723c751e8b465ee728b)
Start importing Assets/cemetery halloween set/models/gravestone_02.fbx using Guid(8b52540195a274341bdfcb7742fbaf84) Importer(815301076,1909f56bfc062723c751e8b465ee728b)  -> (artifact id: '4f7b79d9df6972064c07f0f0dbd83d0f') in 0.039032 seconds 
========================================================================
Received Import Request.
  Time since last request: 0.000053 seconds.
  path: Assets/cemetery halloween set/models/rock_02.fbx
  artifactKey: Guid(c9b63d44b6a432b47bfdbe75466bcd4e) Importer(815301076,1909f56bfc062723c751e8b465ee728b)
Start importing Assets/cemetery halloween set/models/rock_02.fbx using Guid(c9b63d44b6a432b47bfdbe75466bcd4e) Importer(815301076,1909f56bfc062723c751e8b465ee728b)  -> (artifact id: '042968f3dca27a1f4c3231e2f820b111') in 0.042080 seconds 
========================================================================
Received Import Request.
  Time since last request: 0.000029 seconds.
  path: Assets/cemetery halloween set/models/skull_07.fbx
  artifactKey: Guid(da96822f9761b05478b5804805b31a24) Importer(815301076,1909f56bfc062723c751e8b465ee728b)
Start importing Assets/cemetery halloween set/models/skull_07.fbx using Guid(da96822f9761b05478b5804805b31a24) Importer(815301076,1909f56bfc062723c751e8b465ee728b)  -> (artifact id: 'bb66453558f08a8c5447b7420fa80bfd') in 0.052041 seconds 
========================================================================
Received Import Request.
  Time since last request: 0.000037 seconds.
  path: Assets/cemetery halloween set/models/hang_pumpkin_02.FBX
  artifactKey: Guid(7bf738d0024710e4bb01a1032ecffb57) Importer(815301076,1909f56bfc062723c751e8b465ee728b)
Start importing Assets/cemetery halloween set/models/hang_pumpkin_02.FBX using Guid(7bf738d0024710e4bb01a1032ecffb57) Importer(815301076,1909f56bfc062723c751e8b465ee728b)  -> (artifact id: 'a9d3744d0930dc6160909ce9976f2cff') in 0.058781 seconds 
========================================================================
Received Import Request.
  Time since last request: 0.000036 seconds.
  path: Assets/cemetery halloween set/models/skull_05.fbx
  artifactKey: Guid(dde2d83f50e4e1e498596af035191d48) Importer(815301076,1909f56bfc062723c751e8b465ee728b)
Start importing Assets/cemetery halloween set/models/skull_05.fbx using Guid(dde2d83f50e4e1e498596af035191d48) Importer(815301076,1909f56bfc062723c751e8b465ee728b)  -> (artifact id: '452c0d28f9e36a81f78a1fdc2161f6cb') in 0.043067 seconds 
========================================================================
Received Import Request.
  Time since last request: 0.000038 seconds.
  path: Assets/cemetery halloween set/models/pumpkin_04.FBX
  artifactKey: Guid(9cb5ce8b3328f144984e3f413734c149) Importer(815301076,1909f56bfc062723c751e8b465ee728b)
Start importing Assets/cemetery halloween set/models/pumpkin_04.FBX using Guid(9cb5ce8b3328f144984e3f413734c149) Importer(815301076,1909f56bfc062723c751e8b465ee728b)  -> (artifact id: '3ffe8adaa2f61495241ecdf47deae54d') in 0.042568 seconds 
========================================================================
Received Import Request.
  Time since last request: 0.000047 seconds.
  path: Assets/cemetery halloween set/models/fence_tile_04.fbx
  artifactKey: Guid(f29724fbcb671bb42a3b2739869c9adc) Importer(815301076,1909f56bfc062723c751e8b465ee728b)
Start importing Assets/cemetery halloween set/models/fence_tile_04.fbx using Guid(f29724fbcb671bb42a3b2739869c9adc) Importer(815301076,1909f56bfc062723c751e8b465ee728b)  -> (artifact id: 'cd58ddf003130b918c7673dfb07da7be') in 0.036933 seconds 
========================================================================
Received Import Request.
  Time since last request: 0.000034 seconds.
  path: Assets/cemetery halloween set/models/gravestone_05.fbx
  artifactKey: Guid(9e20b7b9e08ca864eb1a6ecae2969cae) Importer(815301076,1909f56bfc062723c751e8b465ee728b)
Start importing Assets/cemetery halloween set/models/gravestone_05.fbx using Guid(9e20b7b9e08ca864eb1a6ecae2969cae) Importer(815301076,1909f56bfc062723c751e8b465ee728b)  -> (artifact id: '871f24d0ded4b04347d85dbe077a7652') in 0.042833 seconds 
========================================================================
Received Import Request.
  Time since last request: 0.000029 seconds.
  path: Assets/cemetery halloween set/models/pumpkin_03.FBX
  artifactKey: Guid(3a49463d7f0827a46b6a7ef4257003fa) Importer(815301076,1909f56bfc062723c751e8b465ee728b)
Start importing Assets/cemetery halloween set/models/pumpkin_03.FBX using Guid(3a49463d7f0827a46b6a7ef4257003fa) Importer(815301076,1909f56bfc062723c751e8b465ee728b)  -> (artifact id: 'a49fa02778204667a6861421f12aa792') in 0.036387 seconds 
========================================================================
Received Import Request.
  Time since last request: 0.000022 seconds.
  path: Assets/cemetery halloween set/models/skull_01.fbx
  artifactKey: Guid(39435e97ca57ba1408fd054be7ce7363) Importer(815301076,1909f56bfc062723c751e8b465ee728b)
Start importing Assets/cemetery halloween set/models/skull_01.fbx using Guid(39435e97ca57ba1408fd054be7ce7363) Importer(815301076,1909f56bfc062723c751e8b465ee728b)  -> (artifact id: '72c9d00164f6bc4c090ada4d40e2a6b8') in 0.038889 seconds 
========================================================================
Received Import Request.
  Time since last request: 0.000024 seconds.
  path: Assets/cemetery halloween set/models/rock_06.fbx
  artifactKey: Guid(07a69f7f7a9f07f498158e5cd9d555a1) Importer(815301076,1909f56bfc062723c751e8b465ee728b)
Start importing Assets/cemetery halloween set/models/rock_06.fbx using Guid(07a69f7f7a9f07f498158e5cd9d555a1) Importer(815301076,1909f56bfc062723c751e8b465ee728b)  -> (artifact id: 'e3c02112bc85a12be292aba944ac5ded') in 0.038724 seconds 
========================================================================
Received Import Request.
  Time since last request: 0.000049 seconds.
  path: Assets/cemetery halloween set/models/pumpkin_02.FBX
  artifactKey: Guid(bb121659b32fb5f488ad53b1fbef5e4e) Importer(815301076,1909f56bfc062723c751e8b465ee728b)
Start importing Assets/cemetery halloween set/models/pumpkin_02.FBX using Guid(bb121659b32fb5f488ad53b1fbef5e4e) Importer(815301076,1909f56bfc062723c751e8b465ee728b)  -> (artifact id: '7f86b171da678aaf1ba93499822cb0fd') in 0.053355 seconds 
========================================================================
Received Import Request.
  Time since last request: 0.000038 seconds.
  path: Assets/cemetery halloween set/models/lava_dead_tree_06.FBX
  artifactKey: Guid(f4695a115cbbe7c4cb2e07bf1c5b0c12) Importer(815301076,1909f56bfc062723c751e8b465ee728b)
Start importing Assets/cemetery halloween set/models/lava_dead_tree_06.FBX using Guid(f4695a115cbbe7c4cb2e07bf1c5b0c12) Importer(815301076,1909f56bfc062723c751e8b465ee728b)  -> (artifact id: 'a92d8189960fff08b99b6176904ba320') in 0.063751 seconds 
========================================================================
Received Import Request.
  Time since last request: 0.000033 seconds.
  path: Assets/cemetery halloween set/models/rock_03.fbx
  artifactKey: Guid(62ae9e88d8318ee4c854c401ee10caaa) Importer(815301076,1909f56bfc062723c751e8b465ee728b)
Start importing Assets/cemetery halloween set/models/rock_03.fbx using Guid(62ae9e88d8318ee4c854c401ee10caaa) Importer(815301076,1909f56bfc062723c751e8b465ee728b)  -> (artifact id: 'b2bbc91688410ab985820631cdcbc059') in 0.040907 seconds 
========================================================================
Received Import Request.
  Time since last request: 0.000031 seconds.
  path: Assets/cemetery halloween set/models/rock_05.fbx
  artifactKey: Guid(92f6cadac830dad479725e5299a85a6b) Importer(815301076,1909f56bfc062723c751e8b465ee728b)
Start importing Assets/cemetery halloween set/models/rock_05.fbx using Guid(92f6cadac830dad479725e5299a85a6b) Importer(815301076,1909f56bfc062723c751e8b465ee728b)  -> (artifact id: '5ed755d21267258a34ed2a066e5676b7') in 0.038082 seconds 
========================================================================
Received Import Request.
  Time since last request: 0.000030 seconds.
  path: Assets/cemetery halloween set/models/spiderweb_01.fbx
  artifactKey: Guid(b9c220a7f056f454882d8a29a8d68582) Importer(815301076,1909f56bfc062723c751e8b465ee728b)
Start importing Assets/cemetery halloween set/models/spiderweb_01.fbx using Guid(b9c220a7f056f454882d8a29a8d68582) Importer(815301076,1909f56bfc062723c751e8b465ee728b)  -> (artifact id: 'd5fc2fd34df547bedd4b7795f412323b') in 0.035894 seconds 
========================================================================
Received Import Request.
  Time since last request: 0.000031 seconds.
  path: Assets/cemetery halloween set/models/pumpkin_06.FBX
  artifactKey: Guid(ee8ed93185871834b92361654fdd8c87) Importer(815301076,1909f56bfc062723c751e8b465ee728b)
Start importing Assets/cemetery halloween set/models/pumpkin_06.FBX using Guid(ee8ed93185871834b92361654fdd8c87) Importer(815301076,1909f56bfc062723c751e8b465ee728b)  -> (artifact id: '4aa7ed670cb02ae739435fbe7651099b') in 0.041044 seconds 
========================================================================
Received Import Request.
  Time since last request: 0.000038 seconds.
  path: Assets/cemetery halloween set/models/rock_13.fbx
  artifactKey: Guid(3739b15df9a3c804d873bf9a3b8c0b0d) Importer(815301076,1909f56bfc062723c751e8b465ee728b)
Start importing Assets/cemetery halloween set/models/rock_13.fbx using Guid(3739b15df9a3c804d873bf9a3b8c0b0d) Importer(815301076,1909f56bfc062723c751e8b465ee728b)  -> (artifact id: 'bd98ffae227882e2cbb7f30800773ed0') in 0.035515 seconds 
========================================================================
Received Import Request.
  Time since last request: 0.000023 seconds.
  path: Assets/cemetery halloween set/models/pumpkin_11.FBX
  artifactKey: Guid(ca4c8c4a680b51640a9d4ea0977e9abe) Importer(815301076,1909f56bfc062723c751e8b465ee728b)
Start importing Assets/cemetery halloween set/models/pumpkin_11.FBX using Guid(ca4c8c4a680b51640a9d4ea0977e9abe) Importer(815301076,1909f56bfc062723c751e8b465ee728b)  -> (artifact id: '952cd7d0e0a0b67ac1aea01c4856b6b3') in 0.048477 seconds 
========================================================================
Received Import Request.
  Time since last request: 0.000032 seconds.
  path: Assets/cemetery halloween set/models/lava_dead_tree_03.FBX
  artifactKey: Guid(45a1b1d44ce637342a128c904ec6371a) Importer(815301076,1909f56bfc062723c751e8b465ee728b)
Start importing Assets/cemetery halloween set/models/lava_dead_tree_03.FBX using Guid(45a1b1d44ce637342a128c904ec6371a) Importer(815301076,1909f56bfc062723c751e8b465ee728b)  -> (artifact id: '84d40e0c025a023db23795a2a14df7ae') in 0.054638 seconds 
========================================================================
Received Import Request.
  Time since last request: 0.000284 seconds.
  path: Assets/cemetery halloween set/models/gravestone_01.fbx
  artifactKey: Guid(e899583bc5a61d044bbb5ebf35060820) Importer(815301076,1909f56bfc062723c751e8b465ee728b)
Start importing Assets/cemetery halloween set/models/gravestone_01.fbx using Guid(e899583bc5a61d044bbb5ebf35060820) Importer(815301076,1909f56bfc062723c751e8b465ee728b)  -> (artifact id: 'b010ff5098870cb14764678b8e4e7153') in 0.042907 seconds 
========================================================================
Received Import Request.
  Time since last request: 0.000033 seconds.
  path: Assets/cemetery halloween set/models/gate_01.FBX
  artifactKey: Guid(8f7da3fe0c3e07a499817697103ceeaf) Importer(815301076,1909f56bfc062723c751e8b465ee728b)
Start importing Assets/cemetery halloween set/models/gate_01.FBX using Guid(8f7da3fe0c3e07a499817697103ceeaf) Importer(815301076,1909f56bfc062723c751e8b465ee728b)  -> (artifact id: '99e252aace35190939ea2f40d303d0a7') in 0.058132 seconds 
========================================================================
Received Import Request.
  Time since last request: 0.000063 seconds.
  path: Assets/cemetery halloween set/models/fence_tile_02.fbx
  artifactKey: Guid(10e9fffa3bb95334e8a305d18adca0f0) Importer(815301076,1909f56bfc062723c751e8b465ee728b)
Start importing Assets/cemetery halloween set/models/fence_tile_02.fbx using Guid(10e9fffa3bb95334e8a305d18adca0f0) Importer(815301076,1909f56bfc062723c751e8b465ee728b)  -> (artifact id: '79a16b24cf6b91cfb62368b2bbdcf574') in 0.038056 seconds 
========================================================================
Received Prepare
Registering precompiled user dll's ...
Registered in 0.014324 seconds.
Begin MonoManager ReloadAssembly
Symbol file LoadedFromMemory doesn't match image F:\Github\VR-projekt\VR projekt\Library\PackageCache\com.unity.visualscripting@1.7.8\Editor\VisualScripting.Core\Dependencies\YamlDotNet\Unity.VisualScripting.YamlDotNet.dll
Symbol file LoadedFromMemory doesn't match image F:\Github\VR-projekt\VR projekt\Library\PackageCache\com.unity.visualscripting@1.7.8\Editor\VisualScripting.Core\Dependencies\DotNetZip\Unity.VisualScripting.IonicZip.dll
Native extension for WindowsStandalone target not found
Refreshing native plugins compatible for Editor in 1.20 ms, found 3 plugins.
Preloading 0 native plugins for Editor in 0.00 ms.
Mono: successfully reloaded assembly
- Completed reload, in  2.716 seconds
Domain Reload Profiling:
	ReloadAssembly (2717ms)
		BeginReloadAssembly (359ms)
			ExecutionOrderSort (0ms)
			DisableScriptedObjects (13ms)
			BackupInstance (0ms)
			ReleaseScriptingObjects (0ms)
			CreateAndSetChildDomain (100ms)
		EndReloadAssembly (2114ms)
			LoadAssemblies (216ms)
			RebuildTransferFunctionScriptingTraits (0ms)
			SetupTypeCache (601ms)
			ReleaseScriptCaches (2ms)
			RebuildScriptCaches (99ms)
			SetupLoadedEditorAssemblies (1137ms)
				LogAssemblyErrors (0ms)
				InitializePlatformSupportModulesInManaged (27ms)
				SetLoadedEditorAssemblies (1ms)
				RefreshPlugins (1ms)
				BeforeProcessingInitializeOnLoad (135ms)
				ProcessInitializeOnLoadAttributes (851ms)
				ProcessInitializeOnLoadMethodAttributes (99ms)
				AfterProcessingInitializeOnLoad (23ms)
				EditorAssembliesLoaded (0ms)
			ExecutionOrderSort2 (0ms)
			AwakeInstancesAfterBackupRestoration (20ms)
Platform modules already initialized, skipping
Refreshing native plugins compatible for Editor in 4.94 ms, found 3 plugins.
Preloading 0 native plugins for Editor in 0.00 ms.
Unloading 3875 Unused Serialized files (Serialized files now loaded: 0)
Unloading 23 unused Assets / (152.6 KB). Loaded Objects now: 4384.
Memory consumption went from 156.5 MB to 156.4 MB.
Total: 10.606300 ms (FindLiveObjects: 0.388400 ms CreateObjectMapping: 0.442600 ms MarkObjects: 9.520300 ms  DeleteObjects: 0.253900 ms)

AssetImportParameters requested are different than current active one (requested -> active):
  custom:video-decoder-ogg-theora: a1e56fd34408186e4bbccfd4996cb3dc -> 
  custom:container-muxer-webm: aa71ff27fc2769a1b78a27578f13a17b -> 
  custom:container-demuxer-webm: 4f35f7cbe854078d1ac9338744f61a02 -> 
  custom:video-encoder-webm-vp8: eb34c28f22e8b96e1ab97ce403110664 -> 
  custom:audio-encoder-webm-vorbis: bf7c407c2cedff20999df2af8eb42d56 -> 
  custom:framework-win-MediaFoundation: 216162199b28c13a410421893ffa2e32 -> 
  custom:container-demuxer-ogg: 62fdf1f143b41e24485cea50d1cbac27 -> 
  custom:video-decoder-webm-vp8: 9c59270c3fd7afecdb556c50c9e8de78 -> 
  custom:audio-decoder-ogg-vorbis: bf7c407c2cedff20999df2af8eb42d56 -> 
========================================================================
Received Prepare
Registering precompiled user dll's ...
Registered in 0.022443 seconds.
Begin MonoManager ReloadAssembly
Symbol file LoadedFromMemory doesn't match image F:\Github\VR-projekt\VR projekt\Library\PackageCache\com.unity.visualscripting@1.7.8\Editor\VisualScripting.Core\Dependencies\YamlDotNet\Unity.VisualScripting.YamlDotNet.dll
Symbol file LoadedFromMemory doesn't match image F:\Github\VR-projekt\VR projekt\Library\PackageCache\com.unity.visualscripting@1.7.8\Editor\VisualScripting.Core\Dependencies\DotNetZip\Unity.VisualScripting.IonicZip.dll
Native extension for WindowsStandalone target not found
Refreshing native plugins compatible for Editor in 2.43 ms, found 3 plugins.
Preloading 0 native plugins for Editor in 0.00 ms.
Mono: successfully reloaded assembly
- Completed reload, in  2.659 seconds
Domain Reload Profiling:
	ReloadAssembly (2660ms)
		BeginReloadAssembly (341ms)
			ExecutionOrderSort (0ms)
			DisableScriptedObjects (7ms)
			BackupInstance (0ms)
			ReleaseScriptingObjects (0ms)
			CreateAndSetChildDomain (112ms)
		EndReloadAssembly (2032ms)
			LoadAssemblies (222ms)
			RebuildTransferFunctionScriptingTraits (0ms)
			SetupTypeCache (544ms)
			ReleaseScriptCaches (2ms)
			RebuildScriptCaches (90ms)
			SetupLoadedEditorAssemblies (1154ms)
				LogAssemblyErrors (0ms)
				InitializePlatformSupportModulesInManaged (23ms)
				SetLoadedEditorAssemblies (1ms)
				RefreshPlugins (3ms)
				BeforeProcessingInitializeOnLoad (144ms)
				ProcessInitializeOnLoadAttributes (838ms)
				ProcessInitializeOnLoadMethodAttributes (125ms)
				AfterProcessingInitializeOnLoad (20ms)
				EditorAssembliesLoaded (0ms)
			ExecutionOrderSort2 (0ms)
			AwakeInstancesAfterBackupRestoration (9ms)
Platform modules already initialized, skipping
Refreshing native plugins compatible for Editor in 5.85 ms, found 3 plugins.
Preloading 0 native plugins for Editor in 0.00 ms.
Unloading 3875 Unused Serialized files (Serialized files now loaded: 0)
Unloading 23 unused Assets / (152.5 KB). Loaded Objects now: 4399.
Memory consumption went from 156.5 MB to 156.4 MB.
Total: 14.716600 ms (FindLiveObjects: 0.352100 ms CreateObjectMapping: 0.293200 ms MarkObjects: 13.854000 ms  DeleteObjects: 0.216100 ms)

AssetImportParameters requested are different than current active one (requested -> active):
  custom:video-decoder-ogg-theora: a1e56fd34408186e4bbccfd4996cb3dc -> 
  custom:container-muxer-webm: aa71ff27fc2769a1b78a27578f13a17b -> 
  custom:container-demuxer-webm: 4f35f7cbe854078d1ac9338744f61a02 -> 
  custom:video-encoder-webm-vp8: eb34c28f22e8b96e1ab97ce403110664 -> 
  custom:audio-encoder-webm-vorbis: bf7c407c2cedff20999df2af8eb42d56 -> 
  custom:framework-win-MediaFoundation: 216162199b28c13a410421893ffa2e32 -> 
  custom:container-demuxer-ogg: 62fdf1f143b41e24485cea50d1cbac27 -> 
  custom:video-decoder-webm-vp8: 9c59270c3fd7afecdb556c50c9e8de78 -> 
  custom:audio-decoder-ogg-vorbis: bf7c407c2cedff20999df2af8eb42d56 -> 
Editor requested this worker to shutdown with reason: Scaling down because of idle timeout
AssetImportWorker is now disconnected from the server
Process exiting
Exiting without the bug reporter. Application will terminate with return code 0