Using pre-set license
Built from '2021.3/staging' branch; Version is '2021.3.15f1 (e8e88683f834) revision 15263878'; Using compiler version '192829333'; Build Type 'Release'
OS: 'Windows 10  (10.0.19045) 64bit Core' Language: 'pl' Physical Memory: 16304 MB
BatchMode: 1, IsHumanControllingUs: 0, StartBugReporterOnCrash: 0, Is64bit: 1, IsPro: 1

COMMAND LINE ARGUMENTS:
F:\Unity\2021.3.15f1\Editor\Unity.exe
-adb2
-batchMode
-noUpm
-name
AssetImportWorker52
-projectPath
F:/Github/VR-projekt/VR projekt
-logFile
Logs/AssetImportWorker52.log
-srvPort
52652
Successfully changed project path to: F:/Github/VR-projekt/VR projekt
F:/Github/VR-projekt/VR projekt
[UnityMemory] Configuration Parameters - Can be set up in boot.config
    "memorysetup-bucket-allocator-granularity=16"
    "memorysetup-bucket-allocator-bucket-count=8"
    "memorysetup-bucket-allocator-block-size=33554432"
    "memorysetup-bucket-allocator-block-count=8"
    "memorysetup-main-allocator-block-size=16777216"
    "memorysetup-thread-allocator-block-size=16777216"
    "memorysetup-gfx-main-allocator-block-size=16777216"
    "memorysetup-gfx-thread-allocator-block-size=16777216"
    "memorysetup-cache-allocator-block-size=4194304"
    "memorysetup-typetree-allocator-block-size=2097152"
    "memorysetup-profiler-bucket-allocator-granularity=16"
    "memorysetup-profiler-bucket-allocator-bucket-count=8"
    "memorysetup-profiler-bucket-allocator-block-size=33554432"
    "memorysetup-profiler-bucket-allocator-block-count=8"
    "memorysetup-profiler-allocator-block-size=16777216"
    "memorysetup-profiler-editor-allocator-block-size=1048576"
    "memorysetup-temp-allocator-size-main=16777216"
    "memorysetup-job-temp-allocator-block-size=2097152"
    "memorysetup-job-temp-allocator-block-size-background=1048576"
    "memorysetup-job-temp-allocator-reduction-small-platforms=262144"
    "memorysetup-temp-allocator-size-background-worker=32768"
    "memorysetup-temp-allocator-size-job-worker=262144"
    "memorysetup-temp-allocator-size-preload-manager=33554432"
    "memorysetup-temp-allocator-size-nav-mesh-worker=65536"
    "memorysetup-temp-allocator-size-audio-worker=65536"
    "memorysetup-temp-allocator-size-cloud-worker=32768"
    "memorysetup-temp-allocator-size-gi-baking-worker=262144"
    "memorysetup-temp-allocator-size-gfx=262144"
Player connection [21384] Host "[IP] 192.168.0.11 [Port] 0 [Flags] 2 [Guid] 3913044006 [EditorId] 3913044006 [Version] 1048832 [Id] WindowsEditor(7,DESKTOP-MN4RVAM) [Debug] 1 [PackageName] WindowsEditor [ProjectName] Editor" joined multi-casting on [225.0.0.222:54997]...

Player connection [21384] Host "[IP] 192.168.0.11 [Port] 0 [Flags] 2 [Guid] 3913044006 [EditorId] 3913044006 [Version] 1048832 [Id] WindowsEditor(7,DESKTOP-MN4RVAM) [Debug] 1 [PackageName] WindowsEditor [ProjectName] Editor" joined alternative multi-casting on [225.0.0.222:34997]...

Refreshing native plugins compatible for Editor in 189.95 ms, found 3 plugins.
Preloading 0 native plugins for Editor in 0.00 ms.
Initialize engine version: 2021.3.15f1 (e8e88683f834)
[Subsystems] Discovering subsystems at path F:/Unity/2021.3.15f1/Editor/Data/Resources/UnitySubsystems
[Subsystems] Discovering subsystems at path F:/Github/VR-projekt/VR projekt/Assets
GfxDevice: creating device client; threaded=0; jobified=0
Direct3D:
    Version:  Direct3D 11.0 [level 11.1]
    Renderer: NVIDIA GeForce GTX 1650 (ID=0x1f91)
    Vendor:   NVIDIA
    VRAM:     3949 MB
    Driver:   31.0.15.2824
Initialize mono
Mono path[0] = 'F:/Unity/2021.3.15f1/Editor/Data/Managed'
Mono path[1] = 'F:/Unity/2021.3.15f1/Editor/Data/MonoBleedingEdge/lib/mono/unityjit-win32'
Mono config path = 'F:/Unity/2021.3.15f1/Editor/Data/MonoBleedingEdge/etc'
Using monoOptions --debugger-agent=transport=dt_socket,embedding=1,server=y,suspend=n,address=127.0.0.1:56264
Begin MonoManager ReloadAssembly
Registering precompiled unity dll's ...
Register platform support module: F:/Unity/2021.3.15f1/Editor/Data/PlaybackEngines/WindowsStandaloneSupport/UnityEditor.WindowsStandalone.Extensions.dll
Registered in 0.011214 seconds.
Native extension for WindowsStandalone target not found
Refreshing native plugins compatible for Editor in 141.51 ms, found 3 plugins.
Preloading 0 native plugins for Editor in 0.00 ms.
Mono: successfully reloaded assembly
- Completed reload, in  1.416 seconds
Domain Reload Profiling:
	ReloadAssembly (1417ms)
		BeginReloadAssembly (214ms)
			ExecutionOrderSort (0ms)
			DisableScriptedObjects (0ms)
			BackupInstance (0ms)
			ReleaseScriptingObjects (0ms)
			CreateAndSetChildDomain (1ms)
		EndReloadAssembly (925ms)
			LoadAssemblies (209ms)
			RebuildTransferFunctionScriptingTraits (0ms)
			SetupTypeCache (296ms)
			ReleaseScriptCaches (0ms)
			RebuildScriptCaches (43ms)
			SetupLoadedEditorAssemblies (501ms)
				LogAssemblyErrors (0ms)
				InitializePlatformSupportModulesInManaged (10ms)
				SetLoadedEditorAssemblies (0ms)
				RefreshPlugins (142ms)
				BeforeProcessingInitializeOnLoad (2ms)
				ProcessInitializeOnLoadAttributes (283ms)
				ProcessInitializeOnLoadMethodAttributes (65ms)
				AfterProcessingInitializeOnLoad (0ms)
				EditorAssembliesLoaded (0ms)
			ExecutionOrderSort2 (0ms)
			AwakeInstancesAfterBackupRestoration (0ms)
Platform modules already initialized, skipping
Registering precompiled user dll's ...
Registered in 0.012716 seconds.
Begin MonoManager ReloadAssembly
Symbol file LoadedFromMemory doesn't match image F:\Github\VR-projekt\VR projekt\Library\PackageCache\com.unity.visualscripting@1.7.8\Editor\VisualScripting.Core\Dependencies\YamlDotNet\Unity.VisualScripting.YamlDotNet.dll
Symbol file LoadedFromMemory doesn't match image F:\Github\VR-projekt\VR projekt\Library\PackageCache\com.unity.visualscripting@1.7.8\Editor\VisualScripting.Core\Dependencies\DotNetZip\Unity.VisualScripting.IonicZip.dll
Native extension for WindowsStandalone target not found
Refreshing native plugins compatible for Editor in 133.44 ms, found 3 plugins.
Preloading 0 native plugins for Editor in 0.00 ms.
Mono: successfully reloaded assembly
- Completed reload, in  2.062 seconds
Domain Reload Profiling:
	ReloadAssembly (2063ms)
		BeginReloadAssembly (157ms)
			ExecutionOrderSort (0ms)
			DisableScriptedObjects (9ms)
			BackupInstance (0ms)
			ReleaseScriptingObjects (0ms)
			CreateAndSetChildDomain (27ms)
		EndReloadAssembly (1707ms)
			LoadAssemblies (112ms)
			RebuildTransferFunctionScriptingTraits (0ms)
			SetupTypeCache (410ms)
			ReleaseScriptCaches (1ms)
			RebuildScriptCaches (94ms)
			SetupLoadedEditorAssemblies (1034ms)
				LogAssemblyErrors (0ms)
				InitializePlatformSupportModulesInManaged (6ms)
				SetLoadedEditorAssemblies (0ms)
				RefreshPlugins (134ms)
				BeforeProcessingInitializeOnLoad (136ms)
				ProcessInitializeOnLoadAttributes (694ms)
				ProcessInitializeOnLoadMethodAttributes (47ms)
				AfterProcessingInitializeOnLoad (16ms)
				EditorAssembliesLoaded (0ms)
			ExecutionOrderSort2 (0ms)
			AwakeInstancesAfterBackupRestoration (10ms)
Platform modules already initialized, skipping
========================================================================
Worker process is ready to serve import requests
Launched and connected shader compiler UnityShaderCompiler.exe after 0.08 seconds
Refreshing native plugins compatible for Editor in 1.44 ms, found 3 plugins.
Preloading 0 native plugins for Editor in 0.00 ms.
Unloading 3883 Unused Serialized files (Serialized files now loaded: 0)
Unloading 44 unused Assets / (185.2 KB). Loaded Objects now: 4362.
Memory consumption went from 152.9 MB to 152.7 MB.
Total: 6.975000 ms (FindLiveObjects: 0.389400 ms CreateObjectMapping: 0.296000 ms MarkObjects: 6.070400 ms  DeleteObjects: 0.217500 ms)

AssetImportParameters requested are different than current active one (requested -> active):
  custom:video-decoder-ogg-theora: a1e56fd34408186e4bbccfd4996cb3dc -> 
  custom:container-muxer-webm: aa71ff27fc2769a1b78a27578f13a17b -> 
  custom:container-demuxer-webm: 4f35f7cbe854078d1ac9338744f61a02 -> 
  custom:video-encoder-webm-vp8: eb34c28f22e8b96e1ab97ce403110664 -> 
  custom:audio-encoder-webm-vorbis: bf7c407c2cedff20999df2af8eb42d56 -> 
  custom:framework-win-MediaFoundation: 216162199b28c13a410421893ffa2e32 -> 
  custom:container-demuxer-ogg: 62fdf1f143b41e24485cea50d1cbac27 -> 
  custom:video-decoder-webm-vp8: 9c59270c3fd7afecdb556c50c9e8de78 -> 
  custom:audio-decoder-ogg-vorbis: bf7c407c2cedff20999df2af8eb42d56 -> 
========================================================================
Received Import Request.
  Time since last request: 14437.753903 seconds.
  path: Assets/Obelisk_void/Prefabs
  artifactKey: Guid(c6860b5e64e7bcc4995c86b5bf141ba8) Importer(815301076,1909f56bfc062723c751e8b465ee728b)
Start importing Assets/Obelisk_void/Prefabs using Guid(c6860b5e64e7bcc4995c86b5bf141ba8) Importer(815301076,1909f56bfc062723c751e8b465ee728b)  -> (artifact id: '7081bd1e3f498b046b38eb26dc4f8a44') in 0.009541 seconds 
========================================================================
Received Import Request.
  Time since last request: 0.057725 seconds.
  path: Assets/Obelisk_void/Prefabs/Obelisk_zodiac_low.prefab
  artifactKey: Guid(6c5a99a2d80875d4f9087a3fd64bcea1) Importer(815301076,1909f56bfc062723c751e8b465ee728b)
Start importing Assets/Obelisk_void/Prefabs/Obelisk_zodiac_low.prefab using Guid(6c5a99a2d80875d4f9087a3fd64bcea1) Importer(815301076,1909f56bfc062723c751e8b465ee728b)  -> (artifact id: '8e89ea3a290da074a0d58d7e804135ed') in 0.150112 seconds 
========================================================================
Received Import Request.
  Time since last request: 3.965336 seconds.
  path: Assets/Obelisk_void/Textures/Obelisk_zodiac_low_obelisk_zodiac_Albedo.png
  artifactKey: Guid(29c99d754577fa146a77e7e178d762c1) Importer(815301076,1909f56bfc062723c751e8b465ee728b)
Start importing Assets/Obelisk_void/Textures/Obelisk_zodiac_low_obelisk_zodiac_Albedo.png using Guid(29c99d754577fa146a77e7e178d762c1) Importer(815301076,1909f56bfc062723c751e8b465ee728b)  -> (artifact id: '88dd490061c5efc8e4430fc7a9545500') in 0.049905 seconds 
========================================================================
Received Import Request.
  Time since last request: 0.000030 seconds.
  path: Assets/Obelisk_void/Textures/Obelisk_zodiac_low_obelisk_zodiac_Normal.png
  artifactKey: Guid(d4ca6066ca68f29429b1ee413d1a6f02) Importer(815301076,1909f56bfc062723c751e8b465ee728b)
Start importing Assets/Obelisk_void/Textures/Obelisk_zodiac_low_obelisk_zodiac_Normal.png using Guid(d4ca6066ca68f29429b1ee413d1a6f02) Importer(815301076,1909f56bfc062723c751e8b465ee728b)  -> (artifact id: 'f8555b59ed15a02552abcc7b10086e09') in 0.037699 seconds 
========================================================================
Received Import Request.
  Time since last request: 0.000041 seconds.
  path: Assets/Obelisk_void/Textures/Obelisk_zodiac_low_obelisk_zodiac_Metallic.png
  artifactKey: Guid(4e59fedbebec8274e8bc1a0a3f1023e6) Importer(815301076,1909f56bfc062723c751e8b465ee728b)
Start importing Assets/Obelisk_void/Textures/Obelisk_zodiac_low_obelisk_zodiac_Metallic.png using Guid(4e59fedbebec8274e8bc1a0a3f1023e6) Importer(815301076,1909f56bfc062723c751e8b465ee728b)  -> (artifact id: '6db3e5ebe53d15197d67231672b64010') in 0.051948 seconds 
========================================================================
Received Import Request.
  Time since last request: 1.217457 seconds.
  path: Assets/Obelisk_void/FBX/Obelisk_zodiac_low.fbx
  artifactKey: Guid(dd429fa777638ef429ae03b5efdbf847) Importer(815301076,1909f56bfc062723c751e8b465ee728b)
Start importing Assets/Obelisk_void/FBX/Obelisk_zodiac_low.fbx using Guid(dd429fa777638ef429ae03b5efdbf847) Importer(815301076,1909f56bfc062723c751e8b465ee728b)  -> (artifact id: '1487667fd74390af6fb2a0e7dec5f80d') in 0.074742 seconds 
========================================================================
Received Import Request.
  Time since last request: 0.715043 seconds.
  path: Assets/Obelisk_void/Materials/Obelisk_void.mat
  artifactKey: Guid(57b9566559fef6b419ce2c91878028fa) Importer(815301076,1909f56bfc062723c751e8b465ee728b)
Start importing Assets/Obelisk_void/Materials/Obelisk_void.mat using Guid(57b9566559fef6b419ce2c91878028fa) Importer(815301076,1909f56bfc062723c751e8b465ee728b)  -> (artifact id: '73d975e4fe65f6c8898ada225de9669e') in 0.024445 seconds 
========================================================================
Received Import Request.
  Time since last request: 100.225100 seconds.
  path: Assets/FantasyWillageHouse/Prefabs
  artifactKey: Guid(03ca89ed7f4945540a497d76eef6bdad) Importer(815301076,1909f56bfc062723c751e8b465ee728b)
Start importing Assets/FantasyWillageHouse/Prefabs using Guid(03ca89ed7f4945540a497d76eef6bdad) Importer(815301076,1909f56bfc062723c751e8b465ee728b)  -> (artifact id: 'ad00342a883ac3409ab91c890a7bceb5') in 0.003671 seconds 
========================================================================
Received Import Request.
  Time since last request: 0.053919 seconds.
  path: Assets/FantasyWillageHouse/Prefabs/Fence.prefab
  artifactKey: Guid(c93bad5fc004e73439a66e5165e5278f) Importer(815301076,1909f56bfc062723c751e8b465ee728b)
Start importing Assets/FantasyWillageHouse/Prefabs/Fence.prefab using Guid(c93bad5fc004e73439a66e5165e5278f) Importer(815301076,1909f56bfc062723c751e8b465ee728b)  -> (artifact id: 'a862524c4f75b357d52443ba77db27b7') in 0.048404 seconds 
========================================================================
Received Import Request.
  Time since last request: 0.000021 seconds.
  path: Assets/FantasyWillageHouse/Prefabs/Vegetables.prefab
  artifactKey: Guid(f31fb0f07e7e9f64491c4d46fca58c44) Importer(815301076,1909f56bfc062723c751e8b465ee728b)
Start importing Assets/FantasyWillageHouse/Prefabs/Vegetables.prefab using Guid(f31fb0f07e7e9f64491c4d46fca58c44) Importer(815301076,1909f56bfc062723c751e8b465ee728b)  -> (artifact id: '55f0fb1593437ab1cb1c73c88da1a704') in 0.040684 seconds 
========================================================================
Received Import Request.
  Time since last request: 0.000034 seconds.
  path: Assets/FantasyWillageHouse/Prefabs/house_2.prefab
  artifactKey: Guid(c6b9f431057ac714fa926966a1743210) Importer(815301076,1909f56bfc062723c751e8b465ee728b)
Start importing Assets/FantasyWillageHouse/Prefabs/house_2.prefab using Guid(c6b9f431057ac714fa926966a1743210) Importer(815301076,1909f56bfc062723c751e8b465ee728b)  -> (artifact id: '712e839884c684cc63aec590fcdd6c2a') in 0.040619 seconds 
========================================================================
Received Import Request.
  Time since last request: 0.000055 seconds.
  path: Assets/FantasyWillageHouse/Prefabs/house_1.prefab
  artifactKey: Guid(ee31923fe335de4478b46040d78bbbc1) Importer(815301076,1909f56bfc062723c751e8b465ee728b)
Start importing Assets/FantasyWillageHouse/Prefabs/house_1.prefab using Guid(ee31923fe335de4478b46040d78bbbc1) Importer(815301076,1909f56bfc062723c751e8b465ee728b)  -> (artifact id: 'bfb0f65720260f0281d77f5b2a008b89') in 0.055697 seconds 
========================================================================
Received Import Request.
  Time since last request: 0.000041 seconds.
  path: Assets/FantasyWillageHouse/Prefabs/Well.prefab
  artifactKey: Guid(ff57c7a6d59f22c4e8359049ead78d2d) Importer(815301076,1909f56bfc062723c751e8b465ee728b)
Start importing Assets/FantasyWillageHouse/Prefabs/Well.prefab using Guid(ff57c7a6d59f22c4e8359049ead78d2d) Importer(815301076,1909f56bfc062723c751e8b465ee728b)  -> (artifact id: '9d239e6e4808b7fd1d8dda01eafec461') in 0.053533 seconds 
========================================================================
Received Import Request.
  Time since last request: 0.000030 seconds.
  path: Assets/FantasyWillageHouse/Prefabs/house_4.prefab
  artifactKey: Guid(06f5b0a4b3e383e44b2923a36079a3d9) Importer(815301076,1909f56bfc062723c751e8b465ee728b)
Start importing Assets/FantasyWillageHouse/Prefabs/house_4.prefab using Guid(06f5b0a4b3e383e44b2923a36079a3d9) Importer(815301076,1909f56bfc062723c751e8b465ee728b)  -> (artifact id: '9d08a25cd18a9ebdd16bb0024b6946e0') in 0.029004 seconds 
========================================================================
Received Import Request.
  Time since last request: 4.378112 seconds.
  path: Assets/FantasyWillageHouse/Models/Fence.fbx
  artifactKey: Guid(24c73764eddd0274a9d8184500d1089a) Importer(815301076,1909f56bfc062723c751e8b465ee728b)
Start importing Assets/FantasyWillageHouse/Models/Fence.fbx using Guid(24c73764eddd0274a9d8184500d1089a) Importer(815301076,1909f56bfc062723c751e8b465ee728b)  -> (artifact id: 'b0c85a40bd12976c4960dbdcdf049c14') in 0.024861 seconds 
========================================================================
Received Import Request.
  Time since last request: 0.000028 seconds.
  path: Assets/FantasyWillageHouse/Models/Vegetables.fbx
  artifactKey: Guid(87b354a27f6ece94c853b0d2f0e648e5) Importer(815301076,1909f56bfc062723c751e8b465ee728b)
Start importing Assets/FantasyWillageHouse/Models/Vegetables.fbx using Guid(87b354a27f6ece94c853b0d2f0e648e5) Importer(815301076,1909f56bfc062723c751e8b465ee728b)  -> (artifact id: 'a11f5ca13f5aa39aa9eadefec90ae0d3') in 0.030381 seconds 
========================================================================
Received Import Request.
  Time since last request: 0.000044 seconds.
  path: Assets/FantasyWillageHouse/Models/Well.fbx
  artifactKey: Guid(963b4ef696b775541924edc1619275ce) Importer(815301076,1909f56bfc062723c751e8b465ee728b)
Start importing Assets/FantasyWillageHouse/Models/Well.fbx using Guid(963b4ef696b775541924edc1619275ce) Importer(815301076,1909f56bfc062723c751e8b465ee728b)  -> (artifact id: 'd0c37753283b97e50a2d26a224e458c8') in 0.091784 seconds 
========================================================================
Received Import Request.
  Time since last request: 0.000029 seconds.
  path: Assets/FantasyWillageHouse/Models/house_1.fbx
  artifactKey: Guid(a1ebe977920209644819d0adbb02b55c) Importer(815301076,1909f56bfc062723c751e8b465ee728b)
Start importing Assets/FantasyWillageHouse/Models/house_1.fbx using Guid(a1ebe977920209644819d0adbb02b55c) Importer(815301076,1909f56bfc062723c751e8b465ee728b)  -> (artifact id: '4bc57e0946d524e733e059c88ec61555') in 0.026464 seconds 
========================================================================
Received Import Request.
  Time since last request: 0.000024 seconds.
  path: Assets/FantasyWillageHouse/Models/house_2.fbx
  artifactKey: Guid(5b29f225adf27044da13bbc5b109c397) Importer(815301076,1909f56bfc062723c751e8b465ee728b)
Start importing Assets/FantasyWillageHouse/Models/house_2.fbx using Guid(5b29f225adf27044da13bbc5b109c397) Importer(815301076,1909f56bfc062723c751e8b465ee728b)  -> (artifact id: '212da0a22db0b25cf99576ff3c6ece94') in 0.029850 seconds 
Editor requested this worker to shutdown with reason: Scaling down because of idle timeout
AssetImportWorker is now disconnected from the server
Process exiting
Exiting without the bug reporter. Application will terminate with return code 0