Using pre-set license
Built from '2021.3/staging' branch; Version is '2021.3.4f1 (cb45f9cae8b7) revision 13321721'; Using compiler version '192829333'; Build Type 'Release'
OS: 'Windows 10  (10.0.19045) 64bit Core' Language: 'pl' Physical Memory: 16304 MB
BatchMode: 1, IsHumanControllingUs: 0, StartBugReporterOnCrash: 0, Is64bit: 1, IsPro: 1

COMMAND LINE ARGUMENTS:
F:\Unity\2021.3.4f1\Editor\Unity.exe
-adb2
-batchMode
-noUpm
-name
AssetImportWorker6
-projectPath
D:/Github/VR-projekt/VR projekt
-logFile
Logs/AssetImportWorker6.log
-srvPort
49474
Successfully changed project path to: D:/Github/VR-projekt/VR projekt
D:/Github/VR-projekt/VR projekt
[UnityMemory] Configuration Parameters - Can be set up in boot.config
    "memorysetup-bucket-allocator-granularity=16"
    "memorysetup-bucket-allocator-bucket-count=8"
    "memorysetup-bucket-allocator-block-size=33554432"
    "memorysetup-bucket-allocator-block-count=8"
    "memorysetup-main-allocator-block-size=16777216"
    "memorysetup-thread-allocator-block-size=16777216"
    "memorysetup-gfx-main-allocator-block-size=16777216"
    "memorysetup-gfx-thread-allocator-block-size=16777216"
    "memorysetup-cache-allocator-block-size=4194304"
    "memorysetup-typetree-allocator-block-size=2097152"
    "memorysetup-profiler-bucket-allocator-granularity=16"
    "memorysetup-profiler-bucket-allocator-bucket-count=8"
    "memorysetup-profiler-bucket-allocator-block-size=33554432"
    "memorysetup-profiler-bucket-allocator-block-count=8"
    "memorysetup-profiler-allocator-block-size=16777216"
    "memorysetup-profiler-editor-allocator-block-size=1048576"
    "memorysetup-temp-allocator-size-main=16777216"
    "memorysetup-job-temp-allocator-block-size=2097152"
    "memorysetup-job-temp-allocator-block-size-background=1048576"
    "memorysetup-job-temp-allocator-reduction-small-platforms=262144"
    "memorysetup-temp-allocator-size-background-worker=32768"
    "memorysetup-temp-allocator-size-job-worker=262144"
    "memorysetup-temp-allocator-size-preload-manager=33554432"
    "memorysetup-temp-allocator-size-nav-mesh-worker=65536"
    "memorysetup-temp-allocator-size-audio-worker=65536"
    "memorysetup-temp-allocator-size-cloud-worker=32768"
    "memorysetup-temp-allocator-size-gi-baking-worker=262144"
    "memorysetup-temp-allocator-size-gfx=262144"
Refreshing native plugins compatible for Editor in 205.74 ms, found 3 plugins.
Preloading 0 native plugins for Editor in 0.00 ms.
Initialize engine version: 2021.3.4f1 (cb45f9cae8b7)
[Subsystems] Discovering subsystems at path F:/Unity/2021.3.4f1/Editor/Data/Resources/UnitySubsystems
[Subsystems] Discovering subsystems at path D:/Github/VR-projekt/VR projekt/Assets
GfxDevice: creating device client; threaded=0; jobified=0
Direct3D:
    Version:  Direct3D 11.0 [level 11.1]
    Renderer: NVIDIA GeForce GTX 1650 (ID=0x1f91)
    Vendor:   NVIDIA
    VRAM:     3949 MB
    Driver:   31.0.15.2824
Initialize mono
Mono path[0] = 'F:/Unity/2021.3.4f1/Editor/Data/Managed'
Mono path[1] = 'F:/Unity/2021.3.4f1/Editor/Data/MonoBleedingEdge/lib/mono/unityjit-win32'
Mono config path = 'F:/Unity/2021.3.4f1/Editor/Data/MonoBleedingEdge/etc'
Using monoOptions --debugger-agent=transport=dt_socket,embedding=1,server=y,suspend=n,address=127.0.0.1:56220
Begin MonoManager ReloadAssembly
Registering precompiled unity dll's ...
Register platform support module: F:/Unity/2021.3.4f1/Editor/Data/PlaybackEngines/WebGLSupport/UnityEditor.WebGL.Extensions.dll
Register platform support module: F:/Unity/2021.3.4f1/Editor/Data/PlaybackEngines/WindowsStandaloneSupport/UnityEditor.WindowsStandalone.Extensions.dll
Registered in 0.011625 seconds.
Native extension for WindowsStandalone target not found
Native extension for WebGL target not found
Refreshing native plugins compatible for Editor in 169.22 ms, found 3 plugins.
Preloading 0 native plugins for Editor in 0.00 ms.
Mono: successfully reloaded assembly
- Completed reload, in  1.162 seconds
Domain Reload Profiling:
	ReloadAssembly (1162ms)
		BeginReloadAssembly (126ms)
			ExecutionOrderSort (0ms)
			DisableScriptedObjects (0ms)
			BackupInstance (0ms)
			ReleaseScriptingObjects (0ms)
			CreateAndSetChildDomain (1ms)
		EndReloadAssembly (842ms)
			LoadAssemblies (122ms)
			RebuildTransferFunctionScriptingTraits (0ms)
			SetupTypeCache (203ms)
			ReleaseScriptCaches (0ms)
			RebuildScriptCaches (51ms)
			SetupLoadedEditorAssemblies (488ms)
				LogAssemblyErrors (0ms)
				InitializePlatformSupportModulesInManaged (15ms)
				SetLoadedEditorAssemblies (0ms)
				RefreshPlugins (170ms)
				BeforeProcessingInitializeOnLoad (2ms)
				ProcessInitializeOnLoadAttributes (228ms)
				ProcessInitializeOnLoadMethodAttributes (72ms)
				AfterProcessingInitializeOnLoad (0ms)
				EditorAssembliesLoaded (0ms)
			ExecutionOrderSort2 (0ms)
			AwakeInstancesAfterBackupRestoration (0ms)
Platform modules already initialized, skipping
Registering precompiled user dll's ...
Registered in 0.007954 seconds.
Begin MonoManager ReloadAssembly
Native extension for WindowsStandalone target not found
Native extension for WebGL target not found
Refreshing native plugins compatible for Editor in 159.47 ms, found 3 plugins.
Preloading 0 native plugins for Editor in 0.00 ms.
Mono: successfully reloaded assembly
- Completed reload, in  2.465 seconds
Domain Reload Profiling:
	ReloadAssembly (2467ms)
		BeginReloadAssembly (180ms)
			ExecutionOrderSort (0ms)
			DisableScriptedObjects (9ms)
			BackupInstance (0ms)
			ReleaseScriptingObjects (0ms)
			CreateAndSetChildDomain (33ms)
		EndReloadAssembly (2076ms)
			LoadAssemblies (123ms)
			RebuildTransferFunctionScriptingTraits (0ms)
			SetupTypeCache (541ms)
			ReleaseScriptCaches (1ms)
			RebuildScriptCaches (116ms)
			SetupLoadedEditorAssemblies (1209ms)
				LogAssemblyErrors (0ms)
				InitializePlatformSupportModulesInManaged (8ms)
				SetLoadedEditorAssemblies (0ms)
				RefreshPlugins (160ms)
				BeforeProcessingInitializeOnLoad (131ms)
				ProcessInitializeOnLoadAttributes (822ms)
				ProcessInitializeOnLoadMethodAttributes (71ms)
				AfterProcessingInitializeOnLoad (16ms)
				EditorAssembliesLoaded (0ms)
			ExecutionOrderSort2 (0ms)
			AwakeInstancesAfterBackupRestoration (10ms)
Platform modules already initialized, skipping
========================================================================
Worker process is ready to serve import requests
Launched and connected shader compiler UnityShaderCompiler.exe after 0.19 seconds
Refreshing native plugins compatible for Editor in 1.96 ms, found 3 plugins.
Preloading 0 native plugins for Editor in 0.00 ms.
Unloading 3862 Unused Serialized files (Serialized files now loaded: 0)
Unloading 42 unused Assets / (129.8 KB). Loaded Objects now: 4347.
Memory consumption went from 157.5 MB to 157.3 MB.
Total: 7.223700 ms (FindLiveObjects: 0.435400 ms CreateObjectMapping: 0.312700 ms MarkObjects: 6.283700 ms  DeleteObjects: 0.190400 ms)

AssetImportParameters requested are different than current active one (requested -> active):
  custom:video-decoder-ogg-theora: a1e56fd34408186e4bbccfd4996cb3dc -> 
  custom:container-muxer-webm: aa71ff27fc2769a1b78a27578f13a17b -> 
  custom:container-demuxer-webm: 4f35f7cbe854078d1ac9338744f61a02 -> 
  custom:video-encoder-webm-vp8: eb34c28f22e8b96e1ab97ce403110664 -> 
  custom:audio-encoder-webm-vorbis: bf7c407c2cedff20999df2af8eb42d56 -> 
  custom:framework-win-MediaFoundation: 216162199b28c13a410421893ffa2e32 -> 
  custom:container-demuxer-ogg: 62fdf1f143b41e24485cea50d1cbac27 -> 
  custom:video-decoder-webm-vp8: 9c59270c3fd7afecdb556c50c9e8de78 -> 
  custom:audio-decoder-ogg-vorbis: bf7c407c2cedff20999df2af8eb42d56 -> 
========================================================================
Received Import Request.
  Time since last request: 57248.519901 seconds.
  path: Assets/Pure Poly/PP_Grass_11.prefab
  artifactKey: Guid(ef62619642b0df743b22dd5120c6ac4d) Importer(815301076,1909f56bfc062723c751e8b465ee728b)
Start importing Assets/Pure Poly/PP_Grass_11.prefab using Guid(ef62619642b0df743b22dd5120c6ac4d) Importer(815301076,1909f56bfc062723c751e8b465ee728b)  -> (artifact id: 'f68c236b58f5a1d6740e56f6e5b8d121') in 0.143865 seconds 
========================================================================
Received Import Request.
  Time since last request: 689.283328 seconds.
  path: Assets/CemeteryPack/Candle1.prefab
  artifactKey: Guid(01b98e4470f056d43af982ab16f8186f) Importer(815301076,1909f56bfc062723c751e8b465ee728b)
Start importing Assets/CemeteryPack/Candle1.prefab using Guid(01b98e4470f056d43af982ab16f8186f) Importer(815301076,1909f56bfc062723c751e8b465ee728b)  -> (artifact id: '94a7330849835a6822169025d4059eb2') in 0.111651 seconds 
========================================================================
Received Import Request.
  Time since last request: 0.000035 seconds.
  path: Assets/CemeteryPack/CryptWall.prefab
  artifactKey: Guid(8d884bf9780f07b4c9851a2a26f63b56) Importer(815301076,1909f56bfc062723c751e8b465ee728b)
Start importing Assets/CemeteryPack/CryptWall.prefab using Guid(8d884bf9780f07b4c9851a2a26f63b56) Importer(815301076,1909f56bfc062723c751e8b465ee728b)  -> (artifact id: '891930e4c43bda5564923a9f2a0ec13e') in 0.061022 seconds 
========================================================================
Received Import Request.
  Time since last request: 0.000111 seconds.
  path: Assets/CemeteryPack/CryptBorder2.prefab
  artifactKey: Guid(c97fd319afac4264b9761ce8cce4b127) Importer(815301076,1909f56bfc062723c751e8b465ee728b)
Start importing Assets/CemeteryPack/CryptBorder2.prefab using Guid(c97fd319afac4264b9761ce8cce4b127) Importer(815301076,1909f56bfc062723c751e8b465ee728b)  -> (artifact id: '7e5329a1a7baef54536e74f352384ab0') in 0.051720 seconds 
========================================================================
Received Import Request.
  Time since last request: 0.000027 seconds.
  path: Assets/CemeteryPack/ColumnFoundation6 (1).prefab
  artifactKey: Guid(6dad8a4756d400b4790959b118292efa) Importer(815301076,1909f56bfc062723c751e8b465ee728b)
Start importing Assets/CemeteryPack/ColumnFoundation6 (1).prefab using Guid(6dad8a4756d400b4790959b118292efa) Importer(815301076,1909f56bfc062723c751e8b465ee728b)  -> (artifact id: '560d0b0c04b8c74e11b80804f748108e') in 0.027162 seconds 
========================================================================
Received Import Request.
  Time since last request: 0.000023 seconds.
  path: Assets/CemeteryPack/ColumnCrypt3.prefab
  artifactKey: Guid(6184734ccd0f53c488fa8b90a56c7f2e) Importer(815301076,1909f56bfc062723c751e8b465ee728b)
Start importing Assets/CemeteryPack/ColumnCrypt3.prefab using Guid(6184734ccd0f53c488fa8b90a56c7f2e) Importer(815301076,1909f56bfc062723c751e8b465ee728b)  -> (artifact id: 'a6c3cc5e9bf8acfa566068fcd89ab335') in 0.108508 seconds 
========================================================================
Received Import Request.
  Time since last request: 0.000024 seconds.
  path: Assets/CemeteryPack/CryptRootf5.prefab
  artifactKey: Guid(3ee26069ac455924a89cb4dc7540b701) Importer(815301076,1909f56bfc062723c751e8b465ee728b)
Start importing Assets/CemeteryPack/CryptRootf5.prefab using Guid(3ee26069ac455924a89cb4dc7540b701) Importer(815301076,1909f56bfc062723c751e8b465ee728b)  -> (artifact id: '917bf11a2b2c6e906f36c961ec3d9d43') in 0.026017 seconds 
========================================================================
Received Import Request.
  Time since last request: 0.000302 seconds.
  path: Assets/CemeteryPack/CryptRootf4.prefab
  artifactKey: Guid(1c15a82035773c0458af0b5f1b368162) Importer(815301076,1909f56bfc062723c751e8b465ee728b)
Start importing Assets/CemeteryPack/CryptRootf4.prefab using Guid(1c15a82035773c0458af0b5f1b368162) Importer(815301076,1909f56bfc062723c751e8b465ee728b)  -> (artifact id: 'd68d7301724c8bae627f5a39341ac4e4') in 0.024431 seconds 
========================================================================
Received Import Request.
  Time since last request: 0.000037 seconds.
  path: Assets/CemeteryPack/ColumnFoundation1.prefab
  artifactKey: Guid(dfd158b07b81bc94a8af27a8a3148935) Importer(815301076,1909f56bfc062723c751e8b465ee728b)
Start importing Assets/CemeteryPack/ColumnFoundation1.prefab using Guid(dfd158b07b81bc94a8af27a8a3148935) Importer(815301076,1909f56bfc062723c751e8b465ee728b)  -> (artifact id: '3075ed55568a2801ffd32074164408cb') in 0.045500 seconds 
========================================================================
Received Import Request.
  Time since last request: 0.000032 seconds.
  path: Assets/CemeteryPack/Floor2.prefab
  artifactKey: Guid(25eb3db97ed7d094aa532f2ff697de15) Importer(815301076,1909f56bfc062723c751e8b465ee728b)
Start importing Assets/CemeteryPack/Floor2.prefab using Guid(25eb3db97ed7d094aa532f2ff697de15) Importer(815301076,1909f56bfc062723c751e8b465ee728b)  -> (artifact id: 'ebe43af237ebb81cdc4a0c2961355ffd') in 0.031533 seconds 
========================================================================
Received Import Request.
  Time since last request: 0.000023 seconds.
  path: Assets/CemeteryPack/ColumnCrypt2.prefab
  artifactKey: Guid(f26bdffb63846e64199ead2ba4b8319c) Importer(815301076,1909f56bfc062723c751e8b465ee728b)
Start importing Assets/CemeteryPack/ColumnCrypt2.prefab using Guid(f26bdffb63846e64199ead2ba4b8319c) Importer(815301076,1909f56bfc062723c751e8b465ee728b)  -> (artifact id: '32cd1d10c503ac13f221e824c8434b42') in 0.021018 seconds 
========================================================================
Received Import Request.
  Time since last request: 0.000028 seconds.
  path: Assets/CemeteryPack/CryptRootf2.prefab
  artifactKey: Guid(22307e0381275ee49bffe05209f7eb78) Importer(815301076,1909f56bfc062723c751e8b465ee728b)
Start importing Assets/CemeteryPack/CryptRootf2.prefab using Guid(22307e0381275ee49bffe05209f7eb78) Importer(815301076,1909f56bfc062723c751e8b465ee728b)  -> (artifact id: '0f7821616d4cc80446e18e1bf379ba18') in 0.024842 seconds 
========================================================================
Received Import Request.
  Time since last request: 0.000128 seconds.
  path: Assets/CemeteryPack/CryptFoundation.prefab
  artifactKey: Guid(7c71e0e6c98c7124fb74df3566e0d793) Importer(815301076,1909f56bfc062723c751e8b465ee728b)
Start importing Assets/CemeteryPack/CryptFoundation.prefab using Guid(7c71e0e6c98c7124fb74df3566e0d793) Importer(815301076,1909f56bfc062723c751e8b465ee728b)  -> (artifact id: '6e02230255b87c7a57d4e164b5274b50') in 0.032813 seconds 
========================================================================
Received Import Request.
  Time since last request: 0.000032 seconds.
  path: Assets/CemeteryPack/ColumnFoundation6.prefab
  artifactKey: Guid(2ea5c0bfea6934e49a4cca83b603575b) Importer(815301076,1909f56bfc062723c751e8b465ee728b)
Start importing Assets/CemeteryPack/ColumnFoundation6.prefab using Guid(2ea5c0bfea6934e49a4cca83b603575b) Importer(815301076,1909f56bfc062723c751e8b465ee728b)  -> (artifact id: 'bde652cd0b8dc0048926a7135f11acc4') in 0.080900 seconds 
========================================================================
Received Import Request.
  Time since last request: 0.000029 seconds.
  path: Assets/CemeteryPack/Candle3.prefab
  artifactKey: Guid(6e54d9d2b64fb03498a18c717c82ed44) Importer(815301076,1909f56bfc062723c751e8b465ee728b)
Start importing Assets/CemeteryPack/Candle3.prefab using Guid(6e54d9d2b64fb03498a18c717c82ed44) Importer(815301076,1909f56bfc062723c751e8b465ee728b)  -> (artifact id: '2a9bc97bfcc669f670074a928302720c') in 0.041057 seconds 
========================================================================
Received Import Request.
  Time since last request: 0.000022 seconds.
  path: Assets/CemeteryPack/ColumnGateBorder.prefab
  artifactKey: Guid(4344cb633ac2c6d48b39b21d9f781aec) Importer(815301076,1909f56bfc062723c751e8b465ee728b)
Start importing Assets/CemeteryPack/ColumnGateBorder.prefab using Guid(4344cb633ac2c6d48b39b21d9f781aec) Importer(815301076,1909f56bfc062723c751e8b465ee728b)  -> (artifact id: '6cfe7ace9fb42993beabe91dfa9d1755') in 0.030735 seconds 
========================================================================
Received Import Request.
  Time since last request: 0.000026 seconds.
  path: Assets/CemeteryPack/CryptRootf1.prefab
  artifactKey: Guid(0a286194ca872484294cfdb8b39216c1) Importer(815301076,1909f56bfc062723c751e8b465ee728b)
Start importing Assets/CemeteryPack/CryptRootf1.prefab using Guid(0a286194ca872484294cfdb8b39216c1) Importer(815301076,1909f56bfc062723c751e8b465ee728b)  -> (artifact id: 'a6b06be7d3ee23b84733521f50000894') in 0.024951 seconds 
========================================================================
Received Import Request.
  Time since last request: 0.000032 seconds.
  path: Assets/CemeteryPack/ColumnFoundation3 (1).prefab
  artifactKey: Guid(2fb68b74eb6e37f4e8b6900817c8a8d5) Importer(815301076,1909f56bfc062723c751e8b465ee728b)
Start importing Assets/CemeteryPack/ColumnFoundation3 (1).prefab using Guid(2fb68b74eb6e37f4e8b6900817c8a8d5) Importer(815301076,1909f56bfc062723c751e8b465ee728b)  -> (artifact id: '1bb3f2874b35ef0ac18e043918a9897f') in 0.019283 seconds 
========================================================================
Received Import Request.
  Time since last request: 0.000029 seconds.
  path: Assets/CemeteryPack/CryptMiniFoundation1.prefab
  artifactKey: Guid(12f742a90c04b8b4db9029fed710e2a4) Importer(815301076,1909f56bfc062723c751e8b465ee728b)
Start importing Assets/CemeteryPack/CryptMiniFoundation1.prefab using Guid(12f742a90c04b8b4db9029fed710e2a4) Importer(815301076,1909f56bfc062723c751e8b465ee728b)  -> (artifact id: '3c0e131db951dbf748dc2f0812d38743') in 0.020235 seconds 
========================================================================
Received Import Request.
  Time since last request: 0.000024 seconds.
  path: Assets/CemeteryPack/ColumnFoundation2.prefab
  artifactKey: Guid(150d5a46dd7793e4580fb7ece8ae07f9) Importer(815301076,1909f56bfc062723c751e8b465ee728b)
Start importing Assets/CemeteryPack/ColumnFoundation2.prefab using Guid(150d5a46dd7793e4580fb7ece8ae07f9) Importer(815301076,1909f56bfc062723c751e8b465ee728b)  -> (artifact id: '4e2183713874bf68ae011847ab16053b') in 0.016444 seconds 
========================================================================
Received Import Request.
  Time since last request: 0.000023 seconds.
  path: Assets/CemeteryPack/ColumnCrypt2 (1).prefab
  artifactKey: Guid(2695d1aa1628ede4296a3075808380b7) Importer(815301076,1909f56bfc062723c751e8b465ee728b)
Start importing Assets/CemeteryPack/ColumnCrypt2 (1).prefab using Guid(2695d1aa1628ede4296a3075808380b7) Importer(815301076,1909f56bfc062723c751e8b465ee728b)  -> (artifact id: 'fcaa6d48ddcd37be0463c93a7dc7b894') in 0.013215 seconds 
========================================================================
Received Import Request.
  Time since last request: 0.000023 seconds.
  path: Assets/CemeteryPack/CryptArch2.prefab
  artifactKey: Guid(bee415b422b6804408592581488b1827) Importer(815301076,1909f56bfc062723c751e8b465ee728b)
Start importing Assets/CemeteryPack/CryptArch2.prefab using Guid(bee415b422b6804408592581488b1827) Importer(815301076,1909f56bfc062723c751e8b465ee728b)  -> (artifact id: '89eedaf0650ec384f6a119950fef6f1d') in 0.015036 seconds 
========================================================================
Received Import Request.
  Time since last request: 0.000026 seconds.
  path: Assets/CemeteryPack/ColumnCrypt1.prefab
  artifactKey: Guid(23bd136d78693254faad8377a41e8595) Importer(815301076,1909f56bfc062723c751e8b465ee728b)
Start importing Assets/CemeteryPack/ColumnCrypt1.prefab using Guid(23bd136d78693254faad8377a41e8595) Importer(815301076,1909f56bfc062723c751e8b465ee728b)  -> (artifact id: '803632075240f638cc4acf211c9981e2') in 0.015590 seconds 
========================================================================
Received Import Request.
  Time since last request: 0.000032 seconds.
  path: Assets/CemeteryPack/CirclePlate.prefab
  artifactKey: Guid(6e7a2923c82c2f94e98f2047b55b5601) Importer(815301076,1909f56bfc062723c751e8b465ee728b)
Start importing Assets/CemeteryPack/CirclePlate.prefab using Guid(6e7a2923c82c2f94e98f2047b55b5601) Importer(815301076,1909f56bfc062723c751e8b465ee728b)  -> (artifact id: '68358c9fa7e9065bc29516ce70bcfa68') in 0.018630 seconds 
========================================================================
Received Import Request.
  Time since last request: 0.000055 seconds.
  path: Assets/CemeteryPack/CryptColumnPlane4.prefab
  artifactKey: Guid(3df3757ae8354b74e95d29596ae166e6) Importer(815301076,1909f56bfc062723c751e8b465ee728b)
Start importing Assets/CemeteryPack/CryptColumnPlane4.prefab using Guid(3df3757ae8354b74e95d29596ae166e6) Importer(815301076,1909f56bfc062723c751e8b465ee728b)  -> (artifact id: '9d464b90da18f9357c79a459a77a486e') in 0.017894 seconds 
========================================================================
Received Import Request.
  Time since last request: 0.000023 seconds.
  path: Assets/CemeteryPack/Floor3.prefab
  artifactKey: Guid(686c0325ec383ff43bbcbb7d29a794a1) Importer(815301076,1909f56bfc062723c751e8b465ee728b)
Start importing Assets/CemeteryPack/Floor3.prefab using Guid(686c0325ec383ff43bbcbb7d29a794a1) Importer(815301076,1909f56bfc062723c751e8b465ee728b)  -> (artifact id: '79cdb61b421082e95698f3631507ec15') in 0.013777 seconds 
========================================================================
Received Import Request.
  Time since last request: 0.000032 seconds.
  path: Assets/CemeteryPack/CryptArch1.prefab
  artifactKey: Guid(b2933e9d662dbd6418f48a355d817a4b) Importer(815301076,1909f56bfc062723c751e8b465ee728b)
Start importing Assets/CemeteryPack/CryptArch1.prefab using Guid(b2933e9d662dbd6418f48a355d817a4b) Importer(815301076,1909f56bfc062723c751e8b465ee728b)  -> (artifact id: '0a8e7fdd698fad9bc4e4ed59fc266968') in 0.021433 seconds 
========================================================================
Received Import Request.
  Time since last request: 0.000032 seconds.
  path: Assets/CemeteryPack/ColumnCrypt4.prefab
  artifactKey: Guid(b72e73eb37c5eea4a963ba85db9f572e) Importer(815301076,1909f56bfc062723c751e8b465ee728b)
Start importing Assets/CemeteryPack/ColumnCrypt4.prefab using Guid(b72e73eb37c5eea4a963ba85db9f572e) Importer(815301076,1909f56bfc062723c751e8b465ee728b)  -> (artifact id: 'fb556d9488701a5053d3ed102d93f6dd') in 0.024210 seconds 
========================================================================
Received Import Request.
  Time since last request: 0.000040 seconds.
  path: Assets/CemeteryPack/ColumnFoundation4 (1).prefab
  artifactKey: Guid(ab9318d8bc8ce7f43a9b1a0f0ef53c49) Importer(815301076,1909f56bfc062723c751e8b465ee728b)
Start importing Assets/CemeteryPack/ColumnFoundation4 (1).prefab using Guid(ab9318d8bc8ce7f43a9b1a0f0ef53c49) Importer(815301076,1909f56bfc062723c751e8b465ee728b)  -> (artifact id: '08884f052ebb39bafa3072c38e8e2c8a') in 0.016255 seconds 
========================================================================
Received Import Request.
  Time since last request: 0.000028 seconds.
  path: Assets/CemeteryPack/ColumnGateArch.prefab
  artifactKey: Guid(3b11171e2a148a34a92bec2f1dd14b59) Importer(815301076,1909f56bfc062723c751e8b465ee728b)
Start importing Assets/CemeteryPack/ColumnGateArch.prefab using Guid(3b11171e2a148a34a92bec2f1dd14b59) Importer(815301076,1909f56bfc062723c751e8b465ee728b)  -> (artifact id: 'd561542d35f4b9f3f753c8b79ec66df3') in 0.052706 seconds 
========================================================================
Received Import Request.
  Time since last request: 0.000029 seconds.
  path: Assets/CemeteryPack/ColumnGateColumn.prefab
  artifactKey: Guid(7617cf3261020e143b25e48ecb8c5ac6) Importer(815301076,1909f56bfc062723c751e8b465ee728b)
Start importing Assets/CemeteryPack/ColumnGateColumn.prefab using Guid(7617cf3261020e143b25e48ecb8c5ac6) Importer(815301076,1909f56bfc062723c751e8b465ee728b)  -> (artifact id: '00e7fac2445f8ccc40654371653313ff') in 0.027713 seconds 
========================================================================
Received Import Request.
  Time since last request: 0.000053 seconds.
  path: Assets/CemeteryPack/CryptColumnPlane2.prefab
  artifactKey: Guid(aefe01c0b81b54043a1ff7f640905641) Importer(815301076,1909f56bfc062723c751e8b465ee728b)
Start importing Assets/CemeteryPack/CryptColumnPlane2.prefab using Guid(aefe01c0b81b54043a1ff7f640905641) Importer(815301076,1909f56bfc062723c751e8b465ee728b)  -> (artifact id: '0498e8c084378bea09b42c3079818d58') in 0.054980 seconds 
========================================================================
Received Import Request.
  Time since last request: 0.000025 seconds.
  path: Assets/CemeteryPack/ColumnCrypt3 (1).prefab
  artifactKey: Guid(8dc3e03e257d03a4aa7579d6a040c742) Importer(815301076,1909f56bfc062723c751e8b465ee728b)
Start importing Assets/CemeteryPack/ColumnCrypt3 (1).prefab using Guid(8dc3e03e257d03a4aa7579d6a040c742) Importer(815301076,1909f56bfc062723c751e8b465ee728b)  -> (artifact id: '413d8d9aaf0aed16a09d00a2c88772db') in 0.090832 seconds 
========================================================================
Received Import Request.
  Time since last request: 0.000044 seconds.
  path: Assets/CemeteryPack/CryptColumnPlane1.prefab
  artifactKey: Guid(e14bda5ea66a44148bfb6afa6247e0d4) Importer(815301076,1909f56bfc062723c751e8b465ee728b)
Start importing Assets/CemeteryPack/CryptColumnPlane1.prefab using Guid(e14bda5ea66a44148bfb6afa6247e0d4) Importer(815301076,1909f56bfc062723c751e8b465ee728b)  -> (artifact id: 'a2e64d647054eb0166368238341ea2a6') in 0.024142 seconds 
========================================================================
Received Import Request.
  Time since last request: 0.000040 seconds.
  path: Assets/CemeteryPack/CryptFoundationLadder2.prefab
  artifactKey: Guid(ca85a3f63c993ff448978f6fbf6806df) Importer(815301076,1909f56bfc062723c751e8b465ee728b)
Start importing Assets/CemeteryPack/CryptFoundationLadder2.prefab using Guid(ca85a3f63c993ff448978f6fbf6806df) Importer(815301076,1909f56bfc062723c751e8b465ee728b)  -> (artifact id: 'c2e31c3719937589c443172e5c9efbb7') in 0.053528 seconds 
========================================================================
Received Import Request.
  Time since last request: 0.001478 seconds.
  path: Assets/CemeteryPack/CryptRootf6.prefab
  artifactKey: Guid(d3673121240fc1e4e9d19d8ea56ca4a3) Importer(815301076,1909f56bfc062723c751e8b465ee728b)
Start importing Assets/CemeteryPack/CryptRootf6.prefab using Guid(d3673121240fc1e4e9d19d8ea56ca4a3) Importer(815301076,1909f56bfc062723c751e8b465ee728b)  -> (artifact id: 'd8005bf4ba828327b6e1da0829068ec2') in 0.045069 seconds 
========================================================================
Received Import Request.
  Time since last request: 2.202761 seconds.
  path: Assets/CemeteryPack/Floor8.prefab
  artifactKey: Guid(f06185b22b739c44c98bfebce43af781) Importer(815301076,1909f56bfc062723c751e8b465ee728b)
Start importing Assets/CemeteryPack/Floor8.prefab using Guid(f06185b22b739c44c98bfebce43af781) Importer(815301076,1909f56bfc062723c751e8b465ee728b)  -> (artifact id: '194c05dfd6a78ece90622e5f90e8ea88') in 0.027857 seconds 
========================================================================
Received Import Request.
  Time since last request: 0.000023 seconds.
  path: Assets/CemeteryPack/Floor14.prefab
  artifactKey: Guid(2847ab2d8af88f4408a25240d09e8943) Importer(815301076,1909f56bfc062723c751e8b465ee728b)
Start importing Assets/CemeteryPack/Floor14.prefab using Guid(2847ab2d8af88f4408a25240d09e8943) Importer(815301076,1909f56bfc062723c751e8b465ee728b)  -> (artifact id: '4da165253d33ec049f4a093a4d6576d1') in 0.061472 seconds 
========================================================================
Received Import Request.
  Time since last request: 0.000232 seconds.
  path: Assets/CemeteryPack/Floor10.prefab
  artifactKey: Guid(fecf9a559bf14a44394e5a36e740e98f) Importer(815301076,1909f56bfc062723c751e8b465ee728b)
Start importing Assets/CemeteryPack/Floor10.prefab using Guid(fecf9a559bf14a44394e5a36e740e98f) Importer(815301076,1909f56bfc062723c751e8b465ee728b)  -> (artifact id: '39726caf1ae811093376937883e8cd20') in 0.032937 seconds 
========================================================================
Received Import Request.
  Time since last request: 0.000024 seconds.
  path: Assets/CemeteryPack/FloorFoundation8.prefab
  artifactKey: Guid(6368e9aed675f2c46b92600f60d5d34f) Importer(815301076,1909f56bfc062723c751e8b465ee728b)
Start importing Assets/CemeteryPack/FloorFoundation8.prefab using Guid(6368e9aed675f2c46b92600f60d5d34f) Importer(815301076,1909f56bfc062723c751e8b465ee728b)  -> (artifact id: '695803eeb98cc4162efb4bb3dc69de12') in 0.026701 seconds 
========================================================================
Received Import Request.
  Time since last request: 0.000026 seconds.
  path: Assets/CemeteryPack/MetObj_FenceFoundation1.prefab
  artifactKey: Guid(86f2d4cdd14765547af006aa33829002) Importer(815301076,1909f56bfc062723c751e8b465ee728b)
Start importing Assets/CemeteryPack/MetObj_FenceFoundation1.prefab using Guid(86f2d4cdd14765547af006aa33829002) Importer(815301076,1909f56bfc062723c751e8b465ee728b)  -> (artifact id: '8a8869eed4cb8591258702acb5e614ce') in 0.028016 seconds 
========================================================================
Received Import Request.
  Time since last request: 0.000033 seconds.
  path: Assets/CemeteryPack/MetObj_FenceFoundation3.prefab
  artifactKey: Guid(75e8da0ed284ced4b8aa0cab1b171306) Importer(815301076,1909f56bfc062723c751e8b465ee728b)
Start importing Assets/CemeteryPack/MetObj_FenceFoundation3.prefab using Guid(75e8da0ed284ced4b8aa0cab1b171306) Importer(815301076,1909f56bfc062723c751e8b465ee728b)  -> (artifact id: 'aee89c77f7afec74b0add94392358220') in 0.060608 seconds 
========================================================================
Received Import Request.
  Time since last request: 0.000028 seconds.
  path: Assets/CemeteryPack/MetObj_FenceFoundation.prefab
  artifactKey: Guid(c1f255e90aef161468495bd4cebbbeca) Importer(815301076,1909f56bfc062723c751e8b465ee728b)
Start importing Assets/CemeteryPack/MetObj_FenceFoundation.prefab using Guid(c1f255e90aef161468495bd4cebbbeca) Importer(815301076,1909f56bfc062723c751e8b465ee728b)  -> (artifact id: '78ffddda531209e84b27fd3607056c9a') in 0.039666 seconds 
========================================================================
Received Import Request.
  Time since last request: 0.000023 seconds.
  path: Assets/CemeteryPack/MetObj_Fence1.prefab
  artifactKey: Guid(5ed047d4cc35d174eaccd9a2e59f860f) Importer(815301076,1909f56bfc062723c751e8b465ee728b)
Start importing Assets/CemeteryPack/MetObj_Fence1.prefab using Guid(5ed047d4cc35d174eaccd9a2e59f860f) Importer(815301076,1909f56bfc062723c751e8b465ee728b)  -> (artifact id: 'd06f8d5e216f627ea80597f6ff6f9889') in 0.107505 seconds 
========================================================================
Received Import Request.
  Time since last request: 0.000033 seconds.
  path: Assets/CemeteryPack/MetObj_FenceFoundation20.prefab
  artifactKey: Guid(f4168f9e95464884788d9fa2b8c17df8) Importer(815301076,1909f56bfc062723c751e8b465ee728b)
Start importing Assets/CemeteryPack/MetObj_FenceFoundation20.prefab using Guid(f4168f9e95464884788d9fa2b8c17df8) Importer(815301076,1909f56bfc062723c751e8b465ee728b)  -> (artifact id: '4ff5da05ec217e60acb1ba11b01bd429') in 0.044436 seconds 
========================================================================
Received Import Request.
  Time since last request: 0.006952 seconds.
  path: Assets/CemeteryPack/MetObj_FenceFoundation14.prefab
  artifactKey: Guid(3d02f20b242fed94fb5e314a2b2d669e) Importer(815301076,1909f56bfc062723c751e8b465ee728b)
Start importing Assets/CemeteryPack/MetObj_FenceFoundation14.prefab using Guid(3d02f20b242fed94fb5e314a2b2d669e) Importer(815301076,1909f56bfc062723c751e8b465ee728b)  -> (artifact id: 'b54cb048762deb952d840b5b267e415c') in 0.027212 seconds 
========================================================================
Received Import Request.
  Time since last request: 0.000031 seconds.
  path: Assets/CemeteryPack/MetObj_FenceFoundation10.prefab
  artifactKey: Guid(979f0c40fb8b100438c634bfbf423279) Importer(815301076,1909f56bfc062723c751e8b465ee728b)
Start importing Assets/CemeteryPack/MetObj_FenceFoundation10.prefab using Guid(979f0c40fb8b100438c634bfbf423279) Importer(815301076,1909f56bfc062723c751e8b465ee728b)  -> (artifact id: '81fe9a08b5f7a443aab6475dd5797f1a') in 0.041086 seconds 
========================================================================
Received Import Request.
  Time since last request: 0.000213 seconds.
  path: Assets/CemeteryPack/FloorFoundation6.prefab
  artifactKey: Guid(ee032d87fed7d75479c4c8756b6789fe) Importer(815301076,1909f56bfc062723c751e8b465ee728b)
Start importing Assets/CemeteryPack/FloorFoundation6.prefab using Guid(ee032d87fed7d75479c4c8756b6789fe) Importer(815301076,1909f56bfc062723c751e8b465ee728b)  -> (artifact id: '36c53d561488de823066f967f4fb49c8') in 0.048991 seconds 
========================================================================
Received Import Request.
  Time since last request: 0.000031 seconds.
  path: Assets/CemeteryPack/Floor24.prefab
  artifactKey: Guid(e9aae90a9a5a2c84e9cba89f3c0760e6) Importer(815301076,1909f56bfc062723c751e8b465ee728b)
Start importing Assets/CemeteryPack/Floor24.prefab using Guid(e9aae90a9a5a2c84e9cba89f3c0760e6) Importer(815301076,1909f56bfc062723c751e8b465ee728b)  -> (artifact id: '79b684e9b53f467100c507ff618271e7') in 0.041679 seconds 
========================================================================
Received Import Request.
  Time since last request: 0.000031 seconds.
  path: Assets/CemeteryPack/Floor26.prefab
  artifactKey: Guid(81b4d9f6dd6371447b80b288f477e059) Importer(815301076,1909f56bfc062723c751e8b465ee728b)
Start importing Assets/CemeteryPack/Floor26.prefab using Guid(81b4d9f6dd6371447b80b288f477e059) Importer(815301076,1909f56bfc062723c751e8b465ee728b)  -> (artifact id: 'e5975bea35c38d88a3aa5da000c6b2ec') in 0.025579 seconds 
========================================================================
Received Import Request.
  Time since last request: 0.000035 seconds.
  path: Assets/CemeteryPack/MetObj_FenceFoundation6.prefab
  artifactKey: Guid(87a512dac6c7fee40bebded53adb058f) Importer(815301076,1909f56bfc062723c751e8b465ee728b)
Start importing Assets/CemeteryPack/MetObj_FenceFoundation6.prefab using Guid(87a512dac6c7fee40bebded53adb058f) Importer(815301076,1909f56bfc062723c751e8b465ee728b)  -> (artifact id: '7d17dcfaec276730fec8e7ecc3f9a1d3') in 0.033997 seconds 
========================================================================
Received Import Request.
  Time since last request: 0.000027 seconds.
  path: Assets/CemeteryPack/MetObj_Fence3.prefab
  artifactKey: Guid(c2d37f0b68e0ddd45aa1303143496927) Importer(815301076,1909f56bfc062723c751e8b465ee728b)
Start importing Assets/CemeteryPack/MetObj_Fence3.prefab using Guid(c2d37f0b68e0ddd45aa1303143496927) Importer(815301076,1909f56bfc062723c751e8b465ee728b)  -> (artifact id: 'a0811e226471d71ba1dd66f8d9227b07') in 0.034950 seconds 
========================================================================
Received Import Request.
  Time since last request: 0.000023 seconds.
  path: Assets/CemeteryPack/MetObj_FenceFoundation16.prefab
  artifactKey: Guid(bddd87c081f67a2499314fe586446e28) Importer(815301076,1909f56bfc062723c751e8b465ee728b)
Start importing Assets/CemeteryPack/MetObj_FenceFoundation16.prefab using Guid(bddd87c081f67a2499314fe586446e28) Importer(815301076,1909f56bfc062723c751e8b465ee728b)  -> (artifact id: '7fa5e082ebcba7bcfc38de7f24c8920a') in 0.027046 seconds 
========================================================================
Received Import Request.
  Time since last request: 0.000031 seconds.
  path: Assets/CemeteryPack/MetObj_FenceFoundation7.prefab
  artifactKey: Guid(360dd22fba247d54c89ddb2a6fb7cc8e) Importer(815301076,1909f56bfc062723c751e8b465ee728b)
Start importing Assets/CemeteryPack/MetObj_FenceFoundation7.prefab using Guid(360dd22fba247d54c89ddb2a6fb7cc8e) Importer(815301076,1909f56bfc062723c751e8b465ee728b)  -> (artifact id: 'a7359b74076ee099d58d5cdd40ae0ad4') in 0.073829 seconds 
========================================================================
Received Import Request.
  Time since last request: 0.000034 seconds.
  path: Assets/CemeteryPack/MetObj_FenceFoundation4.prefab
  artifactKey: Guid(328e133e7cc5117409ed51bbbcf7ed64) Importer(815301076,1909f56bfc062723c751e8b465ee728b)
Start importing Assets/CemeteryPack/MetObj_FenceFoundation4.prefab using Guid(328e133e7cc5117409ed51bbbcf7ed64) Importer(815301076,1909f56bfc062723c751e8b465ee728b)  -> (artifact id: '039e00bd67fa52d6ca94461df13a2d19') in 0.070614 seconds 
========================================================================
Received Import Request.
  Time since last request: 0.000037 seconds.
  path: Assets/CemeteryPack/Floor21.prefab
  artifactKey: Guid(af61fb94f23bdac409c23a2f8a291bde) Importer(815301076,1909f56bfc062723c751e8b465ee728b)
Start importing Assets/CemeteryPack/Floor21.prefab using Guid(af61fb94f23bdac409c23a2f8a291bde) Importer(815301076,1909f56bfc062723c751e8b465ee728b)  -> (artifact id: 'a72cbc24deaa84585fa63aea5a4b9901') in 0.046784 seconds 
========================================================================
Received Import Request.
  Time since last request: 0.000459 seconds.
  path: Assets/CemeteryPack/FloorFoundation7.prefab
  artifactKey: Guid(796fa319205fc9e4e83dd632eec1aaff) Importer(815301076,1909f56bfc062723c751e8b465ee728b)
Start importing Assets/CemeteryPack/FloorFoundation7.prefab using Guid(796fa319205fc9e4e83dd632eec1aaff) Importer(815301076,1909f56bfc062723c751e8b465ee728b)  -> (artifact id: '9bcef952a8a539543e94cb6f75300265') in 0.041895 seconds 
========================================================================
Received Import Request.
  Time since last request: 0.000029 seconds.
  path: Assets/CemeteryPack/MetObj_Lamp.prefab
  artifactKey: Guid(616c8e393f945dd4398d283a74e72159) Importer(815301076,1909f56bfc062723c751e8b465ee728b)
Start importing Assets/CemeteryPack/MetObj_Lamp.prefab using Guid(616c8e393f945dd4398d283a74e72159) Importer(815301076,1909f56bfc062723c751e8b465ee728b)  -> (artifact id: 'c28b0b7aa99397b6ea2aa9283a8ce907') in 0.100622 seconds 
========================================================================
Received Import Request.
  Time since last request: 0.000275 seconds.
  path: Assets/CemeteryPack/FloorFoundation10.prefab
  artifactKey: Guid(edf7d8aba5fc28e49ba6f324b2b6512a) Importer(815301076,1909f56bfc062723c751e8b465ee728b)
Start importing Assets/CemeteryPack/FloorFoundation10.prefab using Guid(edf7d8aba5fc28e49ba6f324b2b6512a) Importer(815301076,1909f56bfc062723c751e8b465ee728b)  -> (artifact id: 'beeadaa5d35e2789bd83b01f9a0bf034') in 0.056733 seconds 
========================================================================
Received Import Request.
  Time since last request: 0.000047 seconds.
  path: Assets/CemeteryPack/MetObj_FenceFoundation19.prefab
  artifactKey: Guid(f00b1b7c7918ec74db02273db1cb1bc4) Importer(815301076,1909f56bfc062723c751e8b465ee728b)
Start importing Assets/CemeteryPack/MetObj_FenceFoundation19.prefab using Guid(f00b1b7c7918ec74db02273db1cb1bc4) Importer(815301076,1909f56bfc062723c751e8b465ee728b)  -> (artifact id: 'ecf20a0568732caefbff251d64a6adb6') in 0.059983 seconds 
========================================================================
Received Import Request.
  Time since last request: 0.000042 seconds.
  path: Assets/CemeteryPack/MetObj_Gates2_2.prefab
  artifactKey: Guid(46df802769a54bf41b32236bce131838) Importer(815301076,1909f56bfc062723c751e8b465ee728b)
Start importing Assets/CemeteryPack/MetObj_Gates2_2.prefab using Guid(46df802769a54bf41b32236bce131838) Importer(815301076,1909f56bfc062723c751e8b465ee728b)  -> (artifact id: '962e11c7c9f3920f1aaafb5366b2f7df') in 0.033291 seconds 
========================================================================
Received Import Request.
  Time since last request: 0.000029 seconds.
  path: Assets/CemeteryPack/MetObj_FenceFoundation8.prefab
  artifactKey: Guid(331ac7c1a550363448027a2b617042aa) Importer(815301076,1909f56bfc062723c751e8b465ee728b)
Start importing Assets/CemeteryPack/MetObj_FenceFoundation8.prefab using Guid(331ac7c1a550363448027a2b617042aa) Importer(815301076,1909f56bfc062723c751e8b465ee728b)  -> (artifact id: 'a861108395422359c50a82b6042a04c6') in 0.034879 seconds 
========================================================================
Received Import Request.
  Time since last request: 0.000024 seconds.
  path: Assets/CemeteryPack/Floor23.prefab
  artifactKey: Guid(4ac506bc59d05e1469c91149d6213209) Importer(815301076,1909f56bfc062723c751e8b465ee728b)
Start importing Assets/CemeteryPack/Floor23.prefab using Guid(4ac506bc59d05e1469c91149d6213209) Importer(815301076,1909f56bfc062723c751e8b465ee728b)  -> (artifact id: '88891f9ac7651f8b202fe9c7d8ada71f') in 0.020865 seconds 
========================================================================
Received Import Request.
  Time since last request: 0.000027 seconds.
  path: Assets/CemeteryPack/Floor15.prefab
  artifactKey: Guid(3a4a8fe559c15af4cb0c2ee4014ddff3) Importer(815301076,1909f56bfc062723c751e8b465ee728b)
Start importing Assets/CemeteryPack/Floor15.prefab using Guid(3a4a8fe559c15af4cb0c2ee4014ddff3) Importer(815301076,1909f56bfc062723c751e8b465ee728b)  -> (artifact id: '5e2e99bdf18737c24d7d53b111299a6a') in 0.031779 seconds 
========================================================================
Received Import Request.
  Time since last request: 0.000048 seconds.
  path: Assets/CemeteryPack/Floor13.prefab
  artifactKey: Guid(880db84015a845c42a524c054757eeec) Importer(815301076,1909f56bfc062723c751e8b465ee728b)
Start importing Assets/CemeteryPack/Floor13.prefab using Guid(880db84015a845c42a524c054757eeec) Importer(815301076,1909f56bfc062723c751e8b465ee728b)  -> (artifact id: 'dfa0e61bd99e05d5a117311a09f568c9') in 0.034652 seconds 
========================================================================
Received Import Request.
  Time since last request: 0.000027 seconds.
  path: Assets/CemeteryPack/Floor20.prefab
  artifactKey: Guid(dbf26495df52e294182eba441045a096) Importer(815301076,1909f56bfc062723c751e8b465ee728b)
Start importing Assets/CemeteryPack/Floor20.prefab using Guid(dbf26495df52e294182eba441045a096) Importer(815301076,1909f56bfc062723c751e8b465ee728b)  -> (artifact id: '109234e3ab6d47ebeceb268f528980f2') in 0.039114 seconds 
========================================================================
Received Import Request.
  Time since last request: 0.000035 seconds.
  path: Assets/CemeteryPack/MetObj_FenceFoundation2.prefab
  artifactKey: Guid(1ef52891eb396a941a4591fd01988623) Importer(815301076,1909f56bfc062723c751e8b465ee728b)
Start importing Assets/CemeteryPack/MetObj_FenceFoundation2.prefab using Guid(1ef52891eb396a941a4591fd01988623) Importer(815301076,1909f56bfc062723c751e8b465ee728b)  -> (artifact id: 'd02c0164ed6f4375b6b90cc9d12b1f0a') in 0.018910 seconds 
========================================================================
Received Import Request.
  Time since last request: 0.000021 seconds.
  path: Assets/CemeteryPack/MetObj_Gates1_1.prefab
  artifactKey: Guid(04e14a6e2b4e7294e8a97dd78a2baf31) Importer(815301076,1909f56bfc062723c751e8b465ee728b)
Start importing Assets/CemeteryPack/MetObj_Gates1_1.prefab using Guid(04e14a6e2b4e7294e8a97dd78a2baf31) Importer(815301076,1909f56bfc062723c751e8b465ee728b)  -> (artifact id: 'b2305ae068a26d616eb8fe26e977aa01') in 0.033478 seconds 
========================================================================
Received Import Request.
  Time since last request: 0.000037 seconds.
  path: Assets/CemeteryPack/FloorFoundation1.prefab
  artifactKey: Guid(1869158b8bb71104f84fe16b4def049e) Importer(815301076,1909f56bfc062723c751e8b465ee728b)
Start importing Assets/CemeteryPack/FloorFoundation1.prefab using Guid(1869158b8bb71104f84fe16b4def049e) Importer(815301076,1909f56bfc062723c751e8b465ee728b)  -> (artifact id: '1a66a22dea90831d721b7553a20b8f2f') in 0.030624 seconds 
========================================================================
Received Import Request.
  Time since last request: 0.000030 seconds.
  path: Assets/CemeteryPack/Floor11.prefab
  artifactKey: Guid(8578f58d2c6eff84eac4b105a1a1fd33) Importer(815301076,1909f56bfc062723c751e8b465ee728b)
Start importing Assets/CemeteryPack/Floor11.prefab using Guid(8578f58d2c6eff84eac4b105a1a1fd33) Importer(815301076,1909f56bfc062723c751e8b465ee728b)  -> (artifact id: '88621e8a644db68acb0905cf310ebcf0') in 0.020431 seconds 
========================================================================
Received Import Request.
  Time since last request: 0.000031 seconds.
  path: Assets/CemeteryPack/MetObj_FenceFoundation13.prefab
  artifactKey: Guid(0a4e02acd171455479848620b0d61734) Importer(815301076,1909f56bfc062723c751e8b465ee728b)
Start importing Assets/CemeteryPack/MetObj_FenceFoundation13.prefab using Guid(0a4e02acd171455479848620b0d61734) Importer(815301076,1909f56bfc062723c751e8b465ee728b)  -> (artifact id: 'ec7afb0afa6a67d18b8f49ee44de70a3') in 0.024465 seconds 
========================================================================
Received Import Request.
  Time since last request: 0.058057 seconds.
  path: Assets/Fantasy House/Fantasy_House_6.prefab
  artifactKey: Guid(fb539cc724255d2498155cd1c8c64d87) Importer(815301076,1909f56bfc062723c751e8b465ee728b)
Start importing Assets/Fantasy House/Fantasy_House_6.prefab using Guid(fb539cc724255d2498155cd1c8c64d87) Importer(815301076,1909f56bfc062723c751e8b465ee728b)  -> (artifact id: 'a95e1cc467e77c010032f3f8afa9e779') in 0.017709 seconds 
========================================================================
Received Import Request.
  Time since last request: 1.356693 seconds.
  path: Assets/FantasyWillageHouse/Fence.prefab
  artifactKey: Guid(c93bad5fc004e73439a66e5165e5278f) Importer(815301076,1909f56bfc062723c751e8b465ee728b)
Start importing Assets/FantasyWillageHouse/Fence.prefab using Guid(c93bad5fc004e73439a66e5165e5278f) Importer(815301076,1909f56bfc062723c751e8b465ee728b)  -> (artifact id: '8bfc0a1064ab5930974e224e8dccd92c') in 0.082504 seconds 
========================================================================
Received Import Request.
  Time since last request: 0.000025 seconds.
  path: Assets/FantasyWillageHouse/house_2.prefab
  artifactKey: Guid(c6b9f431057ac714fa926966a1743210) Importer(815301076,1909f56bfc062723c751e8b465ee728b)
Start importing Assets/FantasyWillageHouse/house_2.prefab using Guid(c6b9f431057ac714fa926966a1743210) Importer(815301076,1909f56bfc062723c751e8b465ee728b)  -> (artifact id: '310f6b829ed29e7af940e7b690646c47') in 0.032963 seconds 
========================================================================
Received Import Request.
  Time since last request: 0.000033 seconds.
  path: Assets/FantasyWillageHouse/Well.prefab
  artifactKey: Guid(ff57c7a6d59f22c4e8359049ead78d2d) Importer(815301076,1909f56bfc062723c751e8b465ee728b)
Start importing Assets/FantasyWillageHouse/Well.prefab using Guid(ff57c7a6d59f22c4e8359049ead78d2d) Importer(815301076,1909f56bfc062723c751e8b465ee728b)  -> (artifact id: 'cde7e2053c598b1917fa51fdf946f528') in 0.025916 seconds 
========================================================================
Received Import Request.
  Time since last request: 0.000025 seconds.
  path: Assets/FantasyWillageHouse/house_3.prefab
  artifactKey: Guid(7a03a0b84c8fc8e49a07d9906d68bc88) Importer(815301076,1909f56bfc062723c751e8b465ee728b)
Start importing Assets/FantasyWillageHouse/house_3.prefab using Guid(7a03a0b84c8fc8e49a07d9906d68bc88) Importer(815301076,1909f56bfc062723c751e8b465ee728b)  -> (artifact id: 'af9428e6f182177882e50409f0e17013') in 0.022232 seconds 
========================================================================
Received Import Request.
  Time since last request: 0.952722 seconds.
  path: Assets/Fence Pack/Fence Type2 01.prefab
  artifactKey: Guid(b10237067370545479ead9bdac817d9c) Importer(815301076,1909f56bfc062723c751e8b465ee728b)
Start importing Assets/Fence Pack/Fence Type2 01.prefab using Guid(b10237067370545479ead9bdac817d9c) Importer(815301076,1909f56bfc062723c751e8b465ee728b)  -> (artifact id: 'c6687ad58dde723444319836f6515203') in 0.331130 seconds 
========================================================================
Received Import Request.
  Time since last request: 0.000038 seconds.
  path: Assets/Fence Pack/Fence Type5 Big.prefab
  artifactKey: Guid(6bea119038cba374387862a060db5358) Importer(815301076,1909f56bfc062723c751e8b465ee728b)
Start importing Assets/Fence Pack/Fence Type5 Big.prefab using Guid(6bea119038cba374387862a060db5358) Importer(815301076,1909f56bfc062723c751e8b465ee728b)  -> (artifact id: '3da3fd86d690399c752cdb885899590a') in 0.047419 seconds 
========================================================================
Received Import Request.
  Time since last request: 0.000038 seconds.
  path: Assets/Fence Pack/Fence Type5 Small.prefab
  artifactKey: Guid(a14aa485a8d4afa46a5e7e72b745ad92) Importer(815301076,1909f56bfc062723c751e8b465ee728b)
Start importing Assets/Fence Pack/Fence Type5 Small.prefab using Guid(a14aa485a8d4afa46a5e7e72b745ad92) Importer(815301076,1909f56bfc062723c751e8b465ee728b)  -> (artifact id: '35834fdd48fc95c6e74cb83aa9d4dd3e') in 0.031050 seconds 
========================================================================
Received Import Request.
  Time since last request: 3.500294 seconds.
  path: Assets/GraveyardProps/GraveCircleCrossDamaged_2.prefab
  artifactKey: Guid(f6c96aba047afbd4187959bce1b7fb27) Importer(815301076,1909f56bfc062723c751e8b465ee728b)
Start importing Assets/GraveyardProps/GraveCircleCrossDamaged_2.prefab using Guid(f6c96aba047afbd4187959bce1b7fb27) Importer(815301076,1909f56bfc062723c751e8b465ee728b)  -> (artifact id: 'aabdbf81bff8dc5dba3ffe8676417c6b') in 0.088105 seconds 
========================================================================
Received Import Request.
  Time since last request: 0.000027 seconds.
  path: Assets/GraveyardProps/TombFantasyEnclosed_2.prefab
  artifactKey: Guid(b6939cf96776c2f4a929556d664b53d1) Importer(815301076,1909f56bfc062723c751e8b465ee728b)
Start importing Assets/GraveyardProps/TombFantasyEnclosed_2.prefab using Guid(b6939cf96776c2f4a929556d664b53d1) Importer(815301076,1909f56bfc062723c751e8b465ee728b)  -> (artifact id: 'cdda6c59ddcc9fc711271a7c424ac884') in 0.024787 seconds 
========================================================================
Received Import Request.
  Time since last request: 0.001900 seconds.
  path: Assets/GraveyardProps/GraveType3_VeryDamaged_2.prefab
  artifactKey: Guid(b1f16de99ffd8c247a13774e9f43d6ec) Importer(815301076,1909f56bfc062723c751e8b465ee728b)
Start importing Assets/GraveyardProps/GraveType3_VeryDamaged_2.prefab using Guid(b1f16de99ffd8c247a13774e9f43d6ec) Importer(815301076,1909f56bfc062723c751e8b465ee728b)  -> (artifact id: '926b7df0764830fe6c712292b534adeb') in 0.050397 seconds 
========================================================================
Received Import Request.
  Time since last request: 0.000037 seconds.
  path: Assets/GraveyardProps/GraveType6_VeryDamaged_2.prefab
  artifactKey: Guid(b6d741fa3e5ecf74aa70a63138d0800f) Importer(815301076,1909f56bfc062723c751e8b465ee728b)
Start importing Assets/GraveyardProps/GraveType6_VeryDamaged_2.prefab using Guid(b6d741fa3e5ecf74aa70a63138d0800f) Importer(815301076,1909f56bfc062723c751e8b465ee728b)  -> (artifact id: '4e374be1f9b6c2a4ab5d4fe4de4e0313') in 0.019387 seconds 
========================================================================
Received Import Request.
  Time since last request: 0.000029 seconds.
  path: Assets/GraveyardProps/SummoningStoneDetailed.prefab
  artifactKey: Guid(6c923e622fdfafa42b06425421702e07) Importer(815301076,1909f56bfc062723c751e8b465ee728b)
Start importing Assets/GraveyardProps/SummoningStoneDetailed.prefab using Guid(6c923e622fdfafa42b06425421702e07) Importer(815301076,1909f56bfc062723c751e8b465ee728b)  -> (artifact id: 'b60f9e1a7197f09678c617295e78acd7') in 0.029247 seconds 
========================================================================
Received Import Request.
  Time since last request: 7.457326 seconds.
  path: Assets/Halloween Fantasy Pack/HLW_Candy_BLE_3.prefab
  artifactKey: Guid(1387c385490004d46be1d7be3aad42c5) Importer(815301076,1909f56bfc062723c751e8b465ee728b)
Start importing Assets/Halloween Fantasy Pack/HLW_Candy_BLE_3.prefab using Guid(1387c385490004d46be1d7be3aad42c5) Importer(815301076,1909f56bfc062723c751e8b465ee728b)  -> (artifact id: 'adcf25aaf859699801be15184533325b') in 0.034431 seconds 
========================================================================
Received Import Request.
  Time since last request: 0.000048 seconds.
  path: Assets/Halloween Fantasy Pack/HLW_Candy_ORG_4.prefab
  artifactKey: Guid(5197bca447d8e0747abeedb7da580353) Importer(815301076,1909f56bfc062723c751e8b465ee728b)
Start importing Assets/Halloween Fantasy Pack/HLW_Candy_ORG_4.prefab using Guid(5197bca447d8e0747abeedb7da580353) Importer(815301076,1909f56bfc062723c751e8b465ee728b)  -> (artifact id: 'c72887a815d941db43edd4fe57ddba41') in 0.054292 seconds 
========================================================================
Received Import Request.
  Time since last request: 0.000073 seconds.
  path: Assets/Halloween Fantasy Pack/HLW_JackoLanter_4.prefab
  artifactKey: Guid(8cd85c3b9f33081418fcae6965623e0b) Importer(815301076,1909f56bfc062723c751e8b465ee728b)
Start importing Assets/Halloween Fantasy Pack/HLW_JackoLanter_4.prefab using Guid(8cd85c3b9f33081418fcae6965623e0b) Importer(815301076,1909f56bfc062723c751e8b465ee728b)  -> (artifact id: 'c6b09fefad60fff9d07830957eab0368') in 0.042322 seconds 
========================================================================
Received Import Request.
  Time since last request: 0.000028 seconds.
  path: Assets/Halloween Fantasy Pack/HLW_Candy_GRN_3.prefab
  artifactKey: Guid(5c72c3458548d0a409cdbd337beb622d) Importer(815301076,1909f56bfc062723c751e8b465ee728b)
Start importing Assets/Halloween Fantasy Pack/HLW_Candy_GRN_3.prefab using Guid(5c72c3458548d0a409cdbd337beb622d) Importer(815301076,1909f56bfc062723c751e8b465ee728b)  -> (artifact id: 'c36434e69cf5e038109ea01ac7b905f6') in 0.033794 seconds 
========================================================================
Received Import Request.
  Time since last request: 0.000534 seconds.
  path: Assets/Halloween Fantasy Pack/HLW_Candy_PRP_6.prefab
  artifactKey: Guid(57a615ca1562ea54fb9b9acd929aa4a5) Importer(815301076,1909f56bfc062723c751e8b465ee728b)
Start importing Assets/Halloween Fantasy Pack/HLW_Candy_PRP_6.prefab using Guid(57a615ca1562ea54fb9b9acd929aa4a5) Importer(815301076,1909f56bfc062723c751e8b465ee728b)  -> (artifact id: '176fbfdda456a6fd8d8efc18cc78ecdc') in 0.074902 seconds 
========================================================================
Received Import Request.
  Time since last request: 0.000023 seconds.
  path: Assets/Halloween Fantasy Pack/HLW_JackoLanter_2.prefab
  artifactKey: Guid(d87f492e32c69c14b9628898cb98c04f) Importer(815301076,1909f56bfc062723c751e8b465ee728b)
Start importing Assets/Halloween Fantasy Pack/HLW_JackoLanter_2.prefab using Guid(d87f492e32c69c14b9628898cb98c04f) Importer(815301076,1909f56bfc062723c751e8b465ee728b)  -> (artifact id: '0320b32454bfe239fb32936d916e549e') in 0.052616 seconds 
========================================================================
Received Import Request.
  Time since last request: 0.000040 seconds.
  path: Assets/Halloween Fantasy Pack/HLW_Candy_RD_6.prefab
  artifactKey: Guid(5951bbb3ff6494f4da72e13ba0e1f2be) Importer(815301076,1909f56bfc062723c751e8b465ee728b)
Start importing Assets/Halloween Fantasy Pack/HLW_Candy_RD_6.prefab using Guid(5951bbb3ff6494f4da72e13ba0e1f2be) Importer(815301076,1909f56bfc062723c751e8b465ee728b)  -> (artifact id: '46f6dcae611eb6311cc2c5981eb2fce3') in 0.024165 seconds 
========================================================================
Received Import Request.
  Time since last request: 0.680044 seconds.
  path: Assets/Halloween Fantasy Pack/HLW_ScareCrow_2.prefab
  artifactKey: Guid(7d5c51406b196634e8be990e6234c5f0) Importer(815301076,1909f56bfc062723c751e8b465ee728b)
Start importing Assets/Halloween Fantasy Pack/HLW_ScareCrow_2.prefab using Guid(7d5c51406b196634e8be990e6234c5f0) Importer(815301076,1909f56bfc062723c751e8b465ee728b)  -> (artifact id: '59cad35f2e013984144e6b498a8bccac') in 0.047390 seconds 
========================================================================
Received Import Request.
  Time since last request: 3.139279 seconds.
  path: Assets/Halloween_Pack/Fence.prefab
  artifactKey: Guid(bb44ef16b180b6941bbe4caf411f6249) Importer(815301076,1909f56bfc062723c751e8b465ee728b)
Start importing Assets/Halloween_Pack/Fence.prefab using Guid(bb44ef16b180b6941bbe4caf411f6249) Importer(815301076,1909f56bfc062723c751e8b465ee728b)  -> (artifact id: '76328933b40ae4e48fd39e5648f380eb') in 0.027993 seconds 
========================================================================
Received Import Request.
  Time since last request: 0.000026 seconds.
  path: Assets/Halloween_Pack/WitchBroom_01.prefab
  artifactKey: Guid(8ace1a40dd5b7734282c06470dee5be6) Importer(815301076,1909f56bfc062723c751e8b465ee728b)
Start importing Assets/Halloween_Pack/WitchBroom_01.prefab using Guid(8ace1a40dd5b7734282c06470dee5be6) Importer(815301076,1909f56bfc062723c751e8b465ee728b)  -> (artifact id: '81c8737bde72323fec54c9946f19d54a') in 0.046319 seconds 
========================================================================
Received Import Request.
  Time since last request: 63.601485 seconds.
  path: Assets/Medieval_Carts/Cart_Stand2.prefab
  artifactKey: Guid(d9acbd4df2d313c4582b5840008bdd21) Importer(815301076,1909f56bfc062723c751e8b465ee728b)
Start importing Assets/Medieval_Carts/Cart_Stand2.prefab using Guid(d9acbd4df2d313c4582b5840008bdd21) Importer(815301076,1909f56bfc062723c751e8b465ee728b)  -> (artifact id: '05676ca02eac189c74d10a95b9e35a6f') in 0.030768 seconds 
========================================================================
Received Import Request.
  Time since last request: 7.469734 seconds.
  path: Assets/Poly Halloween/book-magical-eye.prefab
  artifactKey: Guid(cac386581a232d24f873b482684674bd) Importer(815301076,1909f56bfc062723c751e8b465ee728b)
Start importing Assets/Poly Halloween/book-magical-eye.prefab using Guid(cac386581a232d24f873b482684674bd) Importer(815301076,1909f56bfc062723c751e8b465ee728b)  -> (artifact id: '6051a18621ba87a1b2c0c4c37755d5f0') in 0.127150 seconds 
========================================================================
Received Import Request.
  Time since last request: 0.000025 seconds.
  path: Assets/Poly Halloween/candy-stick.prefab
  artifactKey: Guid(7af4f0a4609974949a9a0ee588dd2f57) Importer(815301076,1909f56bfc062723c751e8b465ee728b)
Start importing Assets/Poly Halloween/candy-stick.prefab using Guid(7af4f0a4609974949a9a0ee588dd2f57) Importer(815301076,1909f56bfc062723c751e8b465ee728b)  -> (artifact id: '1cd6327dd172ae9c5e9164fb33af27ad') in 0.042216 seconds 
========================================================================
Received Import Request.
  Time since last request: 0.000052 seconds.
  path: Assets/Poly Halloween/candle-stick-b-unlit.prefab
  artifactKey: Guid(b45cd03fb31c8a54b9d9c3b5a2634d93) Importer(815301076,1909f56bfc062723c751e8b465ee728b)
Start importing Assets/Poly Halloween/candle-stick-b-unlit.prefab using Guid(b45cd03fb31c8a54b9d9c3b5a2634d93) Importer(815301076,1909f56bfc062723c751e8b465ee728b)  -> (artifact id: '49725ae10d2a35dba5801a66bfa7223a') in 0.071860 seconds 
========================================================================
Received Import Request.
  Time since last request: 0.000052 seconds.
  path: Assets/Poly Halloween/mushroom-magical-champignon-c.prefab
  artifactKey: Guid(813c4a802d5e4cf48a8c35827d1e21d7) Importer(815301076,1909f56bfc062723c751e8b465ee728b)
Start importing Assets/Poly Halloween/mushroom-magical-champignon-c.prefab using Guid(813c4a802d5e4cf48a8c35827d1e21d7) Importer(815301076,1909f56bfc062723c751e8b465ee728b)  -> (artifact id: 'd39d9ed5489ea77ac6f3d18b35a245aa') in 0.037386 seconds 
========================================================================
Received Import Request.
  Time since last request: 0.000026 seconds.
  path: Assets/Poly Halloween/lollipop-flat-a.prefab
  artifactKey: Guid(235453bd5573550408d145c0b6db75dc) Importer(815301076,1909f56bfc062723c751e8b465ee728b)
Start importing Assets/Poly Halloween/lollipop-flat-a.prefab using Guid(235453bd5573550408d145c0b6db75dc) Importer(815301076,1909f56bfc062723c751e8b465ee728b)  -> (artifact id: '27c107147f0c98599051456095373b1d') in 0.039766 seconds 
========================================================================
Received Import Request.
  Time since last request: 0.000055 seconds.
  path: Assets/Poly Halloween/mushroom-magical-champignon-b.prefab
  artifactKey: Guid(fffba91942c50aa4a8e8455edade1bfd) Importer(815301076,1909f56bfc062723c751e8b465ee728b)
Start importing Assets/Poly Halloween/mushroom-magical-champignon-b.prefab using Guid(fffba91942c50aa4a8e8455edade1bfd) Importer(815301076,1909f56bfc062723c751e8b465ee728b)  -> (artifact id: '5b59c4c259595862b0aedc7ae4096ab7') in 0.026862 seconds 
========================================================================
Received Import Request.
  Time since last request: 0.000029 seconds.
  path: Assets/Poly Halloween/cauldron-potion-full.prefab
  artifactKey: Guid(6727fc23ce9109444b62e6392293a7a5) Importer(815301076,1909f56bfc062723c751e8b465ee728b)
Start importing Assets/Poly Halloween/cauldron-potion-full.prefab using Guid(6727fc23ce9109444b62e6392293a7a5) Importer(815301076,1909f56bfc062723c751e8b465ee728b)  -> (artifact id: '28b0f504d85305a7de733f8e9a75f030') in 0.048216 seconds 
========================================================================
Received Import Request.
  Time since last request: 0.000028 seconds.
  path: Assets/Poly Halloween/gravestone-old-small-b.prefab
  artifactKey: Guid(d9b0ea3d8b855e64e90499c5d5981ac7) Importer(815301076,1909f56bfc062723c751e8b465ee728b)
Start importing Assets/Poly Halloween/gravestone-old-small-b.prefab using Guid(d9b0ea3d8b855e64e90499c5d5981ac7) Importer(815301076,1909f56bfc062723c751e8b465ee728b)  -> (artifact id: '695580a6e9aacce134ff7d29b1b2fac2') in 0.023499 seconds 
========================================================================
Received Import Request.
  Time since last request: 0.003408 seconds.
  path: Assets/Poly Halloween/candy-corn.prefab
  artifactKey: Guid(ea6d0d79c6f9e514c9c7594bbaeac82f) Importer(815301076,1909f56bfc062723c751e8b465ee728b)
Start importing Assets/Poly Halloween/candy-corn.prefab using Guid(ea6d0d79c6f9e514c9c7594bbaeac82f) Importer(815301076,1909f56bfc062723c751e8b465ee728b)  -> (artifact id: 'fc05b004b7a57bcff428d5126ea4c4f3') in 0.028063 seconds 
========================================================================
Received Import Request.
  Time since last request: 0.000557 seconds.
  path: Assets/Poly Halloween/pumpkin-carved-b.prefab
  artifactKey: Guid(af636b4a2386385498c4965db0064a73) Importer(815301076,1909f56bfc062723c751e8b465ee728b)
Start importing Assets/Poly Halloween/pumpkin-carved-b.prefab using Guid(af636b4a2386385498c4965db0064a73) Importer(815301076,1909f56bfc062723c751e8b465ee728b)  -> (artifact id: '34ab64879c0ec4ec6187a3cc62db3899') in 0.034969 seconds 
========================================================================
Received Import Request.
  Time since last request: 0.000345 seconds.
  path: Assets/Poly Halloween/gravestone-old-cross.prefab
  artifactKey: Guid(802993c0a67c1474a8e45bec6ae1a495) Importer(815301076,1909f56bfc062723c751e8b465ee728b)
Start importing Assets/Poly Halloween/gravestone-old-cross.prefab using Guid(802993c0a67c1474a8e45bec6ae1a495) Importer(815301076,1909f56bfc062723c751e8b465ee728b)  -> (artifact id: '721ef8c5fe610e97330cd89f311b4beb') in 0.050979 seconds 
========================================================================
Received Import Request.
  Time since last request: 0.000023 seconds.
  path: Assets/Poly Halloween/lollipop-flat-b.prefab
  artifactKey: Guid(b5926654dfa9b1542863022636efddcc) Importer(815301076,1909f56bfc062723c751e8b465ee728b)
Start importing Assets/Poly Halloween/lollipop-flat-b.prefab using Guid(b5926654dfa9b1542863022636efddcc) Importer(815301076,1909f56bfc062723c751e8b465ee728b)  -> (artifact id: '886b3322468c3bf5ce4301c9229bd7a2') in 0.061002 seconds 
========================================================================
Received Import Request.
  Time since last request: 0.000075 seconds.
  path: Assets/Poly Halloween/hole-graveyard.prefab
  artifactKey: Guid(681d246977554b146b68ac0bc80c5289) Importer(815301076,1909f56bfc062723c751e8b465ee728b)
Start importing Assets/Poly Halloween/hole-graveyard.prefab using Guid(681d246977554b146b68ac0bc80c5289) Importer(815301076,1909f56bfc062723c751e8b465ee728b)  -> (artifact id: '02ee22d90b5f5b4b190749605fd3e089') in 0.036881 seconds 
========================================================================
Received Import Request.
  Time since last request: 0.000029 seconds.
  path: Assets/Poly Halloween/lanterns-on-string-5m.prefab
  artifactKey: Guid(995e3c8df9e740948b260bfa99b6c405) Importer(815301076,1909f56bfc062723c751e8b465ee728b)
Start importing Assets/Poly Halloween/lanterns-on-string-5m.prefab using Guid(995e3c8df9e740948b260bfa99b6c405) Importer(815301076,1909f56bfc062723c751e8b465ee728b)  -> (artifact id: 'bfa7cf9f45c103a4ff948ad3aff936e5') in 0.041378 seconds 
========================================================================
Received Import Request.
  Time since last request: 0.724490 seconds.
  path: Assets/Poly Halloween/string-of-flags-2m.prefab
  artifactKey: Guid(cf1c900a9c6297b4bab69c67eea65093) Importer(815301076,1909f56bfc062723c751e8b465ee728b)
Start importing Assets/Poly Halloween/string-of-flags-2m.prefab using Guid(cf1c900a9c6297b4bab69c67eea65093) Importer(815301076,1909f56bfc062723c751e8b465ee728b)  -> (artifact id: 'e196ad371c861532016010b15219dd48') in 0.032391 seconds 
========================================================================
Received Import Request.
  Time since last request: 0.000025 seconds.
  path: Assets/Poly Halloween/wall-graveyard-3m.prefab
  artifactKey: Guid(cec545ae7bcbbd64fa91a5e881fef7d0) Importer(815301076,1909f56bfc062723c751e8b465ee728b)
Start importing Assets/Poly Halloween/wall-graveyard-3m.prefab using Guid(cec545ae7bcbbd64fa91a5e881fef7d0) Importer(815301076,1909f56bfc062723c751e8b465ee728b)  -> (artifact id: 'af580758aef6e871c238ccbf8cf7975e') in 0.039403 seconds 
========================================================================
Received Import Request.
  Time since last request: 0.000037 seconds.
  path: Assets/Poly Halloween/tree-scary-dead.prefab
  artifactKey: Guid(0c2f1fb509b67014bbd7626f123123d4) Importer(815301076,1909f56bfc062723c751e8b465ee728b)
Start importing Assets/Poly Halloween/tree-scary-dead.prefab using Guid(0c2f1fb509b67014bbd7626f123123d4) Importer(815301076,1909f56bfc062723c751e8b465ee728b)  -> (artifact id: 'c5f07650fe73c03c18041dcb4864d6d1') in 0.025221 seconds 
========================================================================
Received Import Request.
  Time since last request: 0.003055 seconds.
  path: Assets/Poly Halloween/wall-graveyard-pillar.prefab
  artifactKey: Guid(0d2a77e2f136c52429667f8afd9c8201) Importer(815301076,1909f56bfc062723c751e8b465ee728b)
Start importing Assets/Poly Halloween/wall-graveyard-pillar.prefab using Guid(0d2a77e2f136c52429667f8afd9c8201) Importer(815301076,1909f56bfc062723c751e8b465ee728b)  -> (artifact id: '5603a7bf88bf9741d88212f037bb7d59') in 0.023365 seconds 
Editor requested this worker to shutdown with reason: Scaling down because of idle timeout
AssetImportWorker is now disconnected from the server
Process exiting
Exiting without the bug reporter. Application will terminate with return code 0