Using pre-set license
Built from '2021.3/staging' branch; Version is '2021.3.4f1 (cb45f9cae8b7) revision 13321721'; Using compiler version '192829333'; Build Type 'Release'
OS: 'Windows 10  (10.0.19045) 64bit Core' Language: 'pl' Physical Memory: 16304 MB
BatchMode: 1, IsHumanControllingUs: 0, StartBugReporterOnCrash: 0, Is64bit: 1, IsPro: 1

COMMAND LINE ARGUMENTS:
F:\Unity\2021.3.4f1\Editor\Unity.exe
-adb2
-batchMode
-noUpm
-name
AssetImportWorker13
-projectPath
D:/Github/VR-projekt/VR projekt
-logFile
Logs/AssetImportWorker13.log
-srvPort
49474
Successfully changed project path to: D:/Github/VR-projekt/VR projekt
D:/Github/VR-projekt/VR projekt
[UnityMemory] Configuration Parameters - Can be set up in boot.config
    "memorysetup-bucket-allocator-granularity=16"
    "memorysetup-bucket-allocator-bucket-count=8"
    "memorysetup-bucket-allocator-block-size=33554432"
    "memorysetup-bucket-allocator-block-count=8"
    "memorysetup-main-allocator-block-size=16777216"
    "memorysetup-thread-allocator-block-size=16777216"
    "memorysetup-gfx-main-allocator-block-size=16777216"
    "memorysetup-gfx-thread-allocator-block-size=16777216"
    "memorysetup-cache-allocator-block-size=4194304"
    "memorysetup-typetree-allocator-block-size=2097152"
    "memorysetup-profiler-bucket-allocator-granularity=16"
    "memorysetup-profiler-bucket-allocator-bucket-count=8"
    "memorysetup-profiler-bucket-allocator-block-size=33554432"
    "memorysetup-profiler-bucket-allocator-block-count=8"
    "memorysetup-profiler-allocator-block-size=16777216"
    "memorysetup-profiler-editor-allocator-block-size=1048576"
    "memorysetup-temp-allocator-size-main=16777216"
    "memorysetup-job-temp-allocator-block-size=2097152"
    "memorysetup-job-temp-allocator-block-size-background=1048576"
    "memorysetup-job-temp-allocator-reduction-small-platforms=262144"
    "memorysetup-temp-allocator-size-background-worker=32768"
    "memorysetup-temp-allocator-size-job-worker=262144"
    "memorysetup-temp-allocator-size-preload-manager=33554432"
    "memorysetup-temp-allocator-size-nav-mesh-worker=65536"
    "memorysetup-temp-allocator-size-audio-worker=65536"
    "memorysetup-temp-allocator-size-cloud-worker=32768"
    "memorysetup-temp-allocator-size-gi-baking-worker=262144"
    "memorysetup-temp-allocator-size-gfx=262144"
Refreshing native plugins compatible for Editor in 230.54 ms, found 3 plugins.
Preloading 0 native plugins for Editor in 0.00 ms.
Initialize engine version: 2021.3.4f1 (cb45f9cae8b7)
[Subsystems] Discovering subsystems at path F:/Unity/2021.3.4f1/Editor/Data/Resources/UnitySubsystems
[Subsystems] Discovering subsystems at path D:/Github/VR-projekt/VR projekt/Assets
GfxDevice: creating device client; threaded=0; jobified=0
Direct3D:
    Version:  Direct3D 11.0 [level 11.1]
    Renderer: NVIDIA GeForce GTX 1650 (ID=0x1f91)
    Vendor:   NVIDIA
    VRAM:     3949 MB
    Driver:   31.0.15.2824
Initialize mono
Mono path[0] = 'F:/Unity/2021.3.4f1/Editor/Data/Managed'
Mono path[1] = 'F:/Unity/2021.3.4f1/Editor/Data/MonoBleedingEdge/lib/mono/unityjit-win32'
Mono config path = 'F:/Unity/2021.3.4f1/Editor/Data/MonoBleedingEdge/etc'
Using monoOptions --debugger-agent=transport=dt_socket,embedding=1,server=y,suspend=n,address=127.0.0.1:56768
Begin MonoManager ReloadAssembly
Registering precompiled unity dll's ...
Register platform support module: F:/Unity/2021.3.4f1/Editor/Data/PlaybackEngines/WebGLSupport/UnityEditor.WebGL.Extensions.dll
Register platform support module: F:/Unity/2021.3.4f1/Editor/Data/PlaybackEngines/WindowsStandaloneSupport/UnityEditor.WindowsStandalone.Extensions.dll
Registered in 0.010409 seconds.
Native extension for WindowsStandalone target not found
Native extension for WebGL target not found
Refreshing native plugins compatible for Editor in 172.24 ms, found 3 plugins.
Preloading 0 native plugins for Editor in 0.00 ms.
Mono: successfully reloaded assembly
- Completed reload, in  1.167 seconds
Domain Reload Profiling:
	ReloadAssembly (1168ms)
		BeginReloadAssembly (146ms)
			ExecutionOrderSort (0ms)
			DisableScriptedObjects (0ms)
			BackupInstance (0ms)
			ReleaseScriptingObjects (0ms)
			CreateAndSetChildDomain (1ms)
		EndReloadAssembly (823ms)
			LoadAssemblies (141ms)
			RebuildTransferFunctionScriptingTraits (0ms)
			SetupTypeCache (177ms)
			ReleaseScriptCaches (0ms)
			RebuildScriptCaches (50ms)
			SetupLoadedEditorAssemblies (510ms)
				LogAssemblyErrors (0ms)
				InitializePlatformSupportModulesInManaged (13ms)
				SetLoadedEditorAssemblies (2ms)
				RefreshPlugins (172ms)
				BeforeProcessingInitializeOnLoad (1ms)
				ProcessInitializeOnLoadAttributes (243ms)
				ProcessInitializeOnLoadMethodAttributes (78ms)
				AfterProcessingInitializeOnLoad (0ms)
				EditorAssembliesLoaded (0ms)
			ExecutionOrderSort2 (0ms)
			AwakeInstancesAfterBackupRestoration (0ms)
Platform modules already initialized, skipping
Registering precompiled user dll's ...
Registered in 0.007169 seconds.
Begin MonoManager ReloadAssembly
Native extension for WindowsStandalone target not found
Native extension for WebGL target not found
Refreshing native plugins compatible for Editor in 135.62 ms, found 3 plugins.
Preloading 0 native plugins for Editor in 0.00 ms.
Mono: successfully reloaded assembly
- Completed reload, in  2.830 seconds
Domain Reload Profiling:
	ReloadAssembly (2831ms)
		BeginReloadAssembly (301ms)
			ExecutionOrderSort (0ms)
			DisableScriptedObjects (19ms)
			BackupInstance (0ms)
			ReleaseScriptingObjects (0ms)
			CreateAndSetChildDomain (39ms)
		EndReloadAssembly (2216ms)
			LoadAssemblies (220ms)
			RebuildTransferFunctionScriptingTraits (0ms)
			SetupTypeCache (753ms)
			ReleaseScriptCaches (1ms)
			RebuildScriptCaches (115ms)
			SetupLoadedEditorAssemblies (1090ms)
				LogAssemblyErrors (0ms)
				InitializePlatformSupportModulesInManaged (10ms)
				SetLoadedEditorAssemblies (0ms)
				RefreshPlugins (136ms)
				BeforeProcessingInitializeOnLoad (132ms)
				ProcessInitializeOnLoadAttributes (736ms)
				ProcessInitializeOnLoadMethodAttributes (63ms)
				AfterProcessingInitializeOnLoad (13ms)
				EditorAssembliesLoaded (0ms)
			ExecutionOrderSort2 (0ms)
			AwakeInstancesAfterBackupRestoration (8ms)
Platform modules already initialized, skipping
========================================================================
Worker process is ready to serve import requests
Launched and connected shader compiler UnityShaderCompiler.exe after 0.09 seconds
Refreshing native plugins compatible for Editor in 1.93 ms, found 3 plugins.
Preloading 0 native plugins for Editor in 0.00 ms.
Unloading 3862 Unused Serialized files (Serialized files now loaded: 0)
Unloading 42 unused Assets / (130.0 KB). Loaded Objects now: 4347.
Memory consumption went from 157.4 MB to 157.3 MB.
Total: 7.618200 ms (FindLiveObjects: 0.464500 ms CreateObjectMapping: 0.315900 ms MarkObjects: 6.665500 ms  DeleteObjects: 0.171000 ms)

AssetImportParameters requested are different than current active one (requested -> active):
  custom:video-decoder-ogg-theora: a1e56fd34408186e4bbccfd4996cb3dc -> 
  custom:container-muxer-webm: aa71ff27fc2769a1b78a27578f13a17b -> 
  custom:container-demuxer-webm: 4f35f7cbe854078d1ac9338744f61a02 -> 
  custom:video-encoder-webm-vp8: eb34c28f22e8b96e1ab97ce403110664 -> 
  custom:audio-encoder-webm-vorbis: bf7c407c2cedff20999df2af8eb42d56 -> 
  custom:framework-win-MediaFoundation: 216162199b28c13a410421893ffa2e32 -> 
  custom:container-demuxer-ogg: 62fdf1f143b41e24485cea50d1cbac27 -> 
  custom:video-decoder-webm-vp8: 9c59270c3fd7afecdb556c50c9e8de78 -> 
  custom:audio-decoder-ogg-vorbis: bf7c407c2cedff20999df2af8eb42d56 -> 
========================================================================
Received Import Request.
  Time since last request: 57946.531926 seconds.
  path: Assets/Fence Pack/Fence Type2 03.prefab
  artifactKey: Guid(ab5e0beb1c36778479983f28b65d97dd) Importer(815301076,1909f56bfc062723c751e8b465ee728b)
Start importing Assets/Fence Pack/Fence Type2 03.prefab using Guid(ab5e0beb1c36778479983f28b65d97dd) Importer(815301076,1909f56bfc062723c751e8b465ee728b)  -> (artifact id: '956d6e3671215fc5a6c4cea4f365bfbe') in 0.428335 seconds 
========================================================================
Received Import Request.
  Time since last request: 3.508476 seconds.
  path: Assets/GraveyardProps/GraveCircleStump_2.prefab
  artifactKey: Guid(54b93a659cabcb14780100955513aa03) Importer(815301076,1909f56bfc062723c751e8b465ee728b)
Start importing Assets/GraveyardProps/GraveCircleStump_2.prefab using Guid(54b93a659cabcb14780100955513aa03) Importer(815301076,1909f56bfc062723c751e8b465ee728b)  -> (artifact id: '2697676655b5b32098223b9d822355e9') in 0.091357 seconds 
========================================================================
Received Import Request.
  Time since last request: 0.000031 seconds.
  path: Assets/GraveyardProps/GraveType6_Damaged_2.prefab
  artifactKey: Guid(f9d5c022e8d8aad459867550d3734317) Importer(815301076,1909f56bfc062723c751e8b465ee728b)
Start importing Assets/GraveyardProps/GraveType6_Damaged_2.prefab using Guid(f9d5c022e8d8aad459867550d3734317) Importer(815301076,1909f56bfc062723c751e8b465ee728b)  -> (artifact id: 'b73f77cfbbd3d365a3994bf7ff4b69e6') in 0.045310 seconds 
========================================================================
Received Import Request.
  Time since last request: 0.000027 seconds.
  path: Assets/GraveyardProps/TombDamaged_2.prefab
  artifactKey: Guid(0497ecf3129a58747b80eb599078b4ca) Importer(815301076,1909f56bfc062723c751e8b465ee728b)
Start importing Assets/GraveyardProps/TombDamaged_2.prefab using Guid(0497ecf3129a58747b80eb599078b4ca) Importer(815301076,1909f56bfc062723c751e8b465ee728b)  -> (artifact id: 'e7163ed62f25bd709b989b8d25000774') in 0.025561 seconds 
========================================================================
Received Import Request.
  Time since last request: 0.000029 seconds.
  path: Assets/GraveyardProps/TombstoneType2_Plain_2.prefab
  artifactKey: Guid(f1e44444c84987542bd5cbb4469b373b) Importer(815301076,1909f56bfc062723c751e8b465ee728b)
Start importing Assets/GraveyardProps/TombstoneType2_Plain_2.prefab using Guid(f1e44444c84987542bd5cbb4469b373b) Importer(815301076,1909f56bfc062723c751e8b465ee728b)  -> (artifact id: '520036ad288cc024714ab33d6e432809') in 0.032113 seconds 
========================================================================
Received Import Request.
  Time since last request: 0.000046 seconds.
  path: Assets/GraveyardProps/GraveType4_Damaged_2.prefab
  artifactKey: Guid(1ed3879c7a97b3f4facf5a6e68fc5065) Importer(815301076,1909f56bfc062723c751e8b465ee728b)
Start importing Assets/GraveyardProps/GraveType4_Damaged_2.prefab using Guid(1ed3879c7a97b3f4facf5a6e68fc5065) Importer(815301076,1909f56bfc062723c751e8b465ee728b)  -> (artifact id: 'b8d48958e4f3fc553a4ec899ce5212bf') in 0.023425 seconds 
========================================================================
Received Import Request.
  Time since last request: 7.458289 seconds.
  path: Assets/Halloween Fantasy Pack/HLW_Candy_BLE_5.prefab
  artifactKey: Guid(fdb8292565547794495491f95ab8d367) Importer(815301076,1909f56bfc062723c751e8b465ee728b)
Start importing Assets/Halloween Fantasy Pack/HLW_Candy_BLE_5.prefab using Guid(fdb8292565547794495491f95ab8d367) Importer(815301076,1909f56bfc062723c751e8b465ee728b)  -> (artifact id: '7814851306e9a1e3a0c745ece4cd6aad') in 0.079255 seconds 
========================================================================
Received Import Request.
  Time since last request: 0.000034 seconds.
  path: Assets/Halloween Fantasy Pack/HLW_JackoLanter_9.prefab
  artifactKey: Guid(4dce3c077e6681847b6c5efc9249beaf) Importer(815301076,1909f56bfc062723c751e8b465ee728b)
Start importing Assets/Halloween Fantasy Pack/HLW_JackoLanter_9.prefab using Guid(4dce3c077e6681847b6c5efc9249beaf) Importer(815301076,1909f56bfc062723c751e8b465ee728b)  -> (artifact id: '1dc62f12f0959867bd682b03c32dc3c9') in 0.058253 seconds 
========================================================================
Received Import Request.
  Time since last request: 0.000034 seconds.
  path: Assets/Halloween Fantasy Pack/HLW_Candy_PNK_3.prefab
  artifactKey: Guid(f03eb935549c7ca4898a3dee166843cd) Importer(815301076,1909f56bfc062723c751e8b465ee728b)
Start importing Assets/Halloween Fantasy Pack/HLW_Candy_PNK_3.prefab using Guid(f03eb935549c7ca4898a3dee166843cd) Importer(815301076,1909f56bfc062723c751e8b465ee728b)  -> (artifact id: 'c5aa6a10ea0e3cb4c68679ded455962f') in 0.037251 seconds 
========================================================================
Received Import Request.
  Time since last request: 0.000033 seconds.
  path: Assets/Halloween Fantasy Pack/HLW_Candy_YLW_1.prefab
  artifactKey: Guid(0b84cd20abc04634eb0b767f98602f11) Importer(815301076,1909f56bfc062723c751e8b465ee728b)
Start importing Assets/Halloween Fantasy Pack/HLW_Candy_YLW_1.prefab using Guid(0b84cd20abc04634eb0b767f98602f11) Importer(815301076,1909f56bfc062723c751e8b465ee728b)  -> (artifact id: '93b291ea4d648cf6f5d26e0261bdda7a') in 0.048448 seconds 
========================================================================
Received Import Request.
  Time since last request: 0.000682 seconds.
  path: Assets/Halloween Fantasy Pack/HLW_JackoLanter_7.prefab
  artifactKey: Guid(c0537cffad944874b9f3457dece75b36) Importer(815301076,1909f56bfc062723c751e8b465ee728b)
Start importing Assets/Halloween Fantasy Pack/HLW_JackoLanter_7.prefab using Guid(c0537cffad944874b9f3457dece75b36) Importer(815301076,1909f56bfc062723c751e8b465ee728b)  -> (artifact id: 'b31aaedc12b8d062f1db9931caff28f8') in 0.025213 seconds 
========================================================================
Received Import Request.
  Time since last request: 0.011284 seconds.
  path: Assets/Halloween Fantasy Pack/HLW_Candy_RD_3.prefab
  artifactKey: Guid(16b33f8e54e1ffb48a50f3fd14b26b9c) Importer(815301076,1909f56bfc062723c751e8b465ee728b)
Start importing Assets/Halloween Fantasy Pack/HLW_Candy_RD_3.prefab using Guid(16b33f8e54e1ffb48a50f3fd14b26b9c) Importer(815301076,1909f56bfc062723c751e8b465ee728b)  -> (artifact id: '68fca977ce500d6ea61f19a20154925d') in 0.024405 seconds 
========================================================================
Received Import Request.
  Time since last request: 0.000162 seconds.
  path: Assets/Halloween Fantasy Pack/HLW_CandyBasket_4.prefab
  artifactKey: Guid(32308f8d2b5bb8d4a89a8fa10bce456a) Importer(815301076,1909f56bfc062723c751e8b465ee728b)
Start importing Assets/Halloween Fantasy Pack/HLW_CandyBasket_4.prefab using Guid(32308f8d2b5bb8d4a89a8fa10bce456a) Importer(815301076,1909f56bfc062723c751e8b465ee728b)  -> (artifact id: '2819fc946b83c60837f9edd67f8b01b4') in 0.043481 seconds 
========================================================================
Received Import Request.
  Time since last request: 0.685195 seconds.
  path: Assets/Halloween Fantasy Pack/HLW_Skull_2.prefab
  artifactKey: Guid(26145655c3d80924e8e380b08960c87a) Importer(815301076,1909f56bfc062723c751e8b465ee728b)
Start importing Assets/Halloween Fantasy Pack/HLW_Skull_2.prefab using Guid(26145655c3d80924e8e380b08960c87a) Importer(815301076,1909f56bfc062723c751e8b465ee728b)  -> (artifact id: 'e95491827f6d6c17115759df146e690d') in 0.045335 seconds 
========================================================================
Received Import Request.
  Time since last request: 3.140801 seconds.
  path: Assets/Halloween_Pack/Lamp_01 1.prefab
  artifactKey: Guid(4ed08f30ae29b264baa19639329ae393) Importer(815301076,1909f56bfc062723c751e8b465ee728b)
Start importing Assets/Halloween_Pack/Lamp_01 1.prefab using Guid(4ed08f30ae29b264baa19639329ae393) Importer(815301076,1909f56bfc062723c751e8b465ee728b)  -> (artifact id: '542aafe742ec2813b45b146b643ebfad') in 0.039448 seconds 
Editor requested this worker to shutdown with reason: Scaling down because of idle timeout
AssetImportWorker is now disconnected from the server
Process exiting
Exiting without the bug reporter. Application will terminate with return code 0