Using pre-set license
Built from '2021.3/staging' branch; Version is '2021.3.15f1 (e8e88683f834) revision 15263878'; Using compiler version '192829333'; Build Type 'Release'
OS: 'Windows 10  (10.0.19045) 64bit Core' Language: 'pl' Physical Memory: 16304 MB
BatchMode: 1, IsHumanControllingUs: 0, StartBugReporterOnCrash: 0, Is64bit: 1, IsPro: 1

COMMAND LINE ARGUMENTS:
F:\Unity\2021.3.15f1\Editor\Unity.exe
-adb2
-batchMode
-noUpm
-name
AssetImportWorker45
-projectPath
F:/Github/VR-projekt/VR projekt
-logFile
Logs/AssetImportWorker45.log
-srvPort
52652
Successfully changed project path to: F:/Github/VR-projekt/VR projekt
F:/Github/VR-projekt/VR projekt
[UnityMemory] Configuration Parameters - Can be set up in boot.config
    "memorysetup-bucket-allocator-granularity=16"
    "memorysetup-bucket-allocator-bucket-count=8"
    "memorysetup-bucket-allocator-block-size=33554432"
    "memorysetup-bucket-allocator-block-count=8"
    "memorysetup-main-allocator-block-size=16777216"
    "memorysetup-thread-allocator-block-size=16777216"
    "memorysetup-gfx-main-allocator-block-size=16777216"
    "memorysetup-gfx-thread-allocator-block-size=16777216"
    "memorysetup-cache-allocator-block-size=4194304"
    "memorysetup-typetree-allocator-block-size=2097152"
    "memorysetup-profiler-bucket-allocator-granularity=16"
    "memorysetup-profiler-bucket-allocator-bucket-count=8"
    "memorysetup-profiler-bucket-allocator-block-size=33554432"
    "memorysetup-profiler-bucket-allocator-block-count=8"
    "memorysetup-profiler-allocator-block-size=16777216"
    "memorysetup-profiler-editor-allocator-block-size=1048576"
    "memorysetup-temp-allocator-size-main=16777216"
    "memorysetup-job-temp-allocator-block-size=2097152"
    "memorysetup-job-temp-allocator-block-size-background=1048576"
    "memorysetup-job-temp-allocator-reduction-small-platforms=262144"
    "memorysetup-temp-allocator-size-background-worker=32768"
    "memorysetup-temp-allocator-size-job-worker=262144"
    "memorysetup-temp-allocator-size-preload-manager=33554432"
    "memorysetup-temp-allocator-size-nav-mesh-worker=65536"
    "memorysetup-temp-allocator-size-audio-worker=65536"
    "memorysetup-temp-allocator-size-cloud-worker=32768"
    "memorysetup-temp-allocator-size-gi-baking-worker=262144"
    "memorysetup-temp-allocator-size-gfx=262144"
Player connection [22572] Host "[IP] 192.168.0.11 [Port] 0 [Flags] 2 [Guid] 3927382466 [EditorId] 3927382466 [Version] 1048832 [Id] WindowsEditor(7,DESKTOP-MN4RVAM) [Debug] 1 [PackageName] WindowsEditor [ProjectName] Editor" joined multi-casting on [225.0.0.222:54997]...

Player connection [22572] Host "[IP] 192.168.0.11 [Port] 0 [Flags] 2 [Guid] 3927382466 [EditorId] 3927382466 [Version] 1048832 [Id] WindowsEditor(7,DESKTOP-MN4RVAM) [Debug] 1 [PackageName] WindowsEditor [ProjectName] Editor" joined alternative multi-casting on [225.0.0.222:34997]...

Refreshing native plugins compatible for Editor in 233.98 ms, found 3 plugins.
Preloading 0 native plugins for Editor in 0.00 ms.
Initialize engine version: 2021.3.15f1 (e8e88683f834)
[Subsystems] Discovering subsystems at path F:/Unity/2021.3.15f1/Editor/Data/Resources/UnitySubsystems
[Subsystems] Discovering subsystems at path F:/Github/VR-projekt/VR projekt/Assets
GfxDevice: creating device client; threaded=0; jobified=0
Direct3D:
    Version:  Direct3D 11.0 [level 11.1]
    Renderer: NVIDIA GeForce GTX 1650 (ID=0x1f91)
    Vendor:   NVIDIA
    VRAM:     3949 MB
    Driver:   31.0.15.2824
Initialize mono
Mono path[0] = 'F:/Unity/2021.3.15f1/Editor/Data/Managed'
Mono path[1] = 'F:/Unity/2021.3.15f1/Editor/Data/MonoBleedingEdge/lib/mono/unityjit-win32'
Mono config path = 'F:/Unity/2021.3.15f1/Editor/Data/MonoBleedingEdge/etc'
Using monoOptions --debugger-agent=transport=dt_socket,embedding=1,server=y,suspend=n,address=127.0.0.1:56660
Begin MonoManager ReloadAssembly
Registering precompiled unity dll's ...
Register platform support module: F:/Unity/2021.3.15f1/Editor/Data/PlaybackEngines/WindowsStandaloneSupport/UnityEditor.WindowsStandalone.Extensions.dll
Registered in 0.009371 seconds.
Native extension for WindowsStandalone target not found
Refreshing native plugins compatible for Editor in 165.49 ms, found 3 plugins.
Preloading 0 native plugins for Editor in 0.00 ms.
Mono: successfully reloaded assembly
- Completed reload, in  1.150 seconds
Domain Reload Profiling:
	ReloadAssembly (1151ms)
		BeginReloadAssembly (128ms)
			ExecutionOrderSort (0ms)
			DisableScriptedObjects (0ms)
			BackupInstance (0ms)
			ReleaseScriptingObjects (0ms)
			CreateAndSetChildDomain (1ms)
		EndReloadAssembly (812ms)
			LoadAssemblies (123ms)
			RebuildTransferFunctionScriptingTraits (0ms)
			SetupTypeCache (184ms)
			ReleaseScriptCaches (0ms)
			RebuildScriptCaches (50ms)
			SetupLoadedEditorAssemblies (491ms)
				LogAssemblyErrors (0ms)
				InitializePlatformSupportModulesInManaged (13ms)
				SetLoadedEditorAssemblies (0ms)
				RefreshPlugins (166ms)
				BeforeProcessingInitializeOnLoad (2ms)
				ProcessInitializeOnLoadAttributes (231ms)
				ProcessInitializeOnLoadMethodAttributes (79ms)
				AfterProcessingInitializeOnLoad (0ms)
				EditorAssembliesLoaded (0ms)
			ExecutionOrderSort2 (0ms)
			AwakeInstancesAfterBackupRestoration (0ms)
Platform modules already initialized, skipping
Registering precompiled user dll's ...
Registered in 0.014518 seconds.
Begin MonoManager ReloadAssembly
Symbol file LoadedFromMemory doesn't match image F:\Github\VR-projekt\VR projekt\Library\PackageCache\com.unity.visualscripting@1.7.8\Editor\VisualScripting.Core\Dependencies\YamlDotNet\Unity.VisualScripting.YamlDotNet.dll
Symbol file LoadedFromMemory doesn't match image F:\Github\VR-projekt\VR projekt\Library\PackageCache\com.unity.visualscripting@1.7.8\Editor\VisualScripting.Core\Dependencies\DotNetZip\Unity.VisualScripting.IonicZip.dll
Native extension for WindowsStandalone target not found
Refreshing native plugins compatible for Editor in 149.14 ms, found 3 plugins.
Preloading 0 native plugins for Editor in 0.00 ms.
Mono: successfully reloaded assembly
- Completed reload, in  2.506 seconds
Domain Reload Profiling:
	ReloadAssembly (2507ms)
		BeginReloadAssembly (209ms)
			ExecutionOrderSort (0ms)
			DisableScriptedObjects (10ms)
			BackupInstance (0ms)
			ReleaseScriptingObjects (0ms)
			CreateAndSetChildDomain (31ms)
		EndReloadAssembly (2070ms)
			LoadAssemblies (154ms)
			RebuildTransferFunctionScriptingTraits (0ms)
			SetupTypeCache (568ms)
			ReleaseScriptCaches (1ms)
			RebuildScriptCaches (96ms)
			SetupLoadedEditorAssemblies (1192ms)
				LogAssemblyErrors (0ms)
				InitializePlatformSupportModulesInManaged (6ms)
				SetLoadedEditorAssemblies (0ms)
				RefreshPlugins (149ms)
				BeforeProcessingInitializeOnLoad (160ms)
				ProcessInitializeOnLoadAttributes (817ms)
				ProcessInitializeOnLoadMethodAttributes (45ms)
				AfterProcessingInitializeOnLoad (14ms)
				EditorAssembliesLoaded (0ms)
			ExecutionOrderSort2 (0ms)
			AwakeInstancesAfterBackupRestoration (11ms)
Platform modules already initialized, skipping
========================================================================
Worker process is ready to serve import requests
Launched and connected shader compiler UnityShaderCompiler.exe after 0.08 seconds
Refreshing native plugins compatible for Editor in 1.34 ms, found 3 plugins.
Preloading 0 native plugins for Editor in 0.00 ms.
Unloading 3883 Unused Serialized files (Serialized files now loaded: 0)
Unloading 44 unused Assets / (185.4 KB). Loaded Objects now: 4360.
Memory consumption went from 152.2 MB to 152.0 MB.
Total: 7.837900 ms (FindLiveObjects: 0.425900 ms CreateObjectMapping: 0.329000 ms MarkObjects: 6.874900 ms  DeleteObjects: 0.206600 ms)

AssetImportParameters requested are different than current active one (requested -> active):
  custom:video-decoder-ogg-theora: a1e56fd34408186e4bbccfd4996cb3dc -> 
  custom:container-muxer-webm: aa71ff27fc2769a1b78a27578f13a17b -> 
  custom:container-demuxer-webm: 4f35f7cbe854078d1ac9338744f61a02 -> 
  custom:video-encoder-webm-vp8: eb34c28f22e8b96e1ab97ce403110664 -> 
  custom:audio-encoder-webm-vorbis: bf7c407c2cedff20999df2af8eb42d56 -> 
  custom:framework-win-MediaFoundation: 216162199b28c13a410421893ffa2e32 -> 
  custom:container-demuxer-ogg: 62fdf1f143b41e24485cea50d1cbac27 -> 
  custom:video-decoder-webm-vp8: 9c59270c3fd7afecdb556c50c9e8de78 -> 
  custom:audio-decoder-ogg-vorbis: bf7c407c2cedff20999df2af8eb42d56 -> 
========================================================================
Received Import Request.
  Time since last request: 14328.323958 seconds.
  path: Assets/Rutz/World Packs
  artifactKey: Guid(a920178482e966b4f9a8a3705bf6fb45) Importer(815301076,1909f56bfc062723c751e8b465ee728b)
Start importing Assets/Rutz/World Packs using Guid(a920178482e966b4f9a8a3705bf6fb45) Importer(815301076,1909f56bfc062723c751e8b465ee728b)  -> (artifact id: 'acf7e6024fd346264495171e2efd76e1') in 0.009975 seconds 
========================================================================
Received Import Request.
  Time since last request: 15.927820 seconds.
  path: Assets/Fantasy Pack/Materials
  artifactKey: Guid(ab74663f32530df478b116eb582fec03) Importer(815301076,1909f56bfc062723c751e8b465ee728b)
Start importing Assets/Fantasy Pack/Materials using Guid(ab74663f32530df478b116eb582fec03) Importer(815301076,1909f56bfc062723c751e8b465ee728b)  -> (artifact id: '788497377737b9ff902e2ae0e94f623b') in 0.003107 seconds 
========================================================================
Received Import Request.
  Time since last request: 0.408757 seconds.
  path: Assets/Fantasy Pack/Halloween Package
  artifactKey: Guid(abc648514fe1611448f9b794aa2b8c74) Importer(815301076,1909f56bfc062723c751e8b465ee728b)
Start importing Assets/Fantasy Pack/Halloween Package using Guid(abc648514fe1611448f9b794aa2b8c74) Importer(815301076,1909f56bfc062723c751e8b465ee728b)  -> (artifact id: '90a98da5c24a30be9869f21e2cb87d13') in 0.003912 seconds 
========================================================================
Received Import Request.
  Time since last request: 1.764882 seconds.
  path: Assets/Fantasy Pack/Halloween Package/Prefabs
  artifactKey: Guid(466c75fb72954d449838dc12fcc68e02) Importer(815301076,1909f56bfc062723c751e8b465ee728b)
Start importing Assets/Fantasy Pack/Halloween Package/Prefabs using Guid(466c75fb72954d449838dc12fcc68e02) Importer(815301076,1909f56bfc062723c751e8b465ee728b)  -> (artifact id: 'ee2c2ed238721d583e45c33046267c17') in 0.003291 seconds 
========================================================================
Received Import Request.
  Time since last request: 0.070527 seconds.
  path: Assets/Fantasy Pack/Halloween Package/Prefabs/CTMSP_BrokenGrave_1.prefab
  artifactKey: Guid(12b3998279659a940b4ec20a5f21664b) Importer(815301076,1909f56bfc062723c751e8b465ee728b)
Start importing Assets/Fantasy Pack/Halloween Package/Prefabs/CTMSP_BrokenGrave_1.prefab using Guid(12b3998279659a940b4ec20a5f21664b) Importer(815301076,1909f56bfc062723c751e8b465ee728b)  -> (artifact id: 'b59c6aafce2497cce61d60967178f4a3') in 0.642481 seconds 
========================================================================
Received Import Request.
  Time since last request: 0.000028 seconds.
  path: Assets/Fantasy Pack/Halloween Package/Prefabs/HLW_Candy_YLW_6.prefab
  artifactKey: Guid(cf66e6557317f2d4490f3861b055f5f9) Importer(815301076,1909f56bfc062723c751e8b465ee728b)
Start importing Assets/Fantasy Pack/Halloween Package/Prefabs/HLW_Candy_YLW_6.prefab using Guid(cf66e6557317f2d4490f3861b055f5f9) Importer(815301076,1909f56bfc062723c751e8b465ee728b)  -> (artifact id: 'b3edc09fc79f3c92c51d05768101a2f3') in 0.029786 seconds 
========================================================================
Received Import Request.
  Time since last request: 0.000034 seconds.
  path: Assets/Fantasy Pack/Halloween Package/Prefabs/HLW_Candy_PNK_4.prefab
  artifactKey: Guid(2c3a4e72e09b08443b38eed999b03d42) Importer(815301076,1909f56bfc062723c751e8b465ee728b)
Start importing Assets/Fantasy Pack/Halloween Package/Prefabs/HLW_Candy_PNK_4.prefab using Guid(2c3a4e72e09b08443b38eed999b03d42) Importer(815301076,1909f56bfc062723c751e8b465ee728b)  -> (artifact id: 'f4a714c8991cc6bc3b6795b701052e5e') in 0.023910 seconds 
========================================================================
Received Import Request.
  Time since last request: 0.000026 seconds.
  path: Assets/Fantasy Pack/Halloween Package/Prefabs/HLW_JackoLanter_9.prefab
  artifactKey: Guid(4dce3c077e6681847b6c5efc9249beaf) Importer(815301076,1909f56bfc062723c751e8b465ee728b)
Start importing Assets/Fantasy Pack/Halloween Package/Prefabs/HLW_JackoLanter_9.prefab using Guid(4dce3c077e6681847b6c5efc9249beaf) Importer(815301076,1909f56bfc062723c751e8b465ee728b)  -> (artifact id: '3a2917f871d1a0d5cb7766133f5dbc88') in 0.311559 seconds 
========================================================================
Received Import Request.
  Time since last request: 0.000026 seconds.
  path: Assets/Fantasy Pack/Halloween Package/Prefabs/HLW_WitchHat_2.prefab
  artifactKey: Guid(97b5319947dc6c34bbfa4b6003c74f4b) Importer(815301076,1909f56bfc062723c751e8b465ee728b)
Start importing Assets/Fantasy Pack/Halloween Package/Prefabs/HLW_WitchHat_2.prefab using Guid(97b5319947dc6c34bbfa4b6003c74f4b) Importer(815301076,1909f56bfc062723c751e8b465ee728b)  -> (artifact id: '189d8e0a00ecb77e57d4bbfc5ba54f15') in 0.020732 seconds 
========================================================================
Received Import Request.
  Time since last request: 0.000041 seconds.
  path: Assets/Fantasy Pack/Halloween Package/Prefabs/HLW_JackoLanter_5.prefab
  artifactKey: Guid(8451c7551c6cc744d8f73197f9bda6a2) Importer(815301076,1909f56bfc062723c751e8b465ee728b)
Start importing Assets/Fantasy Pack/Halloween Package/Prefabs/HLW_JackoLanter_5.prefab using Guid(8451c7551c6cc744d8f73197f9bda6a2) Importer(815301076,1909f56bfc062723c751e8b465ee728b)  -> (artifact id: 'c7abb210d93ad60984895b427ffef67f') in 0.057717 seconds 
========================================================================
Received Import Request.
  Time since last request: 0.000027 seconds.
  path: Assets/Fantasy Pack/Halloween Package/Prefabs/HLW_Candy_PRP_2.prefab
  artifactKey: Guid(da7e69b165a541f44afb2239b1d45155) Importer(815301076,1909f56bfc062723c751e8b465ee728b)
Start importing Assets/Fantasy Pack/Halloween Package/Prefabs/HLW_Candy_PRP_2.prefab using Guid(da7e69b165a541f44afb2239b1d45155) Importer(815301076,1909f56bfc062723c751e8b465ee728b)  -> (artifact id: 'be2faafdb2cb232fc9ddd088446d2bb3') in 0.048110 seconds 
========================================================================
Received Import Request.
  Time since last request: 0.000024 seconds.
  path: Assets/Fantasy Pack/Halloween Package/Prefabs/HLW_Candy_YLW_3.prefab
  artifactKey: Guid(c61a58e1deb6f9e41837d82b7f7ba40e) Importer(815301076,1909f56bfc062723c751e8b465ee728b)
Start importing Assets/Fantasy Pack/Halloween Package/Prefabs/HLW_Candy_YLW_3.prefab using Guid(c61a58e1deb6f9e41837d82b7f7ba40e) Importer(815301076,1909f56bfc062723c751e8b465ee728b)  -> (artifact id: '2b3dbc17fc78c135b54962a85228d8b0') in 0.028810 seconds 
========================================================================
Received Import Request.
  Time since last request: 0.000084 seconds.
  path: Assets/Fantasy Pack/Halloween Package/Prefabs/HLW_Candy_PNK_5.prefab
  artifactKey: Guid(440d31e6b9daa22429e61d2461d18ed6) Importer(815301076,1909f56bfc062723c751e8b465ee728b)
Start importing Assets/Fantasy Pack/Halloween Package/Prefabs/HLW_Candy_PNK_5.prefab using Guid(440d31e6b9daa22429e61d2461d18ed6) Importer(815301076,1909f56bfc062723c751e8b465ee728b)  -> (artifact id: '4e64c7c16bd7f4c1fe4b4f4e30d7607d') in 0.021220 seconds 
========================================================================
Received Import Request.
  Time since last request: 0.000037 seconds.
  path: Assets/Fantasy Pack/Halloween Package/Prefabs/HLW_Candy_GRN_4.prefab
  artifactKey: Guid(62844579dc99e314daad72aec9c217e4) Importer(815301076,1909f56bfc062723c751e8b465ee728b)
Start importing Assets/Fantasy Pack/Halloween Package/Prefabs/HLW_Candy_GRN_4.prefab using Guid(62844579dc99e314daad72aec9c217e4) Importer(815301076,1909f56bfc062723c751e8b465ee728b)  -> (artifact id: '2055322ada1bd5e7d66c6ce527782c4b') in 0.022954 seconds 
========================================================================
Received Import Request.
  Time since last request: 0.000041 seconds.
  path: Assets/Fantasy Pack/Halloween Package/Prefabs/HLW_Candy_PNK_1.prefab
  artifactKey: Guid(10a12341d950dcb45a662b99d1f91ee1) Importer(815301076,1909f56bfc062723c751e8b465ee728b)
Start importing Assets/Fantasy Pack/Halloween Package/Prefabs/HLW_Candy_PNK_1.prefab using Guid(10a12341d950dcb45a662b99d1f91ee1) Importer(815301076,1909f56bfc062723c751e8b465ee728b)  -> (artifact id: '2fc8978b783f77d8ac9e99ee8efc0d1e') in 0.025344 seconds 
========================================================================
Received Import Request.
  Time since last request: 0.000059 seconds.
  path: Assets/Fantasy Pack/Halloween Package/Prefabs/HLW_Candy_PRP_1.prefab
  artifactKey: Guid(a35de6ddc9f21e2499dd8148435baead) Importer(815301076,1909f56bfc062723c751e8b465ee728b)
Start importing Assets/Fantasy Pack/Halloween Package/Prefabs/HLW_Candy_PRP_1.prefab using Guid(a35de6ddc9f21e2499dd8148435baead) Importer(815301076,1909f56bfc062723c751e8b465ee728b)  -> (artifact id: '587bb0032ca005bc19d4ce093d1b315d') in 0.022253 seconds 
========================================================================
Received Import Request.
  Time since last request: 0.000029 seconds.
  path: Assets/Fantasy Pack/Halloween Package/Prefabs/CTMSP_BrokenGrave_6.prefab
  artifactKey: Guid(29a5ff9e1a326614382ab23de1245528) Importer(815301076,1909f56bfc062723c751e8b465ee728b)
Start importing Assets/Fantasy Pack/Halloween Package/Prefabs/CTMSP_BrokenGrave_6.prefab using Guid(29a5ff9e1a326614382ab23de1245528) Importer(815301076,1909f56bfc062723c751e8b465ee728b)  -> (artifact id: 'dfb7b7d12e56d565073cbe3f6bfa8a00') in 0.020806 seconds 
========================================================================
Received Import Request.
  Time since last request: 0.000034 seconds.
  path: Assets/Fantasy Pack/Halloween Package/Prefabs/HLW_Candy_GRN_5.prefab
  artifactKey: Guid(8cbb736107631614f8f90f5b5d253907) Importer(815301076,1909f56bfc062723c751e8b465ee728b)
Start importing Assets/Fantasy Pack/Halloween Package/Prefabs/HLW_Candy_GRN_5.prefab using Guid(8cbb736107631614f8f90f5b5d253907) Importer(815301076,1909f56bfc062723c751e8b465ee728b)  -> (artifact id: '1cd0f824347e12db8546acaf680f7767') in 0.018951 seconds 
========================================================================
Received Import Request.
  Time since last request: 0.000027 seconds.
  path: Assets/Fantasy Pack/Halloween Package/Prefabs/HLW_JackoLanter_11.prefab
  artifactKey: Guid(aeb63e93df2721e438cc4b24c453dec1) Importer(815301076,1909f56bfc062723c751e8b465ee728b)
Start importing Assets/Fantasy Pack/Halloween Package/Prefabs/HLW_JackoLanter_11.prefab using Guid(aeb63e93df2721e438cc4b24c453dec1) Importer(815301076,1909f56bfc062723c751e8b465ee728b)  -> (artifact id: '4e80cd0aded5a259a622573840d45847') in 0.022730 seconds 
========================================================================
Received Import Request.
  Time since last request: 0.000031 seconds.
  path: Assets/Fantasy Pack/Halloween Package/Prefabs/HLW_Candy_BLE_6.prefab
  artifactKey: Guid(5880e76f7f1adb547909ff736d06ecd4) Importer(815301076,1909f56bfc062723c751e8b465ee728b)
Start importing Assets/Fantasy Pack/Halloween Package/Prefabs/HLW_Candy_BLE_6.prefab using Guid(5880e76f7f1adb547909ff736d06ecd4) Importer(815301076,1909f56bfc062723c751e8b465ee728b)  -> (artifact id: '8d71cd7b04afbe928032aa1122af0be6') in 0.018501 seconds 
========================================================================
Received Import Request.
  Time since last request: 0.000028 seconds.
  path: Assets/Fantasy Pack/Halloween Package/Prefabs/HLW_Candy_RD_5.prefab
  artifactKey: Guid(156fd3b3fba00a84c9d02bb4ee2d22d7) Importer(815301076,1909f56bfc062723c751e8b465ee728b)
Start importing Assets/Fantasy Pack/Halloween Package/Prefabs/HLW_Candy_RD_5.prefab using Guid(156fd3b3fba00a84c9d02bb4ee2d22d7) Importer(815301076,1909f56bfc062723c751e8b465ee728b)  -> (artifact id: '6712a28951abf0af0acf274cc8809fc1') in 0.019171 seconds 
========================================================================
Received Import Request.
  Time since last request: 0.000024 seconds.
  path: Assets/Fantasy Pack/Halloween Package/Prefabs/HLW_JackoLanter_6.prefab
  artifactKey: Guid(197cb73ef7e8d4e458707dab003935ef) Importer(815301076,1909f56bfc062723c751e8b465ee728b)
Start importing Assets/Fantasy Pack/Halloween Package/Prefabs/HLW_JackoLanter_6.prefab using Guid(197cb73ef7e8d4e458707dab003935ef) Importer(815301076,1909f56bfc062723c751e8b465ee728b)  -> (artifact id: 'ae967f4f7bfbe8b4726a59d234062e67') in 0.021344 seconds 
========================================================================
Received Import Request.
  Time since last request: 0.000028 seconds.
  path: Assets/Fantasy Pack/Halloween Package/Prefabs/HLW_Candy_RD_4.prefab
  artifactKey: Guid(4a18e13f6d118a4468bccade239d6b8d) Importer(815301076,1909f56bfc062723c751e8b465ee728b)
Start importing Assets/Fantasy Pack/Halloween Package/Prefabs/HLW_Candy_RD_4.prefab using Guid(4a18e13f6d118a4468bccade239d6b8d) Importer(815301076,1909f56bfc062723c751e8b465ee728b)  -> (artifact id: 'ac784a853921ca9e5431e41c3e1a93d2') in 0.021924 seconds 
========================================================================
Received Import Request.
  Time since last request: 0.000030 seconds.
  path: Assets/Fantasy Pack/Halloween Package/Prefabs/HLW_Candy_ORG_2.prefab
  artifactKey: Guid(4e1c9259590724f4682b2fd2a7d18742) Importer(815301076,1909f56bfc062723c751e8b465ee728b)
Start importing Assets/Fantasy Pack/Halloween Package/Prefabs/HLW_Candy_ORG_2.prefab using Guid(4e1c9259590724f4682b2fd2a7d18742) Importer(815301076,1909f56bfc062723c751e8b465ee728b)  -> (artifact id: '049629f1531696479554bfebbef332ff') in 0.028481 seconds 
========================================================================
Received Import Request.
  Time since last request: 0.000038 seconds.
  path: Assets/Fantasy Pack/Halloween Package/Prefabs/CTMSP_Grave_2.prefab
  artifactKey: Guid(f312149b1d9b9c34ebf4eade1847f6d8) Importer(815301076,1909f56bfc062723c751e8b465ee728b)
Start importing Assets/Fantasy Pack/Halloween Package/Prefabs/CTMSP_Grave_2.prefab using Guid(f312149b1d9b9c34ebf4eade1847f6d8) Importer(815301076,1909f56bfc062723c751e8b465ee728b)  -> (artifact id: '32278c8d16bde9172eb2613966f310c6') in 0.027304 seconds 
========================================================================
Received Import Request.
  Time since last request: 0.000026 seconds.
  path: Assets/Fantasy Pack/Halloween Package/Prefabs/HLW_JackoLanter_2.prefab
  artifactKey: Guid(d87f492e32c69c14b9628898cb98c04f) Importer(815301076,1909f56bfc062723c751e8b465ee728b)
Start importing Assets/Fantasy Pack/Halloween Package/Prefabs/HLW_JackoLanter_2.prefab using Guid(d87f492e32c69c14b9628898cb98c04f) Importer(815301076,1909f56bfc062723c751e8b465ee728b)  -> (artifact id: '8bc7a6f96bcbdaa02333b8de8baf39ee') in 0.029703 seconds 
========================================================================
Received Import Request.
  Time since last request: 0.000029 seconds.
  path: Assets/Fantasy Pack/Halloween Package/Prefabs/HLW_Candy_PRP_3.prefab
  artifactKey: Guid(1942f290a47c8fc42938e540f21b03b3) Importer(815301076,1909f56bfc062723c751e8b465ee728b)
Start importing Assets/Fantasy Pack/Halloween Package/Prefabs/HLW_Candy_PRP_3.prefab using Guid(1942f290a47c8fc42938e540f21b03b3) Importer(815301076,1909f56bfc062723c751e8b465ee728b)  -> (artifact id: 'b1362615ecfa22aacc20fca838d00bf2') in 0.019497 seconds 
========================================================================
Received Import Request.
  Time since last request: 0.000025 seconds.
  path: Assets/Fantasy Pack/Halloween Package/Prefabs/HLW_JackoLanter_8.prefab
  artifactKey: Guid(1f8857c1903633b49a938e5777612db4) Importer(815301076,1909f56bfc062723c751e8b465ee728b)
Start importing Assets/Fantasy Pack/Halloween Package/Prefabs/HLW_JackoLanter_8.prefab using Guid(1f8857c1903633b49a938e5777612db4) Importer(815301076,1909f56bfc062723c751e8b465ee728b)  -> (artifact id: '5e22ba8605905680bcec4128a83cdf83') in 0.044721 seconds 
========================================================================
Received Import Request.
  Time since last request: 0.000031 seconds.
  path: Assets/Fantasy Pack/Halloween Package/Prefabs/HLW_Candy_RD_2.prefab
  artifactKey: Guid(69e06c8513b88734bbcd8ce4e4192c36) Importer(815301076,1909f56bfc062723c751e8b465ee728b)
Start importing Assets/Fantasy Pack/Halloween Package/Prefabs/HLW_Candy_RD_2.prefab using Guid(69e06c8513b88734bbcd8ce4e4192c36) Importer(815301076,1909f56bfc062723c751e8b465ee728b)  -> (artifact id: '2c8e58d8b57a6e77f2ddc83779b7ac57') in 0.023171 seconds 
========================================================================
Received Import Request.
  Time since last request: 0.000038 seconds.
  path: Assets/Fantasy Pack/Halloween Package/Prefabs/HLW_JackoLanter_10.prefab
  artifactKey: Guid(dfb7071e1b7c9cf4d89cf0cda3150a4b) Importer(815301076,1909f56bfc062723c751e8b465ee728b)
Start importing Assets/Fantasy Pack/Halloween Package/Prefabs/HLW_JackoLanter_10.prefab using Guid(dfb7071e1b7c9cf4d89cf0cda3150a4b) Importer(815301076,1909f56bfc062723c751e8b465ee728b)  -> (artifact id: 'e59356a6eee7dc2871d6b0a4123ca451') in 0.032571 seconds 
========================================================================
Received Import Request.
  Time since last request: 0.000036 seconds.
  path: Assets/Fantasy Pack/Halloween Package/Prefabs/HLW_CandyBasket_4.prefab
  artifactKey: Guid(32308f8d2b5bb8d4a89a8fa10bce456a) Importer(815301076,1909f56bfc062723c751e8b465ee728b)
Start importing Assets/Fantasy Pack/Halloween Package/Prefabs/HLW_CandyBasket_4.prefab using Guid(32308f8d2b5bb8d4a89a8fa10bce456a) Importer(815301076,1909f56bfc062723c751e8b465ee728b)  -> (artifact id: '944ef19d5117ae2ceca11a3846593c4a') in 0.022173 seconds 
========================================================================
Received Import Request.
  Time since last request: 0.000044 seconds.
  path: Assets/Fantasy Pack/Halloween Package/Prefabs/HLW_JackoLanter_3.prefab
  artifactKey: Guid(06bef61646a42fb4cbad5851f191875f) Importer(815301076,1909f56bfc062723c751e8b465ee728b)
Start importing Assets/Fantasy Pack/Halloween Package/Prefabs/HLW_JackoLanter_3.prefab using Guid(06bef61646a42fb4cbad5851f191875f) Importer(815301076,1909f56bfc062723c751e8b465ee728b)  -> (artifact id: '935a67db59d71fa1ac4b9e81ce72763a') in 0.034963 seconds 
Editor requested this worker to shutdown with reason: Scaling down because of idle timeout
AssetImportWorker is now disconnected from the server
Process exiting
Exiting without the bug reporter. Application will terminate with return code 0