Using pre-set license
Built from '2021.3/staging' branch; Version is '2021.3.15f1 (e8e88683f834) revision 15263878'; Using compiler version '192829333'; Build Type 'Release'
OS: 'Windows 10  (10.0.19045) 64bit Core' Language: 'pl' Physical Memory: 16304 MB
BatchMode: 1, IsHumanControllingUs: 0, StartBugReporterOnCrash: 0, Is64bit: 1, IsPro: 1

COMMAND LINE ARGUMENTS:
F:\Unity\2021.3.15f1\Editor\Unity.exe
-adb2
-batchMode
-noUpm
-name
AssetImportWorker67
-projectPath
F:/Github/VR-projekt/VR projekt
-logFile
Logs/AssetImportWorker67.log
-srvPort
52652
Successfully changed project path to: F:/Github/VR-projekt/VR projekt
F:/Github/VR-projekt/VR projekt
[UnityMemory] Configuration Parameters - Can be set up in boot.config
    "memorysetup-bucket-allocator-granularity=16"
    "memorysetup-bucket-allocator-bucket-count=8"
    "memorysetup-bucket-allocator-block-size=33554432"
    "memorysetup-bucket-allocator-block-count=8"
    "memorysetup-main-allocator-block-size=16777216"
    "memorysetup-thread-allocator-block-size=16777216"
    "memorysetup-gfx-main-allocator-block-size=16777216"
    "memorysetup-gfx-thread-allocator-block-size=16777216"
    "memorysetup-cache-allocator-block-size=4194304"
    "memorysetup-typetree-allocator-block-size=2097152"
    "memorysetup-profiler-bucket-allocator-granularity=16"
    "memorysetup-profiler-bucket-allocator-bucket-count=8"
    "memorysetup-profiler-bucket-allocator-block-size=33554432"
    "memorysetup-profiler-bucket-allocator-block-count=8"
    "memorysetup-profiler-allocator-block-size=16777216"
    "memorysetup-profiler-editor-allocator-block-size=1048576"
    "memorysetup-temp-allocator-size-main=16777216"
    "memorysetup-job-temp-allocator-block-size=2097152"
    "memorysetup-job-temp-allocator-block-size-background=1048576"
    "memorysetup-job-temp-allocator-reduction-small-platforms=262144"
    "memorysetup-temp-allocator-size-background-worker=32768"
    "memorysetup-temp-allocator-size-job-worker=262144"
    "memorysetup-temp-allocator-size-preload-manager=33554432"
    "memorysetup-temp-allocator-size-nav-mesh-worker=65536"
    "memorysetup-temp-allocator-size-audio-worker=65536"
    "memorysetup-temp-allocator-size-cloud-worker=32768"
    "memorysetup-temp-allocator-size-gi-baking-worker=262144"
    "memorysetup-temp-allocator-size-gfx=262144"
Player connection [2716] Host "[IP] 192.168.0.11 [Port] 0 [Flags] 2 [Guid] 1787409250 [EditorId] 1787409250 [Version] 1048832 [Id] WindowsEditor(7,DESKTOP-MN4RVAM) [Debug] 1 [PackageName] WindowsEditor [ProjectName] Editor" joined multi-casting on [225.0.0.222:54997]...

Player connection [2716] Host "[IP] 192.168.0.11 [Port] 0 [Flags] 2 [Guid] 1787409250 [EditorId] 1787409250 [Version] 1048832 [Id] WindowsEditor(7,DESKTOP-MN4RVAM) [Debug] 1 [PackageName] WindowsEditor [ProjectName] Editor" joined alternative multi-casting on [225.0.0.222:34997]...

Refreshing native plugins compatible for Editor in 260.31 ms, found 3 plugins.
Preloading 0 native plugins for Editor in 0.00 ms.
Initialize engine version: 2021.3.15f1 (e8e88683f834)
[Subsystems] Discovering subsystems at path F:/Unity/2021.3.15f1/Editor/Data/Resources/UnitySubsystems
[Subsystems] Discovering subsystems at path F:/Github/VR-projekt/VR projekt/Assets
GfxDevice: creating device client; threaded=0; jobified=0
Direct3D:
    Version:  Direct3D 11.0 [level 11.1]
    Renderer: NVIDIA GeForce GTX 1650 (ID=0x1f91)
    Vendor:   NVIDIA
    VRAM:     3949 MB
    Driver:   31.0.15.2824
Initialize mono
Mono path[0] = 'F:/Unity/2021.3.15f1/Editor/Data/Managed'
Mono path[1] = 'F:/Unity/2021.3.15f1/Editor/Data/MonoBleedingEdge/lib/mono/unityjit-win32'
Mono config path = 'F:/Unity/2021.3.15f1/Editor/Data/MonoBleedingEdge/etc'
Using monoOptions --debugger-agent=transport=dt_socket,embedding=1,server=y,suspend=n,address=127.0.0.1:56188
Begin MonoManager ReloadAssembly
Registering precompiled unity dll's ...
Register platform support module: F:/Unity/2021.3.15f1/Editor/Data/PlaybackEngines/WindowsStandaloneSupport/UnityEditor.WindowsStandalone.Extensions.dll
Registered in 0.008443 seconds.
Native extension for WindowsStandalone target not found
Refreshing native plugins compatible for Editor in 149.82 ms, found 3 plugins.
Preloading 0 native plugins for Editor in 0.00 ms.
Mono: successfully reloaded assembly
- Completed reload, in  0.993 seconds
Domain Reload Profiling:
	ReloadAssembly (994ms)
		BeginReloadAssembly (112ms)
			ExecutionOrderSort (0ms)
			DisableScriptedObjects (0ms)
			BackupInstance (0ms)
			ReleaseScriptingObjects (0ms)
			CreateAndSetChildDomain (1ms)
		EndReloadAssembly (725ms)
			LoadAssemblies (108ms)
			RebuildTransferFunctionScriptingTraits (0ms)
			SetupTypeCache (159ms)
			ReleaseScriptCaches (0ms)
			RebuildScriptCaches (44ms)
			SetupLoadedEditorAssemblies (444ms)
				LogAssemblyErrors (0ms)
				InitializePlatformSupportModulesInManaged (10ms)
				SetLoadedEditorAssemblies (0ms)
				RefreshPlugins (150ms)
				BeforeProcessingInitializeOnLoad (1ms)
				ProcessInitializeOnLoadAttributes (211ms)
				ProcessInitializeOnLoadMethodAttributes (71ms)
				AfterProcessingInitializeOnLoad (0ms)
				EditorAssembliesLoaded (0ms)
			ExecutionOrderSort2 (0ms)
			AwakeInstancesAfterBackupRestoration (0ms)
Platform modules already initialized, skipping
Registering precompiled user dll's ...
Registered in 0.014232 seconds.
Begin MonoManager ReloadAssembly
Symbol file LoadedFromMemory doesn't match image F:\Github\VR-projekt\VR projekt\Library\PackageCache\com.unity.visualscripting@1.7.8\Editor\VisualScripting.Core\Dependencies\YamlDotNet\Unity.VisualScripting.YamlDotNet.dll
Symbol file LoadedFromMemory doesn't match image F:\Github\VR-projekt\VR projekt\Library\PackageCache\com.unity.visualscripting@1.7.8\Editor\VisualScripting.Core\Dependencies\DotNetZip\Unity.VisualScripting.IonicZip.dll
Native extension for WindowsStandalone target not found
Refreshing native plugins compatible for Editor in 140.46 ms, found 3 plugins.
Preloading 0 native plugins for Editor in 0.00 ms.
Mono: successfully reloaded assembly
- Completed reload, in  2.151 seconds
Domain Reload Profiling:
	ReloadAssembly (2152ms)
		BeginReloadAssembly (168ms)
			ExecutionOrderSort (0ms)
			DisableScriptedObjects (10ms)
			BackupInstance (0ms)
			ReleaseScriptingObjects (0ms)
			CreateAndSetChildDomain (28ms)
		EndReloadAssembly (1806ms)
			LoadAssemblies (129ms)
			RebuildTransferFunctionScriptingTraits (0ms)
			SetupTypeCache (450ms)
			ReleaseScriptCaches (1ms)
			RebuildScriptCaches (84ms)
			SetupLoadedEditorAssemblies (1081ms)
				LogAssemblyErrors (0ms)
				InitializePlatformSupportModulesInManaged (7ms)
				SetLoadedEditorAssemblies (0ms)
				RefreshPlugins (141ms)
				BeforeProcessingInitializeOnLoad (135ms)
				ProcessInitializeOnLoadAttributes (726ms)
				ProcessInitializeOnLoadMethodAttributes (55ms)
				AfterProcessingInitializeOnLoad (17ms)
				EditorAssembliesLoaded (0ms)
			ExecutionOrderSort2 (0ms)
			AwakeInstancesAfterBackupRestoration (11ms)
Platform modules already initialized, skipping
========================================================================
Worker process is ready to serve import requests
Launched and connected shader compiler UnityShaderCompiler.exe after 0.09 seconds
Refreshing native plugins compatible for Editor in 1.53 ms, found 3 plugins.
Preloading 0 native plugins for Editor in 0.00 ms.
Unloading 3883 Unused Serialized files (Serialized files now loaded: 0)
Unloading 44 unused Assets / (185.6 KB). Loaded Objects now: 4363.
Memory consumption went from 153.4 MB to 153.2 MB.
Total: 7.320900 ms (FindLiveObjects: 0.429100 ms CreateObjectMapping: 0.362800 ms MarkObjects: 6.321900 ms  DeleteObjects: 0.205700 ms)

AssetImportParameters requested are different than current active one (requested -> active):
  custom:video-decoder-ogg-theora: a1e56fd34408186e4bbccfd4996cb3dc -> 
  custom:container-muxer-webm: aa71ff27fc2769a1b78a27578f13a17b -> 
  custom:container-demuxer-webm: 4f35f7cbe854078d1ac9338744f61a02 -> 
  custom:video-encoder-webm-vp8: eb34c28f22e8b96e1ab97ce403110664 -> 
  custom:audio-encoder-webm-vorbis: bf7c407c2cedff20999df2af8eb42d56 -> 
  custom:framework-win-MediaFoundation: 216162199b28c13a410421893ffa2e32 -> 
  custom:container-demuxer-ogg: 62fdf1f143b41e24485cea50d1cbac27 -> 
  custom:video-decoder-webm-vp8: 9c59270c3fd7afecdb556c50c9e8de78 -> 
  custom:audio-decoder-ogg-vorbis: bf7c407c2cedff20999df2af8eb42d56 -> 
========================================================================
Received Import Request.
  Time since last request: 15638.214945 seconds.
  path: Assets/CemeteryPack/Prefabs/CryptMini/CryptMiniFoundation1.prefab
  artifactKey: Guid(12f742a90c04b8b4db9029fed710e2a4) Importer(815301076,1909f56bfc062723c751e8b465ee728b)
Start importing Assets/CemeteryPack/Prefabs/CryptMini/CryptMiniFoundation1.prefab using Guid(12f742a90c04b8b4db9029fed710e2a4) Importer(815301076,1909f56bfc062723c751e8b465ee728b)  -> (artifact id: 'eb562461ef1f8b9754bc497c41994b6c') in 0.394622 seconds 
========================================================================
Received Import Request.
  Time since last request: 5.744788 seconds.
  path: Assets/CemeteryPack/Prefabs/FenceFoundation/MetObj_FenceFoundation4.prefab
  artifactKey: Guid(328e133e7cc5117409ed51bbbcf7ed64) Importer(815301076,1909f56bfc062723c751e8b465ee728b)
Start importing Assets/CemeteryPack/Prefabs/FenceFoundation/MetObj_FenceFoundation4.prefab using Guid(328e133e7cc5117409ed51bbbcf7ed64) Importer(815301076,1909f56bfc062723c751e8b465ee728b)  -> (artifact id: 'b82ad0980675ca5d1c69717f53c87e08') in 0.066995 seconds 
========================================================================
Received Import Request.
  Time since last request: 0.000034 seconds.
  path: Assets/CemeteryPack/Prefabs/FenceFoundation/MetObj_FenceFoundation11.prefab
  artifactKey: Guid(5e81980be2823b2418de5e89478ed4d3) Importer(815301076,1909f56bfc062723c751e8b465ee728b)
Start importing Assets/CemeteryPack/Prefabs/FenceFoundation/MetObj_FenceFoundation11.prefab using Guid(5e81980be2823b2418de5e89478ed4d3) Importer(815301076,1909f56bfc062723c751e8b465ee728b)  -> (artifact id: '62e84241b2ef03776c762f24eb0b1a7a') in 0.052667 seconds 
========================================================================
Received Import Request.
  Time since last request: 0.000025 seconds.
  path: Assets/CemeteryPack/Prefabs/FenceFoundation/MetObj_FenceFoundation13.prefab
  artifactKey: Guid(0a4e02acd171455479848620b0d61734) Importer(815301076,1909f56bfc062723c751e8b465ee728b)
Start importing Assets/CemeteryPack/Prefabs/FenceFoundation/MetObj_FenceFoundation13.prefab using Guid(0a4e02acd171455479848620b0d61734) Importer(815301076,1909f56bfc062723c751e8b465ee728b)  -> (artifact id: '01bff0e18b79d1490a29aaaec5eaac81') in 0.033961 seconds 
========================================================================
Received Import Request.
  Time since last request: 4.535203 seconds.
  path: Assets/CemeteryPack/Prefabs/Floor/Floor5.prefab
  artifactKey: Guid(746858f3f7b280948a9ac883f9dacfa9) Importer(815301076,1909f56bfc062723c751e8b465ee728b)
Start importing Assets/CemeteryPack/Prefabs/Floor/Floor5.prefab using Guid(746858f3f7b280948a9ac883f9dacfa9) Importer(815301076,1909f56bfc062723c751e8b465ee728b)  -> (artifact id: 'ff9e4b1b9b9cba444290ced29c2a604e') in 0.071694 seconds 
========================================================================
Received Import Request.
  Time since last request: 0.000037 seconds.
  path: Assets/CemeteryPack/Prefabs/Floor/Floor10.prefab
  artifactKey: Guid(fecf9a559bf14a44394e5a36e740e98f) Importer(815301076,1909f56bfc062723c751e8b465ee728b)
Start importing Assets/CemeteryPack/Prefabs/Floor/Floor10.prefab using Guid(fecf9a559bf14a44394e5a36e740e98f) Importer(815301076,1909f56bfc062723c751e8b465ee728b)  -> (artifact id: 'cd63978f00b125341d7dec1dc9758a50') in 0.053531 seconds 
========================================================================
Received Import Request.
  Time since last request: 0.000027 seconds.
  path: Assets/CemeteryPack/Prefabs/Floor/Floor23.prefab
  artifactKey: Guid(4ac506bc59d05e1469c91149d6213209) Importer(815301076,1909f56bfc062723c751e8b465ee728b)
Start importing Assets/CemeteryPack/Prefabs/Floor/Floor23.prefab using Guid(4ac506bc59d05e1469c91149d6213209) Importer(815301076,1909f56bfc062723c751e8b465ee728b)  -> (artifact id: '5552d63a3b886953629d2b3a95df59e7') in 0.094830 seconds 
========================================================================
Received Import Request.
  Time since last request: 0.000093 seconds.
  path: Assets/CemeteryPack/Prefabs/Floor/Floor27.prefab
  artifactKey: Guid(d2927f5420f3c4f40b29377dc193494c) Importer(815301076,1909f56bfc062723c751e8b465ee728b)
Start importing Assets/CemeteryPack/Prefabs/Floor/Floor27.prefab using Guid(d2927f5420f3c4f40b29377dc193494c) Importer(815301076,1909f56bfc062723c751e8b465ee728b)  -> (artifact id: 'e0bd7a10f947e1a241117fa31c80d0ac') in 0.040107 seconds 
========================================================================
Received Import Request.
  Time since last request: 4.198423 seconds.
  path: Assets/CemeteryPack/Prefabs/FloorFoundation/FloorFoundation5.prefab
  artifactKey: Guid(1b3844a3b68d4f74788c0bfa081a38d1) Importer(815301076,1909f56bfc062723c751e8b465ee728b)
Start importing Assets/CemeteryPack/Prefabs/FloorFoundation/FloorFoundation5.prefab using Guid(1b3844a3b68d4f74788c0bfa081a38d1) Importer(815301076,1909f56bfc062723c751e8b465ee728b)  -> (artifact id: '8a0c798cc549b7415593c8e1ea4c63d4') in 0.061158 seconds 
========================================================================
Received Import Request.
  Time since last request: 5.140295 seconds.
  path: Assets/CemeteryPack/Prefabs/Foundation/ColumnFoundation3.prefab
  artifactKey: Guid(a4141a153c383594db54cb7a603307cf) Importer(815301076,1909f56bfc062723c751e8b465ee728b)
Start importing Assets/CemeteryPack/Prefabs/Foundation/ColumnFoundation3.prefab using Guid(a4141a153c383594db54cb7a603307cf) Importer(815301076,1909f56bfc062723c751e8b465ee728b)  -> (artifact id: '96e726ebb5e9441ba8328e63c0fee0b4') in 0.097087 seconds 
========================================================================
Received Import Request.
  Time since last request: 0.000025 seconds.
  path: Assets/CemeteryPack/Prefabs/Foundation/CryptFoundationLadder2.prefab
  artifactKey: Guid(ca85a3f63c993ff448978f6fbf6806df) Importer(815301076,1909f56bfc062723c751e8b465ee728b)
Start importing Assets/CemeteryPack/Prefabs/Foundation/CryptFoundationLadder2.prefab using Guid(ca85a3f63c993ff448978f6fbf6806df) Importer(815301076,1909f56bfc062723c751e8b465ee728b)  -> (artifact id: 'cbadc94825036e3b02268f774c9f97cf') in 0.053824 seconds 
========================================================================
Received Import Request.
  Time since last request: 6.020007 seconds.
  path: Assets/CemeteryPack/Prefabs/Gate/MetObj_Fence2.prefab
  artifactKey: Guid(9cd69f976eeeb8849975bba487d6d4fc) Importer(815301076,1909f56bfc062723c751e8b465ee728b)
Start importing Assets/CemeteryPack/Prefabs/Gate/MetObj_Fence2.prefab using Guid(9cd69f976eeeb8849975bba487d6d4fc) Importer(815301076,1909f56bfc062723c751e8b465ee728b)  -> (artifact id: 'eb7683e0cac0d2f334a94dc0c3e3538c') in 0.035820 seconds 
========================================================================
Received Import Request.
  Time since last request: 0.000028 seconds.
  path: Assets/CemeteryPack/Prefabs/Gate/MetObj_GatesArch.prefab
  artifactKey: Guid(8f8787e47e9365c45b1e4ea8bc9a582c) Importer(815301076,1909f56bfc062723c751e8b465ee728b)
Start importing Assets/CemeteryPack/Prefabs/Gate/MetObj_GatesArch.prefab using Guid(8f8787e47e9365c45b1e4ea8bc9a582c) Importer(815301076,1909f56bfc062723c751e8b465ee728b)  -> (artifact id: 'c6c20f40d8deea611c8926acc184ceca') in 0.029421 seconds 
========================================================================
Received Import Request.
  Time since last request: 3.968247 seconds.
  path: Assets/CemeteryPack/Prefabs/Tombstones/Tombstones.005.prefab
  artifactKey: Guid(5a780b07c3c81f34794e073c069820a2) Importer(815301076,1909f56bfc062723c751e8b465ee728b)
Start importing Assets/CemeteryPack/Prefabs/Tombstones/Tombstones.005.prefab using Guid(5a780b07c3c81f34794e073c069820a2) Importer(815301076,1909f56bfc062723c751e8b465ee728b)  -> (artifact id: '1168f327915b17c374dc442435c42db0') in 0.079560 seconds 
========================================================================
Received Import Request.
  Time since last request: 0.000034 seconds.
  path: Assets/CemeteryPack/Prefabs/Tombstones/TombstonesCoffinWood.004.prefab
  artifactKey: Guid(20a9d842414500047b7aa77493ad006d) Importer(815301076,1909f56bfc062723c751e8b465ee728b)
Start importing Assets/CemeteryPack/Prefabs/Tombstones/TombstonesCoffinWood.004.prefab using Guid(20a9d842414500047b7aa77493ad006d) Importer(815301076,1909f56bfc062723c751e8b465ee728b)  -> (artifact id: '56e1b564ed5dd249c6ef66eb3bbd4194') in 0.097241 seconds 
========================================================================
Received Import Request.
  Time since last request: 84.819382 seconds.
  path: Assets/CemeteryPack/ColumnCrypt1.prefab
  artifactKey: Guid(23bd136d78693254faad8377a41e8595) Importer(815301076,1909f56bfc062723c751e8b465ee728b)
Start importing Assets/CemeteryPack/ColumnCrypt1.prefab using Guid(23bd136d78693254faad8377a41e8595) Importer(815301076,1909f56bfc062723c751e8b465ee728b)  -> (artifact id: '0e3fdee55ed79621c168dd5d0c07baba') in 0.062853 seconds 
========================================================================
Received Import Request.
  Time since last request: 0.000026 seconds.
  path: Assets/CemeteryPack/Floor14.prefab
  artifactKey: Guid(2847ab2d8af88f4408a25240d09e8943) Importer(815301076,1909f56bfc062723c751e8b465ee728b)
Start importing Assets/CemeteryPack/Floor14.prefab using Guid(2847ab2d8af88f4408a25240d09e8943) Importer(815301076,1909f56bfc062723c751e8b465ee728b)  -> (artifact id: '3fcd6a756cfd8f63ef19a287cb386fdd') in 0.083800 seconds 
========================================================================
Received Import Request.
  Time since last request: 0.000031 seconds.
  path: Assets/CemeteryPack/ColumnFoundation6 (1).prefab
  artifactKey: Guid(6dad8a4756d400b4790959b118292efa) Importer(815301076,1909f56bfc062723c751e8b465ee728b)
Start importing Assets/CemeteryPack/ColumnFoundation6 (1).prefab using Guid(6dad8a4756d400b4790959b118292efa) Importer(815301076,1909f56bfc062723c751e8b465ee728b)  -> (artifact id: '290bcb1019cde6fbebc55d9349ed1556') in 0.071025 seconds 
========================================================================
Received Import Request.
  Time since last request: 0.000032 seconds.
  path: Assets/CemeteryPack/Floor16.prefab
  artifactKey: Guid(9213d925820183548ae89a5d0d6cc313) Importer(815301076,1909f56bfc062723c751e8b465ee728b)
Start importing Assets/CemeteryPack/Floor16.prefab using Guid(9213d925820183548ae89a5d0d6cc313) Importer(815301076,1909f56bfc062723c751e8b465ee728b)  -> (artifact id: 'e1625039ac1ed8990096a1716364d789') in 0.103677 seconds 
========================================================================
Received Import Request.
  Time since last request: 0.000040 seconds.
  path: Assets/CemeteryPack/Floor1.prefab
  artifactKey: Guid(f2a647f04c90eb94b8e4f5e56736f4e2) Importer(815301076,1909f56bfc062723c751e8b465ee728b)
Start importing Assets/CemeteryPack/Floor1.prefab using Guid(f2a647f04c90eb94b8e4f5e56736f4e2) Importer(815301076,1909f56bfc062723c751e8b465ee728b)  -> (artifact id: '95c3c63c785c868e253bf7d492963caf') in 0.031915 seconds 
========================================================================
Received Import Request.
  Time since last request: 0.000024 seconds.
  path: Assets/CemeteryPack/CryptMiniWall.prefab
  artifactKey: Guid(3f4f663e61b9ec047be7d249a727de97) Importer(815301076,1909f56bfc062723c751e8b465ee728b)
Start importing Assets/CemeteryPack/CryptMiniWall.prefab using Guid(3f4f663e61b9ec047be7d249a727de97) Importer(815301076,1909f56bfc062723c751e8b465ee728b)  -> (artifact id: 'a5ea58fc871616ca4c12c6bd9c8d61f2') in 0.036460 seconds 
========================================================================
Received Import Request.
  Time since last request: 0.000040 seconds.
  path: Assets/CemeteryPack/ColumnFoundation5.prefab
  artifactKey: Guid(1fc5f25b349553848b9bfbd4e451746a) Importer(815301076,1909f56bfc062723c751e8b465ee728b)
Start importing Assets/CemeteryPack/ColumnFoundation5.prefab using Guid(1fc5f25b349553848b9bfbd4e451746a) Importer(815301076,1909f56bfc062723c751e8b465ee728b)  -> (artifact id: 'cc66f2e149691d64afff5e3b397f070b') in 0.038485 seconds 
========================================================================
Received Import Request.
  Time since last request: 0.000041 seconds.
  path: Assets/CemeteryPack/CryptRootf2.prefab
  artifactKey: Guid(22307e0381275ee49bffe05209f7eb78) Importer(815301076,1909f56bfc062723c751e8b465ee728b)
Start importing Assets/CemeteryPack/CryptRootf2.prefab using Guid(22307e0381275ee49bffe05209f7eb78) Importer(815301076,1909f56bfc062723c751e8b465ee728b)  -> (artifact id: '368cab1847fa882ded4cd7c8dd0b6efc') in 0.043432 seconds 
========================================================================
Received Import Request.
  Time since last request: 0.000070 seconds.
  path: Assets/CemeteryPack/CryptFoundation.prefab
  artifactKey: Guid(7c71e0e6c98c7124fb74df3566e0d793) Importer(815301076,1909f56bfc062723c751e8b465ee728b)
Start importing Assets/CemeteryPack/CryptFoundation.prefab using Guid(7c71e0e6c98c7124fb74df3566e0d793) Importer(815301076,1909f56bfc062723c751e8b465ee728b)  -> (artifact id: '7e8879636230e734cb22d1d9bde1fdf7') in 0.041578 seconds 
========================================================================
Received Import Request.
  Time since last request: 0.000028 seconds.
  path: Assets/CemeteryPack/ColumnFoundation6.prefab
  artifactKey: Guid(2ea5c0bfea6934e49a4cca83b603575b) Importer(815301076,1909f56bfc062723c751e8b465ee728b)
Start importing Assets/CemeteryPack/ColumnFoundation6.prefab using Guid(2ea5c0bfea6934e49a4cca83b603575b) Importer(815301076,1909f56bfc062723c751e8b465ee728b)  -> (artifact id: '15891e4357c864304728c12ebb97c255') in 0.043549 seconds 
========================================================================
Received Import Request.
  Time since last request: 0.000027 seconds.
  path: Assets/CemeteryPack/ColumnFoundation2 (1).prefab
  artifactKey: Guid(99de4b34d2f49fd4b9cbfd52301d804e) Importer(815301076,1909f56bfc062723c751e8b465ee728b)
Start importing Assets/CemeteryPack/ColumnFoundation2 (1).prefab using Guid(99de4b34d2f49fd4b9cbfd52301d804e) Importer(815301076,1909f56bfc062723c751e8b465ee728b)  -> (artifact id: '5d709a38093d8829b27b783a4302f827') in 0.042477 seconds 
========================================================================
Received Import Request.
  Time since last request: 0.000022 seconds.
  path: Assets/CemeteryPack/ColumnFoundation3 (1).prefab
  artifactKey: Guid(2fb68b74eb6e37f4e8b6900817c8a8d5) Importer(815301076,1909f56bfc062723c751e8b465ee728b)
Start importing Assets/CemeteryPack/ColumnFoundation3 (1).prefab using Guid(2fb68b74eb6e37f4e8b6900817c8a8d5) Importer(815301076,1909f56bfc062723c751e8b465ee728b)  -> (artifact id: '40b24916b59085f8cde2fdf6558d9ce4') in 0.060545 seconds 
========================================================================
Received Import Request.
  Time since last request: 0.000027 seconds.
  path: Assets/CemeteryPack/CryptColumnPlane3.prefab
  artifactKey: Guid(a7c212d82c6f2564dae3d55bc8d91cba) Importer(815301076,1909f56bfc062723c751e8b465ee728b)
Start importing Assets/CemeteryPack/CryptColumnPlane3.prefab using Guid(a7c212d82c6f2564dae3d55bc8d91cba) Importer(815301076,1909f56bfc062723c751e8b465ee728b)  -> (artifact id: 'f2ccdd8c7ae5d4dada62e46a7ed51fa1') in 0.033842 seconds 
========================================================================
Received Import Request.
  Time since last request: 0.000043 seconds.
  path: Assets/CemeteryPack/CryptArch2.prefab
  artifactKey: Guid(bee415b422b6804408592581488b1827) Importer(815301076,1909f56bfc062723c751e8b465ee728b)
Start importing Assets/CemeteryPack/CryptArch2.prefab using Guid(bee415b422b6804408592581488b1827) Importer(815301076,1909f56bfc062723c751e8b465ee728b)  -> (artifact id: '5a22fab237d20c85a3fc5a6e24de668c') in 0.040314 seconds 
========================================================================
Received Import Request.
  Time since last request: 0.000025 seconds.
  path: Assets/CemeteryPack/CryptMiniRootf2.prefab
  artifactKey: Guid(5e22396c8da1211459fa59d698b95610) Importer(815301076,1909f56bfc062723c751e8b465ee728b)
Start importing Assets/CemeteryPack/CryptMiniRootf2.prefab using Guid(5e22396c8da1211459fa59d698b95610) Importer(815301076,1909f56bfc062723c751e8b465ee728b)  -> (artifact id: '2affe799ac3a72613a18dee39ca0f8d3') in 0.048344 seconds 
========================================================================
Received Import Request.
  Time since last request: 0.000034 seconds.
  path: Assets/CemeteryPack/CryptColumnPlane4.prefab
  artifactKey: Guid(3df3757ae8354b74e95d29596ae166e6) Importer(815301076,1909f56bfc062723c751e8b465ee728b)
Start importing Assets/CemeteryPack/CryptColumnPlane4.prefab using Guid(3df3757ae8354b74e95d29596ae166e6) Importer(815301076,1909f56bfc062723c751e8b465ee728b)  -> (artifact id: '155e89595fd5def0d7c897a53f50f63d') in 0.042459 seconds 
========================================================================
Received Import Request.
  Time since last request: 0.000046 seconds.
  path: Assets/CemeteryPack/ColumnCrypt2 (3).prefab
  artifactKey: Guid(9dc3a9e8452bb5c4093938e33f159b9a) Importer(815301076,1909f56bfc062723c751e8b465ee728b)
Start importing Assets/CemeteryPack/ColumnCrypt2 (3).prefab using Guid(9dc3a9e8452bb5c4093938e33f159b9a) Importer(815301076,1909f56bfc062723c751e8b465ee728b)  -> (artifact id: '51c187028962b8544f3082edb7a6015e') in 0.043698 seconds 
========================================================================
Received Import Request.
  Time since last request: 0.000045 seconds.
  path: Assets/CemeteryPack/Floor13.prefab
  artifactKey: Guid(880db84015a845c42a524c054757eeec) Importer(815301076,1909f56bfc062723c751e8b465ee728b)
Start importing Assets/CemeteryPack/Floor13.prefab using Guid(880db84015a845c42a524c054757eeec) Importer(815301076,1909f56bfc062723c751e8b465ee728b)  -> (artifact id: '35d83803d65759bd33a13347954d4d44') in 0.044232 seconds 
========================================================================
Received Import Request.
  Time since last request: 0.000065 seconds.
  path: Assets/CemeteryPack/ColumnFoundation3.prefab
  artifactKey: Guid(a4141a153c383594db54cb7a603307cf) Importer(815301076,1909f56bfc062723c751e8b465ee728b)
Start importing Assets/CemeteryPack/ColumnFoundation3.prefab using Guid(a4141a153c383594db54cb7a603307cf) Importer(815301076,1909f56bfc062723c751e8b465ee728b)  -> (artifact id: '0134ffa6e1f26c26889db36493efb071') in 0.051322 seconds 
========================================================================
Received Import Request.
  Time since last request: 0.000063 seconds.
  path: Assets/CemeteryPack/Floor5.prefab
  artifactKey: Guid(746858f3f7b280948a9ac883f9dacfa9) Importer(815301076,1909f56bfc062723c751e8b465ee728b)
Start importing Assets/CemeteryPack/Floor5.prefab using Guid(746858f3f7b280948a9ac883f9dacfa9) Importer(815301076,1909f56bfc062723c751e8b465ee728b)  -> (artifact id: 'f083fa09d0f6da13f7646082569dfb4e') in 0.041235 seconds 
========================================================================
Received Import Request.
  Time since last request: 0.000027 seconds.
  path: Assets/CemeteryPack/CryptRootf3.prefab
  artifactKey: Guid(56a5a6ae857d32e4b8300af87eec2eb0) Importer(815301076,1909f56bfc062723c751e8b465ee728b)
Start importing Assets/CemeteryPack/CryptRootf3.prefab using Guid(56a5a6ae857d32e4b8300af87eec2eb0) Importer(815301076,1909f56bfc062723c751e8b465ee728b)  -> (artifact id: '3b9b230fede9d3cc15b9f5b79ce80c63') in 0.043505 seconds 
========================================================================
Received Import Request.
  Time since last request: 0.000032 seconds.
  path: Assets/CemeteryPack/CryptBorder1.prefab
  artifactKey: Guid(105874bf7fe459c468648459d2008dd2) Importer(815301076,1909f56bfc062723c751e8b465ee728b)
Start importing Assets/CemeteryPack/CryptBorder1.prefab using Guid(105874bf7fe459c468648459d2008dd2) Importer(815301076,1909f56bfc062723c751e8b465ee728b)  -> (artifact id: '72106f1ab59d658f6a1ee037305a4f00') in 0.041345 seconds 
========================================================================
Received Import Request.
  Time since last request: 0.000054 seconds.
  path: Assets/CemeteryPack/CryptMiniCross1.prefab
  artifactKey: Guid(d366e904fecea6f42bac47554e1cddb6) Importer(815301076,1909f56bfc062723c751e8b465ee728b)
Start importing Assets/CemeteryPack/CryptMiniCross1.prefab using Guid(d366e904fecea6f42bac47554e1cddb6) Importer(815301076,1909f56bfc062723c751e8b465ee728b)  -> (artifact id: '1a62c9a9716d9315220f4a2c18b11663') in 0.043783 seconds 
========================================================================
Received Import Request.
  Time since last request: 0.001914 seconds.
  path: Assets/CemeteryPack/CryptMiniRootf1.prefab
  artifactKey: Guid(27f0f08cda23f494d95769e6f2f21396) Importer(815301076,1909f56bfc062723c751e8b465ee728b)
Start importing Assets/CemeteryPack/CryptMiniRootf1.prefab using Guid(27f0f08cda23f494d95769e6f2f21396) Importer(815301076,1909f56bfc062723c751e8b465ee728b)  -> (artifact id: '164b4b705338e58e2bfc097ec91f7a1a') in 0.048112 seconds 
========================================================================
Received Import Request.
  Time since last request: 9.958818 seconds.
  path: Assets/Skull Platform/Prefabs/Platform_Skull_04.prefab
  artifactKey: Guid(56cf5416ea25c6042ac013ea267b75ce) Importer(815301076,1909f56bfc062723c751e8b465ee728b)
Start importing Assets/Skull Platform/Prefabs/Platform_Skull_04.prefab using Guid(56cf5416ea25c6042ac013ea267b75ce) Importer(815301076,1909f56bfc062723c751e8b465ee728b)  -> (artifact id: '1ec614859eed689f77d680382e594d1a') in 0.458068 seconds 
========================================================================
Received Prepare
Registering precompiled user dll's ...
Registered in 0.019679 seconds.
Begin MonoManager ReloadAssembly
Symbol file LoadedFromMemory doesn't match image F:\Github\VR-projekt\VR projekt\Library\PackageCache\com.unity.visualscripting@1.7.8\Editor\VisualScripting.Core\Dependencies\YamlDotNet\Unity.VisualScripting.YamlDotNet.dll
Symbol file LoadedFromMemory doesn't match image F:\Github\VR-projekt\VR projekt\Library\PackageCache\com.unity.visualscripting@1.7.8\Editor\VisualScripting.Core\Dependencies\DotNetZip\Unity.VisualScripting.IonicZip.dll
Native extension for WindowsStandalone target not found
Refreshing native plugins compatible for Editor in 1.39 ms, found 3 plugins.
Preloading 0 native plugins for Editor in 0.00 ms.
Mono: successfully reloaded assembly
- Completed reload, in  2.452 seconds
Domain Reload Profiling:
	ReloadAssembly (2453ms)
		BeginReloadAssembly (258ms)
			ExecutionOrderSort (0ms)
			DisableScriptedObjects (7ms)
			BackupInstance (0ms)
			ReleaseScriptingObjects (0ms)
			CreateAndSetChildDomain (78ms)
		EndReloadAssembly (1955ms)
			LoadAssemblies (191ms)
			RebuildTransferFunctionScriptingTraits (0ms)
			SetupTypeCache (596ms)
			ReleaseScriptCaches (2ms)
			RebuildScriptCaches (85ms)
			SetupLoadedEditorAssemblies (1015ms)
				LogAssemblyErrors (0ms)
				InitializePlatformSupportModulesInManaged (21ms)
				SetLoadedEditorAssemblies (1ms)
				RefreshPlugins (1ms)
				BeforeProcessingInitializeOnLoad (117ms)
				ProcessInitializeOnLoadAttributes (779ms)
				ProcessInitializeOnLoadMethodAttributes (79ms)
				AfterProcessingInitializeOnLoad (17ms)
				EditorAssembliesLoaded (0ms)
			ExecutionOrderSort2 (0ms)
			AwakeInstancesAfterBackupRestoration (9ms)
Platform modules already initialized, skipping
Refreshing native plugins compatible for Editor in 4.35 ms, found 3 plugins.
Preloading 0 native plugins for Editor in 0.00 ms.
Unloading 3877 Unused Serialized files (Serialized files now loaded: 0)
Unloading 23 unused Assets / (152.9 KB). Loaded Objects now: 4391.
Memory consumption went from 158.2 MB to 158.1 MB.
Total: 5.848100 ms (FindLiveObjects: 0.507200 ms CreateObjectMapping: 0.385300 ms MarkObjects: 4.793400 ms  DeleteObjects: 0.160600 ms)

AssetImportParameters requested are different than current active one (requested -> active):
  custom:video-decoder-ogg-theora: a1e56fd34408186e4bbccfd4996cb3dc -> 
  custom:container-muxer-webm: aa71ff27fc2769a1b78a27578f13a17b -> 
  custom:container-demuxer-webm: 4f35f7cbe854078d1ac9338744f61a02 -> 
  custom:video-encoder-webm-vp8: eb34c28f22e8b96e1ab97ce403110664 -> 
  custom:audio-encoder-webm-vorbis: bf7c407c2cedff20999df2af8eb42d56 -> 
  custom:framework-win-MediaFoundation: 216162199b28c13a410421893ffa2e32 -> 
  custom:container-demuxer-ogg: 62fdf1f143b41e24485cea50d1cbac27 -> 
  custom:video-decoder-webm-vp8: 9c59270c3fd7afecdb556c50c9e8de78 -> 
  custom:audio-decoder-ogg-vorbis: bf7c407c2cedff20999df2af8eb42d56 -> 
========================================================================
Received Import Request.
  Time since last request: 60.881737 seconds.
  path: Assets/BrokenVector/LowPolyFencePack/Prefabs/Fence Type3 01.prefab
  artifactKey: Guid(ee17d9afd26027744b8c7d0cc0f25022) Importer(815301076,1909f56bfc062723c751e8b465ee728b)
Start importing Assets/BrokenVector/LowPolyFencePack/Prefabs/Fence Type3 01.prefab using Guid(ee17d9afd26027744b8c7d0cc0f25022) Importer(815301076,1909f56bfc062723c751e8b465ee728b)  -> (artifact id: '87d6168be511b9b7a17b7d4577e8059a') in 0.140579 seconds 
========================================================================
Received Import Request.
  Time since last request: 0.000028 seconds.
  path: Assets/BrokenVector/LowPolyFencePack/Prefabs/Fence Type4 Small.prefab
  artifactKey: Guid(da8e893168526164591f81d60c0e06b1) Importer(815301076,1909f56bfc062723c751e8b465ee728b)
Start importing Assets/BrokenVector/LowPolyFencePack/Prefabs/Fence Type4 Small.prefab using Guid(da8e893168526164591f81d60c0e06b1) Importer(815301076,1909f56bfc062723c751e8b465ee728b)  -> (artifact id: '2f2a12c6e3ae305b8228d852c9f94fc2') in 0.016646 seconds 
========================================================================
Received Prepare
Registering precompiled user dll's ...
Registered in 0.031762 seconds.
Begin MonoManager ReloadAssembly
Symbol file LoadedFromMemory doesn't match image F:\Github\VR-projekt\VR projekt\Library\PackageCache\com.unity.visualscripting@1.7.8\Editor\VisualScripting.Core\Dependencies\YamlDotNet\Unity.VisualScripting.YamlDotNet.dll
Symbol file LoadedFromMemory doesn't match image F:\Github\VR-projekt\VR projekt\Library\PackageCache\com.unity.visualscripting@1.7.8\Editor\VisualScripting.Core\Dependencies\DotNetZip\Unity.VisualScripting.IonicZip.dll
Native extension for WindowsStandalone target not found
Refreshing native plugins compatible for Editor in 1.34 ms, found 3 plugins.
Preloading 0 native plugins for Editor in 0.00 ms.
Mono: successfully reloaded assembly
- Completed reload, in  2.671 seconds
Domain Reload Profiling:
	ReloadAssembly (2672ms)
		BeginReloadAssembly (338ms)
			ExecutionOrderSort (0ms)
			DisableScriptedObjects (7ms)
			BackupInstance (0ms)
			ReleaseScriptingObjects (0ms)
			CreateAndSetChildDomain (97ms)
		EndReloadAssembly (2101ms)
			LoadAssemblies (209ms)
			RebuildTransferFunctionScriptingTraits (0ms)
			SetupTypeCache (561ms)
			ReleaseScriptCaches (2ms)
			RebuildScriptCaches (85ms)
			SetupLoadedEditorAssemblies (1205ms)
				LogAssemblyErrors (0ms)
				InitializePlatformSupportModulesInManaged (19ms)
				SetLoadedEditorAssemblies (1ms)
				RefreshPlugins (1ms)
				BeforeProcessingInitializeOnLoad (132ms)
				ProcessInitializeOnLoadAttributes (947ms)
				ProcessInitializeOnLoadMethodAttributes (87ms)
				AfterProcessingInitializeOnLoad (18ms)
				EditorAssembliesLoaded (0ms)
			ExecutionOrderSort2 (0ms)
			AwakeInstancesAfterBackupRestoration (10ms)
Platform modules already initialized, skipping
Refreshing native plugins compatible for Editor in 3.90 ms, found 3 plugins.
Preloading 0 native plugins for Editor in 0.00 ms.
Unloading 3877 Unused Serialized files (Serialized files now loaded: 0)
Unloading 23 unused Assets / (153.0 KB). Loaded Objects now: 4406.
Memory consumption went from 158.2 MB to 158.1 MB.
Total: 7.185000 ms (FindLiveObjects: 0.378600 ms CreateObjectMapping: 0.323100 ms MarkObjects: 6.312400 ms  DeleteObjects: 0.168700 ms)

AssetImportParameters requested are different than current active one (requested -> active):
  custom:video-decoder-ogg-theora: a1e56fd34408186e4bbccfd4996cb3dc -> 
  custom:container-muxer-webm: aa71ff27fc2769a1b78a27578f13a17b -> 
  custom:container-demuxer-webm: 4f35f7cbe854078d1ac9338744f61a02 -> 
  custom:video-encoder-webm-vp8: eb34c28f22e8b96e1ab97ce403110664 -> 
  custom:audio-encoder-webm-vorbis: bf7c407c2cedff20999df2af8eb42d56 -> 
  custom:framework-win-MediaFoundation: 216162199b28c13a410421893ffa2e32 -> 
  custom:container-demuxer-ogg: 62fdf1f143b41e24485cea50d1cbac27 -> 
  custom:video-decoder-webm-vp8: 9c59270c3fd7afecdb556c50c9e8de78 -> 
  custom:audio-decoder-ogg-vorbis: bf7c407c2cedff20999df2af8eb42d56 -> 
========================================================================
Received Import Request.
  Time since last request: 18.202410 seconds.
  path: Assets/Fence Pack/LowPolyFencePack/Prefabs/Animated/Fence Type1 Door.prefab
  artifactKey: Guid(9c385ba4a2784df4e957601bf4fafac1) Importer(815301076,1909f56bfc062723c751e8b465ee728b)
Start importing Assets/Fence Pack/LowPolyFencePack/Prefabs/Animated/Fence Type1 Door.prefab using Guid(9c385ba4a2784df4e957601bf4fafac1) Importer(815301076,1909f56bfc062723c751e8b465ee728b)  -> (artifact id: '50ceaab567961587fca00dbacf2455c9') in 0.237354 seconds 
