Using pre-set license
Built from '2021.3/staging' branch; Version is '2021.3.15f1 (e8e88683f834) revision 15263878'; Using compiler version '192829333'; Build Type 'Release'
OS: 'Windows 10  (10.0.19045) 64bit Core' Language: 'pl' Physical Memory: 16304 MB
BatchMode: 1, IsHumanControllingUs: 0, StartBugReporterOnCrash: 0, Is64bit: 1, IsPro: 1

COMMAND LINE ARGUMENTS:
F:\Unity\2021.3.15f1\Editor\Unity.exe
-adb2
-batchMode
-noUpm
-name
AssetImportWorker44
-projectPath
F:/Github/VR-projekt/VR projekt
-logFile
Logs/AssetImportWorker44.log
-srvPort
52652
Successfully changed project path to: F:/Github/VR-projekt/VR projekt
F:/Github/VR-projekt/VR projekt
[UnityMemory] Configuration Parameters - Can be set up in boot.config
    "memorysetup-bucket-allocator-granularity=16"
    "memorysetup-bucket-allocator-bucket-count=8"
    "memorysetup-bucket-allocator-block-size=33554432"
    "memorysetup-bucket-allocator-block-count=8"
    "memorysetup-main-allocator-block-size=16777216"
    "memorysetup-thread-allocator-block-size=16777216"
    "memorysetup-gfx-main-allocator-block-size=16777216"
    "memorysetup-gfx-thread-allocator-block-size=16777216"
    "memorysetup-cache-allocator-block-size=4194304"
    "memorysetup-typetree-allocator-block-size=2097152"
    "memorysetup-profiler-bucket-allocator-granularity=16"
    "memorysetup-profiler-bucket-allocator-bucket-count=8"
    "memorysetup-profiler-bucket-allocator-block-size=33554432"
    "memorysetup-profiler-bucket-allocator-block-count=8"
    "memorysetup-profiler-allocator-block-size=16777216"
    "memorysetup-profiler-editor-allocator-block-size=1048576"
    "memorysetup-temp-allocator-size-main=16777216"
    "memorysetup-job-temp-allocator-block-size=2097152"
    "memorysetup-job-temp-allocator-block-size-background=1048576"
    "memorysetup-job-temp-allocator-reduction-small-platforms=262144"
    "memorysetup-temp-allocator-size-background-worker=32768"
    "memorysetup-temp-allocator-size-job-worker=262144"
    "memorysetup-temp-allocator-size-preload-manager=33554432"
    "memorysetup-temp-allocator-size-nav-mesh-worker=65536"
    "memorysetup-temp-allocator-size-audio-worker=65536"
    "memorysetup-temp-allocator-size-cloud-worker=32768"
    "memorysetup-temp-allocator-size-gi-baking-worker=262144"
    "memorysetup-temp-allocator-size-gfx=262144"
Player connection [1564] Host "[IP] 192.168.0.11 [Port] 0 [Flags] 2 [Guid] 3319225666 [EditorId] 3319225666 [Version] 1048832 [Id] WindowsEditor(7,DESKTOP-MN4RVAM) [Debug] 1 [PackageName] WindowsEditor [ProjectName] Editor" joined multi-casting on [225.0.0.222:54997]...

Player connection [1564] Host "[IP] 192.168.0.11 [Port] 0 [Flags] 2 [Guid] 3319225666 [EditorId] 3319225666 [Version] 1048832 [Id] WindowsEditor(7,DESKTOP-MN4RVAM) [Debug] 1 [PackageName] WindowsEditor [ProjectName] Editor" joined alternative multi-casting on [225.0.0.222:34997]...

Refreshing native plugins compatible for Editor in 201.54 ms, found 3 plugins.
Preloading 0 native plugins for Editor in 0.00 ms.
Initialize engine version: 2021.3.15f1 (e8e88683f834)
[Subsystems] Discovering subsystems at path F:/Unity/2021.3.15f1/Editor/Data/Resources/UnitySubsystems
[Subsystems] Discovering subsystems at path F:/Github/VR-projekt/VR projekt/Assets
GfxDevice: creating device client; threaded=0; jobified=0
Direct3D:
    Version:  Direct3D 11.0 [level 11.1]
    Renderer: NVIDIA GeForce GTX 1650 (ID=0x1f91)
    Vendor:   NVIDIA
    VRAM:     3949 MB
    Driver:   31.0.15.2824
Initialize mono
Mono path[0] = 'F:/Unity/2021.3.15f1/Editor/Data/Managed'
Mono path[1] = 'F:/Unity/2021.3.15f1/Editor/Data/MonoBleedingEdge/lib/mono/unityjit-win32'
Mono config path = 'F:/Unity/2021.3.15f1/Editor/Data/MonoBleedingEdge/etc'
Using monoOptions --debugger-agent=transport=dt_socket,embedding=1,server=y,suspend=n,address=127.0.0.1:56320
Begin MonoManager ReloadAssembly
Registering precompiled unity dll's ...
Register platform support module: F:/Unity/2021.3.15f1/Editor/Data/PlaybackEngines/WindowsStandaloneSupport/UnityEditor.WindowsStandalone.Extensions.dll
Registered in 0.010783 seconds.
Native extension for WindowsStandalone target not found
Refreshing native plugins compatible for Editor in 171.96 ms, found 3 plugins.
Preloading 0 native plugins for Editor in 0.00 ms.
Mono: successfully reloaded assembly
- Completed reload, in  1.173 seconds
Domain Reload Profiling:
	ReloadAssembly (1173ms)
		BeginReloadAssembly (132ms)
			ExecutionOrderSort (0ms)
			DisableScriptedObjects (0ms)
			BackupInstance (0ms)
			ReleaseScriptingObjects (0ms)
			CreateAndSetChildDomain (1ms)
		EndReloadAssembly (832ms)
			LoadAssemblies (128ms)
			RebuildTransferFunctionScriptingTraits (0ms)
			SetupTypeCache (205ms)
			ReleaseScriptCaches (0ms)
			RebuildScriptCaches (53ms)
			SetupLoadedEditorAssemblies (497ms)
				LogAssemblyErrors (0ms)
				InitializePlatformSupportModulesInManaged (12ms)
				SetLoadedEditorAssemblies (0ms)
				RefreshPlugins (172ms)
				BeforeProcessingInitializeOnLoad (2ms)
				ProcessInitializeOnLoadAttributes (233ms)
				ProcessInitializeOnLoadMethodAttributes (77ms)
				AfterProcessingInitializeOnLoad (0ms)
				EditorAssembliesLoaded (0ms)
			ExecutionOrderSort2 (0ms)
			AwakeInstancesAfterBackupRestoration (0ms)
Platform modules already initialized, skipping
Registering precompiled user dll's ...
Registered in 0.014181 seconds.
Begin MonoManager ReloadAssembly
Symbol file LoadedFromMemory doesn't match image F:\Github\VR-projekt\VR projekt\Library\PackageCache\com.unity.visualscripting@1.7.8\Editor\VisualScripting.Core\Dependencies\YamlDotNet\Unity.VisualScripting.YamlDotNet.dll
Symbol file LoadedFromMemory doesn't match image F:\Github\VR-projekt\VR projekt\Library\PackageCache\com.unity.visualscripting@1.7.8\Editor\VisualScripting.Core\Dependencies\DotNetZip\Unity.VisualScripting.IonicZip.dll
Native extension for WindowsStandalone target not found
Refreshing native plugins compatible for Editor in 151.15 ms, found 3 plugins.
Preloading 0 native plugins for Editor in 0.00 ms.
Mono: successfully reloaded assembly
- Completed reload, in  2.536 seconds
Domain Reload Profiling:
	ReloadAssembly (2537ms)
		BeginReloadAssembly (202ms)
			ExecutionOrderSort (0ms)
			DisableScriptedObjects (8ms)
			BackupInstance (0ms)
			ReleaseScriptingObjects (0ms)
			CreateAndSetChildDomain (33ms)
		EndReloadAssembly (2119ms)
			LoadAssemblies (150ms)
			RebuildTransferFunctionScriptingTraits (0ms)
			SetupTypeCache (571ms)
			ReleaseScriptCaches (1ms)
			RebuildScriptCaches (112ms)
			SetupLoadedEditorAssemblies (1223ms)
				LogAssemblyErrors (0ms)
				InitializePlatformSupportModulesInManaged (7ms)
				SetLoadedEditorAssemblies (0ms)
				RefreshPlugins (151ms)
				BeforeProcessingInitializeOnLoad (157ms)
				ProcessInitializeOnLoadAttributes (838ms)
				ProcessInitializeOnLoadMethodAttributes (53ms)
				AfterProcessingInitializeOnLoad (16ms)
				EditorAssembliesLoaded (0ms)
			ExecutionOrderSort2 (0ms)
			AwakeInstancesAfterBackupRestoration (12ms)
Platform modules already initialized, skipping
========================================================================
Worker process is ready to serve import requests
Launched and connected shader compiler UnityShaderCompiler.exe after 0.08 seconds
Refreshing native plugins compatible for Editor in 1.42 ms, found 3 plugins.
Preloading 0 native plugins for Editor in 0.00 ms.
Unloading 3883 Unused Serialized files (Serialized files now loaded: 0)
Unloading 44 unused Assets / (185.4 KB). Loaded Objects now: 4360.
Memory consumption went from 152.2 MB to 152.1 MB.
Total: 6.642300 ms (FindLiveObjects: 0.938300 ms CreateObjectMapping: 0.449300 ms MarkObjects: 5.022900 ms  DeleteObjects: 0.230600 ms)

AssetImportParameters requested are different than current active one (requested -> active):
  custom:video-decoder-ogg-theora: a1e56fd34408186e4bbccfd4996cb3dc -> 
  custom:container-muxer-webm: aa71ff27fc2769a1b78a27578f13a17b -> 
  custom:container-demuxer-webm: 4f35f7cbe854078d1ac9338744f61a02 -> 
  custom:video-encoder-webm-vp8: eb34c28f22e8b96e1ab97ce403110664 -> 
  custom:audio-encoder-webm-vorbis: bf7c407c2cedff20999df2af8eb42d56 -> 
  custom:framework-win-MediaFoundation: 216162199b28c13a410421893ffa2e32 -> 
  custom:container-demuxer-ogg: 62fdf1f143b41e24485cea50d1cbac27 -> 
  custom:video-decoder-webm-vp8: 9c59270c3fd7afecdb556c50c9e8de78 -> 
  custom:audio-decoder-ogg-vorbis: bf7c407c2cedff20999df2af8eb42d56 -> 
========================================================================
Received Import Request.
  Time since last request: 14346.541717 seconds.
  path: Assets/Fantasy Pack/Halloween Package/Prefabs/CTMSP_BrokenGrave_3.prefab
  artifactKey: Guid(78f7a00fa8995d9478a62c6a29104eaf) Importer(815301076,1909f56bfc062723c751e8b465ee728b)
Start importing Assets/Fantasy Pack/Halloween Package/Prefabs/CTMSP_BrokenGrave_3.prefab using Guid(78f7a00fa8995d9478a62c6a29104eaf) Importer(815301076,1909f56bfc062723c751e8b465ee728b)  -> (artifact id: '80cd6f96bb1ed42e7667a526e320c1bf') in 0.620648 seconds 
========================================================================
Received Import Request.
  Time since last request: 0.000032 seconds.
  path: Assets/Fantasy Pack/Halloween Package/Prefabs/HLW_Candy_ORG_4.prefab
  artifactKey: Guid(5197bca447d8e0747abeedb7da580353) Importer(815301076,1909f56bfc062723c751e8b465ee728b)
Start importing Assets/Fantasy Pack/Halloween Package/Prefabs/HLW_Candy_ORG_4.prefab using Guid(5197bca447d8e0747abeedb7da580353) Importer(815301076,1909f56bfc062723c751e8b465ee728b)  -> (artifact id: '4c0e97113f0f93f2d0624fb68d640dd7') in 0.032100 seconds 
========================================================================
Received Import Request.
  Time since last request: 0.000047 seconds.
  path: Assets/Fantasy Pack/Halloween Package/Prefabs/HLW_Candy_PRP_5.prefab
  artifactKey: Guid(2b1c1855d9d3c614aaa080f3b94e9d44) Importer(815301076,1909f56bfc062723c751e8b465ee728b)
Start importing Assets/Fantasy Pack/Halloween Package/Prefabs/HLW_Candy_PRP_5.prefab using Guid(2b1c1855d9d3c614aaa080f3b94e9d44) Importer(815301076,1909f56bfc062723c751e8b465ee728b)  -> (artifact id: '57772681471d5efbb56c6102b2afe70d') in 0.018825 seconds 
========================================================================
Received Import Request.
  Time since last request: 0.000034 seconds.
  path: Assets/Fantasy Pack/Halloween Package/Prefabs/HLW_Candy_PNK_2.prefab
  artifactKey: Guid(076799796c0488246b7b8b0eeca7e339) Importer(815301076,1909f56bfc062723c751e8b465ee728b)
Start importing Assets/Fantasy Pack/Halloween Package/Prefabs/HLW_Candy_PNK_2.prefab using Guid(076799796c0488246b7b8b0eeca7e339) Importer(815301076,1909f56bfc062723c751e8b465ee728b)  -> (artifact id: '86d099b7321d8298b7a477eba35eaf7f') in 0.024048 seconds 
========================================================================
Received Import Request.
  Time since last request: 0.000042 seconds.
  path: Assets/Fantasy Pack/Halloween Package/Prefabs/CTMSP_BrokenGrave_9.prefab
  artifactKey: Guid(a5a74de7d1bd7e547b6a831312c04d1a) Importer(815301076,1909f56bfc062723c751e8b465ee728b)
Start importing Assets/Fantasy Pack/Halloween Package/Prefabs/CTMSP_BrokenGrave_9.prefab using Guid(a5a74de7d1bd7e547b6a831312c04d1a) Importer(815301076,1909f56bfc062723c751e8b465ee728b)  -> (artifact id: '6036a97292275dbd1288a2d915ce116f') in 0.022547 seconds 
========================================================================
Received Import Request.
  Time since last request: 0.000031 seconds.
  path: Assets/Fantasy Pack/Halloween Package/Prefabs/HLW_Candy_BLE_4.prefab
  artifactKey: Guid(46c8d0b4610d58f4aa9b59c4de04f71d) Importer(815301076,1909f56bfc062723c751e8b465ee728b)
Start importing Assets/Fantasy Pack/Halloween Package/Prefabs/HLW_Candy_BLE_4.prefab using Guid(46c8d0b4610d58f4aa9b59c4de04f71d) Importer(815301076,1909f56bfc062723c751e8b465ee728b)  -> (artifact id: '4d85de49c9b26cfa10c4755c749160c5') in 0.019898 seconds 
========================================================================
Received Import Request.
  Time since last request: 0.000037 seconds.
  path: Assets/Fantasy Pack/Halloween Package/Prefabs/HLW_Candy_ORG_5.prefab
  artifactKey: Guid(8e00992d17176384bb2a4e4b43e2947c) Importer(815301076,1909f56bfc062723c751e8b465ee728b)
Start importing Assets/Fantasy Pack/Halloween Package/Prefabs/HLW_Candy_ORG_5.prefab using Guid(8e00992d17176384bb2a4e4b43e2947c) Importer(815301076,1909f56bfc062723c751e8b465ee728b)  -> (artifact id: '7f273693ea5523e5f1da85d3a9fde010') in 0.020158 seconds 
========================================================================
Received Import Request.
  Time since last request: 0.000022 seconds.
  path: Assets/Fantasy Pack/Halloween Package/Prefabs/HLW_Skull_2.prefab
  artifactKey: Guid(26145655c3d80924e8e380b08960c87a) Importer(815301076,1909f56bfc062723c751e8b465ee728b)
Start importing Assets/Fantasy Pack/Halloween Package/Prefabs/HLW_Skull_2.prefab using Guid(26145655c3d80924e8e380b08960c87a) Importer(815301076,1909f56bfc062723c751e8b465ee728b)  -> (artifact id: '50234bcff42f1d6a7c4f24fb4793816d') in 0.024817 seconds 
========================================================================
Received Import Request.
  Time since last request: 0.000027 seconds.
  path: Assets/Fantasy Pack/Halloween Package/Prefabs/HLW_ScareCrow_2.prefab
  artifactKey: Guid(7d5c51406b196634e8be990e6234c5f0) Importer(815301076,1909f56bfc062723c751e8b465ee728b)
Start importing Assets/Fantasy Pack/Halloween Package/Prefabs/HLW_ScareCrow_2.prefab using Guid(7d5c51406b196634e8be990e6234c5f0) Importer(815301076,1909f56bfc062723c751e8b465ee728b)  -> (artifact id: '7b87802ce0659bf78f12a48200da0c38') in 0.344407 seconds 
========================================================================
Received Import Request.
  Time since last request: 0.000029 seconds.
  path: Assets/Fantasy Pack/Halloween Package/Prefabs/HLW_Candy_PNK_3.prefab
  artifactKey: Guid(f03eb935549c7ca4898a3dee166843cd) Importer(815301076,1909f56bfc062723c751e8b465ee728b)
Start importing Assets/Fantasy Pack/Halloween Package/Prefabs/HLW_Candy_PNK_3.prefab using Guid(f03eb935549c7ca4898a3dee166843cd) Importer(815301076,1909f56bfc062723c751e8b465ee728b)  -> (artifact id: '8f15b03032d2659eafcb354ab8b94a05') in 0.027670 seconds 
========================================================================
Received Import Request.
  Time since last request: 0.000037 seconds.
  path: Assets/Fantasy Pack/Halloween Package/Prefabs/CTMSP_BrokenGrave_4.prefab
  artifactKey: Guid(cc2b8f92f8910d34c91706a91c827bfb) Importer(815301076,1909f56bfc062723c751e8b465ee728b)
Start importing Assets/Fantasy Pack/Halloween Package/Prefabs/CTMSP_BrokenGrave_4.prefab using Guid(cc2b8f92f8910d34c91706a91c827bfb) Importer(815301076,1909f56bfc062723c751e8b465ee728b)  -> (artifact id: '4c623ae6e4cc00af51b8ef55a2071e75') in 0.034274 seconds 
========================================================================
Received Import Request.
  Time since last request: 0.000025 seconds.
  path: Assets/Fantasy Pack/Halloween Package/Prefabs/HLW_Candy_GRN_3.prefab
  artifactKey: Guid(5c72c3458548d0a409cdbd337beb622d) Importer(815301076,1909f56bfc062723c751e8b465ee728b)
Start importing Assets/Fantasy Pack/Halloween Package/Prefabs/HLW_Candy_GRN_3.prefab using Guid(5c72c3458548d0a409cdbd337beb622d) Importer(815301076,1909f56bfc062723c751e8b465ee728b)  -> (artifact id: '96a34974a72b45d1457d5bbb49ac90c9') in 0.028365 seconds 
========================================================================
Received Import Request.
  Time since last request: 0.000030 seconds.
  path: Assets/Fantasy Pack/Halloween Package/Prefabs/CTMSP_BrokenGrave_5.prefab
  artifactKey: Guid(5027719dfadc6b446990be7952f96cff) Importer(815301076,1909f56bfc062723c751e8b465ee728b)
Start importing Assets/Fantasy Pack/Halloween Package/Prefabs/CTMSP_BrokenGrave_5.prefab using Guid(5027719dfadc6b446990be7952f96cff) Importer(815301076,1909f56bfc062723c751e8b465ee728b)  -> (artifact id: 'ef5cf3dbf4bd71e024e1cc491d2c6883') in 0.042493 seconds 
========================================================================
Received Import Request.
  Time since last request: 0.000032 seconds.
  path: Assets/Fantasy Pack/Halloween Package/Prefabs/HLW_Candy_ORG_6.prefab
  artifactKey: Guid(3a3ce425077fdf84bad85e6a7f2ad85c) Importer(815301076,1909f56bfc062723c751e8b465ee728b)
Start importing Assets/Fantasy Pack/Halloween Package/Prefabs/HLW_Candy_ORG_6.prefab using Guid(3a3ce425077fdf84bad85e6a7f2ad85c) Importer(815301076,1909f56bfc062723c751e8b465ee728b)  -> (artifact id: '6bb724a9ebdf82d38d6f56eff0399800') in 0.040019 seconds 
========================================================================
Received Import Request.
  Time since last request: 0.000031 seconds.
  path: Assets/Fantasy Pack/Halloween Package/Prefabs/HLW_Candy_PRP_6.prefab
  artifactKey: Guid(57a615ca1562ea54fb9b9acd929aa4a5) Importer(815301076,1909f56bfc062723c751e8b465ee728b)
Start importing Assets/Fantasy Pack/Halloween Package/Prefabs/HLW_Candy_PRP_6.prefab using Guid(57a615ca1562ea54fb9b9acd929aa4a5) Importer(815301076,1909f56bfc062723c751e8b465ee728b)  -> (artifact id: '787c5f5b925ff7174c17c38b2d1454f6') in 0.038524 seconds 
========================================================================
Received Import Request.
  Time since last request: 0.000034 seconds.
  path: Assets/Fantasy Pack/Halloween Package/Prefabs/HLW_Candy_BLE_1.prefab
  artifactKey: Guid(6c5613714f9f88242a6ce53777937462) Importer(815301076,1909f56bfc062723c751e8b465ee728b)
Start importing Assets/Fantasy Pack/Halloween Package/Prefabs/HLW_Candy_BLE_1.prefab using Guid(6c5613714f9f88242a6ce53777937462) Importer(815301076,1909f56bfc062723c751e8b465ee728b)  -> (artifact id: '73e864add82d49231d63eef7744a5753') in 0.029889 seconds 
========================================================================
Received Import Request.
  Time since last request: 0.000041 seconds.
  path: Assets/Fantasy Pack/Halloween Package/Prefabs/HLW_CandyBasket_1.prefab
  artifactKey: Guid(9b0cd6d4446fdde41b101178f0519280) Importer(815301076,1909f56bfc062723c751e8b465ee728b)
Start importing Assets/Fantasy Pack/Halloween Package/Prefabs/HLW_CandyBasket_1.prefab using Guid(9b0cd6d4446fdde41b101178f0519280) Importer(815301076,1909f56bfc062723c751e8b465ee728b)  -> (artifact id: '5dd17476d8045f8d6227e491dfbffaf0') in 0.034046 seconds 
========================================================================
Received Import Request.
  Time since last request: 0.000019 seconds.
  path: Assets/Fantasy Pack/Halloween Package/Prefabs/HLW_Skull_1.prefab
  artifactKey: Guid(bfcc07747ff206847b57684eb37861a5) Importer(815301076,1909f56bfc062723c751e8b465ee728b)
Start importing Assets/Fantasy Pack/Halloween Package/Prefabs/HLW_Skull_1.prefab using Guid(bfcc07747ff206847b57684eb37861a5) Importer(815301076,1909f56bfc062723c751e8b465ee728b)  -> (artifact id: 'dba97cce2472be42e04d5222876c73ed') in 0.022181 seconds 
========================================================================
Received Import Request.
  Time since last request: 0.000023 seconds.
  path: Assets/Fantasy Pack/Halloween Package/Prefabs/HLW_ScareCrow_1.prefab
  artifactKey: Guid(e1adaa0b7d0228f4ebad9d01cd6d13be) Importer(815301076,1909f56bfc062723c751e8b465ee728b)
Start importing Assets/Fantasy Pack/Halloween Package/Prefabs/HLW_ScareCrow_1.prefab using Guid(e1adaa0b7d0228f4ebad9d01cd6d13be) Importer(815301076,1909f56bfc062723c751e8b465ee728b)  -> (artifact id: 'f21074e9dabba1eca9ff2a58df92398f') in 0.022331 seconds 
========================================================================
Received Import Request.
  Time since last request: 0.000030 seconds.
  path: Assets/Fantasy Pack/Halloween Package/Prefabs/CTMSP_BrokenGrave_8.prefab
  artifactKey: Guid(e0dde8124917a2a499a4bdf459327b6b) Importer(815301076,1909f56bfc062723c751e8b465ee728b)
Start importing Assets/Fantasy Pack/Halloween Package/Prefabs/CTMSP_BrokenGrave_8.prefab using Guid(e0dde8124917a2a499a4bdf459327b6b) Importer(815301076,1909f56bfc062723c751e8b465ee728b)  -> (artifact id: 'ec6376cbe3dcd8642394e919a7b5f670') in 0.029139 seconds 
========================================================================
Received Import Request.
  Time since last request: 0.000029 seconds.
  path: Assets/Fantasy Pack/Halloween Package/Prefabs/HLW_Candy_YLW_2.prefab
  artifactKey: Guid(a849239fefbde194496e2c37099004e4) Importer(815301076,1909f56bfc062723c751e8b465ee728b)
Start importing Assets/Fantasy Pack/Halloween Package/Prefabs/HLW_Candy_YLW_2.prefab using Guid(a849239fefbde194496e2c37099004e4) Importer(815301076,1909f56bfc062723c751e8b465ee728b)  -> (artifact id: '8d7efa364978a5ac1aa54e7c01b634e9') in 0.034569 seconds 
========================================================================
Received Import Request.
  Time since last request: 0.000033 seconds.
  path: Assets/Fantasy Pack/Halloween Package/Prefabs/CTMSP_Grave_3.prefab
  artifactKey: Guid(6aff06086c6d690429cb8a5c67ea1996) Importer(815301076,1909f56bfc062723c751e8b465ee728b)
Start importing Assets/Fantasy Pack/Halloween Package/Prefabs/CTMSP_Grave_3.prefab using Guid(6aff06086c6d690429cb8a5c67ea1996) Importer(815301076,1909f56bfc062723c751e8b465ee728b)  -> (artifact id: '4e7516e6c12658cf157eb419779b16cb') in 0.026783 seconds 
========================================================================
Received Import Request.
  Time since last request: 0.000035 seconds.
  path: Assets/Fantasy Pack/Halloween Package/Prefabs/HLW_Candy_RD_3.prefab
  artifactKey: Guid(16b33f8e54e1ffb48a50f3fd14b26b9c) Importer(815301076,1909f56bfc062723c751e8b465ee728b)
Start importing Assets/Fantasy Pack/Halloween Package/Prefabs/HLW_Candy_RD_3.prefab using Guid(16b33f8e54e1ffb48a50f3fd14b26b9c) Importer(815301076,1909f56bfc062723c751e8b465ee728b)  -> (artifact id: 'f57304c2771443a10a0680557339fe16') in 0.023383 seconds 
========================================================================
Received Import Request.
  Time since last request: 0.000039 seconds.
  path: Assets/Fantasy Pack/Halloween Package/Prefabs/HLW_Candy_ORG_1.prefab
  artifactKey: Guid(c28b8b1378849314aa8b92a72cdafb2e) Importer(815301076,1909f56bfc062723c751e8b465ee728b)
Start importing Assets/Fantasy Pack/Halloween Package/Prefabs/HLW_Candy_ORG_1.prefab using Guid(c28b8b1378849314aa8b92a72cdafb2e) Importer(815301076,1909f56bfc062723c751e8b465ee728b)  -> (artifact id: '962a5e1063ecce5ea1c74528ad508191') in 0.028118 seconds 
========================================================================
Received Import Request.
  Time since last request: 0.000023 seconds.
  path: Assets/Fantasy Pack/Halloween Package/Prefabs/HLW_Candy_BLE_2.prefab
  artifactKey: Guid(7aa2a75cc143f1745bbf5640c5c09ee8) Importer(815301076,1909f56bfc062723c751e8b465ee728b)
Start importing Assets/Fantasy Pack/Halloween Package/Prefabs/HLW_Candy_BLE_2.prefab using Guid(7aa2a75cc143f1745bbf5640c5c09ee8) Importer(815301076,1909f56bfc062723c751e8b465ee728b)  -> (artifact id: '334df605d5e2d06fbfd4bddbced1bd41') in 0.024860 seconds 
========================================================================
Received Import Request.
  Time since last request: 0.000025 seconds.
  path: Assets/Fantasy Pack/Halloween Package/Prefabs/HLW_SkullCandle_1.prefab
  artifactKey: Guid(1a3e2e873666a49408d23e9ee0af59fc) Importer(815301076,1909f56bfc062723c751e8b465ee728b)
Start importing Assets/Fantasy Pack/Halloween Package/Prefabs/HLW_SkullCandle_1.prefab using Guid(1a3e2e873666a49408d23e9ee0af59fc) Importer(815301076,1909f56bfc062723c751e8b465ee728b)  -> (artifact id: 'cfc6161149acfcdf26ffe21a8d745e6d') in 0.036158 seconds 
Editor requested this worker to shutdown with reason: Scaling down because of idle timeout
AssetImportWorker is now disconnected from the server
Process exiting
Exiting without the bug reporter. Application will terminate with return code 0