Using pre-set license
Built from '2021.3/staging' branch; Version is '2021.3.4f1 (cb45f9cae8b7) revision 13321721'; Using compiler version '192829333'; Build Type 'Release'
OS: 'Windows 10  (10.0.19045) 64bit Professional' Language: 'pl' Physical Memory: 32681 MB
BatchMode: 1, IsHumanControllingUs: 0, StartBugReporterOnCrash: 0, Is64bit: 1, IsPro: 1

COMMAND LINE ARGUMENTS:
C:\Program Files\Unity\Hub\Editor\2021.3.4f1\Editor\Unity.exe
-adb2
-batchMode
-noUpm
-name
AssetImportWorker7
-projectPath
C:/Users/Magdalena/Documents/GitHub/VR-projekt(2)/VR-projekt/VR projekt
-logFile
Logs/AssetImportWorker7.log
-srvPort
64368
Successfully changed project path to: C:/Users/Magdalena/Documents/GitHub/VR-projekt(2)/VR-projekt/VR projekt
C:/Users/Magdalena/Documents/GitHub/VR-projekt(2)/VR-projekt/VR projekt
[UnityMemory] Configuration Parameters - Can be set up in boot.config
    "memorysetup-bucket-allocator-granularity=16"
    "memorysetup-bucket-allocator-bucket-count=8"
    "memorysetup-bucket-allocator-block-size=33554432"
    "memorysetup-bucket-allocator-block-count=8"
    "memorysetup-main-allocator-block-size=16777216"
    "memorysetup-thread-allocator-block-size=16777216"
    "memorysetup-gfx-main-allocator-block-size=16777216"
    "memorysetup-gfx-thread-allocator-block-size=16777216"
    "memorysetup-cache-allocator-block-size=4194304"
    "memorysetup-typetree-allocator-block-size=2097152"
    "memorysetup-profiler-bucket-allocator-granularity=16"
    "memorysetup-profiler-bucket-allocator-bucket-count=8"
    "memorysetup-profiler-bucket-allocator-block-size=33554432"
    "memorysetup-profiler-bucket-allocator-block-count=8"
    "memorysetup-profiler-allocator-block-size=16777216"
    "memorysetup-profiler-editor-allocator-block-size=1048576"
    "memorysetup-temp-allocator-size-main=16777216"
    "memorysetup-job-temp-allocator-block-size=2097152"
    "memorysetup-job-temp-allocator-block-size-background=1048576"
    "memorysetup-job-temp-allocator-reduction-small-platforms=262144"
    "memorysetup-temp-allocator-size-background-worker=32768"
    "memorysetup-temp-allocator-size-job-worker=262144"
    "memorysetup-temp-allocator-size-preload-manager=33554432"
    "memorysetup-temp-allocator-size-nav-mesh-worker=65536"
    "memorysetup-temp-allocator-size-audio-worker=65536"
    "memorysetup-temp-allocator-size-cloud-worker=32768"
    "memorysetup-temp-allocator-size-gi-baking-worker=262144"
    "memorysetup-temp-allocator-size-gfx=262144"
Refreshing native plugins compatible for Editor in 95.00 ms, found 3 plugins.
Preloading 0 native plugins for Editor in 0.00 ms.
Initialize engine version: 2021.3.4f1 (cb45f9cae8b7)
[Subsystems] Discovering subsystems at path C:/Program Files/Unity/Hub/Editor/2021.3.4f1/Editor/Data/Resources/UnitySubsystems
[Subsystems] Discovering subsystems at path C:/Users/Magdalena/Documents/GitHub/VR-projekt(2)/VR-projekt/VR projekt/Assets
GfxDevice: creating device client; threaded=0; jobified=0
Direct3D:
    Version:  Direct3D 11.0 [level 11.1]
    Renderer: NVIDIA GeForce RTX 3060 Ti (ID=0x2489)
    Vendor:   NVIDIA
    VRAM:     8038 MB
    Driver:   31.0.15.2849
Initialize mono
Mono path[0] = 'C:/Program Files/Unity/Hub/Editor/2021.3.4f1/Editor/Data/Managed'
Mono path[1] = 'C:/Program Files/Unity/Hub/Editor/2021.3.4f1/Editor/Data/MonoBleedingEdge/lib/mono/unityjit-win32'
Mono config path = 'C:/Program Files/Unity/Hub/Editor/2021.3.4f1/Editor/Data/MonoBleedingEdge/etc'
Using monoOptions --debugger-agent=transport=dt_socket,embedding=1,server=y,suspend=n,address=127.0.0.1:56064
Begin MonoManager ReloadAssembly
Registering precompiled unity dll's ...
Register platform support module: C:/Program Files/Unity/Hub/Editor/2021.3.4f1/Editor/Data/PlaybackEngines/WindowsStandaloneSupport/UnityEditor.WindowsStandalone.Extensions.dll
Registered in 0.007220 seconds.
Native extension for WindowsStandalone target not found
Refreshing native plugins compatible for Editor in 96.11 ms, found 3 plugins.
Preloading 0 native plugins for Editor in 0.00 ms.
Mono: successfully reloaded assembly
- Completed reload, in  0.568 seconds
Domain Reload Profiling:
	ReloadAssembly (568ms)
		BeginReloadAssembly (64ms)
			ExecutionOrderSort (0ms)
			DisableScriptedObjects (0ms)
			BackupInstance (0ms)
			ReleaseScriptingObjects (0ms)
			CreateAndSetChildDomain (1ms)
		EndReloadAssembly (402ms)
			LoadAssemblies (61ms)
			RebuildTransferFunctionScriptingTraits (0ms)
			SetupTypeCache (77ms)
			ReleaseScriptCaches (0ms)
			RebuildScriptCaches (20ms)
			SetupLoadedEditorAssemblies (261ms)
				LogAssemblyErrors (0ms)
				InitializePlatformSupportModulesInManaged (7ms)
				SetLoadedEditorAssemblies (0ms)
				RefreshPlugins (96ms)
				BeforeProcessingInitializeOnLoad (1ms)
				ProcessInitializeOnLoadAttributes (118ms)
				ProcessInitializeOnLoadMethodAttributes (38ms)
				AfterProcessingInitializeOnLoad (0ms)
				EditorAssembliesLoaded (0ms)
			ExecutionOrderSort2 (0ms)
			AwakeInstancesAfterBackupRestoration (0ms)
Platform modules already initialized, skipping
Registering precompiled user dll's ...
Registered in 0.006618 seconds.
Begin MonoManager ReloadAssembly
Symbol file LoadedFromMemory doesn't match image C:\Users\Magdalena\Documents\GitHub\VR-projekt(2)\VR-projekt\VR projekt\Library\PackageCache\com.unity.visualscripting@1.7.8\Editor\VisualScripting.Core\Dependencies\YamlDotNet\Unity.VisualScripting.YamlDotNet.dll
Symbol file LoadedFromMemory doesn't match image C:\Users\Magdalena\Documents\GitHub\VR-projekt(2)\VR-projekt\VR projekt\Library\PackageCache\com.unity.visualscripting@1.7.8\Editor\VisualScripting.Core\Dependencies\DotNetZip\Unity.VisualScripting.IonicZip.dll
Native extension for WindowsStandalone target not found
Refreshing native plugins compatible for Editor in 85.93 ms, found 3 plugins.
Preloading 0 native plugins for Editor in 0.00 ms.
Mono: successfully reloaded assembly
- Completed reload, in  1.209 seconds
Domain Reload Profiling:
	ReloadAssembly (1210ms)
		BeginReloadAssembly (105ms)
			ExecutionOrderSort (0ms)
			DisableScriptedObjects (5ms)
			BackupInstance (0ms)
			ReleaseScriptingObjects (0ms)
			CreateAndSetChildDomain (18ms)
		EndReloadAssembly (999ms)
			LoadAssemblies (89ms)
			RebuildTransferFunctionScriptingTraits (0ms)
			SetupTypeCache (207ms)
			ReleaseScriptCaches (1ms)
			RebuildScriptCaches (43ms)
			SetupLoadedEditorAssemblies (632ms)
				LogAssemblyErrors (0ms)
				InitializePlatformSupportModulesInManaged (5ms)
				SetLoadedEditorAssemblies (0ms)
				RefreshPlugins (86ms)
				BeforeProcessingInitializeOnLoad (87ms)
				ProcessInitializeOnLoadAttributes (410ms)
				ProcessInitializeOnLoadMethodAttributes (36ms)
				AfterProcessingInitializeOnLoad (9ms)
				EditorAssembliesLoaded (0ms)
			ExecutionOrderSort2 (0ms)
			AwakeInstancesAfterBackupRestoration (5ms)
Platform modules already initialized, skipping
========================================================================
Worker process is ready to serve import requests
Launched and connected shader compiler UnityShaderCompiler.exe after 0.04 seconds
Refreshing native plugins compatible for Editor in 1.50 ms, found 3 plugins.
Preloading 0 native plugins for Editor in 0.00 ms.
Unloading 3862 Unused Serialized files (Serialized files now loaded: 0)
Unloading 44 unused Assets / (181.9 KB). Loaded Objects now: 4345.
Memory consumption went from 157.1 MB to 156.9 MB.
Total: 5.389400 ms (FindLiveObjects: 0.436000 ms CreateObjectMapping: 0.131100 ms MarkObjects: 4.673500 ms  DeleteObjects: 0.147900 ms)

AssetImportParameters requested are different than current active one (requested -> active):
  custom:video-decoder-ogg-theora: a1e56fd34408186e4bbccfd4996cb3dc -> 
  custom:container-muxer-webm: aa71ff27fc2769a1b78a27578f13a17b -> 
  custom:container-demuxer-webm: 4f35f7cbe854078d1ac9338744f61a02 -> 
  custom:video-encoder-webm-vp8: eb34c28f22e8b96e1ab97ce403110664 -> 
  custom:audio-encoder-webm-vorbis: bf7c407c2cedff20999df2af8eb42d56 -> 
  custom:framework-win-MediaFoundation: 216162199b28c13a410421893ffa2e32 -> 
  custom:container-demuxer-ogg: 62fdf1f143b41e24485cea50d1cbac27 -> 
  custom:video-decoder-webm-vp8: 9c59270c3fd7afecdb556c50c9e8de78 -> 
  custom:audio-decoder-ogg-vorbis: bf7c407c2cedff20999df2af8eb42d56 -> 
========================================================================
Received Import Request.
  Time since last request: 97504.927709 seconds.
  path: Assets/cemetery halloween set/spiderweb_04.prefab
  artifactKey: Guid(878b36ce4a9646748a4a1d4a8978584b) Importer(815301076,1909f56bfc062723c751e8b465ee728b)
Start importing Assets/cemetery halloween set/spiderweb_04.prefab using Guid(878b36ce4a9646748a4a1d4a8978584b) Importer(815301076,1909f56bfc062723c751e8b465ee728b)  -> (artifact id: '470bdfcddb7abaf08d03264e7f333d92') in 0.128204 seconds 
========================================================================
Received Import Request.
  Time since last request: 0.000023 seconds.
  path: Assets/cemetery halloween set/zombie_hand_05.prefab
  artifactKey: Guid(57ea381efca25cf4bb6ad21fb8d5836a) Importer(815301076,1909f56bfc062723c751e8b465ee728b)
Start importing Assets/cemetery halloween set/zombie_hand_05.prefab using Guid(57ea381efca25cf4bb6ad21fb8d5836a) Importer(815301076,1909f56bfc062723c751e8b465ee728b)  -> (artifact id: '11acbfb16ca8ffd1bb921807a8426eed') in 0.022678 seconds 
========================================================================
Received Import Request.
  Time since last request: 12.719872 seconds.
  path: Assets/CemeteryPack/Floor11.prefab
  artifactKey: Guid(8578f58d2c6eff84eac4b105a1a1fd33) Importer(815301076,1909f56bfc062723c751e8b465ee728b)
Start importing Assets/CemeteryPack/Floor11.prefab using Guid(8578f58d2c6eff84eac4b105a1a1fd33) Importer(815301076,1909f56bfc062723c751e8b465ee728b)  -> (artifact id: '88621e8a644db68acb0905cf310ebcf0') in 0.043780 seconds 
========================================================================
Received Import Request.
  Time since last request: 0.000030 seconds.
  path: Assets/CemeteryPack/Floor28.prefab
  artifactKey: Guid(42ac531c95545204fbbd1fb4fd09e86b) Importer(815301076,1909f56bfc062723c751e8b465ee728b)
Start importing Assets/CemeteryPack/Floor28.prefab using Guid(42ac531c95545204fbbd1fb4fd09e86b) Importer(815301076,1909f56bfc062723c751e8b465ee728b)  -> (artifact id: 'cadbceb2e157ba3b9a59fc612eb70293') in 0.041215 seconds 
========================================================================
Received Import Request.
  Time since last request: 0.000020 seconds.
  path: Assets/CemeteryPack/FloorFoundation5.prefab
  artifactKey: Guid(1b3844a3b68d4f74788c0bfa081a38d1) Importer(815301076,1909f56bfc062723c751e8b465ee728b)
Start importing Assets/CemeteryPack/FloorFoundation5.prefab using Guid(1b3844a3b68d4f74788c0bfa081a38d1) Importer(815301076,1909f56bfc062723c751e8b465ee728b)  -> (artifact id: 'd5f7262757754526c862b4ce90d9f2fb') in 0.026500 seconds 
========================================================================
Received Import Request.
  Time since last request: 0.000017 seconds.
  path: Assets/CemeteryPack/Floor26.prefab
  artifactKey: Guid(81b4d9f6dd6371447b80b288f477e059) Importer(815301076,1909f56bfc062723c751e8b465ee728b)
Start importing Assets/CemeteryPack/Floor26.prefab using Guid(81b4d9f6dd6371447b80b288f477e059) Importer(815301076,1909f56bfc062723c751e8b465ee728b)  -> (artifact id: 'e5975bea35c38d88a3aa5da000c6b2ec') in 0.023634 seconds 
========================================================================
Received Import Request.
  Time since last request: 0.000015 seconds.
  path: Assets/CemeteryPack/MetObj_FenceFoundation4.prefab
  artifactKey: Guid(328e133e7cc5117409ed51bbbcf7ed64) Importer(815301076,1909f56bfc062723c751e8b465ee728b)
Start importing Assets/CemeteryPack/MetObj_FenceFoundation4.prefab using Guid(328e133e7cc5117409ed51bbbcf7ed64) Importer(815301076,1909f56bfc062723c751e8b465ee728b)  -> (artifact id: '039e00bd67fa52d6ca94461df13a2d19') in 0.032877 seconds 
========================================================================
Received Import Request.
  Time since last request: 0.000030 seconds.
  path: Assets/CemeteryPack/MetObj_FenceFoundation9.prefab
  artifactKey: Guid(34935def1d5471f4e87f0b093c3d4df3) Importer(815301076,1909f56bfc062723c751e8b465ee728b)
Start importing Assets/CemeteryPack/MetObj_FenceFoundation9.prefab using Guid(34935def1d5471f4e87f0b093c3d4df3) Importer(815301076,1909f56bfc062723c751e8b465ee728b)  -> (artifact id: '0ed206c51f2a14f4fbdf1db525f8bc4c') in 0.015034 seconds 
========================================================================
Received Import Request.
  Time since last request: 1.828930 seconds.
  path: Assets/CemeteryPack/Tombstones.prefab
  artifactKey: Guid(5b88acc3fb62ad149b29e835335343a6) Importer(815301076,1909f56bfc062723c751e8b465ee728b)
Start importing Assets/CemeteryPack/Tombstones.prefab using Guid(5b88acc3fb62ad149b29e835335343a6) Importer(815301076,1909f56bfc062723c751e8b465ee728b)  -> (artifact id: '781fffb4dd4663122a4ef88a2a10e61c') in 0.022316 seconds 
========================================================================
Received Import Request.
  Time since last request: 4.498379 seconds.
  path: Assets/FantasyWillageHouse/Well.prefab
  artifactKey: Guid(ff57c7a6d59f22c4e8359049ead78d2d) Importer(815301076,1909f56bfc062723c751e8b465ee728b)
Start importing Assets/FantasyWillageHouse/Well.prefab using Guid(ff57c7a6d59f22c4e8359049ead78d2d) Importer(815301076,1909f56bfc062723c751e8b465ee728b)  -> (artifact id: 'cde7e2053c598b1917fa51fdf946f528') in 0.037128 seconds 
========================================================================
Received Import Request.
  Time since last request: 4.398150 seconds.
  path: Assets/GraveyardProps/GraveType1_2.prefab
  artifactKey: Guid(4921f8fd6d3150245a97e40f7c8df604) Importer(815301076,1909f56bfc062723c751e8b465ee728b)
Start importing Assets/GraveyardProps/GraveType1_2.prefab using Guid(4921f8fd6d3150245a97e40f7c8df604) Importer(815301076,1909f56bfc062723c751e8b465ee728b)  -> (artifact id: '63eed18c6295708ff5028cd81f89c55b') in 0.028240 seconds 
========================================================================
Received Import Request.
  Time since last request: 0.000018 seconds.
  path: Assets/GraveyardProps/GraveType3_Damaged_2.prefab
  artifactKey: Guid(f6f8a84ce962cb042ad9edb3044f202d) Importer(815301076,1909f56bfc062723c751e8b465ee728b)
Start importing Assets/GraveyardProps/GraveType3_Damaged_2.prefab using Guid(f6f8a84ce962cb042ad9edb3044f202d) Importer(815301076,1909f56bfc062723c751e8b465ee728b)  -> (artifact id: 'a61e508d76d84894cd61ef9b110c5295') in 0.016061 seconds 
========================================================================
Received Import Request.
  Time since last request: 0.060433 seconds.
  path: Assets/GraveyardProps/TombHollow_1.prefab
  artifactKey: Guid(005d1cb2d92e75f4a858cb605ac92fe8) Importer(815301076,1909f56bfc062723c751e8b465ee728b)
Start importing Assets/GraveyardProps/TombHollow_1.prefab using Guid(005d1cb2d92e75f4a858cb605ac92fe8) Importer(815301076,1909f56bfc062723c751e8b465ee728b)  -> (artifact id: 'c5518073651ee46e7644de905e8d9f07') in 0.018572 seconds 
========================================================================
Received Import Request.
  Time since last request: 19.502843 seconds.
  path: Assets/Halloween_Pack/Pumpkin_01.prefab
  artifactKey: Guid(44fe268b4fc78844a9bc14a96a4d088d) Importer(815301076,1909f56bfc062723c751e8b465ee728b)
Start importing Assets/Halloween_Pack/Pumpkin_01.prefab using Guid(44fe268b4fc78844a9bc14a96a4d088d) Importer(815301076,1909f56bfc062723c751e8b465ee728b)  -> (artifact id: 'd314e99cdda97c959ff3986a17a7d090') in 0.022873 seconds 
========================================================================
Received Import Request.
  Time since last request: 10.992571 seconds.
  path: Assets/Poly Halloween/candle-skull-lit.prefab
  artifactKey: Guid(369456f238c2221498ccdf16df24b160) Importer(815301076,1909f56bfc062723c751e8b465ee728b)
Start importing Assets/Poly Halloween/candle-skull-lit.prefab using Guid(369456f238c2221498ccdf16df24b160) Importer(815301076,1909f56bfc062723c751e8b465ee728b)  -> (artifact id: '4edc44b2712f44ea77a819002909d216') in 0.052706 seconds 
========================================================================
Received Import Request.
  Time since last request: 0.000018 seconds.
  path: Assets/Poly Halloween/candle-stick-c-unlit.prefab
  artifactKey: Guid(4391509658c90cc418d974050830663e) Importer(815301076,1909f56bfc062723c751e8b465ee728b)
Start importing Assets/Poly Halloween/candle-stick-c-unlit.prefab using Guid(4391509658c90cc418d974050830663e) Importer(815301076,1909f56bfc062723c751e8b465ee728b)  -> (artifact id: '511c0809cef546ea4affeb335853c0fe') in 0.032841 seconds 
========================================================================
Received Import Request.
  Time since last request: 0.006864 seconds.
  path: Assets/Poly Halloween/gibbet.prefab
  artifactKey: Guid(9166965b178875f48988f6fc3e2b3ff8) Importer(815301076,1909f56bfc062723c751e8b465ee728b)
Start importing Assets/Poly Halloween/gibbet.prefab using Guid(9166965b178875f48988f6fc3e2b3ff8) Importer(815301076,1909f56bfc062723c751e8b465ee728b)  -> (artifact id: '3c2380526bbb4773845f00539cfa836a') in 0.030959 seconds 
========================================================================
Received Import Request.
  Time since last request: 0.010093 seconds.
  path: Assets/Poly Halloween/hole-graveyard.prefab
  artifactKey: Guid(681d246977554b146b68ac0bc80c5289) Importer(815301076,1909f56bfc062723c751e8b465ee728b)
Start importing Assets/Poly Halloween/hole-graveyard.prefab using Guid(681d246977554b146b68ac0bc80c5289) Importer(815301076,1909f56bfc062723c751e8b465ee728b)  -> (artifact id: '3790f10ad06d5e9f71442e64fd750b38') in 0.037826 seconds 
========================================================================
Received Import Request.
  Time since last request: 0.000019 seconds.
  path: Assets/Poly Halloween/lollipop-round-a.prefab
  artifactKey: Guid(3e02d5297645e584bb25aec22913ffbf) Importer(815301076,1909f56bfc062723c751e8b465ee728b)
Start importing Assets/Poly Halloween/lollipop-round-a.prefab using Guid(3e02d5297645e584bb25aec22913ffbf) Importer(815301076,1909f56bfc062723c751e8b465ee728b)  -> (artifact id: '1643548d3edc3bb44567a3b7599808b8') in 0.042186 seconds 
========================================================================
Received Import Request.
  Time since last request: 3.847147 seconds.
  path: Assets/Poly Halloween/pumpkin-carved-a.prefab
  artifactKey: Guid(94db350adfd5a3d4eb7c62ccad6d22ab) Importer(815301076,1909f56bfc062723c751e8b465ee728b)
Start importing Assets/Poly Halloween/pumpkin-carved-a.prefab using Guid(94db350adfd5a3d4eb7c62ccad6d22ab) Importer(815301076,1909f56bfc062723c751e8b465ee728b)  -> (artifact id: '00feb35c40bbd9cad5cb59f347303c08') in 0.027614 seconds 
========================================================================
Received Import Request.
  Time since last request: 1.183609 seconds.
  path: Assets/Poly Halloween/string-of-flags-2m.prefab
  artifactKey: Guid(cf1c900a9c6297b4bab69c67eea65093) Importer(815301076,1909f56bfc062723c751e8b465ee728b)
Start importing Assets/Poly Halloween/string-of-flags-2m.prefab using Guid(cf1c900a9c6297b4bab69c67eea65093) Importer(815301076,1909f56bfc062723c751e8b465ee728b)  -> (artifact id: 'e196ad371c861532016010b15219dd48') in 0.030151 seconds 
========================================================================
Received Import Request.
  Time since last request: 5.582874 seconds.
  path: Assets/Pure Poly/PP_Hyacinth_04.prefab
  artifactKey: Guid(194e9111af0c33840a49d573f2b26952) Importer(815301076,1909f56bfc062723c751e8b465ee728b)
Start importing Assets/Pure Poly/PP_Hyacinth_04.prefab using Guid(194e9111af0c33840a49d573f2b26952) Importer(815301076,1909f56bfc062723c751e8b465ee728b)  -> (artifact id: 'ade9ef6fea40e30e10672f4b37f6c4e5') in 0.022476 seconds 
========================================================================
Received Import Request.
  Time since last request: 0.000015 seconds.
  path: Assets/Pure Poly/PP_Mushroom_Fantasy_Purple_08.prefab
  artifactKey: Guid(d3ee913ed32937344b0587e70dc777a2) Importer(815301076,1909f56bfc062723c751e8b465ee728b)
Start importing Assets/Pure Poly/PP_Mushroom_Fantasy_Purple_08.prefab using Guid(d3ee913ed32937344b0587e70dc777a2) Importer(815301076,1909f56bfc062723c751e8b465ee728b)  -> (artifact id: 'cb389acec3f6efdd90904d1ec769d728') in 0.020806 seconds 
========================================================================
Received Import Request.
  Time since last request: 21.142046 seconds.
  path: Assets/Stylized_Fantasy/SM_Fence_3.prefab
  artifactKey: Guid(b2a3a6777e0fb2e49996f2acc526131a) Importer(815301076,1909f56bfc062723c751e8b465ee728b)
Start importing Assets/Stylized_Fantasy/SM_Fence_3.prefab using Guid(b2a3a6777e0fb2e49996f2acc526131a) Importer(815301076,1909f56bfc062723c751e8b465ee728b)  -> (artifact id: 'bda13ecfb03a0b4fedd468c4d4124a2c') in 0.026628 seconds 
========================================================================
Received Import Request.
  Time since last request: 0.003260 seconds.
  path: Assets/Stylized_Fantasy/SM_Stone_Obelisk.prefab
  artifactKey: Guid(301257378781c9440b658a128eccf9a4) Importer(815301076,1909f56bfc062723c751e8b465ee728b)
Start importing Assets/Stylized_Fantasy/SM_Stone_Obelisk.prefab using Guid(301257378781c9440b658a128eccf9a4) Importer(815301076,1909f56bfc062723c751e8b465ee728b)  -> (artifact id: '9249f98768fb2c2fe73b14ac40b7ba82') in 0.026206 seconds 
========================================================================
Received Import Request.
  Time since last request: 5.221167 seconds.
  path: Assets/Witchs_house/vessel_1.prefab
  artifactKey: Guid(6410c48c3cbac294bb361556292ee964) Importer(815301076,1909f56bfc062723c751e8b465ee728b)
Start importing Assets/Witchs_house/vessel_1.prefab using Guid(6410c48c3cbac294bb361556292ee964) Importer(815301076,1909f56bfc062723c751e8b465ee728b)  -> (artifact id: '9870a8072548404f5bc3a78f0158a669') in 0.024193 seconds 
Editor requested this worker to shutdown with reason: Scaling down because of idle timeout
AssetImportWorker is now disconnected from the server
Process exiting
Exiting without the bug reporter. Application will terminate with return code 0