Using pre-set license
Built from '2021.3/staging' branch; Version is '2021.3.15f1 (e8e88683f834) revision 15263878'; Using compiler version '192829333'; Build Type 'Release'
OS: 'Windows 10  (10.0.19045) 64bit Core' Language: 'pl' Physical Memory: 16304 MB
BatchMode: 1, IsHumanControllingUs: 0, StartBugReporterOnCrash: 0, Is64bit: 1, IsPro: 1

COMMAND LINE ARGUMENTS:
F:\Unity\2021.3.15f1\Editor\Unity.exe
-adb2
-batchMode
-noUpm
-name
AssetImportWorker64
-projectPath
F:/Github/VR-projekt/VR projekt
-logFile
Logs/AssetImportWorker64.log
-srvPort
52652
Successfully changed project path to: F:/Github/VR-projekt/VR projekt
F:/Github/VR-projekt/VR projekt
[UnityMemory] Configuration Parameters - Can be set up in boot.config
    "memorysetup-bucket-allocator-granularity=16"
    "memorysetup-bucket-allocator-bucket-count=8"
    "memorysetup-bucket-allocator-block-size=33554432"
    "memorysetup-bucket-allocator-block-count=8"
    "memorysetup-main-allocator-block-size=16777216"
    "memorysetup-thread-allocator-block-size=16777216"
    "memorysetup-gfx-main-allocator-block-size=16777216"
    "memorysetup-gfx-thread-allocator-block-size=16777216"
    "memorysetup-cache-allocator-block-size=4194304"
    "memorysetup-typetree-allocator-block-size=2097152"
    "memorysetup-profiler-bucket-allocator-granularity=16"
    "memorysetup-profiler-bucket-allocator-bucket-count=8"
    "memorysetup-profiler-bucket-allocator-block-size=33554432"
    "memorysetup-profiler-bucket-allocator-block-count=8"
    "memorysetup-profiler-allocator-block-size=16777216"
    "memorysetup-profiler-editor-allocator-block-size=1048576"
    "memorysetup-temp-allocator-size-main=16777216"
    "memorysetup-job-temp-allocator-block-size=2097152"
    "memorysetup-job-temp-allocator-block-size-background=1048576"
    "memorysetup-job-temp-allocator-reduction-small-platforms=262144"
    "memorysetup-temp-allocator-size-background-worker=32768"
    "memorysetup-temp-allocator-size-job-worker=262144"
    "memorysetup-temp-allocator-size-preload-manager=33554432"
    "memorysetup-temp-allocator-size-nav-mesh-worker=65536"
    "memorysetup-temp-allocator-size-audio-worker=65536"
    "memorysetup-temp-allocator-size-cloud-worker=32768"
    "memorysetup-temp-allocator-size-gi-baking-worker=262144"
    "memorysetup-temp-allocator-size-gfx=262144"
Player connection [10440] Host "[IP] 192.168.0.11 [Port] 0 [Flags] 2 [Guid] 4037460593 [EditorId] 4037460593 [Version] 1048832 [Id] WindowsEditor(7,DESKTOP-MN4RVAM) [Debug] 1 [PackageName] WindowsEditor [ProjectName] Editor" joined multi-casting on [225.0.0.222:54997]...

Player connection [10440] Host "[IP] 192.168.0.11 [Port] 0 [Flags] 2 [Guid] 4037460593 [EditorId] 4037460593 [Version] 1048832 [Id] WindowsEditor(7,DESKTOP-MN4RVAM) [Debug] 1 [PackageName] WindowsEditor [ProjectName] Editor" joined alternative multi-casting on [225.0.0.222:34997]...

Refreshing native plugins compatible for Editor in 108.55 ms, found 3 plugins.
Preloading 0 native plugins for Editor in 0.00 ms.
Initialize engine version: 2021.3.15f1 (e8e88683f834)
[Subsystems] Discovering subsystems at path F:/Unity/2021.3.15f1/Editor/Data/Resources/UnitySubsystems
[Subsystems] Discovering subsystems at path F:/Github/VR-projekt/VR projekt/Assets
GfxDevice: creating device client; threaded=0; jobified=0
Direct3D:
    Version:  Direct3D 11.0 [level 11.1]
    Renderer: NVIDIA GeForce GTX 1650 (ID=0x1f91)
    Vendor:   NVIDIA
    VRAM:     3949 MB
    Driver:   31.0.15.2824
Initialize mono
Mono path[0] = 'F:/Unity/2021.3.15f1/Editor/Data/Managed'
Mono path[1] = 'F:/Unity/2021.3.15f1/Editor/Data/MonoBleedingEdge/lib/mono/unityjit-win32'
Mono config path = 'F:/Unity/2021.3.15f1/Editor/Data/MonoBleedingEdge/etc'
Using monoOptions --debugger-agent=transport=dt_socket,embedding=1,server=y,suspend=n,address=127.0.0.1:56536
Begin MonoManager ReloadAssembly
Registering precompiled unity dll's ...
Register platform support module: F:/Unity/2021.3.15f1/Editor/Data/PlaybackEngines/WindowsStandaloneSupport/UnityEditor.WindowsStandalone.Extensions.dll
Registered in 0.005983 seconds.
Native extension for WindowsStandalone target not found
Refreshing native plugins compatible for Editor in 108.41 ms, found 3 plugins.
Preloading 0 native plugins for Editor in 0.00 ms.
Mono: successfully reloaded assembly
- Completed reload, in  0.699 seconds
Domain Reload Profiling:
	ReloadAssembly (699ms)
		BeginReloadAssembly (79ms)
			ExecutionOrderSort (0ms)
			DisableScriptedObjects (0ms)
			BackupInstance (0ms)
			ReleaseScriptingObjects (0ms)
			CreateAndSetChildDomain (1ms)
		EndReloadAssembly (504ms)
			LoadAssemblies (77ms)
			RebuildTransferFunctionScriptingTraits (0ms)
			SetupTypeCache (110ms)
			ReleaseScriptCaches (0ms)
			RebuildScriptCaches (31ms)
			SetupLoadedEditorAssemblies (308ms)
				LogAssemblyErrors (0ms)
				InitializePlatformSupportModulesInManaged (8ms)
				SetLoadedEditorAssemblies (0ms)
				RefreshPlugins (108ms)
				BeforeProcessingInitializeOnLoad (1ms)
				ProcessInitializeOnLoadAttributes (144ms)
				ProcessInitializeOnLoadMethodAttributes (46ms)
				AfterProcessingInitializeOnLoad (0ms)
				EditorAssembliesLoaded (0ms)
			ExecutionOrderSort2 (0ms)
			AwakeInstancesAfterBackupRestoration (0ms)
Platform modules already initialized, skipping
Registering precompiled user dll's ...
Registered in 0.009965 seconds.
Begin MonoManager ReloadAssembly
Symbol file LoadedFromMemory doesn't match image F:\Github\VR-projekt\VR projekt\Library\PackageCache\com.unity.visualscripting@1.7.8\Editor\VisualScripting.Core\Dependencies\YamlDotNet\Unity.VisualScripting.YamlDotNet.dll
Symbol file LoadedFromMemory doesn't match image F:\Github\VR-projekt\VR projekt\Library\PackageCache\com.unity.visualscripting@1.7.8\Editor\VisualScripting.Core\Dependencies\DotNetZip\Unity.VisualScripting.IonicZip.dll
Native extension for WindowsStandalone target not found
Refreshing native plugins compatible for Editor in 116.86 ms, found 3 plugins.
Preloading 0 native plugins for Editor in 0.00 ms.
Mono: successfully reloaded assembly
- Completed reload, in  1.570 seconds
Domain Reload Profiling:
	ReloadAssembly (1571ms)
		BeginReloadAssembly (132ms)
			ExecutionOrderSort (0ms)
			DisableScriptedObjects (6ms)
			BackupInstance (0ms)
			ReleaseScriptingObjects (0ms)
			CreateAndSetChildDomain (20ms)
		EndReloadAssembly (1316ms)
			LoadAssemblies (105ms)
			RebuildTransferFunctionScriptingTraits (0ms)
			SetupTypeCache (299ms)
			ReleaseScriptCaches (1ms)
			RebuildScriptCaches (60ms)
			SetupLoadedEditorAssemblies (821ms)
				LogAssemblyErrors (0ms)
				InitializePlatformSupportModulesInManaged (5ms)
				SetLoadedEditorAssemblies (0ms)
				RefreshPlugins (117ms)
				BeforeProcessingInitializeOnLoad (118ms)
				ProcessInitializeOnLoadAttributes (535ms)
				ProcessInitializeOnLoadMethodAttributes (35ms)
				AfterProcessingInitializeOnLoad (10ms)
				EditorAssembliesLoaded (0ms)
			ExecutionOrderSort2 (0ms)
			AwakeInstancesAfterBackupRestoration (6ms)
Platform modules already initialized, skipping
========================================================================
Worker process is ready to serve import requests
Launched and connected shader compiler UnityShaderCompiler.exe after 0.05 seconds
Refreshing native plugins compatible for Editor in 0.85 ms, found 3 plugins.
Preloading 0 native plugins for Editor in 0.00 ms.
Unloading 3883 Unused Serialized files (Serialized files now loaded: 0)
Unloading 44 unused Assets / (185.6 KB). Loaded Objects now: 4363.
Memory consumption went from 153.1 MB to 152.9 MB.
Total: 3.656600 ms (FindLiveObjects: 0.293200 ms CreateObjectMapping: 0.233400 ms MarkObjects: 2.991000 ms  DeleteObjects: 0.138300 ms)

AssetImportParameters requested are different than current active one (requested -> active):
  custom:video-decoder-ogg-theora: a1e56fd34408186e4bbccfd4996cb3dc -> 
  custom:container-muxer-webm: aa71ff27fc2769a1b78a27578f13a17b -> 
  custom:container-demuxer-webm: 4f35f7cbe854078d1ac9338744f61a02 -> 
  custom:video-encoder-webm-vp8: eb34c28f22e8b96e1ab97ce403110664 -> 
  custom:audio-encoder-webm-vorbis: bf7c407c2cedff20999df2af8eb42d56 -> 
  custom:framework-win-MediaFoundation: 216162199b28c13a410421893ffa2e32 -> 
  custom:container-demuxer-ogg: 62fdf1f143b41e24485cea50d1cbac27 -> 
  custom:video-decoder-webm-vp8: 9c59270c3fd7afecdb556c50c9e8de78 -> 
  custom:audio-decoder-ogg-vorbis: bf7c407c2cedff20999df2af8eb42d56 -> 
========================================================================
Received Import Request.
  Time since last request: 15631.398795 seconds.
  path: Assets/CemeteryPack/Prefabs/Crypt/ColumnCrypt2 (1).prefab
  artifactKey: Guid(2695d1aa1628ede4296a3075808380b7) Importer(815301076,1909f56bfc062723c751e8b465ee728b)
Start importing Assets/CemeteryPack/Prefabs/Crypt/ColumnCrypt2 (1).prefab using Guid(2695d1aa1628ede4296a3075808380b7) Importer(815301076,1909f56bfc062723c751e8b465ee728b)  -> (artifact id: '6fd4ecb29a37f2881d01493f1ec8f184') in 0.429746 seconds 
========================================================================
Received Import Request.
  Time since last request: 0.000255 seconds.
  path: Assets/CemeteryPack/Prefabs/Crypt/CryptArch1.prefab
  artifactKey: Guid(b2933e9d662dbd6418f48a355d817a4b) Importer(815301076,1909f56bfc062723c751e8b465ee728b)
Start importing Assets/CemeteryPack/Prefabs/Crypt/CryptArch1.prefab using Guid(b2933e9d662dbd6418f48a355d817a4b) Importer(815301076,1909f56bfc062723c751e8b465ee728b)  -> (artifact id: 'c95309b68184d2676b72bde13bc834b2') in 0.038929 seconds 
========================================================================
Received Import Request.
  Time since last request: 0.000029 seconds.
  path: Assets/CemeteryPack/Prefabs/Crypt/CryptRootf3.prefab
  artifactKey: Guid(56a5a6ae857d32e4b8300af87eec2eb0) Importer(815301076,1909f56bfc062723c751e8b465ee728b)
Start importing Assets/CemeteryPack/Prefabs/Crypt/CryptRootf3.prefab using Guid(56a5a6ae857d32e4b8300af87eec2eb0) Importer(815301076,1909f56bfc062723c751e8b465ee728b)  -> (artifact id: '73eb15563313ad4b0f64d3689a2abae6') in 0.043629 seconds 
========================================================================
Received Import Request.
  Time since last request: 0.000269 seconds.
  path: Assets/CemeteryPack/Prefabs/Crypt/ColumnCrypt3 (1).prefab
  artifactKey: Guid(8dc3e03e257d03a4aa7579d6a040c742) Importer(815301076,1909f56bfc062723c751e8b465ee728b)
Start importing Assets/CemeteryPack/Prefabs/Crypt/ColumnCrypt3 (1).prefab using Guid(8dc3e03e257d03a4aa7579d6a040c742) Importer(815301076,1909f56bfc062723c751e8b465ee728b)  -> (artifact id: '196e24ea7d837ce937c5ac9dbc32556b') in 0.045389 seconds 
========================================================================
Received Import Request.
  Time since last request: 6.201434 seconds.
  path: Assets/CemeteryPack/Prefabs/CryptMini/CryptMiniCross1.prefab
  artifactKey: Guid(d366e904fecea6f42bac47554e1cddb6) Importer(815301076,1909f56bfc062723c751e8b465ee728b)
Start importing Assets/CemeteryPack/Prefabs/CryptMini/CryptMiniCross1.prefab using Guid(d366e904fecea6f42bac47554e1cddb6) Importer(815301076,1909f56bfc062723c751e8b465ee728b)  -> (artifact id: '1f103621dc3fb3f8e3dda20e72eedcbe') in 0.211706 seconds 
========================================================================
Received Import Request.
  Time since last request: 0.000038 seconds.
  path: Assets/CemeteryPack/Prefabs/CryptMini/CryptMiniWall.prefab
  artifactKey: Guid(3f4f663e61b9ec047be7d249a727de97) Importer(815301076,1909f56bfc062723c751e8b465ee728b)
Start importing Assets/CemeteryPack/Prefabs/CryptMini/CryptMiniWall.prefab using Guid(3f4f663e61b9ec047be7d249a727de97) Importer(815301076,1909f56bfc062723c751e8b465ee728b)  -> (artifact id: 'a5304e3071944fdf0b946fbe2c15e887') in 0.048352 seconds 
========================================================================
Received Import Request.
  Time since last request: 5.871813 seconds.
  path: Assets/CemeteryPack/Prefabs/FenceFoundation/MetObj_FenceFoundation3.prefab
  artifactKey: Guid(75e8da0ed284ced4b8aa0cab1b171306) Importer(815301076,1909f56bfc062723c751e8b465ee728b)
Start importing Assets/CemeteryPack/Prefabs/FenceFoundation/MetObj_FenceFoundation3.prefab using Guid(75e8da0ed284ced4b8aa0cab1b171306) Importer(815301076,1909f56bfc062723c751e8b465ee728b)  -> (artifact id: 'b5cf0a4952c72f56255e2d5baede65a9') in 0.037999 seconds 
========================================================================
Received Import Request.
  Time since last request: 0.000036 seconds.
  path: Assets/CemeteryPack/Prefabs/FenceFoundation/MetObj_FenceFoundation15.prefab
  artifactKey: Guid(95fb3a8d6baafd84f8eabf43c4298f51) Importer(815301076,1909f56bfc062723c751e8b465ee728b)
Start importing Assets/CemeteryPack/Prefabs/FenceFoundation/MetObj_FenceFoundation15.prefab using Guid(95fb3a8d6baafd84f8eabf43c4298f51) Importer(815301076,1909f56bfc062723c751e8b465ee728b)  -> (artifact id: '4d46e588531d7feefee593884a56e502') in 0.048734 seconds 
========================================================================
Received Import Request.
  Time since last request: 0.000034 seconds.
  path: Assets/CemeteryPack/Prefabs/FenceFoundation/MetObj_FenceFoundation12.prefab
  artifactKey: Guid(9c8fded46b4fcec4f934644a9a3a4310) Importer(815301076,1909f56bfc062723c751e8b465ee728b)
Start importing Assets/CemeteryPack/Prefabs/FenceFoundation/MetObj_FenceFoundation12.prefab using Guid(9c8fded46b4fcec4f934644a9a3a4310) Importer(815301076,1909f56bfc062723c751e8b465ee728b)  -> (artifact id: 'fbdc28145e80f43d2637f312600c4be0') in 0.111423 seconds 
========================================================================
Received Import Request.
  Time since last request: 4.491704 seconds.
  path: Assets/CemeteryPack/Prefabs/Floor/Floor4.prefab
  artifactKey: Guid(86e2edb6d14388a4ab2992acb3369819) Importer(815301076,1909f56bfc062723c751e8b465ee728b)
Start importing Assets/CemeteryPack/Prefabs/Floor/Floor4.prefab using Guid(86e2edb6d14388a4ab2992acb3369819) Importer(815301076,1909f56bfc062723c751e8b465ee728b)  -> (artifact id: 'f63569649a55632710f342980e9cc45b') in 0.083366 seconds 
========================================================================
Received Import Request.
  Time since last request: 0.000048 seconds.
  path: Assets/CemeteryPack/Prefabs/Floor/Floor26.prefab
  artifactKey: Guid(81b4d9f6dd6371447b80b288f477e059) Importer(815301076,1909f56bfc062723c751e8b465ee728b)
Start importing Assets/CemeteryPack/Prefabs/Floor/Floor26.prefab using Guid(81b4d9f6dd6371447b80b288f477e059) Importer(815301076,1909f56bfc062723c751e8b465ee728b)  -> (artifact id: 'bbae12ac1af3a6424b829cb4afef8a77') in 0.101979 seconds 
========================================================================
Received Import Request.
  Time since last request: 0.000071 seconds.
  path: Assets/CemeteryPack/Prefabs/Floor/Floor19.prefab
  artifactKey: Guid(db7113d61d140d24c8357490b1229e2a) Importer(815301076,1909f56bfc062723c751e8b465ee728b)
Start importing Assets/CemeteryPack/Prefabs/Floor/Floor19.prefab using Guid(db7113d61d140d24c8357490b1229e2a) Importer(815301076,1909f56bfc062723c751e8b465ee728b)  -> (artifact id: 'd913181fdfc2ccc3ffd09c0f3ef60532') in 0.075916 seconds 
========================================================================
Received Import Request.
  Time since last request: 4.212283 seconds.
  path: Assets/CemeteryPack/Prefabs/FloorFoundation/FloorFoundation4.prefab
  artifactKey: Guid(359cb24dec2e596428ff9934b7203725) Importer(815301076,1909f56bfc062723c751e8b465ee728b)
Start importing Assets/CemeteryPack/Prefabs/FloorFoundation/FloorFoundation4.prefab using Guid(359cb24dec2e596428ff9934b7203725) Importer(815301076,1909f56bfc062723c751e8b465ee728b)  -> (artifact id: 'e06c1f79d8d55f809a7079c4906d0134') in 0.094488 seconds 
========================================================================
Received Import Request.
  Time since last request: 5.112481 seconds.
  path: Assets/CemeteryPack/Prefabs/Foundation/ColumnFoundation3 (1).prefab
  artifactKey: Guid(2fb68b74eb6e37f4e8b6900817c8a8d5) Importer(815301076,1909f56bfc062723c751e8b465ee728b)
Start importing Assets/CemeteryPack/Prefabs/Foundation/ColumnFoundation3 (1).prefab using Guid(2fb68b74eb6e37f4e8b6900817c8a8d5) Importer(815301076,1909f56bfc062723c751e8b465ee728b)  -> (artifact id: '947a390b2834cee2f15be77accdcf1f2') in 0.096242 seconds 
========================================================================
Received Import Request.
  Time since last request: 0.000051 seconds.
  path: Assets/CemeteryPack/Prefabs/Foundation/CryptFoundationLadder5.prefab
  artifactKey: Guid(c99b0528ff8c65b4db8abfbf3a30c59e) Importer(815301076,1909f56bfc062723c751e8b465ee728b)
Start importing Assets/CemeteryPack/Prefabs/Foundation/CryptFoundationLadder5.prefab using Guid(c99b0528ff8c65b4db8abfbf3a30c59e) Importer(815301076,1909f56bfc062723c751e8b465ee728b)  -> (artifact id: '6309566ea86eda0c97c765d22be455e3') in 0.052878 seconds 
========================================================================
Received Import Request.
  Time since last request: 6.020356 seconds.
  path: Assets/CemeteryPack/Prefabs/Gate/MetObj_Fence1.prefab
  artifactKey: Guid(5ed047d4cc35d174eaccd9a2e59f860f) Importer(815301076,1909f56bfc062723c751e8b465ee728b)
Start importing Assets/CemeteryPack/Prefabs/Gate/MetObj_Fence1.prefab using Guid(5ed047d4cc35d174eaccd9a2e59f860f) Importer(815301076,1909f56bfc062723c751e8b465ee728b)  -> (artifact id: '156960547613b391a259ca78f09ed537') in 0.037655 seconds 
========================================================================
Received Import Request.
  Time since last request: 0.000037 seconds.
  path: Assets/CemeteryPack/Prefabs/Gate/MetObj_Gates2.prefab
  artifactKey: Guid(ae702e9a14e7b9d4796dc8d5b763cdfe) Importer(815301076,1909f56bfc062723c751e8b465ee728b)
Start importing Assets/CemeteryPack/Prefabs/Gate/MetObj_Gates2.prefab using Guid(ae702e9a14e7b9d4796dc8d5b763cdfe) Importer(815301076,1909f56bfc062723c751e8b465ee728b)  -> (artifact id: 'c848c90c87c010be770cf4fec0ceb55d') in 0.031559 seconds 
========================================================================
Received Import Request.
  Time since last request: 3.966139 seconds.
  path: Assets/CemeteryPack/Prefabs/Tombstones/Tombstones.004.prefab
  artifactKey: Guid(e2bc9aec0ca88a54c8bf1fc9e3271c5f) Importer(815301076,1909f56bfc062723c751e8b465ee728b)
Start importing Assets/CemeteryPack/Prefabs/Tombstones/Tombstones.004.prefab using Guid(e2bc9aec0ca88a54c8bf1fc9e3271c5f) Importer(815301076,1909f56bfc062723c751e8b465ee728b)  -> (artifact id: 'ddd3ff28a66bdfce06b02142f76e0807') in 0.054547 seconds 
========================================================================
Received Import Request.
  Time since last request: 0.000041 seconds.
  path: Assets/CemeteryPack/Prefabs/Tombstones/TombstonesCoffinWood.prefab
  artifactKey: Guid(8bd4bbdb345ece843b9e9864dc1c878d) Importer(815301076,1909f56bfc062723c751e8b465ee728b)
Start importing Assets/CemeteryPack/Prefabs/Tombstones/TombstonesCoffinWood.prefab using Guid(8bd4bbdb345ece843b9e9864dc1c878d) Importer(815301076,1909f56bfc062723c751e8b465ee728b)  -> (artifact id: 'e679f7b34e507f6d6b7a854575604d7c') in 0.103467 seconds 
========================================================================
Received Import Request.
  Time since last request: 84.846350 seconds.
  path: Assets/CemeteryPack/ColumnCrypt1 (1).prefab
  artifactKey: Guid(38c8a9e3b1a3e6a46a769a26575ba522) Importer(815301076,1909f56bfc062723c751e8b465ee728b)
Start importing Assets/CemeteryPack/ColumnCrypt1 (1).prefab using Guid(38c8a9e3b1a3e6a46a769a26575ba522) Importer(815301076,1909f56bfc062723c751e8b465ee728b)  -> (artifact id: 'b5f53fea1d978c117ae96913437ecab6') in 0.067089 seconds 
========================================================================
Received Import Request.
  Time since last request: 0.000034 seconds.
  path: Assets/CemeteryPack/CryptWall.prefab
  artifactKey: Guid(8d884bf9780f07b4c9851a2a26f63b56) Importer(815301076,1909f56bfc062723c751e8b465ee728b)
Start importing Assets/CemeteryPack/CryptWall.prefab using Guid(8d884bf9780f07b4c9851a2a26f63b56) Importer(815301076,1909f56bfc062723c751e8b465ee728b)  -> (artifact id: '7f31ea18b6d94450bee7be466e67b7f0') in 0.062610 seconds 
========================================================================
Received Import Request.
  Time since last request: 0.000039 seconds.
  path: Assets/CemeteryPack/CryptBorder2.prefab
  artifactKey: Guid(c97fd319afac4264b9761ce8cce4b127) Importer(815301076,1909f56bfc062723c751e8b465ee728b)
Start importing Assets/CemeteryPack/CryptBorder2.prefab using Guid(c97fd319afac4264b9761ce8cce4b127) Importer(815301076,1909f56bfc062723c751e8b465ee728b)  -> (artifact id: '8ddbf7d78f98123658add06c8b84b1cd') in 0.042175 seconds 
========================================================================
Received Import Request.
  Time since last request: 0.000046 seconds.
  path: Assets/CemeteryPack/CryptMiniFoundation2.prefab
  artifactKey: Guid(8888a811b2bba2147a3443348e166ac4) Importer(815301076,1909f56bfc062723c751e8b465ee728b)
Start importing Assets/CemeteryPack/CryptMiniFoundation2.prefab using Guid(8888a811b2bba2147a3443348e166ac4) Importer(815301076,1909f56bfc062723c751e8b465ee728b)  -> (artifact id: '495709a8214a96092e5144f399174ff6') in 0.126674 seconds 
========================================================================
Received Import Request.
  Time since last request: 0.000026 seconds.
  path: Assets/CemeteryPack/Floor6.prefab
  artifactKey: Guid(1e53bce2b8e3b3a4d88d6aab095c6889) Importer(815301076,1909f56bfc062723c751e8b465ee728b)
Start importing Assets/CemeteryPack/Floor6.prefab using Guid(1e53bce2b8e3b3a4d88d6aab095c6889) Importer(815301076,1909f56bfc062723c751e8b465ee728b)  -> (artifact id: '77bb3f80c9c94ea4abdbb0df046f5faa') in 0.047619 seconds 
========================================================================
Received Import Request.
  Time since last request: 0.000039 seconds.
  path: Assets/CemeteryPack/ColumnFoundation1.prefab
  artifactKey: Guid(dfd158b07b81bc94a8af27a8a3148935) Importer(815301076,1909f56bfc062723c751e8b465ee728b)
Start importing Assets/CemeteryPack/ColumnFoundation1.prefab using Guid(dfd158b07b81bc94a8af27a8a3148935) Importer(815301076,1909f56bfc062723c751e8b465ee728b)  -> (artifact id: 'af8a9674cab039c16424d6ea60e556d1') in 0.039983 seconds 
========================================================================
Received Import Request.
  Time since last request: 0.000039 seconds.
  path: Assets/CemeteryPack/ColumnCrypt2.prefab
  artifactKey: Guid(f26bdffb63846e64199ead2ba4b8319c) Importer(815301076,1909f56bfc062723c751e8b465ee728b)
Start importing Assets/CemeteryPack/ColumnCrypt2.prefab using Guid(f26bdffb63846e64199ead2ba4b8319c) Importer(815301076,1909f56bfc062723c751e8b465ee728b)  -> (artifact id: 'c28c57bf45de77d82f00b5050b7d64e9') in 0.040158 seconds 
========================================================================
Received Import Request.
  Time since last request: 0.000047 seconds.
  path: Assets/CemeteryPack/Floor4.prefab
  artifactKey: Guid(86e2edb6d14388a4ab2992acb3369819) Importer(815301076,1909f56bfc062723c751e8b465ee728b)
Start importing Assets/CemeteryPack/Floor4.prefab using Guid(86e2edb6d14388a4ab2992acb3369819) Importer(815301076,1909f56bfc062723c751e8b465ee728b)  -> (artifact id: 'efab71c2792606a8d2f759006bbee583') in 0.043245 seconds 
========================================================================
Received Import Request.
  Time since last request: 0.000168 seconds.
  path: Assets/CemeteryPack/CryptFoundationLadder3.prefab
  artifactKey: Guid(b72ac4c9831a6d646b4d200e83b97735) Importer(815301076,1909f56bfc062723c751e8b465ee728b)
Start importing Assets/CemeteryPack/CryptFoundationLadder3.prefab using Guid(b72ac4c9831a6d646b4d200e83b97735) Importer(815301076,1909f56bfc062723c751e8b465ee728b)  -> (artifact id: '7471ddf552979dcdbb2888e7471e8429') in 0.034743 seconds 
========================================================================
Received Import Request.
  Time since last request: 0.002237 seconds.
  path: Assets/CemeteryPack/ColumnGateBorder.prefab
  artifactKey: Guid(4344cb633ac2c6d48b39b21d9f781aec) Importer(815301076,1909f56bfc062723c751e8b465ee728b)
Start importing Assets/CemeteryPack/ColumnGateBorder.prefab using Guid(4344cb633ac2c6d48b39b21d9f781aec) Importer(815301076,1909f56bfc062723c751e8b465ee728b)  -> (artifact id: 'dd1547f8d48876efe4a42a6e80c60ff3') in 0.032998 seconds 
========================================================================
Received Import Request.
  Time since last request: 0.000029 seconds.
  path: Assets/CemeteryPack/ColumnCrypt4 (1).prefab
  artifactKey: Guid(040dd80b4dc1c5d42a006d3f3b40ec5e) Importer(815301076,1909f56bfc062723c751e8b465ee728b)
Start importing Assets/CemeteryPack/ColumnCrypt4 (1).prefab using Guid(040dd80b4dc1c5d42a006d3f3b40ec5e) Importer(815301076,1909f56bfc062723c751e8b465ee728b)  -> (artifact id: '0b9c817138adf698bad8bc3aab6d270a') in 0.050270 seconds 
========================================================================
Received Import Request.
  Time since last request: 0.000049 seconds.
  path: Assets/CemeteryPack/Floor7.prefab
  artifactKey: Guid(2383072c6c377e444a503d040d53cf12) Importer(815301076,1909f56bfc062723c751e8b465ee728b)
Start importing Assets/CemeteryPack/Floor7.prefab using Guid(2383072c6c377e444a503d040d53cf12) Importer(815301076,1909f56bfc062723c751e8b465ee728b)  -> (artifact id: 'c91da549e9f369d9d29ff75c31952b7a') in 0.049090 seconds 
========================================================================
Received Import Request.
  Time since last request: 0.000153 seconds.
  path: Assets/CemeteryPack/ColumnFoundation2.prefab
  artifactKey: Guid(150d5a46dd7793e4580fb7ece8ae07f9) Importer(815301076,1909f56bfc062723c751e8b465ee728b)
Start importing Assets/CemeteryPack/ColumnFoundation2.prefab using Guid(150d5a46dd7793e4580fb7ece8ae07f9) Importer(815301076,1909f56bfc062723c751e8b465ee728b)  -> (artifact id: '5e7ac02090f6c6afa81936341e785191') in 0.042470 seconds 
========================================================================
Received Import Request.
  Time since last request: 0.000054 seconds.
  path: Assets/CemeteryPack/ColumnCrypt2 (2).prefab
  artifactKey: Guid(92129535344a051468bd6ee46c31ce22) Importer(815301076,1909f56bfc062723c751e8b465ee728b)
Start importing Assets/CemeteryPack/ColumnCrypt2 (2).prefab using Guid(92129535344a051468bd6ee46c31ce22) Importer(815301076,1909f56bfc062723c751e8b465ee728b)  -> (artifact id: 'b0dcdc9fca4e211e94b4723b59d836c6') in 0.097669 seconds 
========================================================================
Received Import Request.
  Time since last request: 0.000025 seconds.
  path: Assets/CemeteryPack/CryptFoundationLadder1.prefab
  artifactKey: Guid(bf9dfc378d052b0438b1cece561f6724) Importer(815301076,1909f56bfc062723c751e8b465ee728b)
Start importing Assets/CemeteryPack/CryptFoundationLadder1.prefab using Guid(bf9dfc378d052b0438b1cece561f6724) Importer(815301076,1909f56bfc062723c751e8b465ee728b)  -> (artifact id: '4afd8a4f296757a2b70bb9e03afd2393') in 0.038129 seconds 
========================================================================
Received Import Request.
  Time since last request: 0.000095 seconds.
  path: Assets/CemeteryPack/CryptArch1.prefab
  artifactKey: Guid(b2933e9d662dbd6418f48a355d817a4b) Importer(815301076,1909f56bfc062723c751e8b465ee728b)
Start importing Assets/CemeteryPack/CryptArch1.prefab using Guid(b2933e9d662dbd6418f48a355d817a4b) Importer(815301076,1909f56bfc062723c751e8b465ee728b)  -> (artifact id: 'fa841d53861ba7f2a424c54b27fb342c') in 0.051801 seconds 
========================================================================
Received Import Request.
  Time since last request: 0.000052 seconds.
  path: Assets/CemeteryPack/Floor15.prefab
  artifactKey: Guid(3a4a8fe559c15af4cb0c2ee4014ddff3) Importer(815301076,1909f56bfc062723c751e8b465ee728b)
Start importing Assets/CemeteryPack/Floor15.prefab using Guid(3a4a8fe559c15af4cb0c2ee4014ddff3) Importer(815301076,1909f56bfc062723c751e8b465ee728b)  -> (artifact id: 'd14951deece2a6c360fc1b38ff55d5a0') in 0.042869 seconds 
========================================================================
Received Import Request.
  Time since last request: 0.000039 seconds.
  path: Assets/CemeteryPack/Floor19.prefab
  artifactKey: Guid(db7113d61d140d24c8357490b1229e2a) Importer(815301076,1909f56bfc062723c751e8b465ee728b)
Start importing Assets/CemeteryPack/Floor19.prefab using Guid(db7113d61d140d24c8357490b1229e2a) Importer(815301076,1909f56bfc062723c751e8b465ee728b)  -> (artifact id: '007ae3b452f53e0a60bfdd6ebf0e1013') in 0.048513 seconds 
========================================================================
Received Import Request.
  Time since last request: 0.000038 seconds.
  path: Assets/CemeteryPack/ColumnGateArch.prefab
  artifactKey: Guid(3b11171e2a148a34a92bec2f1dd14b59) Importer(815301076,1909f56bfc062723c751e8b465ee728b)
Start importing Assets/CemeteryPack/ColumnGateArch.prefab using Guid(3b11171e2a148a34a92bec2f1dd14b59) Importer(815301076,1909f56bfc062723c751e8b465ee728b)  -> (artifact id: '2d47adb36927958493e18944d5222e7e') in 0.042061 seconds 
========================================================================
Received Import Request.
  Time since last request: 0.000035 seconds.
  path: Assets/CemeteryPack/CryptColumnPlane2.prefab
  artifactKey: Guid(aefe01c0b81b54043a1ff7f640905641) Importer(815301076,1909f56bfc062723c751e8b465ee728b)
Start importing Assets/CemeteryPack/CryptColumnPlane2.prefab using Guid(aefe01c0b81b54043a1ff7f640905641) Importer(815301076,1909f56bfc062723c751e8b465ee728b)  -> (artifact id: 'f494dac0e697ae79e4c3ff8973257a77') in 0.039879 seconds 
========================================================================
Received Import Request.
  Time since last request: 0.000045 seconds.
  path: Assets/CemeteryPack/ColumnCrypt3 (1).prefab
  artifactKey: Guid(8dc3e03e257d03a4aa7579d6a040c742) Importer(815301076,1909f56bfc062723c751e8b465ee728b)
Start importing Assets/CemeteryPack/ColumnCrypt3 (1).prefab using Guid(8dc3e03e257d03a4aa7579d6a040c742) Importer(815301076,1909f56bfc062723c751e8b465ee728b)  -> (artifact id: '2133a4715b88a6e5bc866a22675b3a99') in 0.045913 seconds 
========================================================================
Received Import Request.
  Time since last request: 0.006829 seconds.
  path: Assets/CemeteryPack/CryptColumnPlane1.prefab
  artifactKey: Guid(e14bda5ea66a44148bfb6afa6247e0d4) Importer(815301076,1909f56bfc062723c751e8b465ee728b)
Start importing Assets/CemeteryPack/CryptColumnPlane1.prefab using Guid(e14bda5ea66a44148bfb6afa6247e0d4) Importer(815301076,1909f56bfc062723c751e8b465ee728b)  -> (artifact id: '6684e44a670d64e8fb64b586364411f0') in 0.036085 seconds 
========================================================================
Received Import Request.
  Time since last request: 0.000046 seconds.
  path: Assets/CemeteryPack/CryptMiniCoffin1.prefab
  artifactKey: Guid(f0c46bcbdccbc3347a2f382657201c67) Importer(815301076,1909f56bfc062723c751e8b465ee728b)
Start importing Assets/CemeteryPack/CryptMiniCoffin1.prefab using Guid(f0c46bcbdccbc3347a2f382657201c67) Importer(815301076,1909f56bfc062723c751e8b465ee728b)  -> (artifact id: '159d46b30c940079b98ef6c98fca9d47') in 0.034811 seconds 
========================================================================
Received Import Request.
  Time since last request: 9.961047 seconds.
  path: Assets/Skull Platform/Prefabs/Platform_Skull_02.prefab
  artifactKey: Guid(df0db0a4ecd9593439ec804220abfd6d) Importer(815301076,1909f56bfc062723c751e8b465ee728b)
Start importing Assets/Skull Platform/Prefabs/Platform_Skull_02.prefab using Guid(df0db0a4ecd9593439ec804220abfd6d) Importer(815301076,1909f56bfc062723c751e8b465ee728b)  -> (artifact id: 'cd27e21392ba78d2686ac9d92bcc7842') in 0.424682 seconds 
========================================================================
Received Prepare
Registering precompiled user dll's ...
Registered in 0.018815 seconds.
Begin MonoManager ReloadAssembly
Symbol file LoadedFromMemory doesn't match image F:\Github\VR-projekt\VR projekt\Library\PackageCache\com.unity.visualscripting@1.7.8\Editor\VisualScripting.Core\Dependencies\YamlDotNet\Unity.VisualScripting.YamlDotNet.dll
Symbol file LoadedFromMemory doesn't match image F:\Github\VR-projekt\VR projekt\Library\PackageCache\com.unity.visualscripting@1.7.8\Editor\VisualScripting.Core\Dependencies\DotNetZip\Unity.VisualScripting.IonicZip.dll
Native extension for WindowsStandalone target not found
Refreshing native plugins compatible for Editor in 1.43 ms, found 3 plugins.
Preloading 0 native plugins for Editor in 0.00 ms.
Mono: successfully reloaded assembly
- Completed reload, in  2.423 seconds
Domain Reload Profiling:
	ReloadAssembly (2424ms)
		BeginReloadAssembly (268ms)
			ExecutionOrderSort (0ms)
			DisableScriptedObjects (10ms)
			BackupInstance (0ms)
			ReleaseScriptingObjects (0ms)
			CreateAndSetChildDomain (72ms)
		EndReloadAssembly (1967ms)
			LoadAssemblies (198ms)
			RebuildTransferFunctionScriptingTraits (0ms)
			SetupTypeCache (591ms)
			ReleaseScriptCaches (11ms)
			RebuildScriptCaches (84ms)
			SetupLoadedEditorAssemblies (1025ms)
				LogAssemblyErrors (0ms)
				InitializePlatformSupportModulesInManaged (20ms)
				SetLoadedEditorAssemblies (1ms)
				RefreshPlugins (2ms)
				BeforeProcessingInitializeOnLoad (125ms)
				ProcessInitializeOnLoadAttributes (774ms)
				ProcessInitializeOnLoadMethodAttributes (87ms)
				AfterProcessingInitializeOnLoad (15ms)
				EditorAssembliesLoaded (0ms)
			ExecutionOrderSort2 (0ms)
			AwakeInstancesAfterBackupRestoration (11ms)
Platform modules already initialized, skipping
Refreshing native plugins compatible for Editor in 10.83 ms, found 3 plugins.
Preloading 0 native plugins for Editor in 0.00 ms.
Unloading 3877 Unused Serialized files (Serialized files now loaded: 0)
Unloading 24 unused Assets / (179.4 KB). Loaded Objects now: 4389.
Memory consumption went from 158.0 MB to 157.8 MB.
Total: 6.422300 ms (FindLiveObjects: 0.332400 ms CreateObjectMapping: 0.315400 ms MarkObjects: 5.545000 ms  DeleteObjects: 0.227400 ms)

AssetImportParameters requested are different than current active one (requested -> active):
  custom:video-decoder-ogg-theora: a1e56fd34408186e4bbccfd4996cb3dc -> 
  custom:container-muxer-webm: aa71ff27fc2769a1b78a27578f13a17b -> 
  custom:container-demuxer-webm: 4f35f7cbe854078d1ac9338744f61a02 -> 
  custom:video-encoder-webm-vp8: eb34c28f22e8b96e1ab97ce403110664 -> 
  custom:audio-encoder-webm-vorbis: bf7c407c2cedff20999df2af8eb42d56 -> 
  custom:framework-win-MediaFoundation: 216162199b28c13a410421893ffa2e32 -> 
  custom:container-demuxer-ogg: 62fdf1f143b41e24485cea50d1cbac27 -> 
  custom:video-decoder-webm-vp8: 9c59270c3fd7afecdb556c50c9e8de78 -> 
  custom:audio-decoder-ogg-vorbis: bf7c407c2cedff20999df2af8eb42d56 -> 
========================================================================
Received Import Request.
  Time since last request: 60.915688 seconds.
  path: Assets/BrokenVector/LowPolyFencePack/Prefabs/Fence Type2 02.prefab
  artifactKey: Guid(c107d6218da3747479b38075e3042255) Importer(815301076,1909f56bfc062723c751e8b465ee728b)
Start importing Assets/BrokenVector/LowPolyFencePack/Prefabs/Fence Type2 02.prefab using Guid(c107d6218da3747479b38075e3042255) Importer(815301076,1909f56bfc062723c751e8b465ee728b)  -> (artifact id: '241128647a007101641b711a5826a2f9') in 0.123072 seconds 
========================================================================
Received Import Request.
  Time since last request: 0.000030 seconds.
  path: Assets/BrokenVector/LowPolyFencePack/Prefabs/Fence Type6 Small.prefab
  artifactKey: Guid(2d525f55a99e5bd4e98aec363e675a60) Importer(815301076,1909f56bfc062723c751e8b465ee728b)
Start importing Assets/BrokenVector/LowPolyFencePack/Prefabs/Fence Type6 Small.prefab using Guid(2d525f55a99e5bd4e98aec363e675a60) Importer(815301076,1909f56bfc062723c751e8b465ee728b)  -> (artifact id: 'fe4fa9c3f77c53a7f270233cd9ee0753') in 0.025496 seconds 
========================================================================
Received Prepare
Registering precompiled user dll's ...
Registered in 0.017042 seconds.
Begin MonoManager ReloadAssembly
Symbol file LoadedFromMemory doesn't match image F:\Github\VR-projekt\VR projekt\Library\PackageCache\com.unity.visualscripting@1.7.8\Editor\VisualScripting.Core\Dependencies\YamlDotNet\Unity.VisualScripting.YamlDotNet.dll
Symbol file LoadedFromMemory doesn't match image F:\Github\VR-projekt\VR projekt\Library\PackageCache\com.unity.visualscripting@1.7.8\Editor\VisualScripting.Core\Dependencies\DotNetZip\Unity.VisualScripting.IonicZip.dll
Native extension for WindowsStandalone target not found
Refreshing native plugins compatible for Editor in 1.52 ms, found 3 plugins.
Preloading 0 native plugins for Editor in 0.00 ms.
Mono: successfully reloaded assembly
- Completed reload, in  2.588 seconds
Domain Reload Profiling:
	ReloadAssembly (2589ms)
		BeginReloadAssembly (295ms)
			ExecutionOrderSort (0ms)
			DisableScriptedObjects (7ms)
			BackupInstance (0ms)
			ReleaseScriptingObjects (0ms)
			CreateAndSetChildDomain (116ms)
		EndReloadAssembly (2075ms)
			LoadAssemblies (178ms)
			RebuildTransferFunctionScriptingTraits (0ms)
			SetupTypeCache (569ms)
			ReleaseScriptCaches (2ms)
			RebuildScriptCaches (92ms)
			SetupLoadedEditorAssemblies (1143ms)
				LogAssemblyErrors (0ms)
				InitializePlatformSupportModulesInManaged (21ms)
				SetLoadedEditorAssemblies (1ms)
				RefreshPlugins (2ms)
				BeforeProcessingInitializeOnLoad (139ms)
				ProcessInitializeOnLoadAttributes (881ms)
				ProcessInitializeOnLoadMethodAttributes (84ms)
				AfterProcessingInitializeOnLoad (16ms)
				EditorAssembliesLoaded (0ms)
			ExecutionOrderSort2 (0ms)
			AwakeInstancesAfterBackupRestoration (10ms)
Platform modules already initialized, skipping
Refreshing native plugins compatible for Editor in 23.05 ms, found 3 plugins.
Preloading 0 native plugins for Editor in 0.00 ms.
Unloading 3877 Unused Serialized files (Serialized files now loaded: 0)
Unloading 23 unused Assets / (153.0 KB). Loaded Objects now: 4404.
Memory consumption went from 158.0 MB to 157.8 MB.
Total: 7.281400 ms (FindLiveObjects: 0.371800 ms CreateObjectMapping: 0.374300 ms MarkObjects: 6.367400 ms  DeleteObjects: 0.166000 ms)

AssetImportParameters requested are different than current active one (requested -> active):
  custom:video-decoder-ogg-theora: a1e56fd34408186e4bbccfd4996cb3dc -> 
  custom:container-muxer-webm: aa71ff27fc2769a1b78a27578f13a17b -> 
  custom:container-demuxer-webm: 4f35f7cbe854078d1ac9338744f61a02 -> 
  custom:video-encoder-webm-vp8: eb34c28f22e8b96e1ab97ce403110664 -> 
  custom:audio-encoder-webm-vorbis: bf7c407c2cedff20999df2af8eb42d56 -> 
  custom:framework-win-MediaFoundation: 216162199b28c13a410421893ffa2e32 -> 
  custom:container-demuxer-ogg: 62fdf1f143b41e24485cea50d1cbac27 -> 
  custom:video-decoder-webm-vp8: 9c59270c3fd7afecdb556c50c9e8de78 -> 
  custom:audio-decoder-ogg-vorbis: bf7c407c2cedff20999df2af8eb42d56 -> 
========================================================================
Received Import Request.
  Time since last request: 18.167520 seconds.
  path: Assets/Fence Pack/LowPolyFencePack/Prefabs/Animated/Fence Type3 Door.prefab
  artifactKey: Guid(c3db2cebc8fb0e54ab37bf47bacb4b4a) Importer(815301076,1909f56bfc062723c751e8b465ee728b)
Start importing Assets/Fence Pack/LowPolyFencePack/Prefabs/Animated/Fence Type3 Door.prefab using Guid(c3db2cebc8fb0e54ab37bf47bacb4b4a) Importer(815301076,1909f56bfc062723c751e8b465ee728b)  -> (artifact id: '982c793e5b0faeca1e2d66d620675514') in 0.228934 seconds 
