Using pre-set license
Built from '2021.3/staging' branch; Version is '2021.3.15f1 (e8e88683f834) revision 15263878'; Using compiler version '192829333'; Build Type 'Release'
OS: 'Windows 10  (10.0.19045) 64bit Core' Language: 'pl' Physical Memory: 16304 MB
BatchMode: 1, IsHumanControllingUs: 0, StartBugReporterOnCrash: 0, Is64bit: 1, IsPro: 1

COMMAND LINE ARGUMENTS:
F:\Unity\2021.3.15f1\Editor\Unity.exe
-adb2
-batchMode
-noUpm
-name
AssetImportWorker42
-projectPath
F:/Github/VR-projekt/VR projekt
-logFile
Logs/AssetImportWorker42.log
-srvPort
52652
Successfully changed project path to: F:/Github/VR-projekt/VR projekt
F:/Github/VR-projekt/VR projekt
[UnityMemory] Configuration Parameters - Can be set up in boot.config
    "memorysetup-bucket-allocator-granularity=16"
    "memorysetup-bucket-allocator-bucket-count=8"
    "memorysetup-bucket-allocator-block-size=33554432"
    "memorysetup-bucket-allocator-block-count=8"
    "memorysetup-main-allocator-block-size=16777216"
    "memorysetup-thread-allocator-block-size=16777216"
    "memorysetup-gfx-main-allocator-block-size=16777216"
    "memorysetup-gfx-thread-allocator-block-size=16777216"
    "memorysetup-cache-allocator-block-size=4194304"
    "memorysetup-typetree-allocator-block-size=2097152"
    "memorysetup-profiler-bucket-allocator-granularity=16"
    "memorysetup-profiler-bucket-allocator-bucket-count=8"
    "memorysetup-profiler-bucket-allocator-block-size=33554432"
    "memorysetup-profiler-bucket-allocator-block-count=8"
    "memorysetup-profiler-allocator-block-size=16777216"
    "memorysetup-profiler-editor-allocator-block-size=1048576"
    "memorysetup-temp-allocator-size-main=16777216"
    "memorysetup-job-temp-allocator-block-size=2097152"
    "memorysetup-job-temp-allocator-block-size-background=1048576"
    "memorysetup-job-temp-allocator-reduction-small-platforms=262144"
    "memorysetup-temp-allocator-size-background-worker=32768"
    "memorysetup-temp-allocator-size-job-worker=262144"
    "memorysetup-temp-allocator-size-preload-manager=33554432"
    "memorysetup-temp-allocator-size-nav-mesh-worker=65536"
    "memorysetup-temp-allocator-size-audio-worker=65536"
    "memorysetup-temp-allocator-size-cloud-worker=32768"
    "memorysetup-temp-allocator-size-gi-baking-worker=262144"
    "memorysetup-temp-allocator-size-gfx=262144"
Player connection [7940] Host "[IP] 192.168.0.11 [Port] 0 [Flags] 2 [Guid] 3658815138 [EditorId] 3658815138 [Version] 1048832 [Id] WindowsEditor(7,DESKTOP-MN4RVAM) [Debug] 1 [PackageName] WindowsEditor [ProjectName] Editor" joined multi-casting on [225.0.0.222:54997]...

Player connection [7940] Host "[IP] 192.168.0.11 [Port] 0 [Flags] 2 [Guid] 3658815138 [EditorId] 3658815138 [Version] 1048832 [Id] WindowsEditor(7,DESKTOP-MN4RVAM) [Debug] 1 [PackageName] WindowsEditor [ProjectName] Editor" joined alternative multi-casting on [225.0.0.222:34997]...

Refreshing native plugins compatible for Editor in 164.76 ms, found 3 plugins.
Preloading 0 native plugins for Editor in 0.00 ms.
Initialize engine version: 2021.3.15f1 (e8e88683f834)
[Subsystems] Discovering subsystems at path F:/Unity/2021.3.15f1/Editor/Data/Resources/UnitySubsystems
[Subsystems] Discovering subsystems at path F:/Github/VR-projekt/VR projekt/Assets
GfxDevice: creating device client; threaded=0; jobified=0
Direct3D:
    Version:  Direct3D 11.0 [level 11.1]
    Renderer: NVIDIA GeForce GTX 1650 (ID=0x1f91)
    Vendor:   NVIDIA
    VRAM:     3949 MB
    Driver:   31.0.15.2824
Initialize mono
Mono path[0] = 'F:/Unity/2021.3.15f1/Editor/Data/Managed'
Mono path[1] = 'F:/Unity/2021.3.15f1/Editor/Data/MonoBleedingEdge/lib/mono/unityjit-win32'
Mono config path = 'F:/Unity/2021.3.15f1/Editor/Data/MonoBleedingEdge/etc'
Using monoOptions --debugger-agent=transport=dt_socket,embedding=1,server=y,suspend=n,address=127.0.0.1:56868
Begin MonoManager ReloadAssembly
Registering precompiled unity dll's ...
Register platform support module: F:/Unity/2021.3.15f1/Editor/Data/PlaybackEngines/WindowsStandaloneSupport/UnityEditor.WindowsStandalone.Extensions.dll
Registered in 0.008877 seconds.
Native extension for WindowsStandalone target not found
Refreshing native plugins compatible for Editor in 176.91 ms, found 3 plugins.
Preloading 0 native plugins for Editor in 0.00 ms.
Mono: successfully reloaded assembly
- Completed reload, in  1.243 seconds
Domain Reload Profiling:
	ReloadAssembly (1244ms)
		BeginReloadAssembly (115ms)
			ExecutionOrderSort (0ms)
			DisableScriptedObjects (0ms)
			BackupInstance (0ms)
			ReleaseScriptingObjects (0ms)
			CreateAndSetChildDomain (1ms)
		EndReloadAssembly (929ms)
			LoadAssemblies (112ms)
			RebuildTransferFunctionScriptingTraits (0ms)
			SetupTypeCache (196ms)
			ReleaseScriptCaches (0ms)
			RebuildScriptCaches (51ms)
			SetupLoadedEditorAssemblies (596ms)
				LogAssemblyErrors (0ms)
				InitializePlatformSupportModulesInManaged (12ms)
				SetLoadedEditorAssemblies (0ms)
				RefreshPlugins (177ms)
				BeforeProcessingInitializeOnLoad (2ms)
				ProcessInitializeOnLoadAttributes (316ms)
				ProcessInitializeOnLoadMethodAttributes (89ms)
				AfterProcessingInitializeOnLoad (0ms)
				EditorAssembliesLoaded (0ms)
			ExecutionOrderSort2 (0ms)
			AwakeInstancesAfterBackupRestoration (0ms)
Platform modules already initialized, skipping
Registering precompiled user dll's ...
Registered in 0.016743 seconds.
Begin MonoManager ReloadAssembly
Symbol file LoadedFromMemory doesn't match image F:\Github\VR-projekt\VR projekt\Library\PackageCache\com.unity.visualscripting@1.7.8\Editor\VisualScripting.Core\Dependencies\YamlDotNet\Unity.VisualScripting.YamlDotNet.dll
Symbol file LoadedFromMemory doesn't match image F:\Github\VR-projekt\VR projekt\Library\PackageCache\com.unity.visualscripting@1.7.8\Editor\VisualScripting.Core\Dependencies\DotNetZip\Unity.VisualScripting.IonicZip.dll
Native extension for WindowsStandalone target not found
Refreshing native plugins compatible for Editor in 159.69 ms, found 3 plugins.
Preloading 0 native plugins for Editor in 0.00 ms.
Mono: successfully reloaded assembly
- Completed reload, in  2.526 seconds
Domain Reload Profiling:
	ReloadAssembly (2529ms)
		BeginReloadAssembly (205ms)
			ExecutionOrderSort (0ms)
			DisableScriptedObjects (10ms)
			BackupInstance (0ms)
			ReleaseScriptingObjects (0ms)
			CreateAndSetChildDomain (31ms)
		EndReloadAssembly (2093ms)
			LoadAssemblies (157ms)
			RebuildTransferFunctionScriptingTraits (0ms)
			SetupTypeCache (542ms)
			ReleaseScriptCaches (1ms)
			RebuildScriptCaches (108ms)
			SetupLoadedEditorAssemblies (1210ms)
				LogAssemblyErrors (0ms)
				InitializePlatformSupportModulesInManaged (7ms)
				SetLoadedEditorAssemblies (0ms)
				RefreshPlugins (160ms)
				BeforeProcessingInitializeOnLoad (185ms)
				ProcessInitializeOnLoadAttributes (794ms)
				ProcessInitializeOnLoadMethodAttributes (49ms)
				AfterProcessingInitializeOnLoad (14ms)
				EditorAssembliesLoaded (0ms)
			ExecutionOrderSort2 (0ms)
			AwakeInstancesAfterBackupRestoration (9ms)
Platform modules already initialized, skipping
========================================================================
Worker process is ready to serve import requests
Launched and connected shader compiler UnityShaderCompiler.exe after 0.06 seconds
Refreshing native plugins compatible for Editor in 1.13 ms, found 3 plugins.
Preloading 0 native plugins for Editor in 0.00 ms.
Unloading 3883 Unused Serialized files (Serialized files now loaded: 0)
Unloading 44 unused Assets / (185.4 KB). Loaded Objects now: 4360.
Memory consumption went from 152.2 MB to 152.0 MB.
Total: 4.282900 ms (FindLiveObjects: 0.297500 ms CreateObjectMapping: 0.232900 ms MarkObjects: 3.600300 ms  DeleteObjects: 0.151200 ms)

AssetImportParameters requested are different than current active one (requested -> active):
  custom:video-decoder-ogg-theora: a1e56fd34408186e4bbccfd4996cb3dc -> 
  custom:container-muxer-webm: aa71ff27fc2769a1b78a27578f13a17b -> 
  custom:container-demuxer-webm: 4f35f7cbe854078d1ac9338744f61a02 -> 
  custom:video-encoder-webm-vp8: eb34c28f22e8b96e1ab97ce403110664 -> 
  custom:audio-encoder-webm-vorbis: bf7c407c2cedff20999df2af8eb42d56 -> 
  custom:framework-win-MediaFoundation: 216162199b28c13a410421893ffa2e32 -> 
  custom:container-demuxer-ogg: 62fdf1f143b41e24485cea50d1cbac27 -> 
  custom:video-decoder-webm-vp8: 9c59270c3fd7afecdb556c50c9e8de78 -> 
  custom:audio-decoder-ogg-vorbis: bf7c407c2cedff20999df2af8eb42d56 -> 
========================================================================
Received Import Request.
  Time since last request: 14346.541505 seconds.
  path: Assets/Fantasy Pack/Halloween Package/Prefabs/CTMSP_BrokenGrave_2.prefab
  artifactKey: Guid(d46328b9326d1ac429bf38493e5b529b) Importer(815301076,1909f56bfc062723c751e8b465ee728b)
Start importing Assets/Fantasy Pack/Halloween Package/Prefabs/CTMSP_BrokenGrave_2.prefab using Guid(d46328b9326d1ac429bf38493e5b529b) Importer(815301076,1909f56bfc062723c751e8b465ee728b)  -> (artifact id: 'b22f7afd63ac59d69e477c3214cc7ebf') in 0.638613 seconds 
========================================================================
Received Import Request.
  Time since last request: 0.000027 seconds.
  path: Assets/Fantasy Pack/Halloween Package/Prefabs/HLW_Candy_RD_1.prefab
  artifactKey: Guid(1cbcc122398459a4f8823a9111a3b46a) Importer(815301076,1909f56bfc062723c751e8b465ee728b)
Start importing Assets/Fantasy Pack/Halloween Package/Prefabs/HLW_Candy_RD_1.prefab using Guid(1cbcc122398459a4f8823a9111a3b46a) Importer(815301076,1909f56bfc062723c751e8b465ee728b)  -> (artifact id: '333191f5425117606f59d24a8e5a5fe2') in 0.036781 seconds 
========================================================================
Received Import Request.
  Time since last request: 0.000040 seconds.
  path: Assets/Fantasy Pack/Halloween Package/Prefabs/HLW_Candy_BLE_5.prefab
  artifactKey: Guid(fdb8292565547794495491f95ab8d367) Importer(815301076,1909f56bfc062723c751e8b465ee728b)
Start importing Assets/Fantasy Pack/Halloween Package/Prefabs/HLW_Candy_BLE_5.prefab using Guid(fdb8292565547794495491f95ab8d367) Importer(815301076,1909f56bfc062723c751e8b465ee728b)  -> (artifact id: 'f4bf1effe5b9f264ffad174ce14d5bd4') in 0.026153 seconds 
========================================================================
Received Import Request.
  Time since last request: 0.000025 seconds.
  path: Assets/Fantasy Pack/Halloween Package/Prefabs/HLW_JackoLanter_12.prefab
  artifactKey: Guid(6542053f07459054e898e51e4a5d1673) Importer(815301076,1909f56bfc062723c751e8b465ee728b)
Start importing Assets/Fantasy Pack/Halloween Package/Prefabs/HLW_JackoLanter_12.prefab using Guid(6542053f07459054e898e51e4a5d1673) Importer(815301076,1909f56bfc062723c751e8b465ee728b)  -> (artifact id: '29eb51714ed750cd70f0aef895df9ff8') in 0.335943 seconds 
========================================================================
Received Import Request.
  Time since last request: 0.000038 seconds.
  path: Assets/Fantasy Pack/Halloween Package/Prefabs/HLW_JackoLanter_4.prefab
  artifactKey: Guid(8cd85c3b9f33081418fcae6965623e0b) Importer(815301076,1909f56bfc062723c751e8b465ee728b)
Start importing Assets/Fantasy Pack/Halloween Package/Prefabs/HLW_JackoLanter_4.prefab using Guid(8cd85c3b9f33081418fcae6965623e0b) Importer(815301076,1909f56bfc062723c751e8b465ee728b)  -> (artifact id: '7da409dd822c77193ff1c4f97a9ee217') in 0.037931 seconds 
========================================================================
Received Import Request.
  Time since last request: 0.000039 seconds.
  path: Assets/Fantasy Pack/Halloween Package/Prefabs/HLW_Candy_YLW_4.prefab
  artifactKey: Guid(8d05d92b79308614abf1dbc8b67f71ad) Importer(815301076,1909f56bfc062723c751e8b465ee728b)
Start importing Assets/Fantasy Pack/Halloween Package/Prefabs/HLW_Candy_YLW_4.prefab using Guid(8d05d92b79308614abf1dbc8b67f71ad) Importer(815301076,1909f56bfc062723c751e8b465ee728b)  -> (artifact id: '1561b53a67392c4e1b9af40d224361a8') in 0.026084 seconds 
========================================================================
Received Import Request.
  Time since last request: 0.000028 seconds.
  path: Assets/Fantasy Pack/Halloween Package/Prefabs/HLW_WitchHat_1.prefab
  artifactKey: Guid(0c01aef5d632764438087b4237eff23b) Importer(815301076,1909f56bfc062723c751e8b465ee728b)
Start importing Assets/Fantasy Pack/Halloween Package/Prefabs/HLW_WitchHat_1.prefab using Guid(0c01aef5d632764438087b4237eff23b) Importer(815301076,1909f56bfc062723c751e8b465ee728b)  -> (artifact id: '8d7999ed6644e73b77bd2bbfcc5424b8') in 0.035546 seconds 
========================================================================
Received Import Request.
  Time since last request: 0.000030 seconds.
  path: Assets/Fantasy Pack/Halloween Package/Prefabs/CTMSP_Grave_1.prefab
  artifactKey: Guid(9f90d1e4f3f6ee84997372de2ef3c4bf) Importer(815301076,1909f56bfc062723c751e8b465ee728b)
Start importing Assets/Fantasy Pack/Halloween Package/Prefabs/CTMSP_Grave_1.prefab using Guid(9f90d1e4f3f6ee84997372de2ef3c4bf) Importer(815301076,1909f56bfc062723c751e8b465ee728b)  -> (artifact id: '429d972075f87be1c48e95df98404b93') in 0.018325 seconds 
========================================================================
Received Import Request.
  Time since last request: 0.000031 seconds.
  path: Assets/Fantasy Pack/Halloween Package/Prefabs/HLW_Candy_YLW_5.prefab
  artifactKey: Guid(6cd0989c103710b439cf71ddfb63add6) Importer(815301076,1909f56bfc062723c751e8b465ee728b)
Start importing Assets/Fantasy Pack/Halloween Package/Prefabs/HLW_Candy_YLW_5.prefab using Guid(6cd0989c103710b439cf71ddfb63add6) Importer(815301076,1909f56bfc062723c751e8b465ee728b)  -> (artifact id: '6218299d5996f64979169fed7a055349') in 0.022251 seconds 
========================================================================
Received Import Request.
  Time since last request: 0.000034 seconds.
  path: Assets/Fantasy Pack/Halloween Package/Prefabs/HLW_SkullCandle_2.prefab
  artifactKey: Guid(f8f2c4e474146e347b2e96e07c83e6ae) Importer(815301076,1909f56bfc062723c751e8b465ee728b)
Start importing Assets/Fantasy Pack/Halloween Package/Prefabs/HLW_SkullCandle_2.prefab using Guid(f8f2c4e474146e347b2e96e07c83e6ae) Importer(815301076,1909f56bfc062723c751e8b465ee728b)  -> (artifact id: 'd2a65c82520ebc03d51243c510ac85c4') in 0.029610 seconds 
========================================================================
Received Import Request.
  Time since last request: 0.000027 seconds.
  path: Assets/Fantasy Pack/Halloween Package/Prefabs/HLW_Candy_GRN_1.prefab
  artifactKey: Guid(b49f37d4bb841a54aa4b807cc018e865) Importer(815301076,1909f56bfc062723c751e8b465ee728b)
Start importing Assets/Fantasy Pack/Halloween Package/Prefabs/HLW_Candy_GRN_1.prefab using Guid(b49f37d4bb841a54aa4b807cc018e865) Importer(815301076,1909f56bfc062723c751e8b465ee728b)  -> (artifact id: '9cfd002156bd82065a7d5611f787321e') in 0.022156 seconds 
========================================================================
Received Import Request.
  Time since last request: 0.000041 seconds.
  path: Assets/Fantasy Pack/Halloween Package/Prefabs/HLW_Candy_PNK_6.prefab
  artifactKey: Guid(14b7f820b7b3b144d845ff631ed31574) Importer(815301076,1909f56bfc062723c751e8b465ee728b)
Start importing Assets/Fantasy Pack/Halloween Package/Prefabs/HLW_Candy_PNK_6.prefab using Guid(14b7f820b7b3b144d845ff631ed31574) Importer(815301076,1909f56bfc062723c751e8b465ee728b)  -> (artifact id: '02effa2f32575f6ff223fc4f3e490650') in 0.030018 seconds 
========================================================================
Received Import Request.
  Time since last request: 0.000044 seconds.
  path: Assets/Fantasy Pack/Halloween Package/Prefabs/HLW_Candy_BLE_3.prefab
  artifactKey: Guid(1387c385490004d46be1d7be3aad42c5) Importer(815301076,1909f56bfc062723c751e8b465ee728b)
Start importing Assets/Fantasy Pack/Halloween Package/Prefabs/HLW_Candy_BLE_3.prefab using Guid(1387c385490004d46be1d7be3aad42c5) Importer(815301076,1909f56bfc062723c751e8b465ee728b)  -> (artifact id: '8ffe20927f73140f8f235ad02547bb12') in 0.040650 seconds 
========================================================================
Received Import Request.
  Time since last request: 0.000023 seconds.
  path: Assets/Fantasy Pack/Halloween Package/Prefabs/HLW_Candy_PRP_4.prefab
  artifactKey: Guid(cd7a4d7e76f54c74ab0863ced8e63169) Importer(815301076,1909f56bfc062723c751e8b465ee728b)
Start importing Assets/Fantasy Pack/Halloween Package/Prefabs/HLW_Candy_PRP_4.prefab using Guid(cd7a4d7e76f54c74ab0863ced8e63169) Importer(815301076,1909f56bfc062723c751e8b465ee728b)  -> (artifact id: '08ac76f3a8f895c154e759276f14376a') in 0.039394 seconds 
========================================================================
Received Import Request.
  Time since last request: 0.000032 seconds.
  path: Assets/Fantasy Pack/Halloween Package/Prefabs/HLW_CandyBasket_2.prefab
  artifactKey: Guid(58240fa74f0acf04fbced300d72873fc) Importer(815301076,1909f56bfc062723c751e8b465ee728b)
Start importing Assets/Fantasy Pack/Halloween Package/Prefabs/HLW_CandyBasket_2.prefab using Guid(58240fa74f0acf04fbced300d72873fc) Importer(815301076,1909f56bfc062723c751e8b465ee728b)  -> (artifact id: 'f4d2f084ca659e94a22e618dacbdb753') in 0.045576 seconds 
========================================================================
Received Import Request.
  Time since last request: 0.000035 seconds.
  path: Assets/Fantasy Pack/Halloween Package/Prefabs/HLW_Candy_YLW_1.prefab
  artifactKey: Guid(0b84cd20abc04634eb0b767f98602f11) Importer(815301076,1909f56bfc062723c751e8b465ee728b)
Start importing Assets/Fantasy Pack/Halloween Package/Prefabs/HLW_Candy_YLW_1.prefab using Guid(0b84cd20abc04634eb0b767f98602f11) Importer(815301076,1909f56bfc062723c751e8b465ee728b)  -> (artifact id: 'e338a22efc9bfb2570ab1cef8fbb43c8') in 0.031139 seconds 
========================================================================
Received Import Request.
  Time since last request: 0.000032 seconds.
  path: Assets/Fantasy Pack/Halloween Package/Prefabs/HLW_JackoLanter_7.prefab
  artifactKey: Guid(c0537cffad944874b9f3457dece75b36) Importer(815301076,1909f56bfc062723c751e8b465ee728b)
Start importing Assets/Fantasy Pack/Halloween Package/Prefabs/HLW_JackoLanter_7.prefab using Guid(c0537cffad944874b9f3457dece75b36) Importer(815301076,1909f56bfc062723c751e8b465ee728b)  -> (artifact id: 'b138d233ad73445465a2635476d1f9fb') in 0.041557 seconds 
========================================================================
Received Import Request.
  Time since last request: 0.000037 seconds.
  path: Assets/Fantasy Pack/Halloween Package/Prefabs/HLW_Candy_GRN_2.prefab
  artifactKey: Guid(27cfc3bfab788974e8a47b2d2fbbdfb9) Importer(815301076,1909f56bfc062723c751e8b465ee728b)
Start importing Assets/Fantasy Pack/Halloween Package/Prefabs/HLW_Candy_GRN_2.prefab using Guid(27cfc3bfab788974e8a47b2d2fbbdfb9) Importer(815301076,1909f56bfc062723c751e8b465ee728b)  -> (artifact id: '374de55b8117fce127783974cdda5117') in 0.025490 seconds 
========================================================================
Received Import Request.
  Time since last request: 0.000054 seconds.
  path: Assets/Fantasy Pack/Halloween Package/Prefabs/HLW_Candy_GRN_6.prefab
  artifactKey: Guid(e7348ab8845ac924eb481527edb4f5b1) Importer(815301076,1909f56bfc062723c751e8b465ee728b)
Start importing Assets/Fantasy Pack/Halloween Package/Prefabs/HLW_Candy_GRN_6.prefab using Guid(e7348ab8845ac924eb481527edb4f5b1) Importer(815301076,1909f56bfc062723c751e8b465ee728b)  -> (artifact id: '9156a1c7a82a8802822036823f5aa00a') in 0.039685 seconds 
========================================================================
Received Import Request.
  Time since last request: 0.000030 seconds.
  path: Assets/Fantasy Pack/Halloween Package/Prefabs/CTMSP_BrokenGrave_7.prefab
  artifactKey: Guid(2464c04d0c49d7c49b5d8690faff2c7d) Importer(815301076,1909f56bfc062723c751e8b465ee728b)
Start importing Assets/Fantasy Pack/Halloween Package/Prefabs/CTMSP_BrokenGrave_7.prefab using Guid(2464c04d0c49d7c49b5d8690faff2c7d) Importer(815301076,1909f56bfc062723c751e8b465ee728b)  -> (artifact id: 'c50f4fb5371df6c877df4711aac18abb') in 0.029958 seconds 
========================================================================
Received Import Request.
  Time since last request: 0.000028 seconds.
  path: Assets/Fantasy Pack/Halloween Package/Prefabs/HLW_Candy_ORG_3.prefab
  artifactKey: Guid(e80a8925177f5784f8ca762afa110e0b) Importer(815301076,1909f56bfc062723c751e8b465ee728b)
Start importing Assets/Fantasy Pack/Halloween Package/Prefabs/HLW_Candy_ORG_3.prefab using Guid(e80a8925177f5784f8ca762afa110e0b) Importer(815301076,1909f56bfc062723c751e8b465ee728b)  -> (artifact id: '4fe0bd57ef5f697b67d69656a08d18b8') in 0.037301 seconds 
========================================================================
Received Import Request.
  Time since last request: 0.000029 seconds.
  path: Assets/Fantasy Pack/Halloween Package/Prefabs/HLW_JackoLanter_1.prefab
  artifactKey: Guid(83e4b6251d908834ebc9a2808b2d6085) Importer(815301076,1909f56bfc062723c751e8b465ee728b)
Start importing Assets/Fantasy Pack/Halloween Package/Prefabs/HLW_JackoLanter_1.prefab using Guid(83e4b6251d908834ebc9a2808b2d6085) Importer(815301076,1909f56bfc062723c751e8b465ee728b)  -> (artifact id: '2e76b905d88e24898afa936ccf8339ac') in 0.030885 seconds 
========================================================================
Received Import Request.
  Time since last request: 0.000025 seconds.
  path: Assets/Fantasy Pack/Halloween Package/Prefabs/HLW_CandyBasket_3.prefab
  artifactKey: Guid(be4bff7aaf800694b968b96dd0c01325) Importer(815301076,1909f56bfc062723c751e8b465ee728b)
Start importing Assets/Fantasy Pack/Halloween Package/Prefabs/HLW_CandyBasket_3.prefab using Guid(be4bff7aaf800694b968b96dd0c01325) Importer(815301076,1909f56bfc062723c751e8b465ee728b)  -> (artifact id: '293ceece15d40aea2ef4e225911e517b') in 0.038774 seconds 
========================================================================
Received Import Request.
  Time since last request: 0.000031 seconds.
  path: Assets/Fantasy Pack/Halloween Package/Prefabs/HLW_Candy_RD_6.prefab
  artifactKey: Guid(5951bbb3ff6494f4da72e13ba0e1f2be) Importer(815301076,1909f56bfc062723c751e8b465ee728b)
Start importing Assets/Fantasy Pack/Halloween Package/Prefabs/HLW_Candy_RD_6.prefab using Guid(5951bbb3ff6494f4da72e13ba0e1f2be) Importer(815301076,1909f56bfc062723c751e8b465ee728b)  -> (artifact id: 'e774ed32bbd3f755e95836d5b5ff5c4a') in 0.022806 seconds 
Editor requested this worker to shutdown with reason: Scaling down because of idle timeout
AssetImportWorker is now disconnected from the server
Process exiting
Exiting without the bug reporter. Application will terminate with return code 0