Using pre-set license
Built from '2021.3/staging' branch; Version is '2021.3.15f1 (e8e88683f834) revision 15263878'; Using compiler version '192829333'; Build Type 'Release'
OS: 'Windows 10  (10.0.19045) 64bit Core' Language: 'pl' Physical Memory: 16304 MB
BatchMode: 1, IsHumanControllingUs: 0, StartBugReporterOnCrash: 0, Is64bit: 1, IsPro: 1

COMMAND LINE ARGUMENTS:
F:\Unity\2021.3.15f1\Editor\Unity.exe
-adb2
-batchMode
-noUpm
-name
AssetImportWorker69
-projectPath
F:/Github/VR-projekt/VR projekt
-logFile
Logs/AssetImportWorker69.log
-srvPort
52652
Successfully changed project path to: F:/Github/VR-projekt/VR projekt
F:/Github/VR-projekt/VR projekt
[UnityMemory] Configuration Parameters - Can be set up in boot.config
    "memorysetup-bucket-allocator-granularity=16"
    "memorysetup-bucket-allocator-bucket-count=8"
    "memorysetup-bucket-allocator-block-size=33554432"
    "memorysetup-bucket-allocator-block-count=8"
    "memorysetup-main-allocator-block-size=16777216"
    "memorysetup-thread-allocator-block-size=16777216"
    "memorysetup-gfx-main-allocator-block-size=16777216"
    "memorysetup-gfx-thread-allocator-block-size=16777216"
    "memorysetup-cache-allocator-block-size=4194304"
    "memorysetup-typetree-allocator-block-size=2097152"
    "memorysetup-profiler-bucket-allocator-granularity=16"
    "memorysetup-profiler-bucket-allocator-bucket-count=8"
    "memorysetup-profiler-bucket-allocator-block-size=33554432"
    "memorysetup-profiler-bucket-allocator-block-count=8"
    "memorysetup-profiler-allocator-block-size=16777216"
    "memorysetup-profiler-editor-allocator-block-size=1048576"
    "memorysetup-temp-allocator-size-main=16777216"
    "memorysetup-job-temp-allocator-block-size=2097152"
    "memorysetup-job-temp-allocator-block-size-background=1048576"
    "memorysetup-job-temp-allocator-reduction-small-platforms=262144"
    "memorysetup-temp-allocator-size-background-worker=32768"
    "memorysetup-temp-allocator-size-job-worker=262144"
    "memorysetup-temp-allocator-size-preload-manager=33554432"
    "memorysetup-temp-allocator-size-nav-mesh-worker=65536"
    "memorysetup-temp-allocator-size-audio-worker=65536"
    "memorysetup-temp-allocator-size-cloud-worker=32768"
    "memorysetup-temp-allocator-size-gi-baking-worker=262144"
    "memorysetup-temp-allocator-size-gfx=262144"
Player connection [16520] Host "[IP] 192.168.0.11 [Port] 0 [Flags] 2 [Guid] 2516611473 [EditorId] 2516611473 [Version] 1048832 [Id] WindowsEditor(7,DESKTOP-MN4RVAM) [Debug] 1 [PackageName] WindowsEditor [ProjectName] Editor" joined multi-casting on [225.0.0.222:54997]...

Player connection [16520] Host "[IP] 192.168.0.11 [Port] 0 [Flags] 2 [Guid] 2516611473 [EditorId] 2516611473 [Version] 1048832 [Id] WindowsEditor(7,DESKTOP-MN4RVAM) [Debug] 1 [PackageName] WindowsEditor [ProjectName] Editor" joined alternative multi-casting on [225.0.0.222:34997]...

Refreshing native plugins compatible for Editor in 264.11 ms, found 3 plugins.
Preloading 0 native plugins for Editor in 0.00 ms.
Initialize engine version: 2021.3.15f1 (e8e88683f834)
[Subsystems] Discovering subsystems at path F:/Unity/2021.3.15f1/Editor/Data/Resources/UnitySubsystems
[Subsystems] Discovering subsystems at path F:/Github/VR-projekt/VR projekt/Assets
GfxDevice: creating device client; threaded=0; jobified=0
Direct3D:
    Version:  Direct3D 11.0 [level 11.1]
    Renderer: NVIDIA GeForce GTX 1650 (ID=0x1f91)
    Vendor:   NVIDIA
    VRAM:     3949 MB
    Driver:   31.0.15.2824
Initialize mono
Mono path[0] = 'F:/Unity/2021.3.15f1/Editor/Data/Managed'
Mono path[1] = 'F:/Unity/2021.3.15f1/Editor/Data/MonoBleedingEdge/lib/mono/unityjit-win32'
Mono config path = 'F:/Unity/2021.3.15f1/Editor/Data/MonoBleedingEdge/etc'
Using monoOptions --debugger-agent=transport=dt_socket,embedding=1,server=y,suspend=n,address=127.0.0.1:56444
Begin MonoManager ReloadAssembly
Registering precompiled unity dll's ...
Register platform support module: F:/Unity/2021.3.15f1/Editor/Data/PlaybackEngines/WindowsStandaloneSupport/UnityEditor.WindowsStandalone.Extensions.dll
Registered in 0.007408 seconds.
Native extension for WindowsStandalone target not found
Refreshing native plugins compatible for Editor in 148.91 ms, found 3 plugins.
Preloading 0 native plugins for Editor in 0.00 ms.
Mono: successfully reloaded assembly
- Completed reload, in  0.970 seconds
Domain Reload Profiling:
	ReloadAssembly (970ms)
		BeginReloadAssembly (106ms)
			ExecutionOrderSort (0ms)
			DisableScriptedObjects (0ms)
			BackupInstance (0ms)
			ReleaseScriptingObjects (0ms)
			CreateAndSetChildDomain (1ms)
		EndReloadAssembly (711ms)
			LoadAssemblies (101ms)
			RebuildTransferFunctionScriptingTraits (0ms)
			SetupTypeCache (171ms)
			ReleaseScriptCaches (0ms)
			RebuildScriptCaches (46ms)
			SetupLoadedEditorAssemblies (422ms)
				LogAssemblyErrors (0ms)
				InitializePlatformSupportModulesInManaged (9ms)
				SetLoadedEditorAssemblies (0ms)
				RefreshPlugins (149ms)
				BeforeProcessingInitializeOnLoad (2ms)
				ProcessInitializeOnLoadAttributes (196ms)
				ProcessInitializeOnLoadMethodAttributes (66ms)
				AfterProcessingInitializeOnLoad (0ms)
				EditorAssembliesLoaded (0ms)
			ExecutionOrderSort2 (0ms)
			AwakeInstancesAfterBackupRestoration (0ms)
Platform modules already initialized, skipping
Registering precompiled user dll's ...
Registered in 0.015710 seconds.
Begin MonoManager ReloadAssembly
Symbol file LoadedFromMemory doesn't match image F:\Github\VR-projekt\VR projekt\Library\PackageCache\com.unity.visualscripting@1.7.8\Editor\VisualScripting.Core\Dependencies\YamlDotNet\Unity.VisualScripting.YamlDotNet.dll
Symbol file LoadedFromMemory doesn't match image F:\Github\VR-projekt\VR projekt\Library\PackageCache\com.unity.visualscripting@1.7.8\Editor\VisualScripting.Core\Dependencies\DotNetZip\Unity.VisualScripting.IonicZip.dll
Native extension for WindowsStandalone target not found
Refreshing native plugins compatible for Editor in 144.00 ms, found 3 plugins.
Preloading 0 native plugins for Editor in 0.00 ms.
Mono: successfully reloaded assembly
- Completed reload, in  2.216 seconds
Domain Reload Profiling:
	ReloadAssembly (2218ms)
		BeginReloadAssembly (159ms)
			ExecutionOrderSort (0ms)
			DisableScriptedObjects (6ms)
			BackupInstance (0ms)
			ReleaseScriptingObjects (0ms)
			CreateAndSetChildDomain (31ms)
		EndReloadAssembly (1869ms)
			LoadAssemblies (131ms)
			RebuildTransferFunctionScriptingTraits (0ms)
			SetupTypeCache (447ms)
			ReleaseScriptCaches (1ms)
			RebuildScriptCaches (86ms)
			SetupLoadedEditorAssemblies (1137ms)
				LogAssemblyErrors (0ms)
				InitializePlatformSupportModulesInManaged (7ms)
				SetLoadedEditorAssemblies (0ms)
				RefreshPlugins (144ms)
				BeforeProcessingInitializeOnLoad (148ms)
				ProcessInitializeOnLoadAttributes (762ms)
				ProcessInitializeOnLoadMethodAttributes (58ms)
				AfterProcessingInitializeOnLoad (16ms)
				EditorAssembliesLoaded (0ms)
			ExecutionOrderSort2 (0ms)
			AwakeInstancesAfterBackupRestoration (11ms)
Platform modules already initialized, skipping
========================================================================
Worker process is ready to serve import requests
Launched and connected shader compiler UnityShaderCompiler.exe after 0.12 seconds
Refreshing native plugins compatible for Editor in 1.35 ms, found 3 plugins.
Preloading 0 native plugins for Editor in 0.00 ms.
Unloading 3883 Unused Serialized files (Serialized files now loaded: 0)
Unloading 44 unused Assets / (185.6 KB). Loaded Objects now: 4363.
Memory consumption went from 153.2 MB to 153.0 MB.
Total: 6.540400 ms (FindLiveObjects: 0.407100 ms CreateObjectMapping: 0.343900 ms MarkObjects: 5.583100 ms  DeleteObjects: 0.204200 ms)

AssetImportParameters requested are different than current active one (requested -> active):
  custom:video-decoder-ogg-theora: a1e56fd34408186e4bbccfd4996cb3dc -> 
  custom:container-muxer-webm: aa71ff27fc2769a1b78a27578f13a17b -> 
  custom:container-demuxer-webm: 4f35f7cbe854078d1ac9338744f61a02 -> 
  custom:video-encoder-webm-vp8: eb34c28f22e8b96e1ab97ce403110664 -> 
  custom:audio-encoder-webm-vorbis: bf7c407c2cedff20999df2af8eb42d56 -> 
  custom:framework-win-MediaFoundation: 216162199b28c13a410421893ffa2e32 -> 
  custom:container-demuxer-ogg: 62fdf1f143b41e24485cea50d1cbac27 -> 
  custom:video-decoder-webm-vp8: 9c59270c3fd7afecdb556c50c9e8de78 -> 
  custom:audio-decoder-ogg-vorbis: bf7c407c2cedff20999df2af8eb42d56 -> 
========================================================================
Received Import Request.
  Time since last request: 15638.219703 seconds.
  path: Assets/CemeteryPack/Prefabs/CryptMini/CryptMiniFoundation2.prefab
  artifactKey: Guid(8888a811b2bba2147a3443348e166ac4) Importer(815301076,1909f56bfc062723c751e8b465ee728b)
Start importing Assets/CemeteryPack/Prefabs/CryptMini/CryptMiniFoundation2.prefab using Guid(8888a811b2bba2147a3443348e166ac4) Importer(815301076,1909f56bfc062723c751e8b465ee728b)  -> (artifact id: 'c72b1f5143731868d0f63c6cc1ead3f6') in 0.388769 seconds 
========================================================================
Received Import Request.
  Time since last request: 5.747642 seconds.
  path: Assets/CemeteryPack/Prefabs/FenceFoundation/MetObj_FenceFoundation5.prefab
  artifactKey: Guid(ed41047b77df07b4b84e3bea421b64e3) Importer(815301076,1909f56bfc062723c751e8b465ee728b)
Start importing Assets/CemeteryPack/Prefabs/FenceFoundation/MetObj_FenceFoundation5.prefab using Guid(ed41047b77df07b4b84e3bea421b64e3) Importer(815301076,1909f56bfc062723c751e8b465ee728b)  -> (artifact id: '514c9153c6faa90a85058905aca9e34b') in 0.058874 seconds 
========================================================================
Received Import Request.
  Time since last request: 0.000034 seconds.
  path: Assets/CemeteryPack/Prefabs/FenceFoundation/MetObj_FenceFoundation18.prefab
  artifactKey: Guid(66b08beaf78b5384c92b918bb136ffac) Importer(815301076,1909f56bfc062723c751e8b465ee728b)
Start importing Assets/CemeteryPack/Prefabs/FenceFoundation/MetObj_FenceFoundation18.prefab using Guid(66b08beaf78b5384c92b918bb136ffac) Importer(815301076,1909f56bfc062723c751e8b465ee728b)  -> (artifact id: 'aa94b18a55351d848dd580930f4b38c1') in 0.052524 seconds 
========================================================================
Received Import Request.
  Time since last request: 0.000036 seconds.
  path: Assets/CemeteryPack/Prefabs/FenceFoundation/MetObj_FenceFoundation21.prefab
  artifactKey: Guid(38a4e57b69c06af48af51e0e3b6e6511) Importer(815301076,1909f56bfc062723c751e8b465ee728b)
Start importing Assets/CemeteryPack/Prefabs/FenceFoundation/MetObj_FenceFoundation21.prefab using Guid(38a4e57b69c06af48af51e0e3b6e6511) Importer(815301076,1909f56bfc062723c751e8b465ee728b)  -> (artifact id: 'c50a35d78dd8935258ec4fc6b16d5199') in 0.113663 seconds 
========================================================================
Received Import Request.
  Time since last request: 4.457069 seconds.
  path: Assets/CemeteryPack/Prefabs/Floor/Floor6.prefab
  artifactKey: Guid(1e53bce2b8e3b3a4d88d6aab095c6889) Importer(815301076,1909f56bfc062723c751e8b465ee728b)
Start importing Assets/CemeteryPack/Prefabs/Floor/Floor6.prefab using Guid(1e53bce2b8e3b3a4d88d6aab095c6889) Importer(815301076,1909f56bfc062723c751e8b465ee728b)  -> (artifact id: '97675f6bb29835a24e8bd3ba4be32b84') in 0.067599 seconds 
========================================================================
Received Import Request.
  Time since last request: 0.000049 seconds.
  path: Assets/CemeteryPack/Prefabs/Floor/FloorCircle.prefab
  artifactKey: Guid(7ab747b445b2b99408bf13ab408ad521) Importer(815301076,1909f56bfc062723c751e8b465ee728b)
Start importing Assets/CemeteryPack/Prefabs/Floor/FloorCircle.prefab using Guid(7ab747b445b2b99408bf13ab408ad521) Importer(815301076,1909f56bfc062723c751e8b465ee728b)  -> (artifact id: 'f97a5e79460ad49b6eed87d26e95fb6e') in 0.130713 seconds 
========================================================================
Received Import Request.
  Time since last request: 0.000052 seconds.
  path: Assets/CemeteryPack/Prefabs/Floor/Floor20.prefab
  artifactKey: Guid(dbf26495df52e294182eba441045a096) Importer(815301076,1909f56bfc062723c751e8b465ee728b)
Start importing Assets/CemeteryPack/Prefabs/Floor/Floor20.prefab using Guid(dbf26495df52e294182eba441045a096) Importer(815301076,1909f56bfc062723c751e8b465ee728b)  -> (artifact id: '82e480f9469af6a52a90799653a80251') in 0.064496 seconds 
========================================================================
Received Import Request.
  Time since last request: 4.214050 seconds.
  path: Assets/CemeteryPack/Prefabs/FloorFoundation/FloorFoundation6.prefab
  artifactKey: Guid(ee032d87fed7d75479c4c8756b6789fe) Importer(815301076,1909f56bfc062723c751e8b465ee728b)
Start importing Assets/CemeteryPack/Prefabs/FloorFoundation/FloorFoundation6.prefab using Guid(ee032d87fed7d75479c4c8756b6789fe) Importer(815301076,1909f56bfc062723c751e8b465ee728b)  -> (artifact id: '5189bf1e05f3b7fae3bb6760e24a6ad6') in 0.093864 seconds 
========================================================================
Received Import Request.
  Time since last request: 5.114948 seconds.
  path: Assets/CemeteryPack/Prefabs/Foundation/ColumnFoundation4 (1).prefab
  artifactKey: Guid(ab9318d8bc8ce7f43a9b1a0f0ef53c49) Importer(815301076,1909f56bfc062723c751e8b465ee728b)
Start importing Assets/CemeteryPack/Prefabs/Foundation/ColumnFoundation4 (1).prefab using Guid(ab9318d8bc8ce7f43a9b1a0f0ef53c49) Importer(815301076,1909f56bfc062723c751e8b465ee728b)  -> (artifact id: '40aec6979353ccce029bee681034c893') in 0.089401 seconds 
========================================================================
Received Import Request.
  Time since last request: 0.000031 seconds.
  path: Assets/CemeteryPack/Prefabs/Foundation/CryptFoundationLadder1.prefab
  artifactKey: Guid(bf9dfc378d052b0438b1cece561f6724) Importer(815301076,1909f56bfc062723c751e8b465ee728b)
Start importing Assets/CemeteryPack/Prefabs/Foundation/CryptFoundationLadder1.prefab using Guid(bf9dfc378d052b0438b1cece561f6724) Importer(815301076,1909f56bfc062723c751e8b465ee728b)  -> (artifact id: '75dd9448f57d9b4ebe70b56467192660') in 0.075444 seconds 
========================================================================
Received Import Request.
  Time since last request: 6.010844 seconds.
  path: Assets/CemeteryPack/Prefabs/Gate/MetObj_Fence3.prefab
  artifactKey: Guid(c2d37f0b68e0ddd45aa1303143496927) Importer(815301076,1909f56bfc062723c751e8b465ee728b)
Start importing Assets/CemeteryPack/Prefabs/Gate/MetObj_Fence3.prefab using Guid(c2d37f0b68e0ddd45aa1303143496927) Importer(815301076,1909f56bfc062723c751e8b465ee728b)  -> (artifact id: '82b46cf87fa2b722751486a720908a8c') in 0.042106 seconds 
========================================================================
Received Import Request.
  Time since last request: 0.000034 seconds.
  path: Assets/CemeteryPack/Prefabs/Gate/MetObj_Gates2_2.prefab
  artifactKey: Guid(46df802769a54bf41b32236bce131838) Importer(815301076,1909f56bfc062723c751e8b465ee728b)
Start importing Assets/CemeteryPack/Prefabs/Gate/MetObj_Gates2_2.prefab using Guid(46df802769a54bf41b32236bce131838) Importer(815301076,1909f56bfc062723c751e8b465ee728b)  -> (artifact id: '2c296eda10a698f93952a716d66d214c') in 0.030121 seconds 
========================================================================
Received Import Request.
  Time since last request: 3.962489 seconds.
  path: Assets/CemeteryPack/Prefabs/Tombstones/Tombstones.prefab
  artifactKey: Guid(5b88acc3fb62ad149b29e835335343a6) Importer(815301076,1909f56bfc062723c751e8b465ee728b)
Start importing Assets/CemeteryPack/Prefabs/Tombstones/Tombstones.prefab using Guid(5b88acc3fb62ad149b29e835335343a6) Importer(815301076,1909f56bfc062723c751e8b465ee728b)  -> (artifact id: '824a44fc278aec4fdd6c4e6d65ea92aa') in 0.083944 seconds 
========================================================================
Received Import Request.
  Time since last request: 0.000030 seconds.
  path: Assets/CemeteryPack/Prefabs/Tombstones/TombstonesCoffinWood.007.prefab
  artifactKey: Guid(4b4ee03666614134eac143abf6f30c1c) Importer(815301076,1909f56bfc062723c751e8b465ee728b)
Start importing Assets/CemeteryPack/Prefabs/Tombstones/TombstonesCoffinWood.007.prefab using Guid(4b4ee03666614134eac143abf6f30c1c) Importer(815301076,1909f56bfc062723c751e8b465ee728b)  -> (artifact id: 'c564e8d1c0e734ee678277a67fb7f6a7') in 0.106753 seconds 
========================================================================
Received Import Request.
  Time since last request: 84.812958 seconds.
  path: Assets/CemeteryPack/ColumnCrypt2 (1).prefab
  artifactKey: Guid(2695d1aa1628ede4296a3075808380b7) Importer(815301076,1909f56bfc062723c751e8b465ee728b)
Start importing Assets/CemeteryPack/ColumnCrypt2 (1).prefab using Guid(2695d1aa1628ede4296a3075808380b7) Importer(815301076,1909f56bfc062723c751e8b465ee728b)  -> (artifact id: '410ce1a7556f0cb6076347cd7a99333a') in 0.062392 seconds 
========================================================================
Received Import Request.
  Time since last request: 0.000033 seconds.
  path: Assets/CemeteryPack/Floor18.prefab
  artifactKey: Guid(748307aa766c9864abe97fb921bedd73) Importer(815301076,1909f56bfc062723c751e8b465ee728b)
Start importing Assets/CemeteryPack/Floor18.prefab using Guid(748307aa766c9864abe97fb921bedd73) Importer(815301076,1909f56bfc062723c751e8b465ee728b)  -> (artifact id: 'e3edd333c718268afce6fd97dc0bb50f') in 0.085404 seconds 
========================================================================
Received Import Request.
  Time since last request: 0.000033 seconds.
  path: Assets/CemeteryPack/ColumnCrypt3.prefab
  artifactKey: Guid(6184734ccd0f53c488fa8b90a56c7f2e) Importer(815301076,1909f56bfc062723c751e8b465ee728b)
Start importing Assets/CemeteryPack/ColumnCrypt3.prefab using Guid(6184734ccd0f53c488fa8b90a56c7f2e) Importer(815301076,1909f56bfc062723c751e8b465ee728b)  -> (artifact id: '9f92c2e71363d4bf0accfafbd71759b3') in 0.109905 seconds 
========================================================================
Received Import Request.
  Time since last request: 0.000038 seconds.
  path: Assets/CemeteryPack/CryptRootf5.prefab
  artifactKey: Guid(3ee26069ac455924a89cb4dc7540b701) Importer(815301076,1909f56bfc062723c751e8b465ee728b)
Start importing Assets/CemeteryPack/CryptRootf5.prefab using Guid(3ee26069ac455924a89cb4dc7540b701) Importer(815301076,1909f56bfc062723c751e8b465ee728b)  -> (artifact id: 'd0e5eb22bb377fca30f2cd020b325dfc') in 0.052520 seconds 
========================================================================
Received Import Request.
  Time since last request: 0.000029 seconds.
  path: Assets/CemeteryPack/CryptRootf4.prefab
  artifactKey: Guid(1c15a82035773c0458af0b5f1b368162) Importer(815301076,1909f56bfc062723c751e8b465ee728b)
Start importing Assets/CemeteryPack/CryptRootf4.prefab using Guid(1c15a82035773c0458af0b5f1b368162) Importer(815301076,1909f56bfc062723c751e8b465ee728b)  -> (artifact id: '90a09ad333fa4f55d7b5c84055115077') in 0.036090 seconds 
========================================================================
Received Import Request.
  Time since last request: 0.000087 seconds.
  path: Assets/CemeteryPack/Floor2.prefab
  artifactKey: Guid(25eb3db97ed7d094aa532f2ff697de15) Importer(815301076,1909f56bfc062723c751e8b465ee728b)
Start importing Assets/CemeteryPack/Floor2.prefab using Guid(25eb3db97ed7d094aa532f2ff697de15) Importer(815301076,1909f56bfc062723c751e8b465ee728b)  -> (artifact id: '8778e0ea71d20619ae91b500898ac905') in 0.036974 seconds 
========================================================================
Received Import Request.
  Time since last request: 0.000028 seconds.
  path: Assets/CemeteryPack/CryptMiniCross.prefab
  artifactKey: Guid(c448d6882a8691b4f896fb64dcee9850) Importer(815301076,1909f56bfc062723c751e8b465ee728b)
Start importing Assets/CemeteryPack/CryptMiniCross.prefab using Guid(c448d6882a8691b4f896fb64dcee9850) Importer(815301076,1909f56bfc062723c751e8b465ee728b)  -> (artifact id: '558a3807da1d089a5047fb22b3e068f8') in 0.035801 seconds 
========================================================================
Received Import Request.
  Time since last request: 0.000029 seconds.
  path: Assets/CemeteryPack/Floor10.prefab
  artifactKey: Guid(fecf9a559bf14a44394e5a36e740e98f) Importer(815301076,1909f56bfc062723c751e8b465ee728b)
Start importing Assets/CemeteryPack/Floor10.prefab using Guid(fecf9a559bf14a44394e5a36e740e98f) Importer(815301076,1909f56bfc062723c751e8b465ee728b)  -> (artifact id: 'a8a5d8361045e4b25cd1eb2e9e01bce6') in 0.040529 seconds 
========================================================================
Received Import Request.
  Time since last request: 0.000036 seconds.
  path: Assets/CemeteryPack/CryptMiniCoffin2.prefab
  artifactKey: Guid(c0fd8b90de2db6e4ba31ef7c55432f70) Importer(815301076,1909f56bfc062723c751e8b465ee728b)
Start importing Assets/CemeteryPack/CryptMiniCoffin2.prefab using Guid(c0fd8b90de2db6e4ba31ef7c55432f70) Importer(815301076,1909f56bfc062723c751e8b465ee728b)  -> (artifact id: '46697d06d3e9cc730025f457bcc282ed') in 0.049212 seconds 
========================================================================
Received Import Request.
  Time since last request: 0.000039 seconds.
  path: Assets/CemeteryPack/ColumnFoundation4.prefab
  artifactKey: Guid(aad1cfbcc0660014ab50d62ad62f5dc9) Importer(815301076,1909f56bfc062723c751e8b465ee728b)
Start importing Assets/CemeteryPack/ColumnFoundation4.prefab using Guid(aad1cfbcc0660014ab50d62ad62f5dc9) Importer(815301076,1909f56bfc062723c751e8b465ee728b)  -> (artifact id: 'a06fb23ff389c63816293810a4a63792') in 0.040835 seconds 
========================================================================
Received Import Request.
  Time since last request: 0.000026 seconds.
  path: Assets/CemeteryPack/Floor17.prefab
  artifactKey: Guid(d0ad3c3d6d2d20b45b15f81ab27aa2f5) Importer(815301076,1909f56bfc062723c751e8b465ee728b)
Start importing Assets/CemeteryPack/Floor17.prefab using Guid(d0ad3c3d6d2d20b45b15f81ab27aa2f5) Importer(815301076,1909f56bfc062723c751e8b465ee728b)  -> (artifact id: 'bcd851284b726e0096951305b05785b4') in 0.039569 seconds 
========================================================================
Received Import Request.
  Time since last request: 0.000027 seconds.
  path: Assets/CemeteryPack/CryptRootf1.prefab
  artifactKey: Guid(0a286194ca872484294cfdb8b39216c1) Importer(815301076,1909f56bfc062723c751e8b465ee728b)
Start importing Assets/CemeteryPack/CryptRootf1.prefab using Guid(0a286194ca872484294cfdb8b39216c1) Importer(815301076,1909f56bfc062723c751e8b465ee728b)  -> (artifact id: '588d6d57c95335cdf9c5eb9e1e7f4f3c') in 0.041443 seconds 
========================================================================
Received Import Request.
  Time since last request: 0.000028 seconds.
  path: Assets/CemeteryPack/CryptMiniFoundation1.prefab
  artifactKey: Guid(12f742a90c04b8b4db9029fed710e2a4) Importer(815301076,1909f56bfc062723c751e8b465ee728b)
Start importing Assets/CemeteryPack/CryptMiniFoundation1.prefab using Guid(12f742a90c04b8b4db9029fed710e2a4) Importer(815301076,1909f56bfc062723c751e8b465ee728b)  -> (artifact id: 'efbd88bee67dccad7543aa60c8c492f0') in 0.052180 seconds 
========================================================================
Received Import Request.
  Time since last request: 0.000031 seconds.
  path: Assets/CemeteryPack/CryptFoundationLadder4.prefab
  artifactKey: Guid(75354953ed0e7414798268a5ad5969f8) Importer(815301076,1909f56bfc062723c751e8b465ee728b)
Start importing Assets/CemeteryPack/CryptFoundationLadder4.prefab using Guid(75354953ed0e7414798268a5ad5969f8) Importer(815301076,1909f56bfc062723c751e8b465ee728b)  -> (artifact id: '35e3492648f6d686eba0f72c6e3961e5') in 0.047945 seconds 
========================================================================
Received Import Request.
  Time since last request: 0.000051 seconds.
  path: Assets/CemeteryPack/Floor9.prefab
  artifactKey: Guid(09062047289496a4bb3e59a41c924fa3) Importer(815301076,1909f56bfc062723c751e8b465ee728b)
Start importing Assets/CemeteryPack/Floor9.prefab using Guid(09062047289496a4bb3e59a41c924fa3) Importer(815301076,1909f56bfc062723c751e8b465ee728b)  -> (artifact id: '3ab5055811bcfff9e11841da3019c34c') in 0.038775 seconds 
========================================================================
Received Import Request.
  Time since last request: 0.000029 seconds.
  path: Assets/CemeteryPack/Floor12.prefab
  artifactKey: Guid(22e746d62f7494543a5815e240ea4d1d) Importer(815301076,1909f56bfc062723c751e8b465ee728b)
Start importing Assets/CemeteryPack/Floor12.prefab using Guid(22e746d62f7494543a5815e240ea4d1d) Importer(815301076,1909f56bfc062723c751e8b465ee728b)  -> (artifact id: '6052a794c0aece1d27dbd7234d45bf62') in 0.036822 seconds 
========================================================================
Received Import Request.
  Time since last request: 0.000035 seconds.
  path: Assets/CemeteryPack/Floor3.prefab
  artifactKey: Guid(686c0325ec383ff43bbcbb7d29a794a1) Importer(815301076,1909f56bfc062723c751e8b465ee728b)
Start importing Assets/CemeteryPack/Floor3.prefab using Guid(686c0325ec383ff43bbcbb7d29a794a1) Importer(815301076,1909f56bfc062723c751e8b465ee728b)  -> (artifact id: '45ae898715185cc66ea909de782c17f7') in 0.042944 seconds 
========================================================================
Received Import Request.
  Time since last request: 0.000031 seconds.
  path: Assets/CemeteryPack/CryptFoundationLadder5.prefab
  artifactKey: Guid(c99b0528ff8c65b4db8abfbf3a30c59e) Importer(815301076,1909f56bfc062723c751e8b465ee728b)
Start importing Assets/CemeteryPack/CryptFoundationLadder5.prefab using Guid(c99b0528ff8c65b4db8abfbf3a30c59e) Importer(815301076,1909f56bfc062723c751e8b465ee728b)  -> (artifact id: '2a2e7d66f9644c6841a70a44f04044a1') in 0.043084 seconds 
========================================================================
Received Import Request.
  Time since last request: 0.000056 seconds.
  path: Assets/CemeteryPack/ColumnCrypt4.prefab
  artifactKey: Guid(b72e73eb37c5eea4a963ba85db9f572e) Importer(815301076,1909f56bfc062723c751e8b465ee728b)
Start importing Assets/CemeteryPack/ColumnCrypt4.prefab using Guid(b72e73eb37c5eea4a963ba85db9f572e) Importer(815301076,1909f56bfc062723c751e8b465ee728b)  -> (artifact id: '9765dbf4e2964c90cc6ce2e102aaf66e') in 0.049035 seconds 
========================================================================
Received Import Request.
  Time since last request: 0.000038 seconds.
  path: Assets/CemeteryPack/ColumnFoundation4 (1).prefab
  artifactKey: Guid(ab9318d8bc8ce7f43a9b1a0f0ef53c49) Importer(815301076,1909f56bfc062723c751e8b465ee728b)
Start importing Assets/CemeteryPack/ColumnFoundation4 (1).prefab using Guid(ab9318d8bc8ce7f43a9b1a0f0ef53c49) Importer(815301076,1909f56bfc062723c751e8b465ee728b)  -> (artifact id: '107723dea6527b7f7a0bfcdc0c884688') in 0.042056 seconds 
========================================================================
Received Import Request.
  Time since last request: 0.000040 seconds.
  path: Assets/CemeteryPack/ColumnGateColumn.prefab
  artifactKey: Guid(7617cf3261020e143b25e48ecb8c5ac6) Importer(815301076,1909f56bfc062723c751e8b465ee728b)
Start importing Assets/CemeteryPack/ColumnGateColumn.prefab using Guid(7617cf3261020e143b25e48ecb8c5ac6) Importer(815301076,1909f56bfc062723c751e8b465ee728b)  -> (artifact id: '1bb4c06060438731ac282c9ea25ca64b') in 0.055541 seconds 
========================================================================
Received Import Request.
  Time since last request: 0.000024 seconds.
  path: Assets/CemeteryPack/Floor8.prefab
  artifactKey: Guid(f06185b22b739c44c98bfebce43af781) Importer(815301076,1909f56bfc062723c751e8b465ee728b)
Start importing Assets/CemeteryPack/Floor8.prefab using Guid(f06185b22b739c44c98bfebce43af781) Importer(815301076,1909f56bfc062723c751e8b465ee728b)  -> (artifact id: '3b568f14c434c6c17e63498b57894a22') in 0.047374 seconds 
========================================================================
Received Import Request.
  Time since last request: 0.000030 seconds.
  path: Assets/CemeteryPack/Floor11.prefab
  artifactKey: Guid(8578f58d2c6eff84eac4b105a1a1fd33) Importer(815301076,1909f56bfc062723c751e8b465ee728b)
Start importing Assets/CemeteryPack/Floor11.prefab using Guid(8578f58d2c6eff84eac4b105a1a1fd33) Importer(815301076,1909f56bfc062723c751e8b465ee728b)  -> (artifact id: 'bf3394bedea23a5c870bb6023ce63227') in 0.035446 seconds 
========================================================================
Received Import Request.
  Time since last request: 0.000028 seconds.
  path: Assets/CemeteryPack/CryptFoundationLadder2.prefab
  artifactKey: Guid(ca85a3f63c993ff448978f6fbf6806df) Importer(815301076,1909f56bfc062723c751e8b465ee728b)
Start importing Assets/CemeteryPack/CryptFoundationLadder2.prefab using Guid(ca85a3f63c993ff448978f6fbf6806df) Importer(815301076,1909f56bfc062723c751e8b465ee728b)  -> (artifact id: 'aa5cc9e0f3e9cea2a5faaa82e7fc57e6') in 0.037052 seconds 
========================================================================
Received Import Request.
  Time since last request: 0.000105 seconds.
  path: Assets/CemeteryPack/CryptRootf6.prefab
  artifactKey: Guid(d3673121240fc1e4e9d19d8ea56ca4a3) Importer(815301076,1909f56bfc062723c751e8b465ee728b)
Start importing Assets/CemeteryPack/CryptRootf6.prefab using Guid(d3673121240fc1e4e9d19d8ea56ca4a3) Importer(815301076,1909f56bfc062723c751e8b465ee728b)  -> (artifact id: 'db923126a13b854d6642b76e8e3ab17e') in 0.033996 seconds 
========================================================================
Received Import Request.
  Time since last request: 9.935059 seconds.
  path: Assets/Skull Platform/Prefabs/Platform_Skull_05.prefab
  artifactKey: Guid(0194038e908575a42895d9b24c1fb149) Importer(815301076,1909f56bfc062723c751e8b465ee728b)
Start importing Assets/Skull Platform/Prefabs/Platform_Skull_05.prefab using Guid(0194038e908575a42895d9b24c1fb149) Importer(815301076,1909f56bfc062723c751e8b465ee728b)  -> (artifact id: '1cc1aa24c48d521a5582f504780e8d69') in 0.451934 seconds 
========================================================================
Received Prepare
Registering precompiled user dll's ...
Registered in 0.019270 seconds.
Begin MonoManager ReloadAssembly
Symbol file LoadedFromMemory doesn't match image F:\Github\VR-projekt\VR projekt\Library\PackageCache\com.unity.visualscripting@1.7.8\Editor\VisualScripting.Core\Dependencies\YamlDotNet\Unity.VisualScripting.YamlDotNet.dll
Symbol file LoadedFromMemory doesn't match image F:\Github\VR-projekt\VR projekt\Library\PackageCache\com.unity.visualscripting@1.7.8\Editor\VisualScripting.Core\Dependencies\DotNetZip\Unity.VisualScripting.IonicZip.dll
Native extension for WindowsStandalone target not found
Refreshing native plugins compatible for Editor in 1.51 ms, found 3 plugins.
Preloading 0 native plugins for Editor in 0.00 ms.
Mono: successfully reloaded assembly
- Completed reload, in  2.433 seconds
Domain Reload Profiling:
	ReloadAssembly (2434ms)
		BeginReloadAssembly (310ms)
			ExecutionOrderSort (0ms)
			DisableScriptedObjects (6ms)
			BackupInstance (0ms)
			ReleaseScriptingObjects (0ms)
			CreateAndSetChildDomain (86ms)
		EndReloadAssembly (1926ms)
			LoadAssemblies (231ms)
			RebuildTransferFunctionScriptingTraits (0ms)
			SetupTypeCache (568ms)
			ReleaseScriptCaches (2ms)
			RebuildScriptCaches (79ms)
			SetupLoadedEditorAssemblies (1027ms)
				LogAssemblyErrors (0ms)
				InitializePlatformSupportModulesInManaged (21ms)
				SetLoadedEditorAssemblies (1ms)
				RefreshPlugins (2ms)
				BeforeProcessingInitializeOnLoad (131ms)
				ProcessInitializeOnLoadAttributes (781ms)
				ProcessInitializeOnLoadMethodAttributes (76ms)
				AfterProcessingInitializeOnLoad (16ms)
				EditorAssembliesLoaded (0ms)
			ExecutionOrderSort2 (0ms)
			AwakeInstancesAfterBackupRestoration (10ms)
Platform modules already initialized, skipping
Refreshing native plugins compatible for Editor in 16.14 ms, found 3 plugins.
Preloading 0 native plugins for Editor in 0.00 ms.
Unloading 3877 Unused Serialized files (Serialized files now loaded: 0)
Unloading 23 unused Assets / (152.8 KB). Loaded Objects now: 4391.
Memory consumption went from 158.1 MB to 157.9 MB.
Total: 12.122800 ms (FindLiveObjects: 0.392800 ms CreateObjectMapping: 0.353100 ms MarkObjects: 11.213500 ms  DeleteObjects: 0.162000 ms)

AssetImportParameters requested are different than current active one (requested -> active):
  custom:video-decoder-ogg-theora: a1e56fd34408186e4bbccfd4996cb3dc -> 
  custom:container-muxer-webm: aa71ff27fc2769a1b78a27578f13a17b -> 
  custom:container-demuxer-webm: 4f35f7cbe854078d1ac9338744f61a02 -> 
  custom:video-encoder-webm-vp8: eb34c28f22e8b96e1ab97ce403110664 -> 
  custom:audio-encoder-webm-vorbis: bf7c407c2cedff20999df2af8eb42d56 -> 
  custom:framework-win-MediaFoundation: 216162199b28c13a410421893ffa2e32 -> 
  custom:container-demuxer-ogg: 62fdf1f143b41e24485cea50d1cbac27 -> 
  custom:video-decoder-webm-vp8: 9c59270c3fd7afecdb556c50c9e8de78 -> 
  custom:audio-decoder-ogg-vorbis: bf7c407c2cedff20999df2af8eb42d56 -> 
========================================================================
Received Import Request.
  Time since last request: 60.887288 seconds.
  path: Assets/BrokenVector/LowPolyFencePack/Prefabs/Fence Type3 02.prefab
  artifactKey: Guid(49e86d56904ce434e84ead31c131cfbc) Importer(815301076,1909f56bfc062723c751e8b465ee728b)
Start importing Assets/BrokenVector/LowPolyFencePack/Prefabs/Fence Type3 02.prefab using Guid(49e86d56904ce434e84ead31c131cfbc) Importer(815301076,1909f56bfc062723c751e8b465ee728b)  -> (artifact id: '3433de3dd9463ef2a0f68b07cb8d8f10') in 0.146157 seconds 
========================================================================
Received Prepare
Registering precompiled user dll's ...
Registered in 0.017611 seconds.
Begin MonoManager ReloadAssembly
Symbol file LoadedFromMemory doesn't match image F:\Github\VR-projekt\VR projekt\Library\PackageCache\com.unity.visualscripting@1.7.8\Editor\VisualScripting.Core\Dependencies\YamlDotNet\Unity.VisualScripting.YamlDotNet.dll
Symbol file LoadedFromMemory doesn't match image F:\Github\VR-projekt\VR projekt\Library\PackageCache\com.unity.visualscripting@1.7.8\Editor\VisualScripting.Core\Dependencies\DotNetZip\Unity.VisualScripting.IonicZip.dll
Native extension for WindowsStandalone target not found
Refreshing native plugins compatible for Editor in 1.31 ms, found 3 plugins.
Preloading 0 native plugins for Editor in 0.00 ms.
Mono: successfully reloaded assembly
- Completed reload, in  2.608 seconds
Domain Reload Profiling:
	ReloadAssembly (2609ms)
		BeginReloadAssembly (349ms)
			ExecutionOrderSort (0ms)
			DisableScriptedObjects (10ms)
			BackupInstance (0ms)
			ReleaseScriptingObjects (0ms)
			CreateAndSetChildDomain (128ms)
		EndReloadAssembly (2019ms)
			LoadAssemblies (202ms)
			RebuildTransferFunctionScriptingTraits (0ms)
			SetupTypeCache (557ms)
			ReleaseScriptCaches (2ms)
			RebuildScriptCaches (79ms)
			SetupLoadedEditorAssemblies (1128ms)
				LogAssemblyErrors (0ms)
				InitializePlatformSupportModulesInManaged (27ms)
				SetLoadedEditorAssemblies (1ms)
				RefreshPlugins (1ms)
				BeforeProcessingInitializeOnLoad (149ms)
				ProcessInitializeOnLoadAttributes (854ms)
				ProcessInitializeOnLoadMethodAttributes (79ms)
				AfterProcessingInitializeOnLoad (17ms)
				EditorAssembliesLoaded (0ms)
			ExecutionOrderSort2 (0ms)
			AwakeInstancesAfterBackupRestoration (27ms)
Platform modules already initialized, skipping
Refreshing native plugins compatible for Editor in 4.62 ms, found 3 plugins.
Preloading 0 native plugins for Editor in 0.00 ms.
Unloading 3877 Unused Serialized files (Serialized files now loaded: 0)
Unloading 23 unused Assets / (152.9 KB). Loaded Objects now: 4406.
Memory consumption went from 158.1 MB to 157.9 MB.
Total: 6.225100 ms (FindLiveObjects: 0.414800 ms CreateObjectMapping: 0.364200 ms MarkObjects: 5.288100 ms  DeleteObjects: 0.156600 ms)

AssetImportParameters requested are different than current active one (requested -> active):
  custom:video-decoder-ogg-theora: a1e56fd34408186e4bbccfd4996cb3dc -> 
  custom:container-muxer-webm: aa71ff27fc2769a1b78a27578f13a17b -> 
  custom:container-demuxer-webm: 4f35f7cbe854078d1ac9338744f61a02 -> 
  custom:video-encoder-webm-vp8: eb34c28f22e8b96e1ab97ce403110664 -> 
  custom:audio-encoder-webm-vorbis: bf7c407c2cedff20999df2af8eb42d56 -> 
  custom:framework-win-MediaFoundation: 216162199b28c13a410421893ffa2e32 -> 
  custom:container-demuxer-ogg: 62fdf1f143b41e24485cea50d1cbac27 -> 
  custom:video-decoder-webm-vp8: 9c59270c3fd7afecdb556c50c9e8de78 -> 
  custom:audio-decoder-ogg-vorbis: bf7c407c2cedff20999df2af8eb42d56 -> 
Editor requested this worker to shutdown with reason: Scaling down because of idle timeout
AssetImportWorker is now disconnected from the server
Process exiting
Exiting without the bug reporter. Application will terminate with return code 0