Using pre-set license
Built from '2021.3/staging' branch; Version is '2021.3.4f1 (cb45f9cae8b7) revision 13321721'; Using compiler version '192829333'; Build Type 'Release'
OS: 'Windows 10  (10.0.19045) 64bit Core' Language: 'pl' Physical Memory: 16304 MB
BatchMode: 1, IsHumanControllingUs: 0, StartBugReporterOnCrash: 0, Is64bit: 1, IsPro: 1

COMMAND LINE ARGUMENTS:
F:\Unity\2021.3.4f1-x86_64\Editor\Unity.exe
-adb2
-batchMode
-noUpm
-name
AssetImportWorker41
-projectPath
D:/Github/VR-projekt/VR projekt
-logFile
Logs/AssetImportWorker41.log
-srvPort
51567
Successfully changed project path to: D:/Github/VR-projekt/VR projekt
D:/Github/VR-projekt/VR projekt
[UnityMemory] Configuration Parameters - Can be set up in boot.config
    "memorysetup-bucket-allocator-granularity=16"
    "memorysetup-bucket-allocator-bucket-count=8"
    "memorysetup-bucket-allocator-block-size=33554432"
    "memorysetup-bucket-allocator-block-count=8"
    "memorysetup-main-allocator-block-size=16777216"
    "memorysetup-thread-allocator-block-size=16777216"
    "memorysetup-gfx-main-allocator-block-size=16777216"
    "memorysetup-gfx-thread-allocator-block-size=16777216"
    "memorysetup-cache-allocator-block-size=4194304"
    "memorysetup-typetree-allocator-block-size=2097152"
    "memorysetup-profiler-bucket-allocator-granularity=16"
    "memorysetup-profiler-bucket-allocator-bucket-count=8"
    "memorysetup-profiler-bucket-allocator-block-size=33554432"
    "memorysetup-profiler-bucket-allocator-block-count=8"
    "memorysetup-profiler-allocator-block-size=16777216"
    "memorysetup-profiler-editor-allocator-block-size=1048576"
    "memorysetup-temp-allocator-size-main=16777216"
    "memorysetup-job-temp-allocator-block-size=2097152"
    "memorysetup-job-temp-allocator-block-size-background=1048576"
    "memorysetup-job-temp-allocator-reduction-small-platforms=262144"
    "memorysetup-temp-allocator-size-background-worker=32768"
    "memorysetup-temp-allocator-size-job-worker=262144"
    "memorysetup-temp-allocator-size-preload-manager=33554432"
    "memorysetup-temp-allocator-size-nav-mesh-worker=65536"
    "memorysetup-temp-allocator-size-audio-worker=65536"
    "memorysetup-temp-allocator-size-cloud-worker=32768"
    "memorysetup-temp-allocator-size-gi-baking-worker=262144"
    "memorysetup-temp-allocator-size-gfx=262144"
Refreshing native plugins compatible for Editor in 221.31 ms, found 3 plugins.
Preloading 0 native plugins for Editor in 0.00 ms.
Initialize engine version: 2021.3.4f1 (cb45f9cae8b7)
[Subsystems] Discovering subsystems at path F:/Unity/2021.3.4f1-x86_64/Editor/Data/Resources/UnitySubsystems
[Subsystems] Discovering subsystems at path D:/Github/VR-projekt/VR projekt/Assets
GfxDevice: creating device client; threaded=0; jobified=0
Direct3D:
    Version:  Direct3D 11.0 [level 11.1]
    Renderer: NVIDIA GeForce GTX 1650 (ID=0x1f91)
    Vendor:   NVIDIA
    VRAM:     3949 MB
    Driver:   31.0.15.2824
Initialize mono
Mono path[0] = 'F:/Unity/2021.3.4f1-x86_64/Editor/Data/Managed'
Mono path[1] = 'F:/Unity/2021.3.4f1-x86_64/Editor/Data/MonoBleedingEdge/lib/mono/unityjit-win32'
Mono config path = 'F:/Unity/2021.3.4f1-x86_64/Editor/Data/MonoBleedingEdge/etc'
Using monoOptions --debugger-agent=transport=dt_socket,embedding=1,server=y,suspend=n,address=127.0.0.1:56752
Begin MonoManager ReloadAssembly
Registering precompiled unity dll's ...
Register platform support module: F:/Unity/2021.3.4f1-x86_64/Editor/Data/PlaybackEngines/WindowsStandaloneSupport/UnityEditor.WindowsStandalone.Extensions.dll
Registered in 0.008910 seconds.
Native extension for WindowsStandalone target not found
Refreshing native plugins compatible for Editor in 131.79 ms, found 3 plugins.
Preloading 0 native plugins for Editor in 0.00 ms.
Mono: successfully reloaded assembly
- Completed reload, in  0.931 seconds
Domain Reload Profiling:
	ReloadAssembly (932ms)
		BeginReloadAssembly (107ms)
			ExecutionOrderSort (0ms)
			DisableScriptedObjects (0ms)
			BackupInstance (0ms)
			ReleaseScriptingObjects (0ms)
			CreateAndSetChildDomain (1ms)
		EndReloadAssembly (670ms)
			LoadAssemblies (103ms)
			RebuildTransferFunctionScriptingTraits (0ms)
			SetupTypeCache (147ms)
			ReleaseScriptCaches (0ms)
			RebuildScriptCaches (61ms)
			SetupLoadedEditorAssemblies (389ms)
				LogAssemblyErrors (0ms)
				InitializePlatformSupportModulesInManaged (11ms)
				SetLoadedEditorAssemblies (0ms)
				RefreshPlugins (132ms)
				BeforeProcessingInitializeOnLoad (2ms)
				ProcessInitializeOnLoadAttributes (177ms)
				ProcessInitializeOnLoadMethodAttributes (67ms)
				AfterProcessingInitializeOnLoad (0ms)
				EditorAssembliesLoaded (0ms)
			ExecutionOrderSort2 (0ms)
			AwakeInstancesAfterBackupRestoration (0ms)
Platform modules already initialized, skipping
Registering precompiled user dll's ...
Registered in 0.006516 seconds.
Begin MonoManager ReloadAssembly
Symbol file data-0000020C359800C0 doesn't match image D:\Github\VR-projekt\VR projekt\Library\ScriptAssemblies\Assembly-CSharp.dll
Symbol file LoadedFromMemory is not a mono symbol file
Symbol file data-0000020C359800C0 doesn't match image D:\Github\VR-projekt\VR projekt\Library\ScriptAssemblies\Assembly-CSharp-Editor.dll
Symbol file LoadedFromMemory is not a mono symbol file
Symbol file data-0000020C3640C3E0 doesn't match image D:\Github\VR-projekt\VR projekt\Library\ScriptAssemblies\Unity.VisualScripting.Flow.Editor.dll
Symbol file LoadedFromMemory is not a mono symbol file
Symbol file data-0000020C32163C30 doesn't match image D:\Github\VR-projekt\VR projekt\Library\ScriptAssemblies\Unity.VSCode.Editor.dll
Symbol file LoadedFromMemory is not a mono symbol file
Symbol file data-0000020C361D7030 doesn't match image D:\Github\VR-projekt\VR projekt\Library\ScriptAssemblies\Unity.TextMeshPro.Editor.dll
Symbol file LoadedFromMemory is not a mono symbol file
Symbol file data-0000020C361D7030 doesn't match image D:\Github\VR-projekt\VR projekt\Library\ScriptAssemblies\Unity.Services.Core.Telemetry.dll
Symbol file LoadedFromMemory is not a mono symbol file
Symbol file data-0000020C37343020 doesn't match image D:\Github\VR-projekt\VR projekt\Library\ScriptAssemblies\Unity.Performance.Profile-Analyzer.Editor.dll
Symbol file LoadedFromMemory is not a mono symbol file
Symbol file data-0000020C361E5180 doesn't match image D:\Github\VR-projekt\VR projekt\Library\ScriptAssemblies\Unity.TestTools.CodeCoverage.Editor.OpenCover.Model.dll
Symbol file LoadedFromMemory is not a mono symbol file
Symbol file data-0000020C361E5180 doesn't match image D:\Github\VR-projekt\VR projekt\Library\ScriptAssemblies\Unity.VisualStudio.Editor.dll
Symbol file LoadedFromMemory is not a mono symbol file
Symbol file data-0000020C3640C3E0 doesn't match image D:\Github\VR-projekt\VR projekt\Library\ScriptAssemblies\UnityEngine.TestRunner.dll
Symbol file LoadedFromMemory is not a mono symbol file
Symbol file data-0000020C3642CFF0 doesn't match image D:\Github\VR-projekt\VR projekt\Library\ScriptAssemblies\Unity.Timeline.dll
Symbol file LoadedFromMemory is not a mono symbol file
Symbol file data-0000020C35EAA620 doesn't match image D:\Github\VR-projekt\VR projekt\Library\ScriptAssemblies\Unity.VisualScripting.Core.Editor.dll
Symbol file LoadedFromMemory is not a mono symbol file
Symbol file data-0000020C35EAA620 doesn't match image D:\Github\VR-projekt\VR projekt\Library\ScriptAssemblies\Unity.TextMeshPro.dll
Symbol file LoadedFromMemory is not a mono symbol file
Symbol file data-0000020C3642CFF0 doesn't match image D:\Github\VR-projekt\VR projekt\Library\ScriptAssemblies\Unity.VisualScripting.State.Editor.dll
Symbol file LoadedFromMemory is not a mono symbol file
Symbol file data-0000020C36784010 doesn't match image D:\Github\VR-projekt\VR projekt\Library\ScriptAssemblies\UnityEditor.TestRunner.dll
Symbol file LoadedFromMemory is not a mono symbol file
Symbol file data-0000020C359800C0 doesn't match image D:\Github\VR-projekt\VR projekt\Library\ScriptAssemblies\Unity.Services.Core.Networking.dll
Symbol file LoadedFromMemory is not a mono symbol file
Symbol file data-0000020C359800C0 doesn't match image D:\Github\VR-projekt\VR projekt\Library\ScriptAssemblies\Unity.VisualScripting.SettingsProvider.Editor.dll
Symbol file LoadedFromMemory is not a mono symbol file
Symbol file data-0000020C359800C0 doesn't match image D:\Github\VR-projekt\VR projekt\Library\ScriptAssemblies\Unity.TestTools.CodeCoverage.Editor.OpenCover.Mono.Reflection.dll
Symbol file LoadedFromMemory is not a mono symbol file
Symbol file data-0000020C3217E010 doesn't match image D:\Github\VR-projekt\VR projekt\Library\ScriptAssemblies\Unity.VisualScripting.Flow.dll
Symbol file LoadedFromMemory is not a mono symbol file
Symbol file data-0000020C367D4C20 doesn't match image D:\Github\VR-projekt\VR projekt\Library\ScriptAssemblies\UnityEditor.UI.dll
Symbol file LoadedFromMemory is not a mono symbol file
Symbol file data-0000020C31ACF4E0 doesn't match image D:\Github\VR-projekt\VR projekt\Library\ScriptAssemblies\Unity.InputSystem.dll
Symbol file LoadedFromMemory is not a mono symbol file
Symbol file data-0000020C367D4C20 doesn't match image D:\Github\VR-projekt\VR projekt\Library\ScriptAssemblies\Unity.Rider.Editor.dll
Symbol file LoadedFromMemory is not a mono symbol file
Symbol file data-0000020C31C30A20 doesn't match image D:\Github\VR-projekt\VR projekt\Library\ScriptAssemblies\Unity.PlasticSCM.Editor.dll
Symbol file LoadedFromMemory is not a mono symbol file
Symbol file data-0000020C31C30A20 doesn't match image D:\Github\VR-projekt\VR projekt\Library\ScriptAssemblies\Unity.Services.Core.Internal.dll
Symbol file LoadedFromMemory is not a mono symbol file
Symbol file data-0000020C32193020 doesn't match image D:\Github\VR-projekt\VR projekt\Library\ScriptAssemblies\UnityEngine.UI.dll
Symbol file LoadedFromMemory is not a mono symbol file
Symbol file data-0000020C359800C0 doesn't match image D:\Github\VR-projekt\VR projekt\Library\ScriptAssemblies\Unity.Services.Core.Configuration.dll
Symbol file LoadedFromMemory is not a mono symbol file
Symbol file data-0000020C359800C0 doesn't match image D:\Github\VR-projekt\VR projekt\Library\ScriptAssemblies\Unity.Services.Core.dll
Symbol file LoadedFromMemory is not a mono symbol file
Symbol file data-0000020C371F2A30 doesn't match image D:\Github\VR-projekt\VR projekt\Library\ScriptAssemblies\Unity.VisualScripting.Core.dll
Symbol file LoadedFromMemory is not a mono symbol file
Symbol file data-0000020C359800C0 doesn't match image D:\Github\VR-projekt\VR projekt\Library\ScriptAssemblies\Unity.EditorCoroutines.Editor.dll
Symbol file LoadedFromMemory is not a mono symbol file
Symbol file data-0000020C321B2840 doesn't match image D:\Github\VR-projekt\VR projekt\Library\ScriptAssemblies\Unity.Services.Core.Editor.dll
Symbol file LoadedFromMemory is not a mono symbol file
Symbol file data-0000020C359800C0 doesn't match image D:\Github\VR-projekt\VR projekt\Library\ScriptAssemblies\Unity.Services.Core.Configuration.Editor.dll
Symbol file LoadedFromMemory is not a mono symbol file
Symbol file data-0000020C321B2840 doesn't match image D:\Github\VR-projekt\VR projekt\Library\ScriptAssemblies\Cinemachine.dll
Symbol file LoadedFromMemory is not a mono symbol file
Symbol file data-0000020C359800C0 doesn't match image D:\Github\VR-projekt\VR projekt\Library\ScriptAssemblies\Unity.Services.Core.Analytics.dll
Symbol file LoadedFromMemory is not a mono symbol file
Symbol file data-0000020C321B2840 doesn't match image D:\Github\VR-projekt\VR projekt\Library\ScriptAssemblies\Unity.Services.Core.Registration.dll
Symbol file LoadedFromMemory is not a mono symbol file
Symbol file data-0000020C321B2840 doesn't match image D:\Github\VR-projekt\VR projekt\Library\ScriptAssemblies\com.unity.cinemachine.editor.dll
Symbol file LoadedFromMemory is not a mono symbol file
Symbol file data-0000020C321B5850 doesn't match image D:\Github\VR-projekt\VR projekt\Library\ScriptAssemblies\Unity.VisualScripting.Shared.Editor.dll
Symbol file LoadedFromMemory is not a mono symbol file
Symbol file data-0000020C321B5850 doesn't match image D:\Github\VR-projekt\VR projekt\Library\ScriptAssemblies\Unity.Services.Core.Environments.dll
Symbol file LoadedFromMemory is not a mono symbol file
Symbol file data-0000020C321B5850 doesn't match image D:\Github\VR-projekt\VR projekt\Library\ScriptAssemblies\Polyperfect.Universal.dll
Symbol file LoadedFromMemory is not a mono symbol file
Symbol file data-0000020C321B5850 doesn't match image D:\Github\VR-projekt\VR projekt\Library\ScriptAssemblies\Unity.Services.Core.Scheduler.dll
Symbol file LoadedFromMemory is not a mono symbol file
Symbol file data-0000020C321B5850 doesn't match image D:\Github\VR-projekt\VR projekt\Library\ScriptAssemblies\Unity.Services.Core.Environments.Internal.dll
Symbol file LoadedFromMemory is not a mono symbol file
Symbol file data-0000020C36495020 doesn't match image D:\Github\VR-projekt\VR projekt\Library\ScriptAssemblies\Unity.Timeline.Editor.dll
Symbol file LoadedFromMemory is not a mono symbol file
Symbol file data-0000020C364E82A0 doesn't match image D:\Github\VR-projekt\VR projekt\Library\ScriptAssemblies\Unity.Settings.Editor.dll
Symbol file LoadedFromMemory is not a mono symbol file
Symbol file data-0000020C364E82A0 doesn't match image D:\Github\VR-projekt\VR projekt\Library\ScriptAssemblies\Unity.CollabProxy.Editor.dll
Symbol file LoadedFromMemory is not a mono symbol file
Symbol file data-0000020C35C1D540 doesn't match image D:\Github\VR-projekt\VR projekt\Library\ScriptAssemblies\Unity.Services.Core.Threading.dll
Symbol file LoadedFromMemory is not a mono symbol file
Symbol file data-0000020C321CD460 doesn't match image D:\Github\VR-projekt\VR projekt\Library\ScriptAssemblies\Unity.TestTools.CodeCoverage.Editor.dll
Symbol file LoadedFromMemory is not a mono symbol file
Symbol file data-0000020C321CD460 doesn't match image D:\Github\VR-projekt\VR projekt\Library\ScriptAssemblies\Unity.VisualScripting.State.dll
Symbol file LoadedFromMemory is not a mono symbol file
Symbol file data-0000020C321D1470 doesn't match image D:\Github\VR-projekt\VR projekt\Library\ScriptAssemblies\Unity.Services.Core.Device.dll
Symbol file LoadedFromMemory is not a mono symbol file
Symbol file LoadedFromMemory doesn't match image D:\Github\VR-projekt\VR projekt\Library\PackageCache\com.unity.visualscripting@1.7.8\Editor\VisualScripting.Core\Dependencies\YamlDotNet\Unity.VisualScripting.YamlDotNet.dll
Symbol file LoadedFromMemory doesn't match image D:\Github\VR-projekt\VR projekt\Library\PackageCache\com.unity.visualscripting@1.7.8\Editor\VisualScripting.Core\Dependencies\DotNetZip\Unity.VisualScripting.IonicZip.dll
Native extension for WindowsStandalone target not found
Refreshing native plugins compatible for Editor in 133.76 ms, found 3 plugins.
Preloading 0 native plugins for Editor in 0.00 ms.
Mono: successfully reloaded assembly
- Completed reload, in  2.025 seconds
Domain Reload Profiling:
	ReloadAssembly (2026ms)
		BeginReloadAssembly (201ms)
			ExecutionOrderSort (0ms)
			DisableScriptedObjects (8ms)
			BackupInstance (0ms)
			ReleaseScriptingObjects (0ms)
			CreateAndSetChildDomain (28ms)
		EndReloadAssembly (1673ms)
			LoadAssemblies (118ms)
			RebuildTransferFunctionScriptingTraits (0ms)
			SetupTypeCache (386ms)
			ReleaseScriptCaches (1ms)
			RebuildScriptCaches (84ms)
			SetupLoadedEditorAssemblies (1028ms)
				LogAssemblyErrors (0ms)
				InitializePlatformSupportModulesInManaged (7ms)
				SetLoadedEditorAssemblies (0ms)
				RefreshPlugins (134ms)
				BeforeProcessingInitializeOnLoad (123ms)
				ProcessInitializeOnLoadAttributes (697ms)
				ProcessInitializeOnLoadMethodAttributes (52ms)
				AfterProcessingInitializeOnLoad (14ms)
				EditorAssembliesLoaded (0ms)
			ExecutionOrderSort2 (0ms)
			AwakeInstancesAfterBackupRestoration (9ms)
Platform modules already initialized, skipping
========================================================================
Worker process is ready to serve import requests
Launched and connected shader compiler UnityShaderCompiler.exe after 0.06 seconds
Refreshing native plugins compatible for Editor in 1.59 ms, found 3 plugins.
Preloading 0 native plugins for Editor in 0.00 ms.
Unloading 3862 Unused Serialized files (Serialized files now loaded: 0)
Unloading 44 unused Assets / (181.9 KB). Loaded Objects now: 4343.
Memory consumption went from 152.6 MB to 152.4 MB.
Total: 10.157400 ms (FindLiveObjects: 0.408000 ms CreateObjectMapping: 0.554700 ms MarkObjects: 9.008600 ms  DeleteObjects: 0.184000 ms)

AssetImportParameters requested are different than current active one (requested -> active):
  custom:video-decoder-ogg-theora: a1e56fd34408186e4bbccfd4996cb3dc -> 
  custom:container-muxer-webm: aa71ff27fc2769a1b78a27578f13a17b -> 
  custom:container-demuxer-webm: 4f35f7cbe854078d1ac9338744f61a02 -> 
  custom:video-encoder-webm-vp8: eb34c28f22e8b96e1ab97ce403110664 -> 
  custom:audio-encoder-webm-vorbis: bf7c407c2cedff20999df2af8eb42d56 -> 
  custom:framework-win-MediaFoundation: 216162199b28c13a410421893ffa2e32 -> 
  custom:container-demuxer-ogg: 62fdf1f143b41e24485cea50d1cbac27 -> 
  custom:video-decoder-webm-vp8: 9c59270c3fd7afecdb556c50c9e8de78 -> 
  custom:audio-decoder-ogg-vorbis: bf7c407c2cedff20999df2af8eb42d56 -> 
========================================================================
Received Import Request.
  Time since last request: 9879.190739 seconds.
  path: Assets/CemeteryPack/Floor6.prefab
  artifactKey: Guid(1e53bce2b8e3b3a4d88d6aab095c6889) Importer(815301076,1909f56bfc062723c751e8b465ee728b)
Start importing Assets/CemeteryPack/Floor6.prefab using Guid(1e53bce2b8e3b3a4d88d6aab095c6889) Importer(815301076,1909f56bfc062723c751e8b465ee728b)  -> (artifact id: '3f400dd28fcdb023fa10822a7b6fac90') in 0.358645 seconds 
========================================================================
Received Import Request.
  Time since last request: 0.000033 seconds.
  path: Assets/CemeteryPack/FloorFoundation5.prefab
  artifactKey: Guid(1b3844a3b68d4f74788c0bfa081a38d1) Importer(815301076,1909f56bfc062723c751e8b465ee728b)
Start importing Assets/CemeteryPack/FloorFoundation5.prefab using Guid(1b3844a3b68d4f74788c0bfa081a38d1) Importer(815301076,1909f56bfc062723c751e8b465ee728b)  -> (artifact id: '502a96aef3bed44df916b687c17b704a') in 0.084600 seconds 
========================================================================
Received Import Request.
  Time since last request: 0.000049 seconds.
  path: Assets/CemeteryPack/Floor9.prefab
  artifactKey: Guid(09062047289496a4bb3e59a41c924fa3) Importer(815301076,1909f56bfc062723c751e8b465ee728b)
Start importing Assets/CemeteryPack/Floor9.prefab using Guid(09062047289496a4bb3e59a41c924fa3) Importer(815301076,1909f56bfc062723c751e8b465ee728b)  -> (artifact id: 'fc13490746de67a9a41254396073ebfa') in 0.047882 seconds 
========================================================================
Received Import Request.
  Time since last request: 0.000065 seconds.
  path: Assets/CemeteryPack/Floor13.prefab
  artifactKey: Guid(880db84015a845c42a524c054757eeec) Importer(815301076,1909f56bfc062723c751e8b465ee728b)
Start importing Assets/CemeteryPack/Floor13.prefab using Guid(880db84015a845c42a524c054757eeec) Importer(815301076,1909f56bfc062723c751e8b465ee728b)  -> (artifact id: '2ccfa620136ce71334aab70de6bd54b1') in 0.056919 seconds 
========================================================================
Received Import Request.
  Time since last request: 0.000039 seconds.
  path: Assets/CemeteryPack/FloorFoundation11.prefab
  artifactKey: Guid(f35b95e874b254d45818fa4c8584429f) Importer(815301076,1909f56bfc062723c751e8b465ee728b)
Start importing Assets/CemeteryPack/FloorFoundation11.prefab using Guid(f35b95e874b254d45818fa4c8584429f) Importer(815301076,1909f56bfc062723c751e8b465ee728b)  -> (artifact id: '57c4e485f37d1f8da16f55200937859a') in 0.072942 seconds 
========================================================================
Received Import Request.
  Time since last request: 0.000027 seconds.
  path: Assets/CemeteryPack/MetObj_Fence3.prefab
  artifactKey: Guid(c2d37f0b68e0ddd45aa1303143496927) Importer(815301076,1909f56bfc062723c751e8b465ee728b)
Start importing Assets/CemeteryPack/MetObj_Fence3.prefab using Guid(c2d37f0b68e0ddd45aa1303143496927) Importer(815301076,1909f56bfc062723c751e8b465ee728b)  -> (artifact id: '6c2d0ec20362cbefbdaba439f2029d03') in 0.076613 seconds 
========================================================================
Received Import Request.
  Time since last request: 0.000049 seconds.
  path: Assets/CemeteryPack/FloorFoundation9.prefab
  artifactKey: Guid(beb9b8ae76022864d89623439c0c77e7) Importer(815301076,1909f56bfc062723c751e8b465ee728b)
Start importing Assets/CemeteryPack/FloorFoundation9.prefab using Guid(beb9b8ae76022864d89623439c0c77e7) Importer(815301076,1909f56bfc062723c751e8b465ee728b)  -> (artifact id: '19a86a8256c8994b25b849c32b795abd') in 0.048179 seconds 
========================================================================
Received Import Request.
  Time since last request: 0.209573 seconds.
  path: Assets/CemeteryPack/MetObj_FenceFoundation13.prefab
  artifactKey: Guid(0a4e02acd171455479848620b0d61734) Importer(815301076,1909f56bfc062723c751e8b465ee728b)
Start importing Assets/CemeteryPack/MetObj_FenceFoundation13.prefab using Guid(0a4e02acd171455479848620b0d61734) Importer(815301076,1909f56bfc062723c751e8b465ee728b)  -> (artifact id: 'a14205bc750f68720656242501e28518') in 0.029907 seconds 
========================================================================
Received Import Request.
  Time since last request: 0.000030 seconds.
  path: Assets/CemeteryPack/MetObj_FenceFoundation16.prefab
  artifactKey: Guid(bddd87c081f67a2499314fe586446e28) Importer(815301076,1909f56bfc062723c751e8b465ee728b)
Start importing Assets/CemeteryPack/MetObj_FenceFoundation16.prefab using Guid(bddd87c081f67a2499314fe586446e28) Importer(815301076,1909f56bfc062723c751e8b465ee728b)  -> (artifact id: 'a7dd87a3ee1c84f2998c702ce4e6b3b2') in 0.030878 seconds 
========================================================================
Received Import Request.
  Time since last request: 0.000028 seconds.
  path: Assets/CemeteryPack/MetObj_GatesArch.prefab
  artifactKey: Guid(8f8787e47e9365c45b1e4ea8bc9a582c) Importer(815301076,1909f56bfc062723c751e8b465ee728b)
Start importing Assets/CemeteryPack/MetObj_GatesArch.prefab using Guid(8f8787e47e9365c45b1e4ea8bc9a582c) Importer(815301076,1909f56bfc062723c751e8b465ee728b)  -> (artifact id: 'c80f9b1282568822fa5052f54dbb6dc3') in 0.041578 seconds 
========================================================================
Received Import Request.
  Time since last request: 0.000038 seconds.
  path: Assets/CemeteryPack/Tombstones.004.prefab
  artifactKey: Guid(e2bc9aec0ca88a54c8bf1fc9e3271c5f) Importer(815301076,1909f56bfc062723c751e8b465ee728b)
Start importing Assets/CemeteryPack/Tombstones.004.prefab using Guid(e2bc9aec0ca88a54c8bf1fc9e3271c5f) Importer(815301076,1909f56bfc062723c751e8b465ee728b)  -> (artifact id: 'a27dd41647730594b1ecd55b7251249a') in 0.060320 seconds 
========================================================================
Received Import Request.
  Time since last request: 0.000034 seconds.
  path: Assets/CemeteryPack/TombstonesCoffinWood1.prefab
  artifactKey: Guid(b80d1b124b34b854c83664eb19bb7b05) Importer(815301076,1909f56bfc062723c751e8b465ee728b)
Start importing Assets/CemeteryPack/TombstonesCoffinWood1.prefab using Guid(b80d1b124b34b854c83664eb19bb7b05) Importer(815301076,1909f56bfc062723c751e8b465ee728b)  -> (artifact id: '11aa543b80ca7be71fe956cb393d5677') in 0.086993 seconds 
========================================================================
Received Import Request.
  Time since last request: 0.000054 seconds.
  path: Assets/CemeteryPack/Tombstones.002.prefab
  artifactKey: Guid(22179bcc88e2bae4d8c5801999ddb5df) Importer(815301076,1909f56bfc062723c751e8b465ee728b)
Start importing Assets/CemeteryPack/Tombstones.002.prefab using Guid(22179bcc88e2bae4d8c5801999ddb5df) Importer(815301076,1909f56bfc062723c751e8b465ee728b)  -> (artifact id: '270affa98fc588c47abbf1908967330b') in 0.039581 seconds 
========================================================================
Received Import Request.
  Time since last request: 14.226900 seconds.
  path: Assets/FantasyWillageHouse/Vegetables.prefab
  artifactKey: Guid(f31fb0f07e7e9f64491c4d46fca58c44) Importer(815301076,1909f56bfc062723c751e8b465ee728b)
Start importing Assets/FantasyWillageHouse/Vegetables.prefab using Guid(f31fb0f07e7e9f64491c4d46fca58c44) Importer(815301076,1909f56bfc062723c751e8b465ee728b)  -> (artifact id: 'b5951bc3280ded56ff006ca915ac314f') in 0.071276 seconds 
Editor requested this worker to shutdown with reason: Scaling down because of idle timeout
AssetImportWorker is now disconnected from the server
Process exiting
Exiting without the bug reporter. Application will terminate with return code 0