Using pre-set license
Built from '2021.3/staging' branch; Version is '2021.3.15f1 (e8e88683f834) revision 15263878'; Using compiler version '192829333'; Build Type 'Release'
OS: 'Windows 10  (10.0.19045) 64bit Core' Language: 'pl' Physical Memory: 16304 MB
BatchMode: 1, IsHumanControllingUs: 0, StartBugReporterOnCrash: 0, Is64bit: 1, IsPro: 1

COMMAND LINE ARGUMENTS:
F:\Unity\2021.3.15f1\Editor\Unity.exe
-adb2
-batchMode
-noUpm
-name
AssetImportWorker63
-projectPath
F:/Github/VR-projekt/VR projekt
-logFile
Logs/AssetImportWorker63.log
-srvPort
52652
Successfully changed project path to: F:/Github/VR-projekt/VR projekt
F:/Github/VR-projekt/VR projekt
[UnityMemory] Configuration Parameters - Can be set up in boot.config
    "memorysetup-bucket-allocator-granularity=16"
    "memorysetup-bucket-allocator-bucket-count=8"
    "memorysetup-bucket-allocator-block-size=33554432"
    "memorysetup-bucket-allocator-block-count=8"
    "memorysetup-main-allocator-block-size=16777216"
    "memorysetup-thread-allocator-block-size=16777216"
    "memorysetup-gfx-main-allocator-block-size=16777216"
    "memorysetup-gfx-thread-allocator-block-size=16777216"
    "memorysetup-cache-allocator-block-size=4194304"
    "memorysetup-typetree-allocator-block-size=2097152"
    "memorysetup-profiler-bucket-allocator-granularity=16"
    "memorysetup-profiler-bucket-allocator-bucket-count=8"
    "memorysetup-profiler-bucket-allocator-block-size=33554432"
    "memorysetup-profiler-bucket-allocator-block-count=8"
    "memorysetup-profiler-allocator-block-size=16777216"
    "memorysetup-profiler-editor-allocator-block-size=1048576"
    "memorysetup-temp-allocator-size-main=16777216"
    "memorysetup-job-temp-allocator-block-size=2097152"
    "memorysetup-job-temp-allocator-block-size-background=1048576"
    "memorysetup-job-temp-allocator-reduction-small-platforms=262144"
    "memorysetup-temp-allocator-size-background-worker=32768"
    "memorysetup-temp-allocator-size-job-worker=262144"
    "memorysetup-temp-allocator-size-preload-manager=33554432"
    "memorysetup-temp-allocator-size-nav-mesh-worker=65536"
    "memorysetup-temp-allocator-size-audio-worker=65536"
    "memorysetup-temp-allocator-size-cloud-worker=32768"
    "memorysetup-temp-allocator-size-gi-baking-worker=262144"
    "memorysetup-temp-allocator-size-gfx=262144"
Player connection [25004] Host "[IP] 192.168.0.11 [Port] 0 [Flags] 2 [Guid] 1363212739 [EditorId] 1363212739 [Version] 1048832 [Id] WindowsEditor(7,DESKTOP-MN4RVAM) [Debug] 1 [PackageName] WindowsEditor [ProjectName] Editor" joined multi-casting on [225.0.0.222:54997]...

Player connection [25004] Host "[IP] 192.168.0.11 [Port] 0 [Flags] 2 [Guid] 1363212739 [EditorId] 1363212739 [Version] 1048832 [Id] WindowsEditor(7,DESKTOP-MN4RVAM) [Debug] 1 [PackageName] WindowsEditor [ProjectName] Editor" joined alternative multi-casting on [225.0.0.222:34997]...

Refreshing native plugins compatible for Editor in 114.52 ms, found 3 plugins.
Preloading 0 native plugins for Editor in 0.00 ms.
Initialize engine version: 2021.3.15f1 (e8e88683f834)
[Subsystems] Discovering subsystems at path F:/Unity/2021.3.15f1/Editor/Data/Resources/UnitySubsystems
[Subsystems] Discovering subsystems at path F:/Github/VR-projekt/VR projekt/Assets
GfxDevice: creating device client; threaded=0; jobified=0
Direct3D:
    Version:  Direct3D 11.0 [level 11.1]
    Renderer: NVIDIA GeForce GTX 1650 (ID=0x1f91)
    Vendor:   NVIDIA
    VRAM:     3949 MB
    Driver:   31.0.15.2824
Initialize mono
Mono path[0] = 'F:/Unity/2021.3.15f1/Editor/Data/Managed'
Mono path[1] = 'F:/Unity/2021.3.15f1/Editor/Data/MonoBleedingEdge/lib/mono/unityjit-win32'
Mono config path = 'F:/Unity/2021.3.15f1/Editor/Data/MonoBleedingEdge/etc'
Using monoOptions --debugger-agent=transport=dt_socket,embedding=1,server=y,suspend=n,address=127.0.0.1:56612
Begin MonoManager ReloadAssembly
Registering precompiled unity dll's ...
Register platform support module: F:/Unity/2021.3.15f1/Editor/Data/PlaybackEngines/WindowsStandaloneSupport/UnityEditor.WindowsStandalone.Extensions.dll
Registered in 0.006140 seconds.
Native extension for WindowsStandalone target not found
Refreshing native plugins compatible for Editor in 107.95 ms, found 3 plugins.
Preloading 0 native plugins for Editor in 0.00 ms.
Mono: successfully reloaded assembly
- Completed reload, in  0.715 seconds
Domain Reload Profiling:
	ReloadAssembly (715ms)
		BeginReloadAssembly (83ms)
			ExecutionOrderSort (0ms)
			DisableScriptedObjects (0ms)
			BackupInstance (0ms)
			ReleaseScriptingObjects (0ms)
			CreateAndSetChildDomain (1ms)
		EndReloadAssembly (516ms)
			LoadAssemblies (80ms)
			RebuildTransferFunctionScriptingTraits (0ms)
			SetupTypeCache (117ms)
			ReleaseScriptCaches (0ms)
			RebuildScriptCaches (31ms)
			SetupLoadedEditorAssemblies (313ms)
				LogAssemblyErrors (0ms)
				InitializePlatformSupportModulesInManaged (9ms)
				SetLoadedEditorAssemblies (0ms)
				RefreshPlugins (108ms)
				BeforeProcessingInitializeOnLoad (1ms)
				ProcessInitializeOnLoadAttributes (149ms)
				ProcessInitializeOnLoadMethodAttributes (46ms)
				AfterProcessingInitializeOnLoad (0ms)
				EditorAssembliesLoaded (0ms)
			ExecutionOrderSort2 (0ms)
			AwakeInstancesAfterBackupRestoration (0ms)
Platform modules already initialized, skipping
Registering precompiled user dll's ...
Registered in 0.009749 seconds.
Begin MonoManager ReloadAssembly
Symbol file LoadedFromMemory doesn't match image F:\Github\VR-projekt\VR projekt\Library\PackageCache\com.unity.visualscripting@1.7.8\Editor\VisualScripting.Core\Dependencies\YamlDotNet\Unity.VisualScripting.YamlDotNet.dll
Symbol file LoadedFromMemory doesn't match image F:\Github\VR-projekt\VR projekt\Library\PackageCache\com.unity.visualscripting@1.7.8\Editor\VisualScripting.Core\Dependencies\DotNetZip\Unity.VisualScripting.IonicZip.dll
Native extension for WindowsStandalone target not found
Refreshing native plugins compatible for Editor in 105.88 ms, found 3 plugins.
Preloading 0 native plugins for Editor in 0.00 ms.
Mono: successfully reloaded assembly
- Completed reload, in  1.636 seconds
Domain Reload Profiling:
	ReloadAssembly (1637ms)
		BeginReloadAssembly (118ms)
			ExecutionOrderSort (0ms)
			DisableScriptedObjects (7ms)
			BackupInstance (0ms)
			ReleaseScriptingObjects (0ms)
			CreateAndSetChildDomain (21ms)
		EndReloadAssembly (1394ms)
			LoadAssemblies (89ms)
			RebuildTransferFunctionScriptingTraits (0ms)
			SetupTypeCache (428ms)
			ReleaseScriptCaches (1ms)
			RebuildScriptCaches (58ms)
			SetupLoadedEditorAssemblies (772ms)
				LogAssemblyErrors (0ms)
				InitializePlatformSupportModulesInManaged (5ms)
				SetLoadedEditorAssemblies (0ms)
				RefreshPlugins (106ms)
				BeforeProcessingInitializeOnLoad (107ms)
				ProcessInitializeOnLoadAttributes (511ms)
				ProcessInitializeOnLoadMethodAttributes (33ms)
				AfterProcessingInitializeOnLoad (9ms)
				EditorAssembliesLoaded (0ms)
			ExecutionOrderSort2 (0ms)
			AwakeInstancesAfterBackupRestoration (6ms)
Platform modules already initialized, skipping
========================================================================
Worker process is ready to serve import requests
Launched and connected shader compiler UnityShaderCompiler.exe after 0.05 seconds
Refreshing native plugins compatible for Editor in 0.71 ms, found 3 plugins.
Preloading 0 native plugins for Editor in 0.00 ms.
Unloading 3883 Unused Serialized files (Serialized files now loaded: 0)
Unloading 44 unused Assets / (185.6 KB). Loaded Objects now: 4363.
Memory consumption went from 153.1 MB to 152.9 MB.
Total: 3.998800 ms (FindLiveObjects: 0.294800 ms CreateObjectMapping: 0.220400 ms MarkObjects: 3.330200 ms  DeleteObjects: 0.152300 ms)

AssetImportParameters requested are different than current active one (requested -> active):
  custom:video-decoder-ogg-theora: a1e56fd34408186e4bbccfd4996cb3dc -> 
  custom:container-muxer-webm: aa71ff27fc2769a1b78a27578f13a17b -> 
  custom:container-demuxer-webm: 4f35f7cbe854078d1ac9338744f61a02 -> 
  custom:video-encoder-webm-vp8: eb34c28f22e8b96e1ab97ce403110664 -> 
  custom:audio-encoder-webm-vorbis: bf7c407c2cedff20999df2af8eb42d56 -> 
  custom:framework-win-MediaFoundation: 216162199b28c13a410421893ffa2e32 -> 
  custom:container-demuxer-ogg: 62fdf1f143b41e24485cea50d1cbac27 -> 
  custom:video-decoder-webm-vp8: 9c59270c3fd7afecdb556c50c9e8de78 -> 
  custom:audio-decoder-ogg-vorbis: bf7c407c2cedff20999df2af8eb42d56 -> 
========================================================================
Received Import Request.
  Time since last request: 15381.092186 seconds.
  path: Assets/AM3D/sword_a/Materials/sword_a.mat
  artifactKey: Guid(5b96bc94f4c394e27ce9f8a4cb26592d) Importer(815301076,1909f56bfc062723c751e8b465ee728b)
Start importing Assets/AM3D/sword_a/Materials/sword_a.mat using Guid(5b96bc94f4c394e27ce9f8a4cb26592d) Importer(815301076,1909f56bfc062723c751e8b465ee728b)  -> (artifact id: '8385fc59b360b77918fdfe28fd8eec63') in 0.172666 seconds 
========================================================================
Received Import Request.
  Time since last request: 245.161161 seconds.
  path: Assets/CemeteryPack/Prefabs/CandleAndLamp/Candle2 (1).prefab
  artifactKey: Guid(8a42527c436f0e6429cad40d4ddc3fa7) Importer(815301076,1909f56bfc062723c751e8b465ee728b)
Start importing Assets/CemeteryPack/Prefabs/CandleAndLamp/Candle2 (1).prefab using Guid(8a42527c436f0e6429cad40d4ddc3fa7) Importer(815301076,1909f56bfc062723c751e8b465ee728b)  -> (artifact id: '4e87744a9da2ad257091eed372a526db') in 0.095326 seconds 
========================================================================
Received Import Request.
  Time since last request: 0.000032 seconds.
  path: Assets/CemeteryPack/Prefabs/CandleAndLamp/MetObj_Lamp.prefab
  artifactKey: Guid(616c8e393f945dd4398d283a74e72159) Importer(815301076,1909f56bfc062723c751e8b465ee728b)
Start importing Assets/CemeteryPack/Prefabs/CandleAndLamp/MetObj_Lamp.prefab using Guid(616c8e393f945dd4398d283a74e72159) Importer(815301076,1909f56bfc062723c751e8b465ee728b)  -> (artifact id: 'efe9bb13f4c4268eeef9dbce2f2c299f') in 0.043564 seconds 
========================================================================
Received Import Request.
  Time since last request: 4.812822 seconds.
  path: Assets/CemeteryPack/Prefabs/Crypt/ColumnCrypt1.prefab
  artifactKey: Guid(23bd136d78693254faad8377a41e8595) Importer(815301076,1909f56bfc062723c751e8b465ee728b)
Start importing Assets/CemeteryPack/Prefabs/Crypt/ColumnCrypt1.prefab using Guid(23bd136d78693254faad8377a41e8595) Importer(815301076,1909f56bfc062723c751e8b465ee728b)  -> (artifact id: '6ce6a76e10561b043d78be9484f96cce') in 0.069588 seconds 
========================================================================
Received Import Request.
  Time since last request: 0.000615 seconds.
  path: Assets/CemeteryPack/Prefabs/Crypt/CryptBorder2.prefab
  artifactKey: Guid(c97fd319afac4264b9761ce8cce4b127) Importer(815301076,1909f56bfc062723c751e8b465ee728b)
Start importing Assets/CemeteryPack/Prefabs/Crypt/CryptBorder2.prefab using Guid(c97fd319afac4264b9761ce8cce4b127) Importer(815301076,1909f56bfc062723c751e8b465ee728b)  -> (artifact id: '5e285c0df53493285f3d47880725b35d') in 0.059737 seconds 
========================================================================
Received Import Request.
  Time since last request: 0.000026 seconds.
  path: Assets/CemeteryPack/Prefabs/Crypt/CryptRootf5.prefab
  artifactKey: Guid(3ee26069ac455924a89cb4dc7540b701) Importer(815301076,1909f56bfc062723c751e8b465ee728b)
Start importing Assets/CemeteryPack/Prefabs/Crypt/CryptRootf5.prefab using Guid(3ee26069ac455924a89cb4dc7540b701) Importer(815301076,1909f56bfc062723c751e8b465ee728b)  -> (artifact id: '70dfbae0597d7e7ec52bcf70dc5ff6fc') in 0.139642 seconds 
========================================================================
Received Import Request.
  Time since last request: 0.000038 seconds.
  path: Assets/CemeteryPack/Prefabs/Crypt/ColumnCrypt4 (1).prefab
  artifactKey: Guid(040dd80b4dc1c5d42a006d3f3b40ec5e) Importer(815301076,1909f56bfc062723c751e8b465ee728b)
Start importing Assets/CemeteryPack/Prefabs/Crypt/ColumnCrypt4 (1).prefab using Guid(040dd80b4dc1c5d42a006d3f3b40ec5e) Importer(815301076,1909f56bfc062723c751e8b465ee728b)  -> (artifact id: '74aec400d8a0cfe15f51f9411aedfc9f') in 0.033292 seconds 
========================================================================
Received Import Request.
  Time since last request: 0.000396 seconds.
  path: Assets/CemeteryPack/Prefabs/Crypt/CryptColumnPlane3.prefab
  artifactKey: Guid(a7c212d82c6f2564dae3d55bc8d91cba) Importer(815301076,1909f56bfc062723c751e8b465ee728b)
Start importing Assets/CemeteryPack/Prefabs/Crypt/CryptColumnPlane3.prefab using Guid(a7c212d82c6f2564dae3d55bc8d91cba) Importer(815301076,1909f56bfc062723c751e8b465ee728b)  -> (artifact id: '521fbee401b53e948ff1c68eef531717') in 0.038606 seconds 
========================================================================
Received Import Request.
  Time since last request: 0.000033 seconds.
  path: Assets/CemeteryPack/Prefabs/Crypt/ColumnCrypt2 (2).prefab
  artifactKey: Guid(92129535344a051468bd6ee46c31ce22) Importer(815301076,1909f56bfc062723c751e8b465ee728b)
Start importing Assets/CemeteryPack/Prefabs/Crypt/ColumnCrypt2 (2).prefab using Guid(92129535344a051468bd6ee46c31ce22) Importer(815301076,1909f56bfc062723c751e8b465ee728b)  -> (artifact id: 'b81926830548a298eb8ce0389b3094cd') in 0.029684 seconds 
========================================================================
Received Import Request.
  Time since last request: 0.000026 seconds.
  path: Assets/CemeteryPack/Prefabs/Crypt/ColumnCrypt2 (3).prefab
  artifactKey: Guid(9dc3a9e8452bb5c4093938e33f159b9a) Importer(815301076,1909f56bfc062723c751e8b465ee728b)
Start importing Assets/CemeteryPack/Prefabs/Crypt/ColumnCrypt2 (3).prefab using Guid(9dc3a9e8452bb5c4093938e33f159b9a) Importer(815301076,1909f56bfc062723c751e8b465ee728b)  -> (artifact id: 'b8a0369cc4660cd0edc9ae46ed0345a2') in 0.034299 seconds 
========================================================================
Received Import Request.
  Time since last request: 0.000025 seconds.
  path: Assets/CemeteryPack/Prefabs/Crypt/ColumnCrypt4.prefab
  artifactKey: Guid(b72e73eb37c5eea4a963ba85db9f572e) Importer(815301076,1909f56bfc062723c751e8b465ee728b)
Start importing Assets/CemeteryPack/Prefabs/Crypt/ColumnCrypt4.prefab using Guid(b72e73eb37c5eea4a963ba85db9f572e) Importer(815301076,1909f56bfc062723c751e8b465ee728b)  -> (artifact id: '4d7bf7753ac0ac6ae44180a05751cec9') in 0.036684 seconds 
========================================================================
Received Import Request.
  Time since last request: 0.000024 seconds.
  path: Assets/CemeteryPack/Prefabs/Crypt/CryptBorder1.prefab
  artifactKey: Guid(105874bf7fe459c468648459d2008dd2) Importer(815301076,1909f56bfc062723c751e8b465ee728b)
Start importing Assets/CemeteryPack/Prefabs/Crypt/CryptBorder1.prefab using Guid(105874bf7fe459c468648459d2008dd2) Importer(815301076,1909f56bfc062723c751e8b465ee728b)  -> (artifact id: 'fb1ece78b6060a6d90a21542733ebff6') in 0.038426 seconds 
========================================================================
Received Import Request.
  Time since last request: 0.000034 seconds.
  path: Assets/CemeteryPack/Prefabs/Crypt/CryptRootf6.prefab
  artifactKey: Guid(d3673121240fc1e4e9d19d8ea56ca4a3) Importer(815301076,1909f56bfc062723c751e8b465ee728b)
Start importing Assets/CemeteryPack/Prefabs/Crypt/CryptRootf6.prefab using Guid(d3673121240fc1e4e9d19d8ea56ca4a3) Importer(815301076,1909f56bfc062723c751e8b465ee728b)  -> (artifact id: '2d5d08667ee474c2517721672e9d87e0') in 0.035445 seconds 
========================================================================
Received Import Request.
  Time since last request: 6.190038 seconds.
  path: Assets/CemeteryPack/Prefabs/CryptMini/CryptMiniCross.prefab
  artifactKey: Guid(c448d6882a8691b4f896fb64dcee9850) Importer(815301076,1909f56bfc062723c751e8b465ee728b)
Start importing Assets/CemeteryPack/Prefabs/CryptMini/CryptMiniCross.prefab using Guid(c448d6882a8691b4f896fb64dcee9850) Importer(815301076,1909f56bfc062723c751e8b465ee728b)  -> (artifact id: '106aa16223aa938d3b144ef0570acc79') in 0.226426 seconds 
========================================================================
Received Import Request.
  Time since last request: 5.917957 seconds.
  path: Assets/CemeteryPack/Prefabs/FenceFoundation/MetObj_FenceFoundation2.prefab
  artifactKey: Guid(1ef52891eb396a941a4591fd01988623) Importer(815301076,1909f56bfc062723c751e8b465ee728b)
Start importing Assets/CemeteryPack/Prefabs/FenceFoundation/MetObj_FenceFoundation2.prefab using Guid(1ef52891eb396a941a4591fd01988623) Importer(815301076,1909f56bfc062723c751e8b465ee728b)  -> (artifact id: '362f63059a3c643c33a96df72cd8d991') in 0.036468 seconds 
========================================================================
Received Import Request.
  Time since last request: 0.000032 seconds.
  path: Assets/CemeteryPack/Prefabs/FenceFoundation/MetObj_FenceFoundation9.prefab
  artifactKey: Guid(34935def1d5471f4e87f0b093c3d4df3) Importer(815301076,1909f56bfc062723c751e8b465ee728b)
Start importing Assets/CemeteryPack/Prefabs/FenceFoundation/MetObj_FenceFoundation9.prefab using Guid(34935def1d5471f4e87f0b093c3d4df3) Importer(815301076,1909f56bfc062723c751e8b465ee728b)  -> (artifact id: 'fd12fb87b42cffb34bf26cd752af2956') in 0.047718 seconds 
========================================================================
Received Import Request.
  Time since last request: 0.000036 seconds.
  path: Assets/CemeteryPack/Prefabs/FenceFoundation/MetObj_FenceFoundation19.prefab
  artifactKey: Guid(f00b1b7c7918ec74db02273db1cb1bc4) Importer(815301076,1909f56bfc062723c751e8b465ee728b)
Start importing Assets/CemeteryPack/Prefabs/FenceFoundation/MetObj_FenceFoundation19.prefab using Guid(f00b1b7c7918ec74db02273db1cb1bc4) Importer(815301076,1909f56bfc062723c751e8b465ee728b)  -> (artifact id: '6c82035b55969d06596b6855ec2a5604') in 0.033485 seconds 
========================================================================
Received Import Request.
  Time since last request: 4.570116 seconds.
  path: Assets/CemeteryPack/Prefabs/Floor/Floor3.prefab
  artifactKey: Guid(686c0325ec383ff43bbcbb7d29a794a1) Importer(815301076,1909f56bfc062723c751e8b465ee728b)
Start importing Assets/CemeteryPack/Prefabs/Floor/Floor3.prefab using Guid(686c0325ec383ff43bbcbb7d29a794a1) Importer(815301076,1909f56bfc062723c751e8b465ee728b)  -> (artifact id: '3fa242f01ca6a6b9b41ac5a4df6e6a27') in 0.052367 seconds 
========================================================================
Received Import Request.
  Time since last request: 0.000028 seconds.
  path: Assets/CemeteryPack/Prefabs/Floor/Floor25.prefab
  artifactKey: Guid(9b9a33251770c1d4cbc07ab1f7494adc) Importer(815301076,1909f56bfc062723c751e8b465ee728b)
Start importing Assets/CemeteryPack/Prefabs/Floor/Floor25.prefab using Guid(9b9a33251770c1d4cbc07ab1f7494adc) Importer(815301076,1909f56bfc062723c751e8b465ee728b)  -> (artifact id: 'ccfcd65a1a3ef5dfe35ece4128302afe') in 0.066288 seconds 
========================================================================
Received Import Request.
  Time since last request: 0.000043 seconds.
  path: Assets/CemeteryPack/Prefabs/Floor/Floor17.prefab
  artifactKey: Guid(d0ad3c3d6d2d20b45b15f81ab27aa2f5) Importer(815301076,1909f56bfc062723c751e8b465ee728b)
Start importing Assets/CemeteryPack/Prefabs/Floor/Floor17.prefab using Guid(d0ad3c3d6d2d20b45b15f81ab27aa2f5) Importer(815301076,1909f56bfc062723c751e8b465ee728b)  -> (artifact id: '025fe441ec745dcef53dc76746dba4da') in 0.046193 seconds 
========================================================================
Received Import Request.
  Time since last request: 0.000095 seconds.
  path: Assets/CemeteryPack/Prefabs/Floor/Floor15.prefab
  artifactKey: Guid(3a4a8fe559c15af4cb0c2ee4014ddff3) Importer(815301076,1909f56bfc062723c751e8b465ee728b)
Start importing Assets/CemeteryPack/Prefabs/Floor/Floor15.prefab using Guid(3a4a8fe559c15af4cb0c2ee4014ddff3) Importer(815301076,1909f56bfc062723c751e8b465ee728b)  -> (artifact id: 'c2cc493cf0d7621ae9205c8a17a33cdb') in 0.057407 seconds 
========================================================================
Received Import Request.
  Time since last request: 0.000038 seconds.
  path: Assets/CemeteryPack/Prefabs/Floor/Floor11.prefab
  artifactKey: Guid(8578f58d2c6eff84eac4b105a1a1fd33) Importer(815301076,1909f56bfc062723c751e8b465ee728b)
Start importing Assets/CemeteryPack/Prefabs/Floor/Floor11.prefab using Guid(8578f58d2c6eff84eac4b105a1a1fd33) Importer(815301076,1909f56bfc062723c751e8b465ee728b)  -> (artifact id: '07dc276c4a1979c22dbf829c70bb30f7') in 0.034140 seconds 
========================================================================
Received Import Request.
  Time since last request: 4.195387 seconds.
  path: Assets/CemeteryPack/Prefabs/FloorFoundation/FloorFoundation3.prefab
  artifactKey: Guid(f3ab60d9090bba543a0fad7349d7e380) Importer(815301076,1909f56bfc062723c751e8b465ee728b)
Start importing Assets/CemeteryPack/Prefabs/FloorFoundation/FloorFoundation3.prefab using Guid(f3ab60d9090bba543a0fad7349d7e380) Importer(815301076,1909f56bfc062723c751e8b465ee728b)  -> (artifact id: '3e863dd4d751f5d1125da8ad4b543be1') in 0.042418 seconds 
========================================================================
Received Import Request.
  Time since last request: 0.000032 seconds.
  path: Assets/CemeteryPack/Prefabs/FloorFoundation/FloorFoundation11.prefab
  artifactKey: Guid(f35b95e874b254d45818fa4c8584429f) Importer(815301076,1909f56bfc062723c751e8b465ee728b)
Start importing Assets/CemeteryPack/Prefabs/FloorFoundation/FloorFoundation11.prefab using Guid(f35b95e874b254d45818fa4c8584429f) Importer(815301076,1909f56bfc062723c751e8b465ee728b)  -> (artifact id: '5f35278f204491713cc54a68fa8b4ea7') in 0.048664 seconds 
========================================================================
Received Import Request.
  Time since last request: 5.109042 seconds.
  path: Assets/CemeteryPack/Prefabs/Foundation/ColumnFoundation2.prefab
  artifactKey: Guid(150d5a46dd7793e4580fb7ece8ae07f9) Importer(815301076,1909f56bfc062723c751e8b465ee728b)
Start importing Assets/CemeteryPack/Prefabs/Foundation/ColumnFoundation2.prefab using Guid(150d5a46dd7793e4580fb7ece8ae07f9) Importer(815301076,1909f56bfc062723c751e8b465ee728b)  -> (artifact id: '10429b35159a44905646f3ff1de09a2b') in 0.071996 seconds 
========================================================================
Received Import Request.
  Time since last request: 0.000049 seconds.
  path: Assets/CemeteryPack/Prefabs/Foundation/CryptFoundationLadder4.prefab
  artifactKey: Guid(75354953ed0e7414798268a5ad5969f8) Importer(815301076,1909f56bfc062723c751e8b465ee728b)
Start importing Assets/CemeteryPack/Prefabs/Foundation/CryptFoundationLadder4.prefab using Guid(75354953ed0e7414798268a5ad5969f8) Importer(815301076,1909f56bfc062723c751e8b465ee728b)  -> (artifact id: 'b9874a99c6c42fcc84db809da6bb9b57') in 0.083755 seconds 
========================================================================
Received Import Request.
  Time since last request: 6.012519 seconds.
  path: Assets/CemeteryPack/Prefabs/Gate/ColumnGateColumn.prefab
  artifactKey: Guid(7617cf3261020e143b25e48ecb8c5ac6) Importer(815301076,1909f56bfc062723c751e8b465ee728b)
Start importing Assets/CemeteryPack/Prefabs/Gate/ColumnGateColumn.prefab using Guid(7617cf3261020e143b25e48ecb8c5ac6) Importer(815301076,1909f56bfc062723c751e8b465ee728b)  -> (artifact id: 'e8eb35c307aedae9f08850eeccd612c8') in 0.066824 seconds 
========================================================================
Received Import Request.
  Time since last request: 3.974740 seconds.
  path: Assets/CemeteryPack/Prefabs/Tombstones/Tombstones.003.prefab
  artifactKey: Guid(85f77ffaa5761174d8f257cebbe8a690) Importer(815301076,1909f56bfc062723c751e8b465ee728b)
Start importing Assets/CemeteryPack/Prefabs/Tombstones/Tombstones.003.prefab using Guid(85f77ffaa5761174d8f257cebbe8a690) Importer(815301076,1909f56bfc062723c751e8b465ee728b)  -> (artifact id: '6fe20365a487b6bd1f975c5780e10280') in 0.086595 seconds 
========================================================================
Received Import Request.
  Time since last request: 0.000035 seconds.
  path: Assets/CemeteryPack/Prefabs/Tombstones/TombstonesCoffinWood.003.prefab
  artifactKey: Guid(5ecfef3f6329e9d46a2984f45afb5307) Importer(815301076,1909f56bfc062723c751e8b465ee728b)
Start importing Assets/CemeteryPack/Prefabs/Tombstones/TombstonesCoffinWood.003.prefab using Guid(5ecfef3f6329e9d46a2984f45afb5307) Importer(815301076,1909f56bfc062723c751e8b465ee728b)  -> (artifact id: '61065c31e4571b98ad98ebdcabeeb923') in 0.069984 seconds 
Editor requested this worker to shutdown with reason: Scaling down because of idle timeout
AssetImportWorker is now disconnected from the server
Process exiting
Exiting without the bug reporter. Application will terminate with return code 0