Using pre-set license
Built from '2021.3/staging' branch; Version is '2021.3.4f1 (cb45f9cae8b7) revision 13321721'; Using compiler version '192829333'; Build Type 'Release'
OS: 'Windows 10  (10.0.19045) 64bit Core' Language: 'pl' Physical Memory: 16304 MB
BatchMode: 1, IsHumanControllingUs: 0, StartBugReporterOnCrash: 0, Is64bit: 1, IsPro: 1

COMMAND LINE ARGUMENTS:
F:\Unity\2021.3.4f1\Editor\Unity.exe
-adb2
-batchMode
-noUpm
-name
AssetImportWorker23
-projectPath
D:/Github/VR-projekt/VR projekt
-logFile
Logs/AssetImportWorker23.log
-srvPort
49474
Successfully changed project path to: D:/Github/VR-projekt/VR projekt
D:/Github/VR-projekt/VR projekt
[UnityMemory] Configuration Parameters - Can be set up in boot.config
    "memorysetup-bucket-allocator-granularity=16"
    "memorysetup-bucket-allocator-bucket-count=8"
    "memorysetup-bucket-allocator-block-size=33554432"
    "memorysetup-bucket-allocator-block-count=8"
    "memorysetup-main-allocator-block-size=16777216"
    "memorysetup-thread-allocator-block-size=16777216"
    "memorysetup-gfx-main-allocator-block-size=16777216"
    "memorysetup-gfx-thread-allocator-block-size=16777216"
    "memorysetup-cache-allocator-block-size=4194304"
    "memorysetup-typetree-allocator-block-size=2097152"
    "memorysetup-profiler-bucket-allocator-granularity=16"
    "memorysetup-profiler-bucket-allocator-bucket-count=8"
    "memorysetup-profiler-bucket-allocator-block-size=33554432"
    "memorysetup-profiler-bucket-allocator-block-count=8"
    "memorysetup-profiler-allocator-block-size=16777216"
    "memorysetup-profiler-editor-allocator-block-size=1048576"
    "memorysetup-temp-allocator-size-main=16777216"
    "memorysetup-job-temp-allocator-block-size=2097152"
    "memorysetup-job-temp-allocator-block-size-background=1048576"
    "memorysetup-job-temp-allocator-reduction-small-platforms=262144"
    "memorysetup-temp-allocator-size-background-worker=32768"
    "memorysetup-temp-allocator-size-job-worker=262144"
    "memorysetup-temp-allocator-size-preload-manager=33554432"
    "memorysetup-temp-allocator-size-nav-mesh-worker=65536"
    "memorysetup-temp-allocator-size-audio-worker=65536"
    "memorysetup-temp-allocator-size-cloud-worker=32768"
    "memorysetup-temp-allocator-size-gi-baking-worker=262144"
    "memorysetup-temp-allocator-size-gfx=262144"
Refreshing native plugins compatible for Editor in 220.79 ms, found 3 plugins.
Preloading 0 native plugins for Editor in 0.00 ms.
Initialize engine version: 2021.3.4f1 (cb45f9cae8b7)
[Subsystems] Discovering subsystems at path F:/Unity/2021.3.4f1/Editor/Data/Resources/UnitySubsystems
[Subsystems] Discovering subsystems at path D:/Github/VR-projekt/VR projekt/Assets
GfxDevice: creating device client; threaded=0; jobified=0
Direct3D:
    Version:  Direct3D 11.0 [level 11.1]
    Renderer: NVIDIA GeForce GTX 1650 (ID=0x1f91)
    Vendor:   NVIDIA
    VRAM:     3949 MB
    Driver:   31.0.15.2824
Initialize mono
Mono path[0] = 'F:/Unity/2021.3.4f1/Editor/Data/Managed'
Mono path[1] = 'F:/Unity/2021.3.4f1/Editor/Data/MonoBleedingEdge/lib/mono/unityjit-win32'
Mono config path = 'F:/Unity/2021.3.4f1/Editor/Data/MonoBleedingEdge/etc'
Using monoOptions --debugger-agent=transport=dt_socket,embedding=1,server=y,suspend=n,address=127.0.0.1:56916
Begin MonoManager ReloadAssembly
Registering precompiled unity dll's ...
Register platform support module: F:/Unity/2021.3.4f1/Editor/Data/PlaybackEngines/WebGLSupport/UnityEditor.WebGL.Extensions.dll
Register platform support module: F:/Unity/2021.3.4f1/Editor/Data/PlaybackEngines/WindowsStandaloneSupport/UnityEditor.WindowsStandalone.Extensions.dll
Registered in 0.010362 seconds.
Native extension for WindowsStandalone target not found
Native extension for WebGL target not found
Refreshing native plugins compatible for Editor in 173.57 ms, found 3 plugins.
Preloading 0 native plugins for Editor in 0.00 ms.
Mono: successfully reloaded assembly
- Completed reload, in  1.233 seconds
Domain Reload Profiling:
	ReloadAssembly (1234ms)
		BeginReloadAssembly (122ms)
			ExecutionOrderSort (0ms)
			DisableScriptedObjects (0ms)
			BackupInstance (0ms)
			ReleaseScriptingObjects (0ms)
			CreateAndSetChildDomain (1ms)
		EndReloadAssembly (925ms)
			LoadAssemblies (117ms)
			RebuildTransferFunctionScriptingTraits (0ms)
			SetupTypeCache (198ms)
			ReleaseScriptCaches (0ms)
			RebuildScriptCaches (71ms)
			SetupLoadedEditorAssemblies (542ms)
				LogAssemblyErrors (0ms)
				InitializePlatformSupportModulesInManaged (16ms)
				SetLoadedEditorAssemblies (0ms)
				RefreshPlugins (174ms)
				BeforeProcessingInitializeOnLoad (1ms)
				ProcessInitializeOnLoadAttributes (218ms)
				ProcessInitializeOnLoadMethodAttributes (133ms)
				AfterProcessingInitializeOnLoad (0ms)
				EditorAssembliesLoaded (0ms)
			ExecutionOrderSort2 (0ms)
			AwakeInstancesAfterBackupRestoration (0ms)
Platform modules already initialized, skipping
Registering precompiled user dll's ...
Registered in 0.019969 seconds.
Begin MonoManager ReloadAssembly
Native extension for WindowsStandalone target not found
Native extension for WebGL target not found
Refreshing native plugins compatible for Editor in 141.46 ms, found 3 plugins.
Preloading 0 native plugins for Editor in 0.00 ms.
Mono: successfully reloaded assembly
- Completed reload, in  2.404 seconds
Domain Reload Profiling:
	ReloadAssembly (2405ms)
		BeginReloadAssembly (216ms)
			ExecutionOrderSort (0ms)
			DisableScriptedObjects (8ms)
			BackupInstance (0ms)
			ReleaseScriptingObjects (0ms)
			CreateAndSetChildDomain (38ms)
		EndReloadAssembly (2010ms)
			LoadAssemblies (172ms)
			RebuildTransferFunctionScriptingTraits (0ms)
			SetupTypeCache (549ms)
			ReleaseScriptCaches (1ms)
			RebuildScriptCaches (115ms)
			SetupLoadedEditorAssemblies (1131ms)
				LogAssemblyErrors (0ms)
				InitializePlatformSupportModulesInManaged (6ms)
				SetLoadedEditorAssemblies (0ms)
				RefreshPlugins (142ms)
				BeforeProcessingInitializeOnLoad (137ms)
				ProcessInitializeOnLoadAttributes (780ms)
				ProcessInitializeOnLoadMethodAttributes (53ms)
				AfterProcessingInitializeOnLoad (12ms)
				EditorAssembliesLoaded (0ms)
			ExecutionOrderSort2 (0ms)
			AwakeInstancesAfterBackupRestoration (9ms)
Platform modules already initialized, skipping
========================================================================
Worker process is ready to serve import requests
Launched and connected shader compiler UnityShaderCompiler.exe after 0.08 seconds
Refreshing native plugins compatible for Editor in 1.60 ms, found 3 plugins.
Preloading 0 native plugins for Editor in 0.00 ms.
Unloading 3862 Unused Serialized files (Serialized files now loaded: 0)
Unloading 42 unused Assets / (130.0 KB). Loaded Objects now: 4347.
Memory consumption went from 157.3 MB to 157.2 MB.
Total: 7.187700 ms (FindLiveObjects: 0.693400 ms CreateObjectMapping: 0.467800 ms MarkObjects: 5.848400 ms  DeleteObjects: 0.175500 ms)

AssetImportParameters requested are different than current active one (requested -> active):
  custom:video-decoder-ogg-theora: a1e56fd34408186e4bbccfd4996cb3dc -> 
  custom:container-muxer-webm: aa71ff27fc2769a1b78a27578f13a17b -> 
  custom:container-demuxer-webm: 4f35f7cbe854078d1ac9338744f61a02 -> 
  custom:video-encoder-webm-vp8: eb34c28f22e8b96e1ab97ce403110664 -> 
  custom:audio-encoder-webm-vorbis: bf7c407c2cedff20999df2af8eb42d56 -> 
  custom:framework-win-MediaFoundation: 216162199b28c13a410421893ffa2e32 -> 
  custom:container-demuxer-ogg: 62fdf1f143b41e24485cea50d1cbac27 -> 
  custom:video-decoder-webm-vp8: 9c59270c3fd7afecdb556c50c9e8de78 -> 
  custom:audio-decoder-ogg-vorbis: bf7c407c2cedff20999df2af8eb42d56 -> 
========================================================================
Received Import Request.
  Time since last request: 60633.769947 seconds.
  path: Assets/Stylized fantasy items/sword_a.prefab
  artifactKey: Guid(3896049b8574a7146bf2cc3061d4262b) Importer(815301076,1909f56bfc062723c751e8b465ee728b)
Start importing Assets/Stylized fantasy items/sword_a.prefab using Guid(3896049b8574a7146bf2cc3061d4262b) Importer(815301076,1909f56bfc062723c751e8b465ee728b)  -> (artifact id: 'c5b9802f60bdb3fcb6435669704d74dc') in 0.295335 seconds 
========================================================================
Received Import Request.
  Time since last request: 0.984082 seconds.
  path: Assets/Stylized_Fantasy/SM_Campfire.prefab
  artifactKey: Guid(f66a4f7d1e88dc44ebf82558ef533bcd) Importer(815301076,1909f56bfc062723c751e8b465ee728b)
Start importing Assets/Stylized_Fantasy/SM_Campfire.prefab using Guid(f66a4f7d1e88dc44ebf82558ef533bcd) Importer(815301076,1909f56bfc062723c751e8b465ee728b)  -> (artifact id: '5b46298802fb90d57f0c0c8fd66bec63') in 0.101183 seconds 
========================================================================
Received Import Request.
  Time since last request: 0.000052 seconds.
  path: Assets/Stylized_Fantasy/SM_Tent.prefab
  artifactKey: Guid(4abbdb50213dde041994e2d4dcf791e9) Importer(815301076,1909f56bfc062723c751e8b465ee728b)
Start importing Assets/Stylized_Fantasy/SM_Tent.prefab using Guid(4abbdb50213dde041994e2d4dcf791e9) Importer(815301076,1909f56bfc062723c751e8b465ee728b)  -> (artifact id: '48e0599ab83d2679bfba128e64b2b711') in 0.061752 seconds 
========================================================================
Received Import Request.
  Time since last request: 0.000034 seconds.
  path: Assets/Stylized_Fantasy/SM_Wooden_Log_4.prefab
  artifactKey: Guid(5f4ad8a01e6a7924a969801297048646) Importer(815301076,1909f56bfc062723c751e8b465ee728b)
Start importing Assets/Stylized_Fantasy/SM_Wooden_Log_4.prefab using Guid(5f4ad8a01e6a7924a969801297048646) Importer(815301076,1909f56bfc062723c751e8b465ee728b)  -> (artifact id: '0ffc3ade7a36ac70cabd08263a7f9991') in 0.051962 seconds 
========================================================================
Received Import Request.
  Time since last request: 0.000025 seconds.
  path: Assets/Stylized_Fantasy/SM_Stool.prefab
  artifactKey: Guid(6c679e46d5fbf2b4fa0c78965e839d5b) Importer(815301076,1909f56bfc062723c751e8b465ee728b)
Start importing Assets/Stylized_Fantasy/SM_Stool.prefab using Guid(6c679e46d5fbf2b4fa0c78965e839d5b) Importer(815301076,1909f56bfc062723c751e8b465ee728b)  -> (artifact id: '5796062c90a366d41b622e476651c646') in 0.024001 seconds 
========================================================================
Received Import Request.
  Time since last request: 0.000028 seconds.
  path: Assets/Stylized_Fantasy/SM_Stone_Obelisk.prefab
  artifactKey: Guid(301257378781c9440b658a128eccf9a4) Importer(815301076,1909f56bfc062723c751e8b465ee728b)
Start importing Assets/Stylized_Fantasy/SM_Stone_Obelisk.prefab using Guid(301257378781c9440b658a128eccf9a4) Importer(815301076,1909f56bfc062723c751e8b465ee728b)  -> (artifact id: '0637a0c2c85aee5bdb5fefc3e550ccf1') in 0.028559 seconds 
========================================================================
Received Import Request.
  Time since last request: 3.700013 seconds.
  path: Assets/Vegetation-LowPolyNature/Plant_1_1.prefab
  artifactKey: Guid(18e11e0f358c3684abd2b1363d394d68) Importer(815301076,1909f56bfc062723c751e8b465ee728b)
Start importing Assets/Vegetation-LowPolyNature/Plant_1_1.prefab using Guid(18e11e0f358c3684abd2b1363d394d68) Importer(815301076,1909f56bfc062723c751e8b465ee728b)  -> (artifact id: '4283b1b5e189ae6fc751f0dc956f8e87') in 0.062965 seconds 
========================================================================
Received Import Request.
  Time since last request: 21.852680 seconds.
  path: Assets/Witchs_house/frewood_1.prefab
  artifactKey: Guid(597bc9826ef14f048901936686d2295a) Importer(815301076,1909f56bfc062723c751e8b465ee728b)
Start importing Assets/Witchs_house/frewood_1.prefab using Guid(597bc9826ef14f048901936686d2295a) Importer(815301076,1909f56bfc062723c751e8b465ee728b)  -> (artifact id: '2b5f7a44a0acc497846b6342e396f9e8') in 0.037973 seconds 
========================================================================
Received Import Request.
  Time since last request: 0.000032 seconds.
  path: Assets/Witchs_house/vat.prefab
  artifactKey: Guid(773fdcbd8f9b613428ed605e592a5f62) Importer(815301076,1909f56bfc062723c751e8b465ee728b)
Start importing Assets/Witchs_house/vat.prefab using Guid(773fdcbd8f9b613428ed605e592a5f62) Importer(815301076,1909f56bfc062723c751e8b465ee728b)  -> (artifact id: '053bfc594a3f928c8c5af09cb7171503') in 0.027026 seconds 
Editor requested this worker to shutdown with reason: Scaling down because of idle timeout
AssetImportWorker is now disconnected from the server
Process exiting
Exiting without the bug reporter. Application will terminate with return code 0