Using pre-set license
Built from '2021.3/staging' branch; Version is '2021.3.4f1 (cb45f9cae8b7) revision 13321721'; Using compiler version '192829333'; Build Type 'Release'
OS: 'Windows 10  (10.0.19045) 64bit Core' Language: 'pl' Physical Memory: 16304 MB
BatchMode: 1, IsHumanControllingUs: 0, StartBugReporterOnCrash: 0, Is64bit: 1, IsPro: 1

COMMAND LINE ARGUMENTS:
F:\Unity\2021.3.4f1\Editor\Unity.exe
-adb2
-batchMode
-noUpm
-name
AssetImportWorker2
-projectPath
D:/Github/VR-projekt/VR projekt
-logFile
Logs/AssetImportWorker2.log
-srvPort
49474
Successfully changed project path to: D:/Github/VR-projekt/VR projekt
D:/Github/VR-projekt/VR projekt
[UnityMemory] Configuration Parameters - Can be set up in boot.config
    "memorysetup-bucket-allocator-granularity=16"
    "memorysetup-bucket-allocator-bucket-count=8"
    "memorysetup-bucket-allocator-block-size=33554432"
    "memorysetup-bucket-allocator-block-count=8"
    "memorysetup-main-allocator-block-size=16777216"
    "memorysetup-thread-allocator-block-size=16777216"
    "memorysetup-gfx-main-allocator-block-size=16777216"
    "memorysetup-gfx-thread-allocator-block-size=16777216"
    "memorysetup-cache-allocator-block-size=4194304"
    "memorysetup-typetree-allocator-block-size=2097152"
    "memorysetup-profiler-bucket-allocator-granularity=16"
    "memorysetup-profiler-bucket-allocator-bucket-count=8"
    "memorysetup-profiler-bucket-allocator-block-size=33554432"
    "memorysetup-profiler-bucket-allocator-block-count=8"
    "memorysetup-profiler-allocator-block-size=16777216"
    "memorysetup-profiler-editor-allocator-block-size=1048576"
    "memorysetup-temp-allocator-size-main=16777216"
    "memorysetup-job-temp-allocator-block-size=2097152"
    "memorysetup-job-temp-allocator-block-size-background=1048576"
    "memorysetup-job-temp-allocator-reduction-small-platforms=262144"
    "memorysetup-temp-allocator-size-background-worker=32768"
    "memorysetup-temp-allocator-size-job-worker=262144"
    "memorysetup-temp-allocator-size-preload-manager=33554432"
    "memorysetup-temp-allocator-size-nav-mesh-worker=65536"
    "memorysetup-temp-allocator-size-audio-worker=65536"
    "memorysetup-temp-allocator-size-cloud-worker=32768"
    "memorysetup-temp-allocator-size-gi-baking-worker=262144"
    "memorysetup-temp-allocator-size-gfx=262144"
Refreshing native plugins compatible for Editor in 117.63 ms, found 3 plugins.
Preloading 0 native plugins for Editor in 0.00 ms.
Initialize engine version: 2021.3.4f1 (cb45f9cae8b7)
[Subsystems] Discovering subsystems at path F:/Unity/2021.3.4f1/Editor/Data/Resources/UnitySubsystems
[Subsystems] Discovering subsystems at path D:/Github/VR-projekt/VR projekt/Assets
GfxDevice: creating device client; threaded=0; jobified=0
Direct3D:
    Version:  Direct3D 11.0 [level 11.1]
    Renderer: NVIDIA GeForce GTX 1650 (ID=0x1f91)
    Vendor:   NVIDIA
    VRAM:     3949 MB
    Driver:   31.0.15.2824
Initialize mono
Mono path[0] = 'F:/Unity/2021.3.4f1/Editor/Data/Managed'
Mono path[1] = 'F:/Unity/2021.3.4f1/Editor/Data/MonoBleedingEdge/lib/mono/unityjit-win32'
Mono config path = 'F:/Unity/2021.3.4f1/Editor/Data/MonoBleedingEdge/etc'
Using monoOptions --debugger-agent=transport=dt_socket,embedding=1,server=y,suspend=n,address=127.0.0.1:56564
Begin MonoManager ReloadAssembly
Registering precompiled unity dll's ...
Register platform support module: F:/Unity/2021.3.4f1/Editor/Data/PlaybackEngines/WebGLSupport/UnityEditor.WebGL.Extensions.dll
Register platform support module: F:/Unity/2021.3.4f1/Editor/Data/PlaybackEngines/WindowsStandaloneSupport/UnityEditor.WindowsStandalone.Extensions.dll
Registered in 0.010074 seconds.
Native extension for WindowsStandalone target not found
Native extension for WebGL target not found
Refreshing native plugins compatible for Editor in 153.32 ms, found 3 plugins.
Preloading 0 native plugins for Editor in 0.00 ms.
Mono: successfully reloaded assembly
- Completed reload, in  1.281 seconds
Domain Reload Profiling:
	ReloadAssembly (1282ms)
		BeginReloadAssembly (127ms)
			ExecutionOrderSort (0ms)
			DisableScriptedObjects (0ms)
			BackupInstance (0ms)
			ReleaseScriptingObjects (0ms)
			CreateAndSetChildDomain (1ms)
		EndReloadAssembly (962ms)
			LoadAssemblies (123ms)
			RebuildTransferFunctionScriptingTraits (0ms)
			SetupTypeCache (244ms)
			ReleaseScriptCaches (0ms)
			RebuildScriptCaches (70ms)
			SetupLoadedEditorAssemblies (564ms)
				LogAssemblyErrors (0ms)
				InitializePlatformSupportModulesInManaged (13ms)
				SetLoadedEditorAssemblies (0ms)
				RefreshPlugins (153ms)
				BeforeProcessingInitializeOnLoad (2ms)
				ProcessInitializeOnLoadAttributes (322ms)
				ProcessInitializeOnLoadMethodAttributes (73ms)
				AfterProcessingInitializeOnLoad (0ms)
				EditorAssembliesLoaded (0ms)
			ExecutionOrderSort2 (0ms)
			AwakeInstancesAfterBackupRestoration (0ms)
Platform modules already initialized, skipping
Registering precompiled user dll's ...
Registered in 0.008172 seconds.
Begin MonoManager ReloadAssembly
Native extension for WindowsStandalone target not found
Native extension for WebGL target not found
Refreshing native plugins compatible for Editor in 124.71 ms, found 3 plugins.
Preloading 0 native plugins for Editor in 0.00 ms.
Mono: successfully reloaded assembly
- Completed reload, in  1.865 seconds
Domain Reload Profiling:
	ReloadAssembly (1866ms)
		BeginReloadAssembly (173ms)
			ExecutionOrderSort (0ms)
			DisableScriptedObjects (7ms)
			BackupInstance (0ms)
			ReleaseScriptingObjects (0ms)
			CreateAndSetChildDomain (23ms)
		EndReloadAssembly (1519ms)
			LoadAssemblies (104ms)
			RebuildTransferFunctionScriptingTraits (0ms)
			SetupTypeCache (370ms)
			ReleaseScriptCaches (1ms)
			RebuildScriptCaches (84ms)
			SetupLoadedEditorAssemblies (920ms)
				LogAssemblyErrors (0ms)
				InitializePlatformSupportModulesInManaged (6ms)
				SetLoadedEditorAssemblies (0ms)
				RefreshPlugins (125ms)
				BeforeProcessingInitializeOnLoad (114ms)
				ProcessInitializeOnLoadAttributes (620ms)
				ProcessInitializeOnLoadMethodAttributes (44ms)
				AfterProcessingInitializeOnLoad (10ms)
				EditorAssembliesLoaded (0ms)
			ExecutionOrderSort2 (0ms)
			AwakeInstancesAfterBackupRestoration (7ms)
Platform modules already initialized, skipping
========================================================================
Worker process is ready to serve import requests
Launched and connected shader compiler UnityShaderCompiler.exe after 0.07 seconds
Refreshing native plugins compatible for Editor in 1.20 ms, found 3 plugins.
Preloading 0 native plugins for Editor in 0.00 ms.
Unloading 3862 Unused Serialized files (Serialized files now loaded: 0)
Unloading 42 unused Assets / (129.8 KB). Loaded Objects now: 4347.
Memory consumption went from 157.2 MB to 157.1 MB.
Total: 7.856000 ms (FindLiveObjects: 0.353600 ms CreateObjectMapping: 0.326900 ms MarkObjects: 7.017500 ms  DeleteObjects: 0.156400 ms)

AssetImportParameters requested are different than current active one (requested -> active):
  custom:video-decoder-ogg-theora: a1e56fd34408186e4bbccfd4996cb3dc -> 
  custom:container-muxer-webm: aa71ff27fc2769a1b78a27578f13a17b -> 
  custom:container-demuxer-webm: 4f35f7cbe854078d1ac9338744f61a02 -> 
  custom:video-encoder-webm-vp8: eb34c28f22e8b96e1ab97ce403110664 -> 
  custom:audio-encoder-webm-vorbis: bf7c407c2cedff20999df2af8eb42d56 -> 
  custom:framework-win-MediaFoundation: 216162199b28c13a410421893ffa2e32 -> 
  custom:container-demuxer-ogg: 62fdf1f143b41e24485cea50d1cbac27 -> 
  custom:video-decoder-webm-vp8: 9c59270c3fd7afecdb556c50c9e8de78 -> 
  custom:audio-decoder-ogg-vorbis: bf7c407c2cedff20999df2af8eb42d56 -> 
========================================================================
Received Import Request.
  Time since last request: 55576.406892 seconds.
  path: Assets/#Nieważne/StarterAssets/CirclePlate.prefab
  artifactKey: Guid(ec0736b30cc67704b97e443865c796e1) Importer(815301076,1909f56bfc062723c751e8b465ee728b)
Start importing Assets/#Nieważne/StarterAssets/CirclePlate.prefab using Guid(ec0736b30cc67704b97e443865c796e1) Importer(815301076,1909f56bfc062723c751e8b465ee728b)  -> (artifact id: '525e953f9a4033ff56e2a0187d8733c8') in 0.266506 seconds 
========================================================================
Received Import Request.
  Time since last request: 305.040739 seconds.
  path: Assets/#Nieważne/StarterAssets/CirclePlate 1.prefab
  artifactKey: Guid(2bb8b0629ae9de0408eb235d43dad97f) Importer(815301076,1909f56bfc062723c751e8b465ee728b)
Start importing Assets/#Nieważne/StarterAssets/CirclePlate 1.prefab using Guid(2bb8b0629ae9de0408eb235d43dad97f) Importer(815301076,1909f56bfc062723c751e8b465ee728b)  -> (artifact id: '2dcb69537eea4618c00adce72b896b5c') in 0.038994 seconds 
========================================================================
Received Import Request.
  Time since last request: 35.403330 seconds.
  path: Assets/#Nieważne/StarterAssets/CirclePlate.prefab
  artifactKey: Guid(ec0736b30cc67704b97e443865c796e1) Importer(815301076,1909f56bfc062723c751e8b465ee728b)
Start importing Assets/#Nieważne/StarterAssets/CirclePlate.prefab using Guid(ec0736b30cc67704b97e443865c796e1) Importer(815301076,1909f56bfc062723c751e8b465ee728b)  -> (artifact id: '491f64bf079f3e017c569e25b42344d6') in 0.028111 seconds 
========================================================================
Received Import Request.
  Time since last request: 7.498993 seconds.
  path: Assets/#Nieważne/StarterAssets/CirclePlate.prefab
  artifactKey: Guid(ec0736b30cc67704b97e443865c796e1) Importer(815301076,1909f56bfc062723c751e8b465ee728b)
Start importing Assets/#Nieważne/StarterAssets/CirclePlate.prefab using Guid(ec0736b30cc67704b97e443865c796e1) Importer(815301076,1909f56bfc062723c751e8b465ee728b)  -> (artifact id: '86a527ca6d40d2d93e16db6fa4fc2a5c') in 0.014135 seconds 
========================================================================
Received Import Request.
  Time since last request: 13.181303 seconds.
  path: Assets/#Nieważne/StarterAssets/CirclePlate 1.prefab
  artifactKey: Guid(2bb8b0629ae9de0408eb235d43dad97f) Importer(815301076,1909f56bfc062723c751e8b465ee728b)
Start importing Assets/#Nieważne/StarterAssets/CirclePlate 1.prefab using Guid(2bb8b0629ae9de0408eb235d43dad97f) Importer(815301076,1909f56bfc062723c751e8b465ee728b)  -> (artifact id: '8ecb093cba9fd910924bba9b63e31b8f') in 0.015026 seconds 
========================================================================
Received Import Request.
  Time since last request: 31.611815 seconds.
  path: Assets/#Nieważne/StarterAssets/CirclePlate 2.prefab
  artifactKey: Guid(6481b04b99ccbf4479dc31cea4cbafa0) Importer(815301076,1909f56bfc062723c751e8b465ee728b)
Start importing Assets/#Nieważne/StarterAssets/CirclePlate 2.prefab using Guid(6481b04b99ccbf4479dc31cea4cbafa0) Importer(815301076,1909f56bfc062723c751e8b465ee728b)  -> (artifact id: 'd4e73021f556864192a9d0a543400664') in 0.013731 seconds 
========================================================================
Received Import Request.
  Time since last request: 4.677507 seconds.
  path: Assets/#Nieważne/StarterAssets/CirclePlate 2.prefab
  artifactKey: Guid(6481b04b99ccbf4479dc31cea4cbafa0) Importer(815301076,1909f56bfc062723c751e8b465ee728b)
Start importing Assets/#Nieważne/StarterAssets/CirclePlate 2.prefab using Guid(6481b04b99ccbf4479dc31cea4cbafa0) Importer(815301076,1909f56bfc062723c751e8b465ee728b)  -> (artifact id: '0274e6344c7fbdee3defb600de23fc30') in 0.013594 seconds 
========================================================================
Received Prepare
Registering precompiled user dll's ...
Registered in 0.005337 seconds.
Begin MonoManager ReloadAssembly
Native extension for WindowsStandalone target not found
Native extension for WebGL target not found
Refreshing native plugins compatible for Editor in 1.01 ms, found 3 plugins.
Preloading 0 native plugins for Editor in 0.00 ms.
Mono: successfully reloaded assembly
- Completed reload, in  1.718 seconds
Domain Reload Profiling:
	ReloadAssembly (1719ms)
		BeginReloadAssembly (161ms)
			ExecutionOrderSort (0ms)
			DisableScriptedObjects (6ms)
			BackupInstance (0ms)
			ReleaseScriptingObjects (0ms)
			CreateAndSetChildDomain (49ms)
		EndReloadAssembly (1433ms)
			LoadAssemblies (90ms)
			RebuildTransferFunctionScriptingTraits (0ms)
			SetupTypeCache (364ms)
			ReleaseScriptCaches (2ms)
			RebuildScriptCaches (63ms)
			SetupLoadedEditorAssemblies (838ms)
				LogAssemblyErrors (0ms)
				InitializePlatformSupportModulesInManaged (20ms)
				SetLoadedEditorAssemblies (1ms)
				RefreshPlugins (1ms)
				BeforeProcessingInitializeOnLoad (100ms)
				ProcessInitializeOnLoadAttributes (636ms)
				ProcessInitializeOnLoadMethodAttributes (66ms)
				AfterProcessingInitializeOnLoad (14ms)
				EditorAssembliesLoaded (0ms)
			ExecutionOrderSort2 (0ms)
			AwakeInstancesAfterBackupRestoration (8ms)
Platform modules already initialized, skipping
Refreshing native plugins compatible for Editor in 2.13 ms, found 3 plugins.
Preloading 0 native plugins for Editor in 0.00 ms.
Unloading 3852 Unused Serialized files (Serialized files now loaded: 0)
Unloading 21 unused Assets / (95.3 KB). Loaded Objects now: 4369.
Memory consumption went from 160.9 MB to 160.8 MB.
Total: 4.429000 ms (FindLiveObjects: 0.334000 ms CreateObjectMapping: 0.298200 ms MarkObjects: 3.761000 ms  DeleteObjects: 0.034700 ms)

AssetImportParameters requested are different than current active one (requested -> active):
  custom:video-decoder-ogg-theora: a1e56fd34408186e4bbccfd4996cb3dc -> 
  custom:container-muxer-webm: aa71ff27fc2769a1b78a27578f13a17b -> 
  custom:container-demuxer-webm: 4f35f7cbe854078d1ac9338744f61a02 -> 
  custom:video-encoder-webm-vp8: eb34c28f22e8b96e1ab97ce403110664 -> 
  custom:audio-encoder-webm-vorbis: bf7c407c2cedff20999df2af8eb42d56 -> 
  custom:framework-win-MediaFoundation: 216162199b28c13a410421893ffa2e32 -> 
  custom:container-demuxer-ogg: 62fdf1f143b41e24485cea50d1cbac27 -> 
  custom:video-decoder-webm-vp8: 9c59270c3fd7afecdb556c50c9e8de78 -> 
  custom:audio-decoder-ogg-vorbis: bf7c407c2cedff20999df2af8eb42d56 -> 
========================================================================
Received Import Request.
  Time since last request: 804.410002 seconds.
  path: Assets/Halloween Fantasy Pack/Halloween Package/FBX/CTMSP_BrokenGrave_1.fbx
  artifactKey: Guid(a896984d8f578024ebbc6521c36a2614) Importer(815301076,1909f56bfc062723c751e8b465ee728b)
Start importing Assets/Halloween Fantasy Pack/Halloween Package/FBX/CTMSP_BrokenGrave_1.fbx using Guid(a896984d8f578024ebbc6521c36a2614) Importer(815301076,1909f56bfc062723c751e8b465ee728b)  -> (artifact id: '91472f62059ef90faf17a97132b915c0') in 0.279240 seconds 
========================================================================
Received Import Request.
  Time since last request: 0.000028 seconds.
  path: Assets/Halloween_Pack/Textures/Grass_NM.tga
  artifactKey: Guid(d64cb2b1d2e5754479bc11c35d496e21) Importer(815301076,1909f56bfc062723c751e8b465ee728b)
Start importing Assets/Halloween_Pack/Textures/Grass_NM.tga using Guid(d64cb2b1d2e5754479bc11c35d496e21) Importer(815301076,1909f56bfc062723c751e8b465ee728b)  -> (artifact id: 'cbe3563bfd8273714c6e4c3bd15aa583') in 0.058789 seconds 
========================================================================
Received Import Request.
  Time since last request: 0.000037 seconds.
  path: Assets/Poly Halloween/- Textures/Grass/grass-small-b.png
  artifactKey: Guid(0c99fa603b9fdbd47af3df8237d8ae39) Importer(815301076,1909f56bfc062723c751e8b465ee728b)
Start importing Assets/Poly Halloween/- Textures/Grass/grass-small-b.png using Guid(0c99fa603b9fdbd47af3df8237d8ae39) Importer(815301076,1909f56bfc062723c751e8b465ee728b)  -> (artifact id: 'f4de0a3c380f63cb1f911a7c21dc0cf9') in 0.023989 seconds 
========================================================================
Received Import Request.
  Time since last request: 0.000023 seconds.
  path: Assets/Halloween Fantasy Pack/Halloween Package/FBX/CTMSP_Grave_2.fbx
  artifactKey: Guid(493b53ac2a31e0a4e8659ca660001aae) Importer(815301076,1909f56bfc062723c751e8b465ee728b)
Start importing Assets/Halloween Fantasy Pack/Halloween Package/FBX/CTMSP_Grave_2.fbx using Guid(493b53ac2a31e0a4e8659ca660001aae) Importer(815301076,1909f56bfc062723c751e8b465ee728b)  -> (artifact id: 'c912fb0ed37203edbb3624e7bfb2b6fd') in 0.046495 seconds 
========================================================================
Received Import Request.
  Time since last request: 0.000024 seconds.
  path: Assets/Halloween Fantasy Pack/Halloween Package/FBX/CTMSP_BrokenGrave_4.fbx
  artifactKey: Guid(4edd61b4b5bbb1949a4db2bfb2e957e9) Importer(815301076,1909f56bfc062723c751e8b465ee728b)
Start importing Assets/Halloween Fantasy Pack/Halloween Package/FBX/CTMSP_BrokenGrave_4.fbx using Guid(4edd61b4b5bbb1949a4db2bfb2e957e9) Importer(815301076,1909f56bfc062723c751e8b465ee728b)  -> (artifact id: 'f47b13921ec1ed9009180e35cf3177a4') in 0.024474 seconds 
========================================================================
Received Import Request.
  Time since last request: 0.000023 seconds.
  path: Assets/grass-middle-a.prefab
  artifactKey: Guid(52b81639f4b0ece4799b58c50f85be23) Importer(815301076,1909f56bfc062723c751e8b465ee728b)
Start importing Assets/grass-middle-a.prefab using Guid(52b81639f4b0ece4799b58c50f85be23) Importer(815301076,1909f56bfc062723c751e8b465ee728b)  -> (artifact id: '2ebe6495d23b101297de276fddbdfe85') in 0.016503 seconds 
========================================================================
Received Import Request.
  Time since last request: 0.000020 seconds.
  path: Assets/Vegetation-LowPolyNature/FreeVegetation/Models/Vegetation.fbx
  artifactKey: Guid(2072bd79c1ae41441b0d087f04e9ec49) Importer(815301076,1909f56bfc062723c751e8b465ee728b)
Start importing Assets/Vegetation-LowPolyNature/FreeVegetation/Models/Vegetation.fbx using Guid(2072bd79c1ae41441b0d087f04e9ec49) Importer(815301076,1909f56bfc062723c751e8b465ee728b)  -> (artifact id: 'c2f16d011f6b2405b265ec53d271add4') in 0.393383 seconds 
========================================================================
Received Import Request.
  Time since last request: 0.000051 seconds.
  path: Assets/Pure Poly/PP_Grass_11.prefab
  artifactKey: Guid(ef62619642b0df743b22dd5120c6ac4d) Importer(815301076,1909f56bfc062723c751e8b465ee728b)
Start importing Assets/Pure Poly/PP_Grass_11.prefab using Guid(ef62619642b0df743b22dd5120c6ac4d) Importer(815301076,1909f56bfc062723c751e8b465ee728b)  -> (artifact id: '3815b3c43d0e4eaf33e336550b26a795') in 0.019084 seconds 
========================================================================
Received Import Request.
  Time since last request: 0.000028 seconds.
  path: Assets/Vegetation-LowPolyNature/FreeVegetation/Materials/Grass_1.mat
  artifactKey: Guid(7e9e3cb396458b84aada10e45759c373) Importer(815301076,1909f56bfc062723c751e8b465ee728b)
Start importing Assets/Vegetation-LowPolyNature/FreeVegetation/Materials/Grass_1.mat using Guid(7e9e3cb396458b84aada10e45759c373) Importer(815301076,1909f56bfc062723c751e8b465ee728b)  -> (artifact id: 'b6be21044b37a9bd72a8c34ac679c923') in 0.013645 seconds 
========================================================================
Received Import Request.
  Time since last request: 0.000024 seconds.
  path: Assets/Halloween Fantasy Pack/CTMSP_Grave_2.prefab
  artifactKey: Guid(f312149b1d9b9c34ebf4eade1847f6d8) Importer(815301076,1909f56bfc062723c751e8b465ee728b)
Start importing Assets/Halloween Fantasy Pack/CTMSP_Grave_2.prefab using Guid(f312149b1d9b9c34ebf4eade1847f6d8) Importer(815301076,1909f56bfc062723c751e8b465ee728b)  -> (artifact id: 'acc756d0c5c09e03dc258da502959daa') in 0.018425 seconds 
========================================================================
Received Import Request.
  Time since last request: 0.000025 seconds.
  path: Assets/Halloween Fantasy Pack/CTMSP_BrokenGrave_8.prefab
  artifactKey: Guid(e0dde8124917a2a499a4bdf459327b6b) Importer(815301076,1909f56bfc062723c751e8b465ee728b)
Start importing Assets/Halloween Fantasy Pack/CTMSP_BrokenGrave_8.prefab using Guid(e0dde8124917a2a499a4bdf459327b6b) Importer(815301076,1909f56bfc062723c751e8b465ee728b)  -> (artifact id: '3b7b1eb89b0376841e8eea8f00751188') in 0.020960 seconds 
========================================================================
Received Import Request.
  Time since last request: 0.000033 seconds.
  path: Assets/Halloween Fantasy Pack/Halloween Package/FBX/CTMSP_Grave_3.fbx
  artifactKey: Guid(fce20c49931da0a41878f9494cf6bebb) Importer(815301076,1909f56bfc062723c751e8b465ee728b)
Start importing Assets/Halloween Fantasy Pack/Halloween Package/FBX/CTMSP_Grave_3.fbx using Guid(fce20c49931da0a41878f9494cf6bebb) Importer(815301076,1909f56bfc062723c751e8b465ee728b)  -> (artifact id: 'f55189679070ce170a9396a530406186') in 0.035362 seconds 
========================================================================
Received Import Request.
  Time since last request: 0.000028 seconds.
  path: Assets/Halloween Fantasy Pack/CTMSP_BrokenGrave_2.prefab
  artifactKey: Guid(d46328b9326d1ac429bf38493e5b529b) Importer(815301076,1909f56bfc062723c751e8b465ee728b)
Start importing Assets/Halloween Fantasy Pack/CTMSP_BrokenGrave_2.prefab using Guid(d46328b9326d1ac429bf38493e5b529b) Importer(815301076,1909f56bfc062723c751e8b465ee728b)  -> (artifact id: '665c246efde5fc4e1c2d33e7a626b5f9') in 0.015544 seconds 
========================================================================
Received Import Request.
  Time since last request: 0.000046 seconds.
  path: Assets/Halloween Fantasy Pack/CTMSP_Grave_3.prefab
  artifactKey: Guid(6aff06086c6d690429cb8a5c67ea1996) Importer(815301076,1909f56bfc062723c751e8b465ee728b)
Start importing Assets/Halloween Fantasy Pack/CTMSP_Grave_3.prefab using Guid(6aff06086c6d690429cb8a5c67ea1996) Importer(815301076,1909f56bfc062723c751e8b465ee728b)  -> (artifact id: 'acc3dd0006a52bd37c5a335f3593a7fe') in 0.017824 seconds 
========================================================================
Received Import Request.
  Time since last request: 0.000025 seconds.
  path: Assets/Halloween Fantasy Pack/Halloween Package/FBX/CTMSP_Grave_1.fbx
  artifactKey: Guid(0c49a032caf4f9246a5dfab5dd0b4d6c) Importer(815301076,1909f56bfc062723c751e8b465ee728b)
Start importing Assets/Halloween Fantasy Pack/Halloween Package/FBX/CTMSP_Grave_1.fbx using Guid(0c49a032caf4f9246a5dfab5dd0b4d6c) Importer(815301076,1909f56bfc062723c751e8b465ee728b)  -> (artifact id: '723558b83e69bb8d65bb4cd31bf67e4d') in 0.032108 seconds 
========================================================================
Received Import Request.
  Time since last request: 0.000036 seconds.
  path: Assets/Halloween Fantasy Pack/Halloween Package/FBX/CTMSP_BrokenGrave_3.fbx
  artifactKey: Guid(a426a12c48ccf2e42a7d6865cd3a4350) Importer(815301076,1909f56bfc062723c751e8b465ee728b)
Start importing Assets/Halloween Fantasy Pack/Halloween Package/FBX/CTMSP_BrokenGrave_3.fbx using Guid(a426a12c48ccf2e42a7d6865cd3a4350) Importer(815301076,1909f56bfc062723c751e8b465ee728b)  -> (artifact id: '5c183678eb3961aa7d7f134e5b9f4d44') in 0.030507 seconds 
========================================================================
Received Import Request.
  Time since last request: 0.000034 seconds.
  path: Assets/Vegetation-LowPolyNature/Grass_1_1.prefab
  artifactKey: Guid(2ab833ef86401f8409c0310ffb61631e) Importer(815301076,1909f56bfc062723c751e8b465ee728b)
Start importing Assets/Vegetation-LowPolyNature/Grass_1_1.prefab using Guid(2ab833ef86401f8409c0310ffb61631e) Importer(815301076,1909f56bfc062723c751e8b465ee728b)  -> (artifact id: 'e9cd3b133535fbdfddbb2d8be7ae3e6d') in 0.029746 seconds 
========================================================================
Received Import Request.
  Time since last request: 0.000028 seconds.
  path: Assets/Halloween_Pack/FBX/Materials/Grass_D.mat
  artifactKey: Guid(4dc1713156edf08478de3eea0a26dad9) Importer(815301076,1909f56bfc062723c751e8b465ee728b)
Start importing Assets/Halloween_Pack/FBX/Materials/Grass_D.mat using Guid(4dc1713156edf08478de3eea0a26dad9) Importer(815301076,1909f56bfc062723c751e8b465ee728b)  -> (artifact id: 'd20d4ce2e6643e18bbf9f4da915f0a16') in 0.015045 seconds 
Editor requested this worker to shutdown with reason: Scaling down because of idle timeout
AssetImportWorker is now disconnected from the server
Process exiting
Exiting without the bug reporter. Application will terminate with return code 0