Using pre-set license
Built from '2021.3/staging' branch; Version is '2021.3.4f1 (cb45f9cae8b7) revision 13321721'; Using compiler version '192829333'; Build Type 'Release'
OS: 'Windows 10  (10.0.19045) 64bit Core' Language: 'pl' Physical Memory: 16304 MB
BatchMode: 1, IsHumanControllingUs: 0, StartBugReporterOnCrash: 0, Is64bit: 1, IsPro: 1

COMMAND LINE ARGUMENTS:
F:\Unity\2021.3.4f1-x86_64\Editor\Unity.exe
-adb2
-batchMode
-noUpm
-name
AssetImportWorker39
-projectPath
D:/Github/VR-projekt/VR projekt
-logFile
Logs/AssetImportWorker39.log
-srvPort
51567
Successfully changed project path to: D:/Github/VR-projekt/VR projekt
D:/Github/VR-projekt/VR projekt
[UnityMemory] Configuration Parameters - Can be set up in boot.config
    "memorysetup-bucket-allocator-granularity=16"
    "memorysetup-bucket-allocator-bucket-count=8"
    "memorysetup-bucket-allocator-block-size=33554432"
    "memorysetup-bucket-allocator-block-count=8"
    "memorysetup-main-allocator-block-size=16777216"
    "memorysetup-thread-allocator-block-size=16777216"
    "memorysetup-gfx-main-allocator-block-size=16777216"
    "memorysetup-gfx-thread-allocator-block-size=16777216"
    "memorysetup-cache-allocator-block-size=4194304"
    "memorysetup-typetree-allocator-block-size=2097152"
    "memorysetup-profiler-bucket-allocator-granularity=16"
    "memorysetup-profiler-bucket-allocator-bucket-count=8"
    "memorysetup-profiler-bucket-allocator-block-size=33554432"
    "memorysetup-profiler-bucket-allocator-block-count=8"
    "memorysetup-profiler-allocator-block-size=16777216"
    "memorysetup-profiler-editor-allocator-block-size=1048576"
    "memorysetup-temp-allocator-size-main=16777216"
    "memorysetup-job-temp-allocator-block-size=2097152"
    "memorysetup-job-temp-allocator-block-size-background=1048576"
    "memorysetup-job-temp-allocator-reduction-small-platforms=262144"
    "memorysetup-temp-allocator-size-background-worker=32768"
    "memorysetup-temp-allocator-size-job-worker=262144"
    "memorysetup-temp-allocator-size-preload-manager=33554432"
    "memorysetup-temp-allocator-size-nav-mesh-worker=65536"
    "memorysetup-temp-allocator-size-audio-worker=65536"
    "memorysetup-temp-allocator-size-cloud-worker=32768"
    "memorysetup-temp-allocator-size-gi-baking-worker=262144"
    "memorysetup-temp-allocator-size-gfx=262144"
Refreshing native plugins compatible for Editor in 220.33 ms, found 3 plugins.
Preloading 0 native plugins for Editor in 0.00 ms.
Initialize engine version: 2021.3.4f1 (cb45f9cae8b7)
[Subsystems] Discovering subsystems at path F:/Unity/2021.3.4f1-x86_64/Editor/Data/Resources/UnitySubsystems
[Subsystems] Discovering subsystems at path D:/Github/VR-projekt/VR projekt/Assets
GfxDevice: creating device client; threaded=0; jobified=0
Direct3D:
    Version:  Direct3D 11.0 [level 11.1]
    Renderer: NVIDIA GeForce GTX 1650 (ID=0x1f91)
    Vendor:   NVIDIA
    VRAM:     3949 MB
    Driver:   31.0.15.2824
Initialize mono
Mono path[0] = 'F:/Unity/2021.3.4f1-x86_64/Editor/Data/Managed'
Mono path[1] = 'F:/Unity/2021.3.4f1-x86_64/Editor/Data/MonoBleedingEdge/lib/mono/unityjit-win32'
Mono config path = 'F:/Unity/2021.3.4f1-x86_64/Editor/Data/MonoBleedingEdge/etc'
Using monoOptions --debugger-agent=transport=dt_socket,embedding=1,server=y,suspend=n,address=127.0.0.1:56244
Begin MonoManager ReloadAssembly
Registering precompiled unity dll's ...
Register platform support module: F:/Unity/2021.3.4f1-x86_64/Editor/Data/PlaybackEngines/WindowsStandaloneSupport/UnityEditor.WindowsStandalone.Extensions.dll
Registered in 0.009393 seconds.
Native extension for WindowsStandalone target not found
Refreshing native plugins compatible for Editor in 142.78 ms, found 3 plugins.
Preloading 0 native plugins for Editor in 0.00 ms.
Mono: successfully reloaded assembly
- Completed reload, in  0.879 seconds
Domain Reload Profiling:
	ReloadAssembly (879ms)
		BeginReloadAssembly (99ms)
			ExecutionOrderSort (0ms)
			DisableScriptedObjects (0ms)
			BackupInstance (0ms)
			ReleaseScriptingObjects (0ms)
			CreateAndSetChildDomain (1ms)
		EndReloadAssembly (639ms)
			LoadAssemblies (96ms)
			RebuildTransferFunctionScriptingTraits (0ms)
			SetupTypeCache (143ms)
			ReleaseScriptCaches (0ms)
			RebuildScriptCaches (38ms)
			SetupLoadedEditorAssemblies (391ms)
				LogAssemblyErrors (0ms)
				InitializePlatformSupportModulesInManaged (13ms)
				SetLoadedEditorAssemblies (0ms)
				RefreshPlugins (143ms)
				BeforeProcessingInitializeOnLoad (2ms)
				ProcessInitializeOnLoadAttributes (173ms)
				ProcessInitializeOnLoadMethodAttributes (60ms)
				AfterProcessingInitializeOnLoad (0ms)
				EditorAssembliesLoaded (0ms)
			ExecutionOrderSort2 (0ms)
			AwakeInstancesAfterBackupRestoration (0ms)
Platform modules already initialized, skipping
Registering precompiled user dll's ...
Registered in 0.005344 seconds.
Begin MonoManager ReloadAssembly
Symbol file data-0000017BC710DC30 doesn't match image D:\Github\VR-projekt\VR projekt\Library\ScriptAssemblies\Assembly-CSharp.dll
Symbol file LoadedFromMemory is not a mono symbol file
Symbol file data-0000017BC710DC30 doesn't match image D:\Github\VR-projekt\VR projekt\Library\ScriptAssemblies\Assembly-CSharp-Editor.dll
Symbol file LoadedFromMemory is not a mono symbol file
Symbol file data-0000017BC79D0010 doesn't match image D:\Github\VR-projekt\VR projekt\Library\ScriptAssemblies\Unity.VisualScripting.Flow.Editor.dll
Symbol file LoadedFromMemory is not a mono symbol file
Symbol file data-0000017BC710DC30 doesn't match image D:\Github\VR-projekt\VR projekt\Library\ScriptAssemblies\Unity.VSCode.Editor.dll
Symbol file LoadedFromMemory is not a mono symbol file
Symbol file data-0000017BC7554F80 doesn't match image D:\Github\VR-projekt\VR projekt\Library\ScriptAssemblies\Unity.TextMeshPro.Editor.dll
Symbol file LoadedFromMemory is not a mono symbol file
Symbol file data-0000017BC8782C30 doesn't match image D:\Github\VR-projekt\VR projekt\Library\ScriptAssemblies\Unity.Services.Core.Telemetry.dll
Symbol file LoadedFromMemory is not a mono symbol file
Symbol file data-0000017BC7A28020 doesn't match image D:\Github\VR-projekt\VR projekt\Library\ScriptAssemblies\Unity.Performance.Profile-Analyzer.Editor.dll
Symbol file LoadedFromMemory is not a mono symbol file
Symbol file data-0000017BC7A06820 doesn't match image D:\Github\VR-projekt\VR projekt\Library\ScriptAssemblies\Unity.TestTools.CodeCoverage.Editor.OpenCover.Model.dll
Symbol file LoadedFromMemory is not a mono symbol file
Symbol file data-0000017BC7A06820 doesn't match image D:\Github\VR-projekt\VR projekt\Library\ScriptAssemblies\Unity.VisualStudio.Editor.dll
Symbol file LoadedFromMemory is not a mono symbol file
Symbol file data-0000017BC7A06820 doesn't match image D:\Github\VR-projekt\VR projekt\Library\ScriptAssemblies\UnityEngine.TestRunner.dll
Symbol file LoadedFromMemory is not a mono symbol file
Symbol file data-0000017BC7554F80 doesn't match image D:\Github\VR-projekt\VR projekt\Library\ScriptAssemblies\Unity.Timeline.dll
Symbol file LoadedFromMemory is not a mono symbol file
Symbol file data-0000017BC7E6C020 doesn't match image D:\Github\VR-projekt\VR projekt\Library\ScriptAssemblies\Unity.VisualScripting.Core.Editor.dll
Symbol file LoadedFromMemory is not a mono symbol file
Symbol file data-0000017BC7E6C020 doesn't match image D:\Github\VR-projekt\VR projekt\Library\ScriptAssemblies\Unity.TextMeshPro.dll
Symbol file LoadedFromMemory is not a mono symbol file
Symbol file data-0000017BC7A06820 doesn't match image D:\Github\VR-projekt\VR projekt\Library\ScriptAssemblies\Unity.VisualScripting.State.Editor.dll
Symbol file LoadedFromMemory is not a mono symbol file
Symbol file data-0000017BC7E9B430 doesn't match image D:\Github\VR-projekt\VR projekt\Library\ScriptAssemblies\UnityEditor.TestRunner.dll
Symbol file LoadedFromMemory is not a mono symbol file
Symbol file data-0000017BC7A06820 doesn't match image D:\Github\VR-projekt\VR projekt\Library\ScriptAssemblies\Unity.Services.Core.Networking.dll
Symbol file LoadedFromMemory is not a mono symbol file
Symbol file data-0000017BC7A09A30 doesn't match image D:\Github\VR-projekt\VR projekt\Library\ScriptAssemblies\Unity.VisualScripting.SettingsProvider.Editor.dll
Symbol file LoadedFromMemory is not a mono symbol file
Symbol file data-0000017BC7A09A30 doesn't match image D:\Github\VR-projekt\VR projekt\Library\ScriptAssemblies\Unity.TestTools.CodeCoverage.Editor.OpenCover.Mono.Reflection.dll
Symbol file LoadedFromMemory is not a mono symbol file
Symbol file data-0000017BC7C61010 doesn't match image D:\Github\VR-projekt\VR projekt\Library\ScriptAssemblies\Unity.VisualScripting.Flow.dll
Symbol file LoadedFromMemory is not a mono symbol file
Symbol file data-0000017BC7A09A30 doesn't match image D:\Github\VR-projekt\VR projekt\Library\ScriptAssemblies\UnityEditor.UI.dll
Symbol file LoadedFromMemory is not a mono symbol file
Symbol file data-0000017BC7C61010 doesn't match image D:\Github\VR-projekt\VR projekt\Library\ScriptAssemblies\Unity.InputSystem.dll
Symbol file LoadedFromMemory is not a mono symbol file
Symbol file data-0000017BC392C830 doesn't match image D:\Github\VR-projekt\VR projekt\Library\ScriptAssemblies\Unity.Rider.Editor.dll
Symbol file LoadedFromMemory is not a mono symbol file
Symbol file data-0000017BC30A5010 doesn't match image D:\Github\VR-projekt\VR projekt\Library\ScriptAssemblies\Unity.PlasticSCM.Editor.dll
Symbol file LoadedFromMemory is not a mono symbol file
Symbol file data-0000017BC392C830 doesn't match image D:\Github\VR-projekt\VR projekt\Library\ScriptAssemblies\Unity.Services.Core.Internal.dll
Symbol file LoadedFromMemory is not a mono symbol file
Symbol file data-0000017BC7E9B430 doesn't match image D:\Github\VR-projekt\VR projekt\Library\ScriptAssemblies\UnityEngine.UI.dll
Symbol file LoadedFromMemory is not a mono symbol file
Symbol file data-0000017BC392C830 doesn't match image D:\Github\VR-projekt\VR projekt\Library\ScriptAssemblies\Unity.Services.Core.Configuration.dll
Symbol file LoadedFromMemory is not a mono symbol file
Symbol file data-0000017BC392C830 doesn't match image D:\Github\VR-projekt\VR projekt\Library\ScriptAssemblies\Unity.Services.Core.dll
Symbol file LoadedFromMemory is not a mono symbol file
Symbol file data-0000017BC30E1C20 doesn't match image D:\Github\VR-projekt\VR projekt\Library\ScriptAssemblies\Unity.VisualScripting.Core.dll
Symbol file LoadedFromMemory is not a mono symbol file
Symbol file data-0000017BC7A11A40 doesn't match image D:\Github\VR-projekt\VR projekt\Library\ScriptAssemblies\Unity.EditorCoroutines.Editor.dll
Symbol file LoadedFromMemory is not a mono symbol file
Symbol file data-0000017BC392C830 doesn't match image D:\Github\VR-projekt\VR projekt\Library\ScriptAssemblies\Unity.Services.Core.Editor.dll
Symbol file LoadedFromMemory is not a mono symbol file
Symbol file data-0000017BC7D7B6E0 doesn't match image D:\Github\VR-projekt\VR projekt\Library\ScriptAssemblies\Unity.Services.Core.Configuration.Editor.dll
Symbol file LoadedFromMemory is not a mono symbol file
Symbol file data-0000017BC8680080 doesn't match image D:\Github\VR-projekt\VR projekt\Library\ScriptAssemblies\Cinemachine.dll
Symbol file LoadedFromMemory is not a mono symbol file
Symbol file data-0000017BC7A11A40 doesn't match image D:\Github\VR-projekt\VR projekt\Library\ScriptAssemblies\Unity.Services.Core.Analytics.dll
Symbol file LoadedFromMemory is not a mono symbol file
Symbol file data-0000017BC7D7B6E0 doesn't match image D:\Github\VR-projekt\VR projekt\Library\ScriptAssemblies\Unity.Services.Core.Registration.dll
Symbol file LoadedFromMemory is not a mono symbol file
Symbol file data-0000017BC7EAAC40 doesn't match image D:\Github\VR-projekt\VR projekt\Library\ScriptAssemblies\com.unity.cinemachine.editor.dll
Symbol file LoadedFromMemory is not a mono symbol file
Symbol file data-0000017BC392C830 doesn't match image D:\Github\VR-projekt\VR projekt\Library\ScriptAssemblies\Unity.VisualScripting.Shared.Editor.dll
Symbol file LoadedFromMemory is not a mono symbol file
Symbol file data-0000017BC7D7E6F0 doesn't match image D:\Github\VR-projekt\VR projekt\Library\ScriptAssemblies\Unity.Services.Core.Environments.dll
Symbol file LoadedFromMemory is not a mono symbol file
Symbol file data-0000017BC7D7E6F0 doesn't match image D:\Github\VR-projekt\VR projekt\Library\ScriptAssemblies\Polyperfect.Universal.dll
Symbol file LoadedFromMemory is not a mono symbol file
Symbol file data-0000017BC392C830 doesn't match image D:\Github\VR-projekt\VR projekt\Library\ScriptAssemblies\Unity.Services.Core.Scheduler.dll
Symbol file LoadedFromMemory is not a mono symbol file
Symbol file data-0000017BC7D7E6F0 doesn't match image D:\Github\VR-projekt\VR projekt\Library\ScriptAssemblies\Unity.Services.Core.Environments.Internal.dll
Symbol file LoadedFromMemory is not a mono symbol file
Symbol file data-0000017BC86B3890 doesn't match image D:\Github\VR-projekt\VR projekt\Library\ScriptAssemblies\Unity.Timeline.Editor.dll
Symbol file LoadedFromMemory is not a mono symbol file
Symbol file data-0000017BC7EAAC40 doesn't match image D:\Github\VR-projekt\VR projekt\Library\ScriptAssemblies\Unity.Settings.Editor.dll
Symbol file LoadedFromMemory is not a mono symbol file
Symbol file data-0000017BC7EAAC40 doesn't match image D:\Github\VR-projekt\VR projekt\Library\ScriptAssemblies\Unity.CollabProxy.Editor.dll
Symbol file LoadedFromMemory is not a mono symbol file
Symbol file data-0000017BC3130E40 doesn't match image D:\Github\VR-projekt\VR projekt\Library\ScriptAssemblies\Unity.Services.Core.Threading.dll
Symbol file LoadedFromMemory is not a mono symbol file
Symbol file data-0000017BC7EAEC50 doesn't match image D:\Github\VR-projekt\VR projekt\Library\ScriptAssemblies\Unity.TestTools.CodeCoverage.Editor.dll
Symbol file LoadedFromMemory is not a mono symbol file
Symbol file data-0000017BC7EB5660 doesn't match image D:\Github\VR-projekt\VR projekt\Library\ScriptAssemblies\Unity.VisualScripting.State.dll
Symbol file LoadedFromMemory is not a mono symbol file
Symbol file data-0000017BC3130E40 doesn't match image D:\Github\VR-projekt\VR projekt\Library\ScriptAssemblies\Unity.Services.Core.Device.dll
Symbol file LoadedFromMemory is not a mono symbol file
Symbol file LoadedFromMemory doesn't match image D:\Github\VR-projekt\VR projekt\Library\PackageCache\com.unity.visualscripting@1.7.8\Editor\VisualScripting.Core\Dependencies\YamlDotNet\Unity.VisualScripting.YamlDotNet.dll
Symbol file LoadedFromMemory doesn't match image D:\Github\VR-projekt\VR projekt\Library\PackageCache\com.unity.visualscripting@1.7.8\Editor\VisualScripting.Core\Dependencies\DotNetZip\Unity.VisualScripting.IonicZip.dll
Native extension for WindowsStandalone target not found
Refreshing native plugins compatible for Editor in 126.97 ms, found 3 plugins.
Preloading 0 native plugins for Editor in 0.00 ms.
Mono: successfully reloaded assembly
- Completed reload, in  2.039 seconds
Domain Reload Profiling:
	ReloadAssembly (2040ms)
		BeginReloadAssembly (185ms)
			ExecutionOrderSort (0ms)
			DisableScriptedObjects (8ms)
			BackupInstance (0ms)
			ReleaseScriptingObjects (0ms)
			CreateAndSetChildDomain (29ms)
		EndReloadAssembly (1688ms)
			LoadAssemblies (115ms)
			RebuildTransferFunctionScriptingTraits (0ms)
			SetupTypeCache (393ms)
			ReleaseScriptCaches (1ms)
			RebuildScriptCaches (81ms)
			SetupLoadedEditorAssemblies (1039ms)
				LogAssemblyErrors (0ms)
				InitializePlatformSupportModulesInManaged (5ms)
				SetLoadedEditorAssemblies (0ms)
				RefreshPlugins (127ms)
				BeforeProcessingInitializeOnLoad (131ms)
				ProcessInitializeOnLoadAttributes (707ms)
				ProcessInitializeOnLoadMethodAttributes (54ms)
				AfterProcessingInitializeOnLoad (15ms)
				EditorAssembliesLoaded (0ms)
			ExecutionOrderSort2 (0ms)
			AwakeInstancesAfterBackupRestoration (10ms)
Platform modules already initialized, skipping
========================================================================
Worker process is ready to serve import requests
Launched and connected shader compiler UnityShaderCompiler.exe after 0.09 seconds
Refreshing native plugins compatible for Editor in 0.95 ms, found 3 plugins.
Preloading 0 native plugins for Editor in 0.00 ms.
Unloading 3862 Unused Serialized files (Serialized files now loaded: 0)
Unloading 44 unused Assets / (181.9 KB). Loaded Objects now: 4343.
Memory consumption went from 152.6 MB to 152.4 MB.
Total: 4.124400 ms (FindLiveObjects: 0.366100 ms CreateObjectMapping: 0.271100 ms MarkObjects: 3.358100 ms  DeleteObjects: 0.127800 ms)

AssetImportParameters requested are different than current active one (requested -> active):
  custom:video-decoder-ogg-theora: a1e56fd34408186e4bbccfd4996cb3dc -> 
  custom:container-muxer-webm: aa71ff27fc2769a1b78a27578f13a17b -> 
  custom:container-demuxer-webm: 4f35f7cbe854078d1ac9338744f61a02 -> 
  custom:video-encoder-webm-vp8: eb34c28f22e8b96e1ab97ce403110664 -> 
  custom:audio-encoder-webm-vorbis: bf7c407c2cedff20999df2af8eb42d56 -> 
  custom:framework-win-MediaFoundation: 216162199b28c13a410421893ffa2e32 -> 
  custom:container-demuxer-ogg: 62fdf1f143b41e24485cea50d1cbac27 -> 
  custom:video-decoder-webm-vp8: 9c59270c3fd7afecdb556c50c9e8de78 -> 
  custom:audio-decoder-ogg-vorbis: bf7c407c2cedff20999df2af8eb42d56 -> 
========================================================================
Received Import Request.
  Time since last request: 9879.189136 seconds.
  path: Assets/CemeteryPack/Floor2.prefab
  artifactKey: Guid(25eb3db97ed7d094aa532f2ff697de15) Importer(815301076,1909f56bfc062723c751e8b465ee728b)
Start importing Assets/CemeteryPack/Floor2.prefab using Guid(25eb3db97ed7d094aa532f2ff697de15) Importer(815301076,1909f56bfc062723c751e8b465ee728b)  -> (artifact id: '7cea9586ea50ec88660f9176fdeecac7') in 0.460342 seconds 
========================================================================
Received Import Request.
  Time since last request: 0.000031 seconds.
  path: Assets/CemeteryPack/FloorFoundation10.prefab
  artifactKey: Guid(edf7d8aba5fc28e49ba6f324b2b6512a) Importer(815301076,1909f56bfc062723c751e8b465ee728b)
Start importing Assets/CemeteryPack/FloorFoundation10.prefab using Guid(edf7d8aba5fc28e49ba6f324b2b6512a) Importer(815301076,1909f56bfc062723c751e8b465ee728b)  -> (artifact id: '778d6136c7003fff5393c5fcfd810bd2') in 0.156320 seconds 
========================================================================
Received Import Request.
  Time since last request: 0.000042 seconds.
  path: Assets/CemeteryPack/MetObj_Fence1.prefab
  artifactKey: Guid(5ed047d4cc35d174eaccd9a2e59f860f) Importer(815301076,1909f56bfc062723c751e8b465ee728b)
Start importing Assets/CemeteryPack/MetObj_Fence1.prefab using Guid(5ed047d4cc35d174eaccd9a2e59f860f) Importer(815301076,1909f56bfc062723c751e8b465ee728b)  -> (artifact id: 'e304c75b82c3f61b1db055937ddd3170') in 0.037626 seconds 
========================================================================
Received Import Request.
  Time since last request: 0.001746 seconds.
  path: Assets/CemeteryPack/MetObj_FenceFoundation7.prefab
  artifactKey: Guid(360dd22fba247d54c89ddb2a6fb7cc8e) Importer(815301076,1909f56bfc062723c751e8b465ee728b)
Start importing Assets/CemeteryPack/MetObj_FenceFoundation7.prefab using Guid(360dd22fba247d54c89ddb2a6fb7cc8e) Importer(815301076,1909f56bfc062723c751e8b465ee728b)  -> (artifact id: 'e65f25a3e3630a674cc399b7bee953dc') in 0.038518 seconds 
========================================================================
Received Import Request.
  Time since last request: 0.002241 seconds.
  path: Assets/CemeteryPack/Floor15.prefab
  artifactKey: Guid(3a4a8fe559c15af4cb0c2ee4014ddff3) Importer(815301076,1909f56bfc062723c751e8b465ee728b)
Start importing Assets/CemeteryPack/Floor15.prefab using Guid(3a4a8fe559c15af4cb0c2ee4014ddff3) Importer(815301076,1909f56bfc062723c751e8b465ee728b)  -> (artifact id: 'f3bc49a6b83b1caab38e3100b327e33e') in 0.040098 seconds 
========================================================================
Received Import Request.
  Time since last request: 0.000021 seconds.
  path: Assets/CemeteryPack/Floor27.prefab
  artifactKey: Guid(d2927f5420f3c4f40b29377dc193494c) Importer(815301076,1909f56bfc062723c751e8b465ee728b)
Start importing Assets/CemeteryPack/Floor27.prefab using Guid(d2927f5420f3c4f40b29377dc193494c) Importer(815301076,1909f56bfc062723c751e8b465ee728b)  -> (artifact id: 'c637db264a9468f884d9d3d9b76b19e1') in 0.047073 seconds 
========================================================================
Received Import Request.
  Time since last request: 0.180118 seconds.
  path: Assets/CemeteryPack/MetObj_FenceFoundation9.prefab
  artifactKey: Guid(34935def1d5471f4e87f0b093c3d4df3) Importer(815301076,1909f56bfc062723c751e8b465ee728b)
Start importing Assets/CemeteryPack/MetObj_FenceFoundation9.prefab using Guid(34935def1d5471f4e87f0b093c3d4df3) Importer(815301076,1909f56bfc062723c751e8b465ee728b)  -> (artifact id: 'f7489bb0e66aac6a243bb0df9a402ce9') in 0.026658 seconds 
========================================================================
Received Import Request.
  Time since last request: 0.000031 seconds.
  path: Assets/CemeteryPack/MetObj_FenceFoundation18.prefab
  artifactKey: Guid(66b08beaf78b5384c92b918bb136ffac) Importer(815301076,1909f56bfc062723c751e8b465ee728b)
Start importing Assets/CemeteryPack/MetObj_FenceFoundation18.prefab using Guid(66b08beaf78b5384c92b918bb136ffac) Importer(815301076,1909f56bfc062723c751e8b465ee728b)  -> (artifact id: '1c8c3de30f0ce50cbd2eb93e4cea3e7f') in 0.025746 seconds 
========================================================================
Received Import Request.
  Time since last request: 0.000072 seconds.
  path: Assets/CemeteryPack/MetObj_FenceFoundation17.prefab
  artifactKey: Guid(3bf8ab3701c29ff43b681de286378f18) Importer(815301076,1909f56bfc062723c751e8b465ee728b)
Start importing Assets/CemeteryPack/MetObj_FenceFoundation17.prefab using Guid(3bf8ab3701c29ff43b681de286378f18) Importer(815301076,1909f56bfc062723c751e8b465ee728b)  -> (artifact id: '016c0e508a846088e26bfb736c4b4ca0') in 0.027257 seconds 
========================================================================
Received Import Request.
  Time since last request: 0.000024 seconds.
  path: Assets/CemeteryPack/Tombstones.003.prefab
  artifactKey: Guid(85f77ffaa5761174d8f257cebbe8a690) Importer(815301076,1909f56bfc062723c751e8b465ee728b)
Start importing Assets/CemeteryPack/Tombstones.003.prefab using Guid(85f77ffaa5761174d8f257cebbe8a690) Importer(815301076,1909f56bfc062723c751e8b465ee728b)  -> (artifact id: '976b53c7e5059a1c8f7aebf6ce22514a') in 0.084824 seconds 
========================================================================
Received Import Request.
  Time since last request: 0.000032 seconds.
  path: Assets/CemeteryPack/TombstonesCoffinWood.001.prefab
  artifactKey: Guid(9ebe757102ee26842a530e99abeb76e8) Importer(815301076,1909f56bfc062723c751e8b465ee728b)
Start importing Assets/CemeteryPack/TombstonesCoffinWood.001.prefab using Guid(9ebe757102ee26842a530e99abeb76e8) Importer(815301076,1909f56bfc062723c751e8b465ee728b)  -> (artifact id: '4d1850925a149b2445a78750c90ff5ca') in 0.056742 seconds 
========================================================================
Received Import Request.
  Time since last request: 0.000036 seconds.
  path: Assets/CemeteryPack/MetObj_Gates2.prefab
  artifactKey: Guid(ae702e9a14e7b9d4796dc8d5b763cdfe) Importer(815301076,1909f56bfc062723c751e8b465ee728b)
Start importing Assets/CemeteryPack/MetObj_Gates2.prefab using Guid(ae702e9a14e7b9d4796dc8d5b763cdfe) Importer(815301076,1909f56bfc062723c751e8b465ee728b)  -> (artifact id: '4140b8522204ca4614fb7aeaa1f94a50') in 0.036149 seconds 
========================================================================
Received Import Request.
  Time since last request: 0.001255 seconds.
  path: Assets/CemeteryPack/MetObj_Gates1_1.prefab
  artifactKey: Guid(04e14a6e2b4e7294e8a97dd78a2baf31) Importer(815301076,1909f56bfc062723c751e8b465ee728b)
Start importing Assets/CemeteryPack/MetObj_Gates1_1.prefab using Guid(04e14a6e2b4e7294e8a97dd78a2baf31) Importer(815301076,1909f56bfc062723c751e8b465ee728b)  -> (artifact id: 'e45b0a4beb081150477fc70ff963134c') in 0.034184 seconds 
========================================================================
Received Import Request.
  Time since last request: 14.221229 seconds.
  path: Assets/FantasyWillageHouse/house_1.prefab
  artifactKey: Guid(ee31923fe335de4478b46040d78bbbc1) Importer(815301076,1909f56bfc062723c751e8b465ee728b)
Start importing Assets/FantasyWillageHouse/house_1.prefab using Guid(ee31923fe335de4478b46040d78bbbc1) Importer(815301076,1909f56bfc062723c751e8b465ee728b)  -> (artifact id: '66e6804848cc8fec1d5b9ee5eb965781') in 0.079630 seconds 
Editor requested this worker to shutdown with reason: Scaling down because of idle timeout
AssetImportWorkerClient::OnTransportError - code=2 error=End of file
AssetImportWorker is now disconnected from the server
Process exiting
Exiting without the bug reporter. Application will terminate with return code 0