Using pre-set license
Built from '2021.3/staging' branch; Version is '2021.3.4f1 (cb45f9cae8b7) revision 13321721'; Using compiler version '192829333'; Build Type 'Release'
OS: 'Windows 10  (10.0.19045) 64bit Core' Language: 'pl' Physical Memory: 16304 MB
BatchMode: 1, IsHumanControllingUs: 0, StartBugReporterOnCrash: 0, Is64bit: 1, IsPro: 1

COMMAND LINE ARGUMENTS:
F:\Unity\2021.3.4f1\Editor\Unity.exe
-adb2
-batchMode
-noUpm
-name
AssetImportWorker14
-projectPath
D:/Github/VR-projekt/VR projekt
-logFile
Logs/AssetImportWorker14.log
-srvPort
49474
Successfully changed project path to: D:/Github/VR-projekt/VR projekt
D:/Github/VR-projekt/VR projekt
[UnityMemory] Configuration Parameters - Can be set up in boot.config
    "memorysetup-bucket-allocator-granularity=16"
    "memorysetup-bucket-allocator-bucket-count=8"
    "memorysetup-bucket-allocator-block-size=33554432"
    "memorysetup-bucket-allocator-block-count=8"
    "memorysetup-main-allocator-block-size=16777216"
    "memorysetup-thread-allocator-block-size=16777216"
    "memorysetup-gfx-main-allocator-block-size=16777216"
    "memorysetup-gfx-thread-allocator-block-size=16777216"
    "memorysetup-cache-allocator-block-size=4194304"
    "memorysetup-typetree-allocator-block-size=2097152"
    "memorysetup-profiler-bucket-allocator-granularity=16"
    "memorysetup-profiler-bucket-allocator-bucket-count=8"
    "memorysetup-profiler-bucket-allocator-block-size=33554432"
    "memorysetup-profiler-bucket-allocator-block-count=8"
    "memorysetup-profiler-allocator-block-size=16777216"
    "memorysetup-profiler-editor-allocator-block-size=1048576"
    "memorysetup-temp-allocator-size-main=16777216"
    "memorysetup-job-temp-allocator-block-size=2097152"
    "memorysetup-job-temp-allocator-block-size-background=1048576"
    "memorysetup-job-temp-allocator-reduction-small-platforms=262144"
    "memorysetup-temp-allocator-size-background-worker=32768"
    "memorysetup-temp-allocator-size-job-worker=262144"
    "memorysetup-temp-allocator-size-preload-manager=33554432"
    "memorysetup-temp-allocator-size-nav-mesh-worker=65536"
    "memorysetup-temp-allocator-size-audio-worker=65536"
    "memorysetup-temp-allocator-size-cloud-worker=32768"
    "memorysetup-temp-allocator-size-gi-baking-worker=262144"
    "memorysetup-temp-allocator-size-gfx=262144"
Refreshing native plugins compatible for Editor in 272.08 ms, found 3 plugins.
Preloading 0 native plugins for Editor in 0.00 ms.
Initialize engine version: 2021.3.4f1 (cb45f9cae8b7)
[Subsystems] Discovering subsystems at path F:/Unity/2021.3.4f1/Editor/Data/Resources/UnitySubsystems
[Subsystems] Discovering subsystems at path D:/Github/VR-projekt/VR projekt/Assets
GfxDevice: creating device client; threaded=0; jobified=0
Direct3D:
    Version:  Direct3D 11.0 [level 11.1]
    Renderer: NVIDIA GeForce GTX 1650 (ID=0x1f91)
    Vendor:   NVIDIA
    VRAM:     3949 MB
    Driver:   31.0.15.2824
Initialize mono
Mono path[0] = 'F:/Unity/2021.3.4f1/Editor/Data/Managed'
Mono path[1] = 'F:/Unity/2021.3.4f1/Editor/Data/MonoBleedingEdge/lib/mono/unityjit-win32'
Mono config path = 'F:/Unity/2021.3.4f1/Editor/Data/MonoBleedingEdge/etc'
Using monoOptions --debugger-agent=transport=dt_socket,embedding=1,server=y,suspend=n,address=127.0.0.1:56792
Begin MonoManager ReloadAssembly
Registering precompiled unity dll's ...
Register platform support module: F:/Unity/2021.3.4f1/Editor/Data/PlaybackEngines/WebGLSupport/UnityEditor.WebGL.Extensions.dll
Register platform support module: F:/Unity/2021.3.4f1/Editor/Data/PlaybackEngines/WindowsStandaloneSupport/UnityEditor.WindowsStandalone.Extensions.dll
Registered in 0.010715 seconds.
Native extension for WindowsStandalone target not found
Native extension for WebGL target not found
Refreshing native plugins compatible for Editor in 167.54 ms, found 3 plugins.
Preloading 0 native plugins for Editor in 0.00 ms.
Mono: successfully reloaded assembly
- Completed reload, in  1.182 seconds
Domain Reload Profiling:
	ReloadAssembly (1183ms)
		BeginReloadAssembly (132ms)
			ExecutionOrderSort (0ms)
			DisableScriptedObjects (0ms)
			BackupInstance (0ms)
			ReleaseScriptingObjects (0ms)
			CreateAndSetChildDomain (1ms)
		EndReloadAssembly (838ms)
			LoadAssemblies (125ms)
			RebuildTransferFunctionScriptingTraits (0ms)
			SetupTypeCache (192ms)
			ReleaseScriptCaches (0ms)
			RebuildScriptCaches (57ms)
			SetupLoadedEditorAssemblies (502ms)
				LogAssemblyErrors (0ms)
				InitializePlatformSupportModulesInManaged (14ms)
				SetLoadedEditorAssemblies (0ms)
				RefreshPlugins (168ms)
				BeforeProcessingInitializeOnLoad (2ms)
				ProcessInitializeOnLoadAttributes (245ms)
				ProcessInitializeOnLoadMethodAttributes (73ms)
				AfterProcessingInitializeOnLoad (0ms)
				EditorAssembliesLoaded (0ms)
			ExecutionOrderSort2 (0ms)
			AwakeInstancesAfterBackupRestoration (0ms)
Platform modules already initialized, skipping
Registering precompiled user dll's ...
Registered in 0.007248 seconds.
Begin MonoManager ReloadAssembly
Native extension for WindowsStandalone target not found
Native extension for WebGL target not found
Refreshing native plugins compatible for Editor in 147.26 ms, found 3 plugins.
Preloading 0 native plugins for Editor in 0.00 ms.
Mono: successfully reloaded assembly
- Completed reload, in  2.931 seconds
Domain Reload Profiling:
	ReloadAssembly (2933ms)
		BeginReloadAssembly (288ms)
			ExecutionOrderSort (0ms)
			DisableScriptedObjects (13ms)
			BackupInstance (0ms)
			ReleaseScriptingObjects (0ms)
			CreateAndSetChildDomain (44ms)
		EndReloadAssembly (2334ms)
			LoadAssemblies (208ms)
			RebuildTransferFunctionScriptingTraits (0ms)
			SetupTypeCache (853ms)
			ReleaseScriptCaches (1ms)
			RebuildScriptCaches (106ms)
			SetupLoadedEditorAssemblies (1131ms)
				LogAssemblyErrors (0ms)
				InitializePlatformSupportModulesInManaged (9ms)
				SetLoadedEditorAssemblies (0ms)
				RefreshPlugins (147ms)
				BeforeProcessingInitializeOnLoad (136ms)
				ProcessInitializeOnLoadAttributes (749ms)
				ProcessInitializeOnLoadMethodAttributes (68ms)
				AfterProcessingInitializeOnLoad (21ms)
				EditorAssembliesLoaded (0ms)
			ExecutionOrderSort2 (0ms)
			AwakeInstancesAfterBackupRestoration (13ms)
Platform modules already initialized, skipping
========================================================================
Worker process is ready to serve import requests
Launched and connected shader compiler UnityShaderCompiler.exe after 0.20 seconds
Refreshing native plugins compatible for Editor in 1.36 ms, found 3 plugins.
Preloading 0 native plugins for Editor in 0.00 ms.
Unloading 3862 Unused Serialized files (Serialized files now loaded: 0)
Unloading 42 unused Assets / (130.0 KB). Loaded Objects now: 4347.
Memory consumption went from 157.3 MB to 157.2 MB.
Total: 6.665600 ms (FindLiveObjects: 0.423900 ms CreateObjectMapping: 0.388200 ms MarkObjects: 5.705700 ms  DeleteObjects: 0.146000 ms)

AssetImportParameters requested are different than current active one (requested -> active):
  custom:video-decoder-ogg-theora: a1e56fd34408186e4bbccfd4996cb3dc -> 
  custom:container-muxer-webm: aa71ff27fc2769a1b78a27578f13a17b -> 
  custom:container-demuxer-webm: 4f35f7cbe854078d1ac9338744f61a02 -> 
  custom:video-encoder-webm-vp8: eb34c28f22e8b96e1ab97ce403110664 -> 
  custom:audio-encoder-webm-vorbis: bf7c407c2cedff20999df2af8eb42d56 -> 
  custom:framework-win-MediaFoundation: 216162199b28c13a410421893ffa2e32 -> 
  custom:container-demuxer-ogg: 62fdf1f143b41e24485cea50d1cbac27 -> 
  custom:video-decoder-webm-vp8: 9c59270c3fd7afecdb556c50c9e8de78 -> 
  custom:audio-decoder-ogg-vorbis: bf7c407c2cedff20999df2af8eb42d56 -> 
========================================================================
Received Import Request.
  Time since last request: 57946.578468 seconds.
  path: Assets/Fence Pack/Fence Type4 Big.prefab
  artifactKey: Guid(6c7e01809ee343847a660faeaa78d718) Importer(815301076,1909f56bfc062723c751e8b465ee728b)
Start importing Assets/Fence Pack/Fence Type4 Big.prefab using Guid(6c7e01809ee343847a660faeaa78d718) Importer(815301076,1909f56bfc062723c751e8b465ee728b)  -> (artifact id: '392f4a407cd310cde3869522b5229de6') in 0.378412 seconds 
========================================================================
Received Import Request.
  Time since last request: 3.513269 seconds.
  path: Assets/GraveyardProps/GraveType1_Damaged_2.prefab
  artifactKey: Guid(8ca5c868e16cec148b5a8319742e2964) Importer(815301076,1909f56bfc062723c751e8b465ee728b)
Start importing Assets/GraveyardProps/GraveType1_Damaged_2.prefab using Guid(8ca5c868e16cec148b5a8319742e2964) Importer(815301076,1909f56bfc062723c751e8b465ee728b)  -> (artifact id: 'd1dc46bbf7c252770e55cd7606c790b7') in 0.066737 seconds 
========================================================================
Received Import Request.
  Time since last request: 0.000027 seconds.
  path: Assets/GraveyardProps/TombHollow_2.prefab
  artifactKey: Guid(a3c5225c9902b054ca1416231e6f54a7) Importer(815301076,1909f56bfc062723c751e8b465ee728b)
Start importing Assets/GraveyardProps/TombHollow_2.prefab using Guid(a3c5225c9902b054ca1416231e6f54a7) Importer(815301076,1909f56bfc062723c751e8b465ee728b)  -> (artifact id: '1a41b52343f780e770839da9689a06b6') in 0.053983 seconds 
========================================================================
Received Import Request.
  Time since last request: 0.000335 seconds.
  path: Assets/GraveyardProps/GraveType4_2.prefab
  artifactKey: Guid(4d64b38c43e906d4cab809c9460bfc78) Importer(815301076,1909f56bfc062723c751e8b465ee728b)
Start importing Assets/GraveyardProps/GraveType4_2.prefab using Guid(4d64b38c43e906d4cab809c9460bfc78) Importer(815301076,1909f56bfc062723c751e8b465ee728b)  -> (artifact id: '96c9a6efe3e08a0f9ddcddcbd1168903') in 0.026307 seconds 
========================================================================
Received Import Request.
  Time since last request: 0.000033 seconds.
  path: Assets/GraveyardProps/GraveType5_VeryDamaged_2 1.prefab
  artifactKey: Guid(c7d5e0bc1766fce4fbac07e5437565de) Importer(815301076,1909f56bfc062723c751e8b465ee728b)
Start importing Assets/GraveyardProps/GraveType5_VeryDamaged_2 1.prefab using Guid(c7d5e0bc1766fce4fbac07e5437565de) Importer(815301076,1909f56bfc062723c751e8b465ee728b)  -> (artifact id: '2f630a326fd3331bc84a154538c2b21b') in 0.037162 seconds 
========================================================================
Received Import Request.
  Time since last request: 0.000034 seconds.
  path: Assets/GraveyardProps/SummoningStone.prefab
  artifactKey: Guid(8b612d16417a0324596c6c27c389bdb7) Importer(815301076,1909f56bfc062723c751e8b465ee728b)
Start importing Assets/GraveyardProps/SummoningStone.prefab using Guid(8b612d16417a0324596c6c27c389bdb7) Importer(815301076,1909f56bfc062723c751e8b465ee728b)  -> (artifact id: '4a79401d4d07f68bd26d6fc2b27e767c') in 0.018124 seconds 
========================================================================
Received Import Request.
  Time since last request: 7.464739 seconds.
  path: Assets/Halloween Fantasy Pack/HLW_Candy_GRN_2.prefab
  artifactKey: Guid(27cfc3bfab788974e8a47b2d2fbbdfb9) Importer(815301076,1909f56bfc062723c751e8b465ee728b)
Start importing Assets/Halloween Fantasy Pack/HLW_Candy_GRN_2.prefab using Guid(27cfc3bfab788974e8a47b2d2fbbdfb9) Importer(815301076,1909f56bfc062723c751e8b465ee728b)  -> (artifact id: 'bf4f7a87ae1aff51ed7e76358a0dae08') in 0.069781 seconds 
========================================================================
Received Import Request.
  Time since last request: 0.000423 seconds.
  path: Assets/Halloween Fantasy Pack/HLW_Candy_ORG_5.prefab
  artifactKey: Guid(8e00992d17176384bb2a4e4b43e2947c) Importer(815301076,1909f56bfc062723c751e8b465ee728b)
Start importing Assets/Halloween Fantasy Pack/HLW_Candy_ORG_5.prefab using Guid(8e00992d17176384bb2a4e4b43e2947c) Importer(815301076,1909f56bfc062723c751e8b465ee728b)  -> (artifact id: 'e56cd38ad962e6d0344f1f376f9b38b5') in 0.031486 seconds 
========================================================================
Received Import Request.
  Time since last request: 0.001357 seconds.
  path: Assets/Halloween Fantasy Pack/HLW_Candy_YLW_3.prefab
  artifactKey: Guid(c61a58e1deb6f9e41837d82b7f7ba40e) Importer(815301076,1909f56bfc062723c751e8b465ee728b)
Start importing Assets/Halloween Fantasy Pack/HLW_Candy_YLW_3.prefab using Guid(c61a58e1deb6f9e41837d82b7f7ba40e) Importer(815301076,1909f56bfc062723c751e8b465ee728b)  -> (artifact id: '3e6775bc2965b1b112243ca5eada4132') in 0.038641 seconds 
========================================================================
Received Import Request.
  Time since last request: 0.000032 seconds.
  path: Assets/Halloween Fantasy Pack/HLW_Candy_PNK_1.prefab
  artifactKey: Guid(10a12341d950dcb45a662b99d1f91ee1) Importer(815301076,1909f56bfc062723c751e8b465ee728b)
Start importing Assets/Halloween Fantasy Pack/HLW_Candy_PNK_1.prefab using Guid(10a12341d950dcb45a662b99d1f91ee1) Importer(815301076,1909f56bfc062723c751e8b465ee728b)  -> (artifact id: '9fb7c0cf41c58b048fd150eb06d41b96') in 0.030495 seconds 
========================================================================
Received Import Request.
  Time since last request: 0.000036 seconds.
  path: Assets/Halloween Fantasy Pack/HLW_JackoLanter_11.prefab
  artifactKey: Guid(aeb63e93df2721e438cc4b24c453dec1) Importer(815301076,1909f56bfc062723c751e8b465ee728b)
Start importing Assets/Halloween Fantasy Pack/HLW_JackoLanter_11.prefab using Guid(aeb63e93df2721e438cc4b24c453dec1) Importer(815301076,1909f56bfc062723c751e8b465ee728b)  -> (artifact id: '2c0e2d802b3392285ed2ba65980e3773') in 0.033323 seconds 
========================================================================
Received Import Request.
  Time since last request: 0.000031 seconds.
  path: Assets/Halloween Fantasy Pack/HLW_Candy_RD_4.prefab
  artifactKey: Guid(4a18e13f6d118a4468bccade239d6b8d) Importer(815301076,1909f56bfc062723c751e8b465ee728b)
Start importing Assets/Halloween Fantasy Pack/HLW_Candy_RD_4.prefab using Guid(4a18e13f6d118a4468bccade239d6b8d) Importer(815301076,1909f56bfc062723c751e8b465ee728b)  -> (artifact id: '0ce55b9030ea3314e8b5f48dddd0f36b') in 0.049791 seconds 
========================================================================
Received Import Request.
  Time since last request: 0.000034 seconds.
  path: Assets/Halloween Fantasy Pack/HLW_Candy_RD_2.prefab
  artifactKey: Guid(69e06c8513b88734bbcd8ce4e4192c36) Importer(815301076,1909f56bfc062723c751e8b465ee728b)
Start importing Assets/Halloween Fantasy Pack/HLW_Candy_RD_2.prefab using Guid(69e06c8513b88734bbcd8ce4e4192c36) Importer(815301076,1909f56bfc062723c751e8b465ee728b)  -> (artifact id: 'b7d7d0200bdece0843defcbc0eee6223') in 0.061330 seconds 
========================================================================
Received Import Request.
  Time since last request: 0.720452 seconds.
  path: Assets/Halloween Fantasy Pack/HLW_WitchHat_1.prefab
  artifactKey: Guid(0c01aef5d632764438087b4237eff23b) Importer(815301076,1909f56bfc062723c751e8b465ee728b)
Start importing Assets/Halloween Fantasy Pack/HLW_WitchHat_1.prefab using Guid(0c01aef5d632764438087b4237eff23b) Importer(815301076,1909f56bfc062723c751e8b465ee728b)  -> (artifact id: '65f7c6f12e15ae9eb9098a1940267b33') in 0.026055 seconds 
========================================================================
Received Import Request.
  Time since last request: 3.136479 seconds.
  path: Assets/Halloween_Pack/Pumpkin_01.prefab
  artifactKey: Guid(44fe268b4fc78844a9bc14a96a4d088d) Importer(815301076,1909f56bfc062723c751e8b465ee728b)
Start importing Assets/Halloween_Pack/Pumpkin_01.prefab using Guid(44fe268b4fc78844a9bc14a96a4d088d) Importer(815301076,1909f56bfc062723c751e8b465ee728b)  -> (artifact id: 'd314e99cdda97c959ff3986a17a7d090') in 0.031475 seconds 
========================================================================
Received Import Request.
  Time since last request: 0.000025 seconds.
  path: Assets/Halloween_Pack/Pumpkin_02.prefab
  artifactKey: Guid(1bc636ff02c622f439cf73b4f0aa9cd7) Importer(815301076,1909f56bfc062723c751e8b465ee728b)
Start importing Assets/Halloween_Pack/Pumpkin_02.prefab using Guid(1bc636ff02c622f439cf73b4f0aa9cd7) Importer(815301076,1909f56bfc062723c751e8b465ee728b)  -> (artifact id: '524645502908fb3387b7fb75ca7888e4') in 0.027460 seconds 
Editor requested this worker to shutdown with reason: Scaling down because of idle timeout
AssetImportWorker is now disconnected from the server
Process exiting
Exiting without the bug reporter. Application will terminate with return code 0