Using pre-set license
Built from '2021.3/staging' branch; Version is '2021.3.4f1 (cb45f9cae8b7) revision 13321721'; Using compiler version '192829333'; Build Type 'Release'
OS: 'Windows 10  (10.0.19045) 64bit Core' Language: 'pl' Physical Memory: 16304 MB
BatchMode: 1, IsHumanControllingUs: 0, StartBugReporterOnCrash: 0, Is64bit: 1, IsPro: 1

COMMAND LINE ARGUMENTS:
F:\Unity\2021.3.4f1-x86_64\Editor\Unity.exe
-adb2
-batchMode
-noUpm
-name
AssetImportWorker56
-projectPath
D:/Github/VR-projekt/VR projekt
-logFile
Logs/AssetImportWorker56.log
-srvPort
51567
Successfully changed project path to: D:/Github/VR-projekt/VR projekt
D:/Github/VR-projekt/VR projekt
[UnityMemory] Configuration Parameters - Can be set up in boot.config
    "memorysetup-bucket-allocator-granularity=16"
    "memorysetup-bucket-allocator-bucket-count=8"
    "memorysetup-bucket-allocator-block-size=33554432"
    "memorysetup-bucket-allocator-block-count=8"
    "memorysetup-main-allocator-block-size=16777216"
    "memorysetup-thread-allocator-block-size=16777216"
    "memorysetup-gfx-main-allocator-block-size=16777216"
    "memorysetup-gfx-thread-allocator-block-size=16777216"
    "memorysetup-cache-allocator-block-size=4194304"
    "memorysetup-typetree-allocator-block-size=2097152"
    "memorysetup-profiler-bucket-allocator-granularity=16"
    "memorysetup-profiler-bucket-allocator-bucket-count=8"
    "memorysetup-profiler-bucket-allocator-block-size=33554432"
    "memorysetup-profiler-bucket-allocator-block-count=8"
    "memorysetup-profiler-allocator-block-size=16777216"
    "memorysetup-profiler-editor-allocator-block-size=1048576"
    "memorysetup-temp-allocator-size-main=16777216"
    "memorysetup-job-temp-allocator-block-size=2097152"
    "memorysetup-job-temp-allocator-block-size-background=1048576"
    "memorysetup-job-temp-allocator-reduction-small-platforms=262144"
    "memorysetup-temp-allocator-size-background-worker=32768"
    "memorysetup-temp-allocator-size-job-worker=262144"
    "memorysetup-temp-allocator-size-preload-manager=33554432"
    "memorysetup-temp-allocator-size-nav-mesh-worker=65536"
    "memorysetup-temp-allocator-size-audio-worker=65536"
    "memorysetup-temp-allocator-size-cloud-worker=32768"
    "memorysetup-temp-allocator-size-gi-baking-worker=262144"
    "memorysetup-temp-allocator-size-gfx=262144"
Refreshing native plugins compatible for Editor in 198.57 ms, found 3 plugins.
Preloading 0 native plugins for Editor in 0.00 ms.
Initialize engine version: 2021.3.4f1 (cb45f9cae8b7)
[Subsystems] Discovering subsystems at path F:/Unity/2021.3.4f1-x86_64/Editor/Data/Resources/UnitySubsystems
[Subsystems] Discovering subsystems at path D:/Github/VR-projekt/VR projekt/Assets
GfxDevice: creating device client; threaded=0; jobified=0
Direct3D:
    Version:  Direct3D 11.0 [level 11.1]
    Renderer: NVIDIA GeForce GTX 1650 (ID=0x1f91)
    Vendor:   NVIDIA
    VRAM:     3949 MB
    Driver:   31.0.15.2824
Initialize mono
Mono path[0] = 'F:/Unity/2021.3.4f1-x86_64/Editor/Data/Managed'
Mono path[1] = 'F:/Unity/2021.3.4f1-x86_64/Editor/Data/MonoBleedingEdge/lib/mono/unityjit-win32'
Mono config path = 'F:/Unity/2021.3.4f1-x86_64/Editor/Data/MonoBleedingEdge/etc'
Using monoOptions --debugger-agent=transport=dt_socket,embedding=1,server=y,suspend=n,address=127.0.0.1:56552
Begin MonoManager ReloadAssembly
Registering precompiled unity dll's ...
Register platform support module: F:/Unity/2021.3.4f1-x86_64/Editor/Data/PlaybackEngines/WindowsStandaloneSupport/UnityEditor.WindowsStandalone.Extensions.dll
Registered in 0.010728 seconds.
Native extension for WindowsStandalone target not found
Refreshing native plugins compatible for Editor in 162.28 ms, found 3 plugins.
Preloading 0 native plugins for Editor in 0.00 ms.
Mono: successfully reloaded assembly
- Completed reload, in  1.056 seconds
Domain Reload Profiling:
	ReloadAssembly (1056ms)
		BeginReloadAssembly (117ms)
			ExecutionOrderSort (0ms)
			DisableScriptedObjects (0ms)
			BackupInstance (0ms)
			ReleaseScriptingObjects (0ms)
			CreateAndSetChildDomain (1ms)
		EndReloadAssembly (765ms)
			LoadAssemblies (113ms)
			RebuildTransferFunctionScriptingTraits (0ms)
			SetupTypeCache (174ms)
			ReleaseScriptCaches (0ms)
			RebuildScriptCaches (48ms)
			SetupLoadedEditorAssemblies (465ms)
				LogAssemblyErrors (0ms)
				InitializePlatformSupportModulesInManaged (11ms)
				SetLoadedEditorAssemblies (1ms)
				RefreshPlugins (162ms)
				BeforeProcessingInitializeOnLoad (2ms)
				ProcessInitializeOnLoadAttributes (215ms)
				ProcessInitializeOnLoadMethodAttributes (74ms)
				AfterProcessingInitializeOnLoad (0ms)
				EditorAssembliesLoaded (0ms)
			ExecutionOrderSort2 (0ms)
			AwakeInstancesAfterBackupRestoration (0ms)
Platform modules already initialized, skipping
Registering precompiled user dll's ...
Registered in 0.007715 seconds.
Begin MonoManager ReloadAssembly
Symbol file data-0000013D4836B070 doesn't match image D:\Github\VR-projekt\VR projekt\Library\ScriptAssemblies\Assembly-CSharp.dll
Symbol file LoadedFromMemory is not a mono symbol file
Symbol file data-0000013D4891B030 doesn't match image D:\Github\VR-projekt\VR projekt\Library\ScriptAssemblies\Assembly-CSharp-Editor.dll
Symbol file LoadedFromMemory is not a mono symbol file
Symbol file data-0000013D493893E0 doesn't match image D:\Github\VR-projekt\VR projekt\Library\ScriptAssemblies\Unity.VisualScripting.Flow.Editor.dll
Symbol file LoadedFromMemory is not a mono symbol file
Symbol file data-0000013D48926640 doesn't match image D:\Github\VR-projekt\VR projekt\Library\ScriptAssemblies\Unity.VSCode.Editor.dll
Symbol file LoadedFromMemory is not a mono symbol file
Symbol file data-0000013D493893E0 doesn't match image D:\Github\VR-projekt\VR projekt\Library\ScriptAssemblies\Unity.TextMeshPro.Editor.dll
Symbol file LoadedFromMemory is not a mono symbol file
Symbol file data-0000013D4889FC30 doesn't match image D:\Github\VR-projekt\VR projekt\Library\ScriptAssemblies\Unity.Services.Core.Telemetry.dll
Symbol file LoadedFromMemory is not a mono symbol file
Symbol file data-0000013D493893E0 doesn't match image D:\Github\VR-projekt\VR projekt\Library\ScriptAssemblies\Unity.Performance.Profile-Analyzer.Editor.dll
Symbol file LoadedFromMemory is not a mono symbol file
Symbol file data-0000013D4889FC30 doesn't match image D:\Github\VR-projekt\VR projekt\Library\ScriptAssemblies\Unity.TestTools.CodeCoverage.Editor.OpenCover.Model.dll
Symbol file LoadedFromMemory is not a mono symbol file
Symbol file data-0000013D4939E9F0 doesn't match image D:\Github\VR-projekt\VR projekt\Library\ScriptAssemblies\Unity.VisualStudio.Editor.dll
Symbol file LoadedFromMemory is not a mono symbol file
Symbol file data-0000013D4939E9F0 doesn't match image D:\Github\VR-projekt\VR projekt\Library\ScriptAssemblies\UnityEngine.TestRunner.dll
Symbol file LoadedFromMemory is not a mono symbol file
Symbol file data-0000013D4939E9F0 doesn't match image D:\Github\VR-projekt\VR projekt\Library\ScriptAssemblies\Unity.Timeline.dll
Symbol file LoadedFromMemory is not a mono symbol file
Symbol file data-0000013D47C42840 doesn't match image D:\Github\VR-projekt\VR projekt\Library\ScriptAssemblies\Unity.VisualScripting.Core.Editor.dll
Symbol file LoadedFromMemory is not a mono symbol file
Symbol file data-0000013D43FB9010 doesn't match image D:\Github\VR-projekt\VR projekt\Library\ScriptAssemblies\Unity.TextMeshPro.dll
Symbol file LoadedFromMemory is not a mono symbol file
Symbol file data-0000013D481CDA40 doesn't match image D:\Github\VR-projekt\VR projekt\Library\ScriptAssemblies\Unity.VisualScripting.State.Editor.dll
Symbol file LoadedFromMemory is not a mono symbol file
Symbol file data-0000013D43FE8420 doesn't match image D:\Github\VR-projekt\VR projekt\Library\ScriptAssemblies\UnityEditor.TestRunner.dll
Symbol file LoadedFromMemory is not a mono symbol file
Symbol file data-0000013D47F79C40 doesn't match image D:\Github\VR-projekt\VR projekt\Library\ScriptAssemblies\Unity.Services.Core.Networking.dll
Symbol file LoadedFromMemory is not a mono symbol file
Symbol file data-0000013D47F7CE50 doesn't match image D:\Github\VR-projekt\VR projekt\Library\ScriptAssemblies\Unity.VisualScripting.SettingsProvider.Editor.dll
Symbol file LoadedFromMemory is not a mono symbol file
Symbol file data-0000013D47F7CE50 doesn't match image D:\Github\VR-projekt\VR projekt\Library\ScriptAssemblies\Unity.TestTools.CodeCoverage.Editor.OpenCover.Mono.Reflection.dll
Symbol file LoadedFromMemory is not a mono symbol file
Symbol file data-0000013D43FE8420 doesn't match image D:\Github\VR-projekt\VR projekt\Library\ScriptAssemblies\Unity.VisualScripting.Flow.dll
Symbol file LoadedFromMemory is not a mono symbol file
Symbol file data-0000013D481CDA40 doesn't match image D:\Github\VR-projekt\VR projekt\Library\ScriptAssemblies\UnityEditor.UI.dll
Symbol file LoadedFromMemory is not a mono symbol file
Symbol file data-0000013D47FEB010 doesn't match image D:\Github\VR-projekt\VR projekt\Library\ScriptAssemblies\Unity.InputSystem.dll
Symbol file LoadedFromMemory is not a mono symbol file
Symbol file data-0000013D481CDA40 doesn't match image D:\Github\VR-projekt\VR projekt\Library\ScriptAssemblies\Unity.Rider.Editor.dll
Symbol file LoadedFromMemory is not a mono symbol file
Symbol file data-0000013D47FEB010 doesn't match image D:\Github\VR-projekt\VR projekt\Library\ScriptAssemblies\Unity.PlasticSCM.Editor.dll
Symbol file LoadedFromMemory is not a mono symbol file
Symbol file data-0000013D49284650 doesn't match image D:\Github\VR-projekt\VR projekt\Library\ScriptAssemblies\Unity.Services.Core.Internal.dll
Symbol file LoadedFromMemory is not a mono symbol file
Symbol file data-0000013D43FFB030 doesn't match image D:\Github\VR-projekt\VR projekt\Library\ScriptAssemblies\UnityEngine.UI.dll
Symbol file LoadedFromMemory is not a mono symbol file
Symbol file data-0000013D47F7CE50 doesn't match image D:\Github\VR-projekt\VR projekt\Library\ScriptAssemblies\Unity.Services.Core.Configuration.dll
Symbol file LoadedFromMemory is not a mono symbol file
Symbol file data-0000013D47F7CE50 doesn't match image D:\Github\VR-projekt\VR projekt\Library\ScriptAssemblies\Unity.Services.Core.dll
Symbol file LoadedFromMemory is not a mono symbol file
Symbol file data-0000013D48027C20 doesn't match image D:\Github\VR-projekt\VR projekt\Library\ScriptAssemblies\Unity.VisualScripting.Core.dll
Symbol file LoadedFromMemory is not a mono symbol file
Symbol file data-0000013D47F7CE50 doesn't match image D:\Github\VR-projekt\VR projekt\Library\ScriptAssemblies\Unity.EditorCoroutines.Editor.dll
Symbol file LoadedFromMemory is not a mono symbol file
Symbol file data-0000013D49284650 doesn't match image D:\Github\VR-projekt\VR projekt\Library\ScriptAssemblies\Unity.Services.Core.Editor.dll
Symbol file LoadedFromMemory is not a mono symbol file
Symbol file data-0000013D47F7CE50 doesn't match image D:\Github\VR-projekt\VR projekt\Library\ScriptAssemblies\Unity.Services.Core.Configuration.Editor.dll
Symbol file LoadedFromMemory is not a mono symbol file
Symbol file data-0000013D44003040 doesn't match image D:\Github\VR-projekt\VR projekt\Library\ScriptAssemblies\Cinemachine.dll
Symbol file LoadedFromMemory is not a mono symbol file
Symbol file data-0000013D47F7CE50 doesn't match image D:\Github\VR-projekt\VR projekt\Library\ScriptAssemblies\Unity.Services.Core.Analytics.dll
Symbol file LoadedFromMemory is not a mono symbol file
Symbol file data-0000013D49284650 doesn't match image D:\Github\VR-projekt\VR projekt\Library\ScriptAssemblies\Unity.Services.Core.Registration.dll
Symbol file LoadedFromMemory is not a mono symbol file
Symbol file data-0000013D44003040 doesn't match image D:\Github\VR-projekt\VR projekt\Library\ScriptAssemblies\com.unity.cinemachine.editor.dll
Symbol file LoadedFromMemory is not a mono symbol file
Symbol file data-0000013D49287660 doesn't match image D:\Github\VR-projekt\VR projekt\Library\ScriptAssemblies\Unity.VisualScripting.Shared.Editor.dll
Symbol file LoadedFromMemory is not a mono symbol file
Symbol file data-0000013D49287660 doesn't match image D:\Github\VR-projekt\VR projekt\Library\ScriptAssemblies\Unity.Services.Core.Environments.dll
Symbol file LoadedFromMemory is not a mono symbol file
Symbol file data-0000013D49287660 doesn't match image D:\Github\VR-projekt\VR projekt\Library\ScriptAssemblies\Polyperfect.Universal.dll
Symbol file LoadedFromMemory is not a mono symbol file
Symbol file data-0000013D49287660 doesn't match image D:\Github\VR-projekt\VR projekt\Library\ScriptAssemblies\Unity.Services.Core.Scheduler.dll
Symbol file LoadedFromMemory is not a mono symbol file
Symbol file data-0000013D49287660 doesn't match image D:\Github\VR-projekt\VR projekt\Library\ScriptAssemblies\Unity.Services.Core.Environments.Internal.dll
Symbol file LoadedFromMemory is not a mono symbol file
Symbol file data-0000013D442AC010 doesn't match image D:\Github\VR-projekt\VR projekt\Library\ScriptAssemblies\Unity.Timeline.Editor.dll
Symbol file LoadedFromMemory is not a mono symbol file
Symbol file data-0000013D4805B430 doesn't match image D:\Github\VR-projekt\VR projekt\Library\ScriptAssemblies\Unity.Settings.Editor.dll
Symbol file LoadedFromMemory is not a mono symbol file
Symbol file data-0000013D44003040 doesn't match image D:\Github\VR-projekt\VR projekt\Library\ScriptAssemblies\Unity.CollabProxy.Editor.dll
Symbol file LoadedFromMemory is not a mono symbol file
Symbol file data-0000013D4805B430 doesn't match image D:\Github\VR-projekt\VR projekt\Library\ScriptAssemblies\Unity.Services.Core.Threading.dll
Symbol file LoadedFromMemory is not a mono symbol file
Symbol file data-0000013D4401AC50 doesn't match image D:\Github\VR-projekt\VR projekt\Library\ScriptAssemblies\Unity.TestTools.CodeCoverage.Editor.dll
Symbol file LoadedFromMemory is not a mono symbol file
Symbol file data-0000013D47C2FA30 doesn't match image D:\Github\VR-projekt\VR projekt\Library\ScriptAssemblies\Unity.VisualScripting.State.dll
Symbol file LoadedFromMemory is not a mono symbol file
Symbol file data-0000013D47C2FA30 doesn't match image D:\Github\VR-projekt\VR projekt\Library\ScriptAssemblies\Unity.Services.Core.Device.dll
Symbol file LoadedFromMemory is not a mono symbol file
Symbol file LoadedFromMemory doesn't match image D:\Github\VR-projekt\VR projekt\Library\PackageCache\com.unity.visualscripting@1.7.8\Editor\VisualScripting.Core\Dependencies\YamlDotNet\Unity.VisualScripting.YamlDotNet.dll
Symbol file LoadedFromMemory doesn't match image D:\Github\VR-projekt\VR projekt\Library\PackageCache\com.unity.visualscripting@1.7.8\Editor\VisualScripting.Core\Dependencies\DotNetZip\Unity.VisualScripting.IonicZip.dll
Native extension for WindowsStandalone target not found
Refreshing native plugins compatible for Editor in 151.67 ms, found 3 plugins.
Preloading 0 native plugins for Editor in 0.00 ms.
Mono: successfully reloaded assembly
- Completed reload, in  2.339 seconds
Domain Reload Profiling:
	ReloadAssembly (2341ms)
		BeginReloadAssembly (213ms)
			ExecutionOrderSort (0ms)
			DisableScriptedObjects (21ms)
			BackupInstance (0ms)
			ReleaseScriptingObjects (0ms)
			CreateAndSetChildDomain (29ms)
		EndReloadAssembly (1942ms)
			LoadAssemblies (204ms)
			RebuildTransferFunctionScriptingTraits (0ms)
			SetupTypeCache (496ms)
			ReleaseScriptCaches (1ms)
			RebuildScriptCaches (90ms)
			SetupLoadedEditorAssemblies (1106ms)
				LogAssemblyErrors (0ms)
				InitializePlatformSupportModulesInManaged (6ms)
				SetLoadedEditorAssemblies (0ms)
				RefreshPlugins (152ms)
				BeforeProcessingInitializeOnLoad (157ms)
				ProcessInitializeOnLoadAttributes (721ms)
				ProcessInitializeOnLoadMethodAttributes (57ms)
				AfterProcessingInitializeOnLoad (13ms)
				EditorAssembliesLoaded (0ms)
			ExecutionOrderSort2 (0ms)
			AwakeInstancesAfterBackupRestoration (6ms)
Platform modules already initialized, skipping
========================================================================
Worker process is ready to serve import requests
Launched and connected shader compiler UnityShaderCompiler.exe after 0.07 seconds
Refreshing native plugins compatible for Editor in 2.90 ms, found 3 plugins.
Preloading 0 native plugins for Editor in 0.00 ms.
Unloading 3862 Unused Serialized files (Serialized files now loaded: 0)
Unloading 44 unused Assets / (181.9 KB). Loaded Objects now: 4343.
Memory consumption went from 152.7 MB to 152.6 MB.
Total: 6.773000 ms (FindLiveObjects: 0.430400 ms CreateObjectMapping: 0.416300 ms MarkObjects: 5.725700 ms  DeleteObjects: 0.199100 ms)

AssetImportParameters requested are different than current active one (requested -> active):
  custom:video-decoder-ogg-theora: a1e56fd34408186e4bbccfd4996cb3dc -> 
  custom:container-muxer-webm: aa71ff27fc2769a1b78a27578f13a17b -> 
  custom:container-demuxer-webm: 4f35f7cbe854078d1ac9338744f61a02 -> 
  custom:video-encoder-webm-vp8: eb34c28f22e8b96e1ab97ce403110664 -> 
  custom:audio-encoder-webm-vorbis: bf7c407c2cedff20999df2af8eb42d56 -> 
  custom:framework-win-MediaFoundation: 216162199b28c13a410421893ffa2e32 -> 
  custom:container-demuxer-ogg: 62fdf1f143b41e24485cea50d1cbac27 -> 
  custom:video-decoder-webm-vp8: 9c59270c3fd7afecdb556c50c9e8de78 -> 
  custom:audio-decoder-ogg-vorbis: bf7c407c2cedff20999df2af8eb42d56 -> 
========================================================================
Received Import Request.
  Time since last request: 11909.404265 seconds.
  path: Assets/CemeteryPack/Textures/Floor_normals.tga
  artifactKey: Guid(660f23eda9566f4489dc566f1e191ca0) Importer(815301076,1909f56bfc062723c751e8b465ee728b)
Start importing Assets/CemeteryPack/Textures/Floor_normals.tga using Guid(660f23eda9566f4489dc566f1e191ca0) Importer(815301076,1909f56bfc062723c751e8b465ee728b)  -> (artifact id: '29eabf39d9c9cce1e06e6342546ac07c') in 0.264101 seconds 
========================================================================
Received Import Request.
  Time since last request: 0.000053 seconds.
  path: Assets/CemeteryPack/Textures/WoodPlank_Specular.tga
  artifactKey: Guid(490015aad624bb744ac9a382ea6e71f5) Importer(815301076,1909f56bfc062723c751e8b465ee728b)
Start importing Assets/CemeteryPack/Textures/WoodPlank_Specular.tga using Guid(490015aad624bb744ac9a382ea6e71f5) Importer(815301076,1909f56bfc062723c751e8b465ee728b)  -> (artifact id: 'b55f73d1daa6787cd1bf9dc7bb4a4d1d') in 0.022753 seconds 
========================================================================
Received Import Request.
  Time since last request: 0.002323 seconds.
  path: Assets/CemeteryPack/Textures/WoodPlank_Diffuse.tga
  artifactKey: Guid(8c287d8a97ad7114b933cb3c7a4f1892) Importer(815301076,1909f56bfc062723c751e8b465ee728b)
Start importing Assets/CemeteryPack/Textures/WoodPlank_Diffuse.tga using Guid(8c287d8a97ad7114b933cb3c7a4f1892) Importer(815301076,1909f56bfc062723c751e8b465ee728b)  -> (artifact id: 'e108676c946dacd1053706ec13369097') in 0.020100 seconds 
========================================================================
Received Import Request.
  Time since last request: 3.719246 seconds.
  path: Assets/cemetery halloween set/textures/cemetery_halloween_atlas.tga
  artifactKey: Guid(533f20d1d25eb984888f7a6157753055) Importer(815301076,1909f56bfc062723c751e8b465ee728b)
Start importing Assets/cemetery halloween set/textures/cemetery_halloween_atlas.tga using Guid(533f20d1d25eb984888f7a6157753055) Importer(815301076,1909f56bfc062723c751e8b465ee728b)  -> (artifact id: '8c901f36f07926f290253c39ed6224a7') in 0.099099 seconds 
========================================================================
Received Import Request.
  Time since last request: 21.581254 seconds.
  path: Assets/cemetery halloween set/textures/cemetery_halloween_atlas.tga
  artifactKey: Guid(533f20d1d25eb984888f7a6157753055) Importer(815301076,1909f56bfc062723c751e8b465ee728b)
Start importing Assets/cemetery halloween set/textures/cemetery_halloween_atlas.tga using Guid(533f20d1d25eb984888f7a6157753055) Importer(815301076,1909f56bfc062723c751e8b465ee728b)  -> (artifact id: '8d40e0c053b978ce2448c8987cbb3997') in 0.011918 seconds 
========================================================================
Received Import Request.
  Time since last request: 0.008342 seconds.
  path: Assets/cemetery halloween set/textures/demo_scene_floor.png
  artifactKey: Guid(1e8aad637ad10024eab9a69ed1d06fc2) Importer(815301076,1909f56bfc062723c751e8b465ee728b)
Start importing Assets/cemetery halloween set/textures/demo_scene_floor.png using Guid(1e8aad637ad10024eab9a69ed1d06fc2) Importer(815301076,1909f56bfc062723c751e8b465ee728b)  -> (artifact id: '1d60c356a5c6af285f7866dd3a6236b3') in 0.076891 seconds 
========================================================================
Received Import Request.
  Time since last request: 29.090190 seconds.
  path: Assets/cemetery halloween set/textures/New Material.mat
  artifactKey: Guid(86f72ed474ee039429964618b7bf630d) Importer(815301076,1909f56bfc062723c751e8b465ee728b)
Start importing Assets/cemetery halloween set/textures/New Material.mat using Guid(86f72ed474ee039429964618b7bf630d) Importer(815301076,1909f56bfc062723c751e8b465ee728b)  -> (artifact id: '3c57f3f1c7603cbb679100dd10e9e199') in 0.051988 seconds 
========================================================================
Received Import Request.
  Time since last request: 10.323290 seconds.
  path: Assets/New Render Texture.renderTexture
  artifactKey: Guid(0699aac0b71c9c64d9890026a93b3883) Importer(815301076,1909f56bfc062723c751e8b465ee728b)
Start importing Assets/New Render Texture.renderTexture using Guid(0699aac0b71c9c64d9890026a93b3883) Importer(815301076,1909f56bfc062723c751e8b465ee728b)  -> (artifact id: '9571bcad31038c95e98c1ff64ebab7b1') in 0.016429 seconds 
========================================================================
Received Import Request.
  Time since last request: 8.808110 seconds.
  path: Assets/Poly Halloween/- Textures/Universal/atlas-emission-a.png
  artifactKey: Guid(6ae3d27c72fdfc8418c53369860ffef9) Importer(815301076,1909f56bfc062723c751e8b465ee728b)
Start importing Assets/Poly Halloween/- Textures/Universal/atlas-emission-a.png using Guid(6ae3d27c72fdfc8418c53369860ffef9) Importer(815301076,1909f56bfc062723c751e8b465ee728b)  -> (artifact id: '4ae8c28b9f8e4575487c383937138b51') in 0.031970 seconds 
========================================================================
Received Import Request.
  Time since last request: 0.000044 seconds.
  path: Assets/#Nieważne/StarterAssets/Environment/Art/Textures/Grid_01_Emissive.png
  artifactKey: Guid(d4d6919451fe3e24388816386a6d15a4) Importer(815301076,1909f56bfc062723c751e8b465ee728b)
Start importing Assets/#Nieważne/StarterAssets/Environment/Art/Textures/Grid_01_Emissive.png using Guid(d4d6919451fe3e24388816386a6d15a4) Importer(815301076,1909f56bfc062723c751e8b465ee728b)  -> (artifact id: 'f564d9790c08fb72978d0d1d4f5a6495') in 0.106588 seconds 
========================================================================
Received Import Request.
  Time since last request: 0.000028 seconds.
  path: Assets/Halloween_Pack/Textures/HallowenProps_E.tga
  artifactKey: Guid(28b589325ec23ff4f8e2dfc8cc41d4ea) Importer(815301076,1909f56bfc062723c751e8b465ee728b)
Start importing Assets/Halloween_Pack/Textures/HallowenProps_E.tga using Guid(28b589325ec23ff4f8e2dfc8cc41d4ea) Importer(815301076,1909f56bfc062723c751e8b465ee728b)  -> (artifact id: 'e8db6d59ba55c3ca4de6570f56b9cd7a') in 0.124783 seconds 
========================================================================
Received Import Request.
  Time since last request: 0.000061 seconds.
  path: Assets/Stylized fantasy items/house_a/Materials/house_a_Textures/house_a_low_01_DefaultMaterial_BaseColor.png
  artifactKey: Guid(d6e07b3b82ec93845aa2038c2dc4fc58) Importer(815301076,1909f56bfc062723c751e8b465ee728b)
Start importing Assets/Stylized fantasy items/house_a/Materials/house_a_Textures/house_a_low_01_DefaultMaterial_BaseColor.png using Guid(d6e07b3b82ec93845aa2038c2dc4fc58) Importer(815301076,1909f56bfc062723c751e8b465ee728b)  -> (artifact id: '026446f777dae7f420e4007b75429cdb') in 0.027566 seconds 
========================================================================
Received Import Request.
  Time since last request: 0.000033 seconds.
  path: Assets/#Nieważne/StarterAssets/Environment/Art/Textures/Grid_02_BaseMap.png
  artifactKey: Guid(d9c0dd5cdac07b145be73329e489869a) Importer(815301076,1909f56bfc062723c751e8b465ee728b)
Start importing Assets/#Nieważne/StarterAssets/Environment/Art/Textures/Grid_02_BaseMap.png using Guid(d9c0dd5cdac07b145be73329e489869a) Importer(815301076,1909f56bfc062723c751e8b465ee728b)  -> (artifact id: '0fff69903658fcbfc80ea9f3c995149f') in 0.017566 seconds 
========================================================================
Received Import Request.
  Time since last request: 4.771543 seconds.
  path: Assets/Stylized fantasy items/lantern_a/Materials/lantern_a_Textures/lantern_a_low_SG_lantern_a_BaseColor.png
  artifactKey: Guid(803a2413d2ba4d34c91d840717145543) Importer(815301076,1909f56bfc062723c751e8b465ee728b)
Start importing Assets/Stylized fantasy items/lantern_a/Materials/lantern_a_Textures/lantern_a_low_SG_lantern_a_BaseColor.png using Guid(803a2413d2ba4d34c91d840717145543) Importer(815301076,1909f56bfc062723c751e8b465ee728b)  -> (artifact id: '15c4c6c208007fa1e9adcb05652cde8f') in 0.034849 seconds 
========================================================================
Received Import Request.
  Time since last request: 0.040240 seconds.
  path: Assets/Halloween_Pack/Skyboxes/Textures/MoonShine/MoonShine_front.tif
  artifactKey: Guid(5dbdf7dfcf86afa418926ee28fab2b1d) Importer(815301076,1909f56bfc062723c751e8b465ee728b)
Start importing Assets/Halloween_Pack/Skyboxes/Textures/MoonShine/MoonShine_front.tif using Guid(5dbdf7dfcf86afa418926ee28fab2b1d) Importer(815301076,1909f56bfc062723c751e8b465ee728b)  -> (artifact id: '9a8f9053e57b66d702482b74ab15b4af') in 0.057363 seconds 
========================================================================
Received Import Request.
  Time since last request: 0.000029 seconds.
  path: Assets/Skull Platform/_source/Textures/Platform_Skull_S.tga
  artifactKey: Guid(faee369a22844b54686c07f182163fa3) Importer(815301076,1909f56bfc062723c751e8b465ee728b)
Start importing Assets/Skull Platform/_source/Textures/Platform_Skull_S.tga using Guid(faee369a22844b54686c07f182163fa3) Importer(815301076,1909f56bfc062723c751e8b465ee728b)  -> (artifact id: '52307532480cd73e6c02f55cc3e1caf3') in 0.026877 seconds 
========================================================================
Received Import Request.
  Time since last request: 0.000021 seconds.
  path: Assets/Stylized_Fantasy/Stylized_Fantasy/Props_Sample/Textures/T_Campfire_Albedo.png
  artifactKey: Guid(43e6a32ae3008dd4ab12de40c45270ff) Importer(815301076,1909f56bfc062723c751e8b465ee728b)
Start importing Assets/Stylized_Fantasy/Stylized_Fantasy/Props_Sample/Textures/T_Campfire_Albedo.png using Guid(43e6a32ae3008dd4ab12de40c45270ff) Importer(815301076,1909f56bfc062723c751e8b465ee728b)  -> (artifact id: '6fa061429ccbbabfbfe7fc6ade99ee65') in 0.028563 seconds 
========================================================================
Received Import Request.
  Time since last request: 0.000032 seconds.
  path: Assets/Stylized_Fantasy/Stylized_Fantasy/Props_Sample/Textures/T_Stool_MS.png
  artifactKey: Guid(f7370e233c7b16140a988831c50fb038) Importer(815301076,1909f56bfc062723c751e8b465ee728b)
Start importing Assets/Stylized_Fantasy/Stylized_Fantasy/Props_Sample/Textures/T_Stool_MS.png using Guid(f7370e233c7b16140a988831c50fb038) Importer(815301076,1909f56bfc062723c751e8b465ee728b)  -> (artifact id: 'b9e4bddb6319d8cbbfe5a5436459075d') in 0.033210 seconds 
========================================================================
Received Import Request.
  Time since last request: 0.000033 seconds.
  path: Assets/#Nieważne/StarterAssets/Mobile/UI/UI_Icon_Look.png
  artifactKey: Guid(af0ae2dbf3d1efb4f82af377950704a2) Importer(815301076,1909f56bfc062723c751e8b465ee728b)
Start importing Assets/#Nieważne/StarterAssets/Mobile/UI/UI_Icon_Look.png using Guid(af0ae2dbf3d1efb4f82af377950704a2) Importer(815301076,1909f56bfc062723c751e8b465ee728b)  -> (artifact id: '6a51e2516df366743e37be8e387ecc74') in 0.129698 seconds 
========================================================================
Received Import Request.
  Time since last request: 0.000060 seconds.
  path: Assets/Stylized_Fantasy/Stylized_Fantasy/Props_Sample/Textures/T_Campfire_N.png
  artifactKey: Guid(86294431e3959974995fbb712b23973e) Importer(815301076,1909f56bfc062723c751e8b465ee728b)
Start importing Assets/Stylized_Fantasy/Stylized_Fantasy/Props_Sample/Textures/T_Campfire_N.png using Guid(86294431e3959974995fbb712b23973e) Importer(815301076,1909f56bfc062723c751e8b465ee728b)  -> (artifact id: 'dd4fc9c91221191c0098274647129343') in 0.031343 seconds 
========================================================================
Received Import Request.
  Time since last request: 0.000026 seconds.
  path: Assets/Stylized_Fantasy/Stylized_Fantasy/Props_Sample/Textures/T_Bucket_MS.png
  artifactKey: Guid(462fd96dcb894034fa9e4115fd68e846) Importer(815301076,1909f56bfc062723c751e8b465ee728b)
Start importing Assets/Stylized_Fantasy/Stylized_Fantasy/Props_Sample/Textures/T_Bucket_MS.png using Guid(462fd96dcb894034fa9e4115fd68e846) Importer(815301076,1909f56bfc062723c751e8b465ee728b)  -> (artifact id: 'ca7b515f67ea1e1b22226b154434ef42') in 0.019887 seconds 
========================================================================
Received Import Request.
  Time since last request: 0.000023 seconds.
  path: Assets/FantasyWillageHouse/Textures/props_MetallicSmoothness.png
  artifactKey: Guid(d5a2517e9babf9a448134291b175769f) Importer(815301076,1909f56bfc062723c751e8b465ee728b)
Start importing Assets/FantasyWillageHouse/Textures/props_MetallicSmoothness.png using Guid(d5a2517e9babf9a448134291b175769f) Importer(815301076,1909f56bfc062723c751e8b465ee728b)  -> (artifact id: 'e618d51acb1443bc398617e5e8180426') in 0.037041 seconds 
========================================================================
Received Import Request.
  Time since last request: 0.000031 seconds.
  path: Assets/Stylized fantasy items/sword_a/Materials/sword_a_Textures/sword_a_low_DefaultMaterial_Metallic.png
  artifactKey: Guid(183a6f826db3a98499c80126d57fe57b) Importer(815301076,1909f56bfc062723c751e8b465ee728b)
Start importing Assets/Stylized fantasy items/sword_a/Materials/sword_a_Textures/sword_a_low_DefaultMaterial_Metallic.png using Guid(183a6f826db3a98499c80126d57fe57b) Importer(815301076,1909f56bfc062723c751e8b465ee728b)  -> (artifact id: '6a2158f0e7d5633b260af00978f1e867') in 0.031425 seconds 
========================================================================
Received Import Request.
  Time since last request: 0.000026 seconds.
  path: Assets/Stylized_Fantasy/Stylized_Fantasy/Props_Sample/Textures/T_Tent_N.png
  artifactKey: Guid(0c21689fff808f844a502bef8fecf98f) Importer(815301076,1909f56bfc062723c751e8b465ee728b)
Start importing Assets/Stylized_Fantasy/Stylized_Fantasy/Props_Sample/Textures/T_Tent_N.png using Guid(0c21689fff808f844a502bef8fecf98f) Importer(815301076,1909f56bfc062723c751e8b465ee728b)  -> (artifact id: '43a4673e135b28a252c49fe7b3aef316') in 0.030594 seconds 
========================================================================
Received Import Request.
  Time since last request: 16.169275 seconds.
  path: Assets/GraveyardProps/Materials/NightSky_SpookyMoon.mat
  artifactKey: Guid(a8af79bf181c4af46b04dbdd5b210025) Importer(815301076,1909f56bfc062723c751e8b465ee728b)
Start importing Assets/GraveyardProps/Materials/NightSky_SpookyMoon.mat using Guid(a8af79bf181c4af46b04dbdd5b210025) Importer(815301076,1909f56bfc062723c751e8b465ee728b)  -> (artifact id: 'a518a6e64d35454a2aca58c5d55afcec') in 0.055298 seconds 
========================================================================
Received Import Request.
  Time since last request: 0.000026 seconds.
  path: Assets/SimpleNaturePack/Materials/SimpleNaturePack_Texture_01.mat
  artifactKey: Guid(93caadf4359ae8143aad35b3145d31af) Importer(815301076,1909f56bfc062723c751e8b465ee728b)
Start importing Assets/SimpleNaturePack/Materials/SimpleNaturePack_Texture_01.mat using Guid(93caadf4359ae8143aad35b3145d31af) Importer(815301076,1909f56bfc062723c751e8b465ee728b)  -> (artifact id: '427a2bd53fcd43cf46787301043e21ca') in 0.095205 seconds 
========================================================================
Received Import Request.
  Time since last request: 0.000051 seconds.
  path: Assets/Fence Pack/LowPolyFencePack/Materials/Yellow Wood.mat
  artifactKey: Guid(ec2b0ecd91bd412439a8bab0d5f8a62d) Importer(815301076,1909f56bfc062723c751e8b465ee728b)
Start importing Assets/Fence Pack/LowPolyFencePack/Materials/Yellow Wood.mat using Guid(ec2b0ecd91bd412439a8bab0d5f8a62d) Importer(815301076,1909f56bfc062723c751e8b465ee728b)  -> (artifact id: '15081dd12added149148766a105d701f') in 0.127112 seconds 
========================================================================
Received Import Request.
  Time since last request: 0.000045 seconds.
  path: Assets/Skull Platform/Demo/Sky.mat
  artifactKey: Guid(f2bf9606d52897d49b85e05317d98625) Importer(815301076,1909f56bfc062723c751e8b465ee728b)
Start importing Assets/Skull Platform/Demo/Sky.mat using Guid(f2bf9606d52897d49b85e05317d98625) Importer(815301076,1909f56bfc062723c751e8b465ee728b)  -> (artifact id: '53ba2c7ae9efa7fdfbe671f8160e084c') in 0.020099 seconds 
========================================================================
Received Import Request.
  Time since last request: 0.000026 seconds.
  path: Assets/FantasyWillageHouse/Materials/Props.mat
  artifactKey: Guid(e90ddbfebd7053b47a717d692a6ca216) Importer(815301076,1909f56bfc062723c751e8b465ee728b)
Start importing Assets/FantasyWillageHouse/Materials/Props.mat using Guid(e90ddbfebd7053b47a717d692a6ca216) Importer(815301076,1909f56bfc062723c751e8b465ee728b)  -> (artifact id: '4deb79ee04074e420ac98a93676a1e72') in 0.100988 seconds 
========================================================================
Received Import Request.
  Time since last request: 0.000093 seconds.
  path: Assets/cemetery halloween set/models/fence_tile_03.fbx
  artifactKey: Guid(3a59d304685b7be4eaa9906e1ea91b48) Importer(815301076,1909f56bfc062723c751e8b465ee728b)
Start importing Assets/cemetery halloween set/models/fence_tile_03.fbx using Guid(3a59d304685b7be4eaa9906e1ea91b48) Importer(815301076,1909f56bfc062723c751e8b465ee728b)  -> (artifact id: '4447649941db4bee8397b0eaea2da753') in 0.095957 seconds 
========================================================================
Received Import Request.
  Time since last request: 0.000522 seconds.
  path: Assets/Fence Pack/LowPolyFencePack/Models/Fence Type4 Big.dae
  artifactKey: Guid(73b1ed3ef1428a24787cba8b7d5ac6b1) Importer(815301076,1909f56bfc062723c751e8b465ee728b)
Start importing Assets/Fence Pack/LowPolyFencePack/Models/Fence Type4 Big.dae using Guid(73b1ed3ef1428a24787cba8b7d5ac6b1) Importer(815301076,1909f56bfc062723c751e8b465ee728b)  -> (artifact id: '27f726bc24d0f993daf7792bd994e506') in 0.042993 seconds 
========================================================================
Received Import Request.
  Time since last request: 0.000029 seconds.
  path: Assets/CemeteryPack/Meshes/Floor.002.fbx
  artifactKey: Guid(cb8f3af9657c2b3479f3604a3f7a8a36) Importer(815301076,1909f56bfc062723c751e8b465ee728b)
Start importing Assets/CemeteryPack/Meshes/Floor.002.fbx using Guid(cb8f3af9657c2b3479f3604a3f7a8a36) Importer(815301076,1909f56bfc062723c751e8b465ee728b)  -> (artifact id: '408c9fe176bd3add44ff79f418d8faa3') in 0.042097 seconds 
========================================================================
Received Import Request.
  Time since last request: 0.016359 seconds.
  path: Assets/cemetery halloween set/mobile_models/fence_tile_03.fbx
  artifactKey: Guid(6d16e2ba75630484c935450f48beda0c) Importer(815301076,1909f56bfc062723c751e8b465ee728b)
Start importing Assets/cemetery halloween set/mobile_models/fence_tile_03.fbx using Guid(6d16e2ba75630484c935450f48beda0c) Importer(815301076,1909f56bfc062723c751e8b465ee728b)  -> (artifact id: '1e82b0c11eed355ea80159b07f1479e6') in 0.036531 seconds 
========================================================================
Received Import Request.
  Time since last request: 0.001135 seconds.
  path: Assets/CemeteryPack/Meshes/Floor.010.fbx
  artifactKey: Guid(47a7c492bf4c27f40be8a6f370a29b29) Importer(815301076,1909f56bfc062723c751e8b465ee728b)
Start importing Assets/CemeteryPack/Meshes/Floor.010.fbx using Guid(47a7c492bf4c27f40be8a6f370a29b29) Importer(815301076,1909f56bfc062723c751e8b465ee728b)  -> (artifact id: 'e503caed35862c1a4595edabd44c61e6') in 0.036983 seconds 
========================================================================
Received Import Request.
  Time since last request: 0.000027 seconds.
  path: Assets/cemetery halloween set/mobile_models/fence_pillar_01.fbx
  artifactKey: Guid(8e9ec22f736431c4488e2b46461d3a60) Importer(815301076,1909f56bfc062723c751e8b465ee728b)
Start importing Assets/cemetery halloween set/mobile_models/fence_pillar_01.fbx using Guid(8e9ec22f736431c4488e2b46461d3a60) Importer(815301076,1909f56bfc062723c751e8b465ee728b)  -> (artifact id: '0a2a49b2211f33173112d3ac61358d2c') in 0.056027 seconds 
========================================================================
Received Import Request.
  Time since last request: 0.002609 seconds.
  path: Assets/CemeteryPack/Meshes/FloorFoundation11.fbx
  artifactKey: Guid(e3e9a397292d1fb48bd38025a0f66246) Importer(815301076,1909f56bfc062723c751e8b465ee728b)
Start importing Assets/CemeteryPack/Meshes/FloorFoundation11.fbx using Guid(e3e9a397292d1fb48bd38025a0f66246) Importer(815301076,1909f56bfc062723c751e8b465ee728b)  -> (artifact id: '98e8fe87ef70e2e922c1c60fabcd3ded') in 0.040472 seconds 
========================================================================
Received Import Request.
  Time since last request: 0.000656 seconds.
  path: Assets/Fence Pack/LowPolyFencePack/Models/Fence Type6 Small.dae
  artifactKey: Guid(32ece367df421af48acad3f16120520c) Importer(815301076,1909f56bfc062723c751e8b465ee728b)
Start importing Assets/Fence Pack/LowPolyFencePack/Models/Fence Type6 Small.dae using Guid(32ece367df421af48acad3f16120520c) Importer(815301076,1909f56bfc062723c751e8b465ee728b)  -> (artifact id: '9fb27e03a7b9405f68159f85796fe4d9') in 0.042855 seconds 
========================================================================
Received Import Request.
  Time since last request: 0.000025 seconds.
  path: Assets/Fence Pack/LowPolyFencePack/Models/Fence Type2 02.dae
  artifactKey: Guid(e5af5116aa5f71b4fb5f5ffc3443447d) Importer(815301076,1909f56bfc062723c751e8b465ee728b)
Start importing Assets/Fence Pack/LowPolyFencePack/Models/Fence Type2 02.dae using Guid(e5af5116aa5f71b4fb5f5ffc3443447d) Importer(815301076,1909f56bfc062723c751e8b465ee728b)  -> (artifact id: '953f7d9953c122f45862e93eb9513cb3') in 0.034822 seconds 
========================================================================
Received Import Request.
  Time since last request: 0.000028 seconds.
  path: Assets/CemeteryPack/Floor14.prefab
  artifactKey: Guid(2847ab2d8af88f4408a25240d09e8943) Importer(815301076,1909f56bfc062723c751e8b465ee728b)
Start importing Assets/CemeteryPack/Floor14.prefab using Guid(2847ab2d8af88f4408a25240d09e8943) Importer(815301076,1909f56bfc062723c751e8b465ee728b)  -> (artifact id: 'c2cfadb64b1025a0d6c5869bd75008de') in 0.059270 seconds 
========================================================================
Received Import Request.
  Time since last request: 0.015497 seconds.
  path: Assets/Fence Pack/LowPolyFencePack/Prefabs/Animated/Fence Type1 Door.prefab
  artifactKey: Guid(9c385ba4a2784df4e957601bf4fafac1) Importer(815301076,1909f56bfc062723c751e8b465ee728b)
Start importing Assets/Fence Pack/LowPolyFencePack/Prefabs/Animated/Fence Type1 Door.prefab using Guid(9c385ba4a2784df4e957601bf4fafac1) Importer(815301076,1909f56bfc062723c751e8b465ee728b)  -> (artifact id: 'a5bba6e9ee1621c6f9bd81e5b54831ac') in 0.131435 seconds 
========================================================================
Received Import Request.
  Time since last request: 0.000028 seconds.
  path: Assets/cemetery halloween set/fence_tile_05.prefab
  artifactKey: Guid(af50065cf67981e4aa640f559cdba263) Importer(815301076,1909f56bfc062723c751e8b465ee728b)
Start importing Assets/cemetery halloween set/fence_tile_05.prefab using Guid(af50065cf67981e4aa640f559cdba263) Importer(815301076,1909f56bfc062723c751e8b465ee728b)  -> (artifact id: 'c4b4fea1027627deb27c8d9e2becd4ae') in 0.027443 seconds 
========================================================================
Received Import Request.
  Time since last request: 0.000027 seconds.
  path: Assets/CemeteryPack/Floor4.prefab
  artifactKey: Guid(86e2edb6d14388a4ab2992acb3369819) Importer(815301076,1909f56bfc062723c751e8b465ee728b)
Start importing Assets/CemeteryPack/Floor4.prefab using Guid(86e2edb6d14388a4ab2992acb3369819) Importer(815301076,1909f56bfc062723c751e8b465ee728b)  -> (artifact id: '91dd196f581b6327ca2d3650241d7f60') in 0.023787 seconds 
========================================================================
Received Import Request.
  Time since last request: 0.000031 seconds.
  path: Assets/CemeteryPack/Meshes/Floor.023.fbx
  artifactKey: Guid(865cd12aeebf9ff4298dda8e1989ea41) Importer(815301076,1909f56bfc062723c751e8b465ee728b)
Start importing Assets/CemeteryPack/Meshes/Floor.023.fbx using Guid(865cd12aeebf9ff4298dda8e1989ea41) Importer(815301076,1909f56bfc062723c751e8b465ee728b)  -> (artifact id: '9a89ddbe36f63c330e8d14bb54cc3dc1') in 0.042163 seconds 
========================================================================
Received Import Request.
  Time since last request: 0.000307 seconds.
  path: Assets/CemeteryPack/Meshes/Floor.020.fbx
  artifactKey: Guid(6ba73043c2d723242b89c93ec04740d2) Importer(815301076,1909f56bfc062723c751e8b465ee728b)
Start importing Assets/CemeteryPack/Meshes/Floor.020.fbx using Guid(6ba73043c2d723242b89c93ec04740d2) Importer(815301076,1909f56bfc062723c751e8b465ee728b)  -> (artifact id: '23827b717fce9172560ca06c14182fe8') in 0.029439 seconds 
========================================================================
Received Import Request.
  Time since last request: 0.000024 seconds.
  path: Assets/CemeteryPack/Meshes/FloorFoundation8.fbx
  artifactKey: Guid(7c02086044df7bd4d800eb841045a8a2) Importer(815301076,1909f56bfc062723c751e8b465ee728b)
Start importing Assets/CemeteryPack/Meshes/FloorFoundation8.fbx using Guid(7c02086044df7bd4d800eb841045a8a2) Importer(815301076,1909f56bfc062723c751e8b465ee728b)  -> (artifact id: 'bde35c69d5d0ed1d1b6b23cd93c405d3') in 0.031266 seconds 
========================================================================
Received Import Request.
  Time since last request: 0.000031 seconds.
  path: Assets/Fence Pack/LowPolyFencePack/Prefabs/Animated/Fence Type3 Door.prefab
  artifactKey: Guid(c3db2cebc8fb0e54ab37bf47bacb4b4a) Importer(815301076,1909f56bfc062723c751e8b465ee728b)
Start importing Assets/Fence Pack/LowPolyFencePack/Prefabs/Animated/Fence Type3 Door.prefab using Guid(c3db2cebc8fb0e54ab37bf47bacb4b4a) Importer(815301076,1909f56bfc062723c751e8b465ee728b)  -> (artifact id: '1b9f5688c7a5e4551b91b541d53bee47') in 0.074592 seconds 
========================================================================
Received Import Request.
  Time since last request: 0.000030 seconds.
  path: Assets/cemetery halloween set/models/fence_pillar_02.fbx
  artifactKey: Guid(7ad40de0b65ac1e49bc72259ad6343e2) Importer(815301076,1909f56bfc062723c751e8b465ee728b)
Start importing Assets/cemetery halloween set/models/fence_pillar_02.fbx using Guid(7ad40de0b65ac1e49bc72259ad6343e2) Importer(815301076,1909f56bfc062723c751e8b465ee728b)  -> (artifact id: '2a639a3bb0e1d34a868670de7897ec97') in 0.060167 seconds 
========================================================================
Received Import Request.
  Time since last request: 0.000030 seconds.
  path: Assets/Skull Platform/Particles/_Prefabs/Fire.prefab
  artifactKey: Guid(33b53928f1384a945a6a8079792efba9) Importer(815301076,1909f56bfc062723c751e8b465ee728b)
Start importing Assets/Skull Platform/Particles/_Prefabs/Fire.prefab using Guid(33b53928f1384a945a6a8079792efba9) Importer(815301076,1909f56bfc062723c751e8b465ee728b)  -> (artifact id: 'ba7f563ec343a06e6e5e3a2ba9efe82b') in 0.025876 seconds 
========================================================================
Received Import Request.
  Time since last request: 8.740558 seconds.
  path: Assets/cemetery halloween set/bush_01.prefab
  artifactKey: Guid(d083143e5ce002340b5a96b02dd521bd) Importer(815301076,1909f56bfc062723c751e8b465ee728b)
Start importing Assets/cemetery halloween set/bush_01.prefab using Guid(d083143e5ce002340b5a96b02dd521bd) Importer(815301076,1909f56bfc062723c751e8b465ee728b)  -> (artifact id: '5c7215003e7620290b964ec4ce9154dc') in 0.036136 seconds 
========================================================================
Received Import Request.
  Time since last request: 0.000152 seconds.
  path: Assets/cemetery halloween set/rock_14.prefab
  artifactKey: Guid(d12002054f7bae947b63b8ff70572668) Importer(815301076,1909f56bfc062723c751e8b465ee728b)
Start importing Assets/cemetery halloween set/rock_14.prefab using Guid(d12002054f7bae947b63b8ff70572668) Importer(815301076,1909f56bfc062723c751e8b465ee728b)  -> (artifact id: '97f2185a9717ad31fe7a2b040543e71f') in 0.030442 seconds 
========================================================================
Received Import Request.
  Time since last request: 0.000038 seconds.
  path: Assets/cemetery halloween set/skull_06.prefab
  artifactKey: Guid(caeb93a3cb1520849b1a7a8b5cd5f57d) Importer(815301076,1909f56bfc062723c751e8b465ee728b)
Start importing Assets/cemetery halloween set/skull_06.prefab using Guid(caeb93a3cb1520849b1a7a8b5cd5f57d) Importer(815301076,1909f56bfc062723c751e8b465ee728b)  -> (artifact id: '16a0d5240e28dba628b065b0c57aa455') in 0.034928 seconds 
========================================================================
Received Import Request.
  Time since last request: 0.000025 seconds.
  path: Assets/cemetery halloween set/spokebone_03.prefab
  artifactKey: Guid(7c0cac86f64b4ee47af54e4af1fd878a) Importer(815301076,1909f56bfc062723c751e8b465ee728b)
Start importing Assets/cemetery halloween set/spokebone_03.prefab using Guid(7c0cac86f64b4ee47af54e4af1fd878a) Importer(815301076,1909f56bfc062723c751e8b465ee728b)  -> (artifact id: '8e7474131ccaf6720b131b1c59af5994') in 0.043033 seconds 
========================================================================
Received Import Request.
  Time since last request: 0.000024 seconds.
  path: Assets/cemetery halloween set/rock_01.prefab
  artifactKey: Guid(8bbfe66ab21d0d74f9738d4c950b5c36) Importer(815301076,1909f56bfc062723c751e8b465ee728b)
Start importing Assets/cemetery halloween set/rock_01.prefab using Guid(8bbfe66ab21d0d74f9738d4c950b5c36) Importer(815301076,1909f56bfc062723c751e8b465ee728b)  -> (artifact id: 'acd87b4ac07eb52405bc7d98457b74f8') in 0.029054 seconds 
========================================================================
Received Import Request.
  Time since last request: 0.000025 seconds.
  path: Assets/cemetery halloween set/pumpkin_06.prefab
  artifactKey: Guid(112cc90af5a3b694986a98ac6af800fc) Importer(815301076,1909f56bfc062723c751e8b465ee728b)
Start importing Assets/cemetery halloween set/pumpkin_06.prefab using Guid(112cc90af5a3b694986a98ac6af800fc) Importer(815301076,1909f56bfc062723c751e8b465ee728b)  -> (artifact id: '7c0bae2292c196c08e4671485b4d12c1') in 0.049589 seconds 
========================================================================
Received Import Request.
  Time since last request: 0.000060 seconds.
  path: Assets/cemetery halloween set/spiderweb_01.prefab
  artifactKey: Guid(4da4b73a131757642b5dd46e5be070f2) Importer(815301076,1909f56bfc062723c751e8b465ee728b)
Start importing Assets/cemetery halloween set/spiderweb_01.prefab using Guid(4da4b73a131757642b5dd46e5be070f2) Importer(815301076,1909f56bfc062723c751e8b465ee728b)  -> (artifact id: 'c8d97e28fafada0b64ab1f499a62d09b') in 0.041410 seconds 
========================================================================
Received Import Request.
  Time since last request: 0.000031 seconds.
  path: Assets/cemetery halloween set/spiderweb_02.prefab
  artifactKey: Guid(3e660194188b9ac448f45d41ab7bbf30) Importer(815301076,1909f56bfc062723c751e8b465ee728b)
Start importing Assets/cemetery halloween set/spiderweb_02.prefab using Guid(3e660194188b9ac448f45d41ab7bbf30) Importer(815301076,1909f56bfc062723c751e8b465ee728b)  -> (artifact id: 'f73f3a6328fb10bc22c538949f72374a') in 0.032460 seconds 
========================================================================
Received Import Request.
  Time since last request: 49.031082 seconds.
  path: Assets/Stylized fantasy items/lantern_a/Materials/lantern_a_Textures/lantern_a_low_SG_lantern_a_AO.png
  artifactKey: Guid(b2e4d7c833603124388a3db596f44b12) Importer(815301076,1909f56bfc062723c751e8b465ee728b)
Start importing Assets/Stylized fantasy items/lantern_a/Materials/lantern_a_Textures/lantern_a_low_SG_lantern_a_AO.png using Guid(b2e4d7c833603124388a3db596f44b12) Importer(815301076,1909f56bfc062723c751e8b465ee728b)  -> (artifact id: '2338abdf942b630728b3a0cc8198d88c') in 0.028357 seconds 
========================================================================
Received Import Request.
  Time since last request: 0.000030 seconds.
  path: Assets/Obelisk_void/Textures/Obelisk_zodiac_low_obelisk_zodiac_AO.png
  artifactKey: Guid(1eb603735a5c86343b640d6533dd8095) Importer(815301076,1909f56bfc062723c751e8b465ee728b)
Start importing Assets/Obelisk_void/Textures/Obelisk_zodiac_low_obelisk_zodiac_AO.png using Guid(1eb603735a5c86343b640d6533dd8095) Importer(815301076,1909f56bfc062723c751e8b465ee728b)  -> (artifact id: '0ee7ef16e3e259b9cdd417d8530088d2') in 0.043901 seconds 
========================================================================
Received Import Request.
  Time since last request: 0.000025 seconds.
  path: Assets/cemetery halloween set/Demo/sample_scene/Lightmap-0_comp_light.exr
  artifactKey: Guid(459d909d29a9b164fb92646c32f2eaff) Importer(815301076,1909f56bfc062723c751e8b465ee728b)
Start importing Assets/cemetery halloween set/Demo/sample_scene/Lightmap-0_comp_light.exr using Guid(459d909d29a9b164fb92646c32f2eaff) Importer(815301076,1909f56bfc062723c751e8b465ee728b)  -> (artifact id: 'f3758cb8f02c286440662f99bd5807f2') in 0.109751 seconds 
========================================================================
Received Import Request.
  Time since last request: 0.000030 seconds.
  path: Assets/GraveyardProps/Textures/NightSky_SpookyMoon.png
  artifactKey: Guid(053361a9a61f8844a8c6138af388b462) Importer(815301076,1909f56bfc062723c751e8b465ee728b)
Start importing Assets/GraveyardProps/Textures/NightSky_SpookyMoon.png using Guid(053361a9a61f8844a8c6138af388b462) Importer(815301076,1909f56bfc062723c751e8b465ee728b)  -> (artifact id: 'a180948a4c28c0a1cedf25c777020623') in 0.026851 seconds 
========================================================================
Received Import Request.
  Time since last request: 17.756930 seconds.
  path: Assets/Poly Halloween/- Textures/Nature/rock-alb.png
  artifactKey: Guid(40e374805b2001a41874e896927989bd) Importer(815301076,1909f56bfc062723c751e8b465ee728b)
Start importing Assets/Poly Halloween/- Textures/Nature/rock-alb.png using Guid(40e374805b2001a41874e896927989bd) Importer(815301076,1909f56bfc062723c751e8b465ee728b)  -> (artifact id: '8b2672306e6738eed3589b8d76f3a511') in 0.080866 seconds 
========================================================================
Received Import Request.
  Time since last request: 27.562434 seconds.
  path: Assets/Stylized_Fantasy/Stylized_Fantasy/Props_Sample/Textures/T_Bench_N.png
  artifactKey: Guid(f2a6b1e52a9ae384792826a3141c9d60) Importer(815301076,1909f56bfc062723c751e8b465ee728b)
Start importing Assets/Stylized_Fantasy/Stylized_Fantasy/Props_Sample/Textures/T_Bench_N.png using Guid(f2a6b1e52a9ae384792826a3141c9d60) Importer(815301076,1909f56bfc062723c751e8b465ee728b)  -> (artifact id: '5bba64d35ec0abddba8be3c95d2a0128') in 0.012234 seconds 
========================================================================
Received Import Request.
  Time since last request: 0.025542 seconds.
  path: Assets/Stylized_Fantasy/Stylized_Fantasy/Props_Sample/Textures/T_Box_Albedo.png
  artifactKey: Guid(511778196e0af3042b744e332aaf4e90) Importer(815301076,1909f56bfc062723c751e8b465ee728b)
Start importing Assets/Stylized_Fantasy/Stylized_Fantasy/Props_Sample/Textures/T_Box_Albedo.png using Guid(511778196e0af3042b744e332aaf4e90) Importer(815301076,1909f56bfc062723c751e8b465ee728b)  -> (artifact id: '67ccc00f64e8a54d1ac0e128bdcc9be1') in 0.028350 seconds 
========================================================================
Received Import Request.
  Time since last request: 0.000029 seconds.
  path: Assets/Stylized_Fantasy/Stylized_Fantasy/Props_Sample/Textures/T_Plaform_Albedo.png
  artifactKey: Guid(0163449fd30d296448092f97589e0507) Importer(815301076,1909f56bfc062723c751e8b465ee728b)
Start importing Assets/Stylized_Fantasy/Stylized_Fantasy/Props_Sample/Textures/T_Plaform_Albedo.png using Guid(0163449fd30d296448092f97589e0507) Importer(815301076,1909f56bfc062723c751e8b465ee728b)  -> (artifact id: 'a6b59085681cc8b1b69ae84f4222906c') in 0.030398 seconds 
========================================================================
Received Import Request.
  Time since last request: 0.000028 seconds.
  path: Assets/Stylized_Fantasy/Stylized_Fantasy/Props_Sample/Textures/T_Signs_N.png
  artifactKey: Guid(f04fff4030d038349bf63c8c437fdbc6) Importer(815301076,1909f56bfc062723c751e8b465ee728b)
Start importing Assets/Stylized_Fantasy/Stylized_Fantasy/Props_Sample/Textures/T_Signs_N.png using Guid(f04fff4030d038349bf63c8c437fdbc6) Importer(815301076,1909f56bfc062723c751e8b465ee728b)  -> (artifact id: '88e79a8433a1e6ed9407a5e853b92bc4') in 0.032070 seconds 
========================================================================
Received Import Request.
  Time since last request: 0.000029 seconds.
  path: Assets/Stylized_Fantasy/Stylized_Fantasy/Props_Sample/Textures/T_Fence_Albedo.png
  artifactKey: Guid(e62cadad1c8f63641afb26e2f7a4a42f) Importer(815301076,1909f56bfc062723c751e8b465ee728b)
Start importing Assets/Stylized_Fantasy/Stylized_Fantasy/Props_Sample/Textures/T_Fence_Albedo.png using Guid(e62cadad1c8f63641afb26e2f7a4a42f) Importer(815301076,1909f56bfc062723c751e8b465ee728b)  -> (artifact id: '02cd3d0031a748c8ac097446a1179d39') in 0.016005 seconds 
========================================================================
Received Import Request.
  Time since last request: 0.000031 seconds.
  path: Assets/Stylized_Fantasy/Stylized_Fantasy/Props_Sample/Textures/T_Fence_N.png
  artifactKey: Guid(a51810968db6f114baff762226f1073f) Importer(815301076,1909f56bfc062723c751e8b465ee728b)
Start importing Assets/Stylized_Fantasy/Stylized_Fantasy/Props_Sample/Textures/T_Fence_N.png using Guid(a51810968db6f114baff762226f1073f) Importer(815301076,1909f56bfc062723c751e8b465ee728b)  -> (artifact id: '0d810bf6905e7f419f6fd39b9028b0d3') in 0.024581 seconds 
========================================================================
Received Import Request.
  Time since last request: 0.000045 seconds.
  path: Assets/Stylized_Fantasy/Stylized_Fantasy/Props_Sample/Textures/T_Plaform_MS.png
  artifactKey: Guid(30fde5145142abb4ab184651690a8c37) Importer(815301076,1909f56bfc062723c751e8b465ee728b)
Start importing Assets/Stylized_Fantasy/Stylized_Fantasy/Props_Sample/Textures/T_Plaform_MS.png using Guid(30fde5145142abb4ab184651690a8c37) Importer(815301076,1909f56bfc062723c751e8b465ee728b)  -> (artifact id: 'ba23e91d23797c07d5f6ce7b1f88d14e') in 0.025177 seconds 
========================================================================
Received Import Request.
  Time since last request: 0.000052 seconds.
  path: Assets/Stylized_Fantasy/Stylized_Fantasy/Props_Sample/Textures/T_Stone_Obelisk_Albedo.png
  artifactKey: Guid(1e20fe5687c98ce42af6a15610a36324) Importer(815301076,1909f56bfc062723c751e8b465ee728b)
Start importing Assets/Stylized_Fantasy/Stylized_Fantasy/Props_Sample/Textures/T_Stone_Obelisk_Albedo.png using Guid(1e20fe5687c98ce42af6a15610a36324) Importer(815301076,1909f56bfc062723c751e8b465ee728b)  -> (artifact id: 'c3a4b9a6b09cdb1524967c807c4a5138') in 0.014666 seconds 
========================================================================
Received Prepare
Registering precompiled user dll's ...
Registered in 0.007803 seconds.
Begin MonoManager ReloadAssembly
Symbol file data-0000013D49921020 doesn't match image D:\Github\VR-projekt\VR projekt\Library\ScriptAssemblies\Assembly-CSharp.dll
Symbol file LoadedFromMemory is not a mono symbol file
Symbol file data-0000013D49921020 doesn't match image D:\Github\VR-projekt\VR projekt\Library\ScriptAssemblies\Assembly-CSharp-Editor.dll
Symbol file LoadedFromMemory is not a mono symbol file
Symbol file data-0000013D4822E020 doesn't match image D:\Github\VR-projekt\VR projekt\Library\ScriptAssemblies\Unity.VisualScripting.Flow.Editor.dll
Symbol file LoadedFromMemory is not a mono symbol file
Symbol file data-0000013D4BF22C60 doesn't match image D:\Github\VR-projekt\VR projekt\Library\ScriptAssemblies\Unity.VSCode.Editor.dll
Symbol file LoadedFromMemory is not a mono symbol file
Symbol file data-0000013D43F9DCB0 doesn't match image D:\Github\VR-projekt\VR projekt\Library\ScriptAssemblies\Unity.TextMeshPro.Editor.dll
Symbol file LoadedFromMemory is not a mono symbol file
Symbol file data-0000013D4875DA50 doesn't match image D:\Github\VR-projekt\VR projekt\Library\ScriptAssemblies\Unity.Services.Core.Telemetry.dll
Symbol file LoadedFromMemory is not a mono symbol file
Symbol file data-0000013D4E3AD8A0 doesn't match image D:\Github\VR-projekt\VR projekt\Library\ScriptAssemblies\Unity.Performance.Profile-Analyzer.Editor.dll
Symbol file LoadedFromMemory is not a mono symbol file
Symbol file data-0000013D47A922B0 doesn't match image D:\Github\VR-projekt\VR projekt\Library\ScriptAssemblies\Unity.TestTools.CodeCoverage.Editor.OpenCover.Model.dll
Symbol file LoadedFromMemory is not a mono symbol file
Symbol file data-0000013D44352020 doesn't match image D:\Github\VR-projekt\VR projekt\Library\ScriptAssemblies\Unity.VisualStudio.Editor.dll
Symbol file LoadedFromMemory is not a mono symbol file
Symbol file data-0000013D496B7020 doesn't match image D:\Github\VR-projekt\VR projekt\Library\ScriptAssemblies\UnityEngine.TestRunner.dll
Symbol file LoadedFromMemory is not a mono symbol file
Symbol file data-0000013D47D5A430 doesn't match image D:\Github\VR-projekt\VR projekt\Library\ScriptAssemblies\Unity.Timeline.dll
Symbol file LoadedFromMemory is not a mono symbol file
Symbol file data-0000013D48855020 doesn't match image D:\Github\VR-projekt\VR projekt\Library\ScriptAssemblies\Unity.VisualScripting.Core.Editor.dll
Symbol file LoadedFromMemory is not a mono symbol file
Symbol file data-0000013D4CD87030 doesn't match image D:\Github\VR-projekt\VR projekt\Library\ScriptAssemblies\Unity.TextMeshPro.dll
Symbol file LoadedFromMemory is not a mono symbol file
Symbol file data-0000013D4F2BB040 doesn't match image D:\Github\VR-projekt\VR projekt\Library\ScriptAssemblies\Unity.VisualScripting.State.Editor.dll
Symbol file LoadedFromMemory is not a mono symbol file
Symbol file data-0000013D4D986010 doesn't match image D:\Github\VR-projekt\VR projekt\Library\ScriptAssemblies\UnityEditor.TestRunner.dll
Symbol file LoadedFromMemory is not a mono symbol file
Symbol file data-0000013D4E3C82B0 doesn't match image D:\Github\VR-projekt\VR projekt\Library\ScriptAssemblies\Unity.Services.Core.Networking.dll
Symbol file LoadedFromMemory is not a mono symbol file
Symbol file data-0000013D4E3C82B0 doesn't match image D:\Github\VR-projekt\VR projekt\Library\ScriptAssemblies\Unity.VisualScripting.SettingsProvider.Editor.dll
Symbol file LoadedFromMemory is not a mono symbol file
Symbol file data-0000013D4E3C82B0 doesn't match image D:\Github\VR-projekt\VR projekt\Library\ScriptAssemblies\Unity.TestTools.CodeCoverage.Editor.OpenCover.Mono.Reflection.dll
Symbol file LoadedFromMemory is not a mono symbol file
Symbol file data-0000013D4C09E030 doesn't match image D:\Github\VR-projekt\VR projekt\Library\ScriptAssemblies\Unity.VisualScripting.Flow.dll
Symbol file LoadedFromMemory is not a mono symbol file
Symbol file data-0000013D44352020 doesn't match image D:\Github\VR-projekt\VR projekt\Library\ScriptAssemblies\UnityEditor.UI.dll
Symbol file LoadedFromMemory is not a mono symbol file
Symbol file data-0000013D49EB7010 doesn't match image D:\Github\VR-projekt\VR projekt\Library\ScriptAssemblies\Unity.InputSystem.dll
Symbol file LoadedFromMemory is not a mono symbol file
Symbol file data-0000013D44352020 doesn't match image D:\Github\VR-projekt\VR projekt\Library\ScriptAssemblies\Unity.Rider.Editor.dll
Symbol file LoadedFromMemory is not a mono symbol file
Symbol file data-0000013D4C09E030 doesn't match image D:\Github\VR-projekt\VR projekt\Library\ScriptAssemblies\Unity.PlasticSCM.Editor.dll
Symbol file LoadedFromMemory is not a mono symbol file
Symbol file data-0000013D4F2BB040 doesn't match image D:\Github\VR-projekt\VR projekt\Library\ScriptAssemblies\Unity.Services.Core.Internal.dll
Symbol file LoadedFromMemory is not a mono symbol file
Symbol file data-0000013D4E375010 doesn't match image D:\Github\VR-projekt\VR projekt\Library\ScriptAssemblies\UnityEngine.UI.dll
Symbol file LoadedFromMemory is not a mono symbol file
Symbol file data-0000013D4C0DAC40 doesn't match image D:\Github\VR-projekt\VR projekt\Library\ScriptAssemblies\Unity.Services.Core.Configuration.dll
Symbol file LoadedFromMemory is not a mono symbol file
Symbol file data-0000013D4C0DAC40 doesn't match image D:\Github\VR-projekt\VR projekt\Library\ScriptAssemblies\Unity.Services.Core.dll
Symbol file LoadedFromMemory is not a mono symbol file
Symbol file data-0000013D4D5F1020 doesn't match image D:\Github\VR-projekt\VR projekt\Library\ScriptAssemblies\Unity.VisualScripting.Core.dll
Symbol file LoadedFromMemory is not a mono symbol file
Symbol file data-0000013D4C0DAC40 doesn't match image D:\Github\VR-projekt\VR projekt\Library\ScriptAssemblies\Unity.EditorCoroutines.Editor.dll
Symbol file LoadedFromMemory is not a mono symbol file
Symbol file data-0000013D4F2BB040 doesn't match image D:\Github\VR-projekt\VR projekt\Library\ScriptAssemblies\Unity.Services.Core.Editor.dll
Symbol file LoadedFromMemory is not a mono symbol file
Symbol file data-0000013D4C0DAC40 doesn't match image D:\Github\VR-projekt\VR projekt\Library\ScriptAssemblies\Unity.Services.Core.Configuration.Editor.dll
Symbol file LoadedFromMemory is not a mono symbol file
Symbol file data-0000013D4444D6F0 doesn't match image D:\Github\VR-projekt\VR projekt\Library\ScriptAssemblies\Cinemachine.dll
Symbol file LoadedFromMemory is not a mono symbol file
Symbol file data-0000013D4C0DAC40 doesn't match image D:\Github\VR-projekt\VR projekt\Library\ScriptAssemblies\Unity.Services.Core.Analytics.dll
Symbol file LoadedFromMemory is not a mono symbol file
Symbol file data-0000013D4E3C82B0 doesn't match image D:\Github\VR-projekt\VR projekt\Library\ScriptAssemblies\Unity.Services.Core.Registration.dll
Symbol file LoadedFromMemory is not a mono symbol file
Symbol file data-0000013D4822E020 doesn't match image D:\Github\VR-projekt\VR projekt\Library\ScriptAssemblies\com.unity.cinemachine.editor.dll
Symbol file LoadedFromMemory is not a mono symbol file
Symbol file data-0000013D4E3C82B0 doesn't match image D:\Github\VR-projekt\VR projekt\Library\ScriptAssemblies\Unity.VisualScripting.Shared.Editor.dll
Symbol file LoadedFromMemory is not a mono symbol file
Symbol file data-0000013D4E3C82B0 doesn't match image D:\Github\VR-projekt\VR projekt\Library\ScriptAssemblies\Unity.Services.Core.Environments.dll
Symbol file LoadedFromMemory is not a mono symbol file
Symbol file data-0000013D4E3C82B0 doesn't match image D:\Github\VR-projekt\VR projekt\Library\ScriptAssemblies\Polyperfect.Universal.dll
Symbol file LoadedFromMemory is not a mono symbol file
Symbol file data-0000013D4E3C82B0 doesn't match image D:\Github\VR-projekt\VR projekt\Library\ScriptAssemblies\Unity.Services.Core.Scheduler.dll
Symbol file LoadedFromMemory is not a mono symbol file
Symbol file data-0000013D4E3C82B0 doesn't match image D:\Github\VR-projekt\VR projekt\Library\ScriptAssemblies\Unity.Services.Core.Environments.Internal.dll
Symbol file LoadedFromMemory is not a mono symbol file
Symbol file data-0000013D44167010 doesn't match image D:\Github\VR-projekt\VR projekt\Library\ScriptAssemblies\Unity.Timeline.Editor.dll
Symbol file LoadedFromMemory is not a mono symbol file
Symbol file data-0000013D496BF030 doesn't match image D:\Github\VR-projekt\VR projekt\Library\ScriptAssemblies\Unity.Settings.Editor.dll
Symbol file LoadedFromMemory is not a mono symbol file
Symbol file data-0000013D4BEA8030 doesn't match image D:\Github\VR-projekt\VR projekt\Library\ScriptAssemblies\Unity.CollabProxy.Editor.dll
Symbol file LoadedFromMemory is not a mono symbol file
Symbol file data-0000013D4E3C82B0 doesn't match image D:\Github\VR-projekt\VR projekt\Library\ScriptAssemblies\Unity.Services.Core.Threading.dll
Symbol file LoadedFromMemory is not a mono symbol file
Symbol file data-0000013D4BEA8030 doesn't match image D:\Github\VR-projekt\VR projekt\Library\ScriptAssemblies\Unity.TestTools.CodeCoverage.Editor.dll
Symbol file LoadedFromMemory is not a mono symbol file
Symbol file data-0000013D4875DA50 doesn't match image D:\Github\VR-projekt\VR projekt\Library\ScriptAssemblies\Unity.VisualScripting.State.dll
Symbol file LoadedFromMemory is not a mono symbol file
Symbol file data-0000013D4E3C82B0 doesn't match image D:\Github\VR-projekt\VR projekt\Library\ScriptAssemblies\Unity.Services.Core.Device.dll
Symbol file LoadedFromMemory is not a mono symbol file
Symbol file LoadedFromMemory doesn't match image D:\Github\VR-projekt\VR projekt\Library\PackageCache\com.unity.visualscripting@1.7.8\Editor\VisualScripting.Core\Dependencies\YamlDotNet\Unity.VisualScripting.YamlDotNet.dll
Symbol file LoadedFromMemory doesn't match image D:\Github\VR-projekt\VR projekt\Library\PackageCache\com.unity.visualscripting@1.7.8\Editor\VisualScripting.Core\Dependencies\DotNetZip\Unity.VisualScripting.IonicZip.dll
Native extension for WindowsStandalone target not found
Refreshing native plugins compatible for Editor in 1.31 ms, found 3 plugins.
Preloading 0 native plugins for Editor in 0.00 ms.
Mono: successfully reloaded assembly
- Completed reload, in  2.966 seconds
Domain Reload Profiling:
	ReloadAssembly (2966ms)
		BeginReloadAssembly (370ms)
			ExecutionOrderSort (0ms)
			DisableScriptedObjects (9ms)
			BackupInstance (0ms)
			ReleaseScriptingObjects (0ms)
			CreateAndSetChildDomain (135ms)
		EndReloadAssembly (2392ms)
			LoadAssemblies (214ms)
			RebuildTransferFunctionScriptingTraits (0ms)
			SetupTypeCache (663ms)
			ReleaseScriptCaches (2ms)
			RebuildScriptCaches (95ms)
			SetupLoadedEditorAssemblies (1409ms)
				LogAssemblyErrors (0ms)
				InitializePlatformSupportModulesInManaged (22ms)
				SetLoadedEditorAssemblies (1ms)
				RefreshPlugins (1ms)
				BeforeProcessingInitializeOnLoad (130ms)
				ProcessInitializeOnLoadAttributes (1097ms)
				ProcessInitializeOnLoadMethodAttributes (126ms)
				AfterProcessingInitializeOnLoad (32ms)
				EditorAssembliesLoaded (0ms)
			ExecutionOrderSort2 (0ms)
			AwakeInstancesAfterBackupRestoration (10ms)
Platform modules already initialized, skipping
Refreshing native plugins compatible for Editor in 3.15 ms, found 3 plugins.
Preloading 0 native plugins for Editor in 0.00 ms.
Unloading 3854 Unused Serialized files (Serialized files now loaded: 0)
Unloading 23 unused Assets / (149.4 KB). Loaded Objects now: 4414.
Memory consumption went from 170.2 MB to 170.1 MB.
Total: 35.888600 ms (FindLiveObjects: 0.463800 ms CreateObjectMapping: 0.357500 ms MarkObjects: 34.942700 ms  DeleteObjects: 0.123100 ms)

AssetImportParameters requested are different than current active one (requested -> active):
  custom:video-decoder-ogg-theora: a1e56fd34408186e4bbccfd4996cb3dc -> 
  custom:container-muxer-webm: aa71ff27fc2769a1b78a27578f13a17b -> 
  custom:container-demuxer-webm: 4f35f7cbe854078d1ac9338744f61a02 -> 
  custom:video-encoder-webm-vp8: eb34c28f22e8b96e1ab97ce403110664 -> 
  custom:audio-encoder-webm-vorbis: bf7c407c2cedff20999df2af8eb42d56 -> 
  custom:framework-win-MediaFoundation: 216162199b28c13a410421893ffa2e32 -> 
  custom:container-demuxer-ogg: 62fdf1f143b41e24485cea50d1cbac27 -> 
  custom:video-decoder-webm-vp8: 9c59270c3fd7afecdb556c50c9e8de78 -> 
  custom:audio-decoder-ogg-vorbis: bf7c407c2cedff20999df2af8eb42d56 -> 
Editor requested this worker to shutdown with reason: Scaling down because of idle timeout
AssetImportWorker is now disconnected from the server
Process exiting
Exiting without the bug reporter. Application will terminate with return code 0