Using pre-set license
Built from '2021.3/staging' branch; Version is '2021.3.15f1 (e8e88683f834) revision 15263878'; Using compiler version '192829333'; Build Type 'Release'
OS: 'Windows 10  (10.0.19045) 64bit Core' Language: 'pl' Physical Memory: 16304 MB
BatchMode: 1, IsHumanControllingUs: 0, StartBugReporterOnCrash: 0, Is64bit: 1, IsPro: 1

COMMAND LINE ARGUMENTS:
F:\Unity\2021.3.15f1\Editor\Unity.exe
-adb2
-batchMode
-noUpm
-name
AssetImportWorker55
-projectPath
F:/Github/VR-projekt/VR projekt
-logFile
Logs/AssetImportWorker55.log
-srvPort
52652
Successfully changed project path to: F:/Github/VR-projekt/VR projekt
F:/Github/VR-projekt/VR projekt
[UnityMemory] Configuration Parameters - Can be set up in boot.config
    "memorysetup-bucket-allocator-granularity=16"
    "memorysetup-bucket-allocator-bucket-count=8"
    "memorysetup-bucket-allocator-block-size=33554432"
    "memorysetup-bucket-allocator-block-count=8"
    "memorysetup-main-allocator-block-size=16777216"
    "memorysetup-thread-allocator-block-size=16777216"
    "memorysetup-gfx-main-allocator-block-size=16777216"
    "memorysetup-gfx-thread-allocator-block-size=16777216"
    "memorysetup-cache-allocator-block-size=4194304"
    "memorysetup-typetree-allocator-block-size=2097152"
    "memorysetup-profiler-bucket-allocator-granularity=16"
    "memorysetup-profiler-bucket-allocator-bucket-count=8"
    "memorysetup-profiler-bucket-allocator-block-size=33554432"
    "memorysetup-profiler-bucket-allocator-block-count=8"
    "memorysetup-profiler-allocator-block-size=16777216"
    "memorysetup-profiler-editor-allocator-block-size=1048576"
    "memorysetup-temp-allocator-size-main=16777216"
    "memorysetup-job-temp-allocator-block-size=2097152"
    "memorysetup-job-temp-allocator-block-size-background=1048576"
    "memorysetup-job-temp-allocator-reduction-small-platforms=262144"
    "memorysetup-temp-allocator-size-background-worker=32768"
    "memorysetup-temp-allocator-size-job-worker=262144"
    "memorysetup-temp-allocator-size-preload-manager=33554432"
    "memorysetup-temp-allocator-size-nav-mesh-worker=65536"
    "memorysetup-temp-allocator-size-audio-worker=65536"
    "memorysetup-temp-allocator-size-cloud-worker=32768"
    "memorysetup-temp-allocator-size-gi-baking-worker=262144"
    "memorysetup-temp-allocator-size-gfx=262144"
Player connection [24856] Host "[IP] 192.168.0.11 [Port] 0 [Flags] 2 [Guid] 1866830834 [EditorId] 1866830834 [Version] 1048832 [Id] WindowsEditor(7,DESKTOP-MN4RVAM) [Debug] 1 [PackageName] WindowsEditor [ProjectName] Editor" joined multi-casting on [225.0.0.222:54997]...

Player connection [24856] Host "[IP] 192.168.0.11 [Port] 0 [Flags] 2 [Guid] 1866830834 [EditorId] 1866830834 [Version] 1048832 [Id] WindowsEditor(7,DESKTOP-MN4RVAM) [Debug] 1 [PackageName] WindowsEditor [ProjectName] Editor" joined alternative multi-casting on [225.0.0.222:34997]...

Refreshing native plugins compatible for Editor in 159.70 ms, found 3 plugins.
Preloading 0 native plugins for Editor in 0.00 ms.
Initialize engine version: 2021.3.15f1 (e8e88683f834)
[Subsystems] Discovering subsystems at path F:/Unity/2021.3.15f1/Editor/Data/Resources/UnitySubsystems
[Subsystems] Discovering subsystems at path F:/Github/VR-projekt/VR projekt/Assets
GfxDevice: creating device client; threaded=0; jobified=0
Direct3D:
    Version:  Direct3D 11.0 [level 11.1]
    Renderer: NVIDIA GeForce GTX 1650 (ID=0x1f91)
    Vendor:   NVIDIA
    VRAM:     3949 MB
    Driver:   31.0.15.2824
Initialize mono
Mono path[0] = 'F:/Unity/2021.3.15f1/Editor/Data/Managed'
Mono path[1] = 'F:/Unity/2021.3.15f1/Editor/Data/MonoBleedingEdge/lib/mono/unityjit-win32'
Mono config path = 'F:/Unity/2021.3.15f1/Editor/Data/MonoBleedingEdge/etc'
Using monoOptions --debugger-agent=transport=dt_socket,embedding=1,server=y,suspend=n,address=127.0.0.1:56968
Begin MonoManager ReloadAssembly
Registering precompiled unity dll's ...
Register platform support module: F:/Unity/2021.3.15f1/Editor/Data/PlaybackEngines/WindowsStandaloneSupport/UnityEditor.WindowsStandalone.Extensions.dll
Registered in 0.007611 seconds.
Native extension for WindowsStandalone target not found
Refreshing native plugins compatible for Editor in 117.40 ms, found 3 plugins.
Preloading 0 native plugins for Editor in 0.00 ms.
Mono: successfully reloaded assembly
- Completed reload, in  0.824 seconds
Domain Reload Profiling:
	ReloadAssembly (824ms)
		BeginReloadAssembly (108ms)
			ExecutionOrderSort (0ms)
			DisableScriptedObjects (0ms)
			BackupInstance (0ms)
			ReleaseScriptingObjects (0ms)
			CreateAndSetChildDomain (1ms)
		EndReloadAssembly (580ms)
			LoadAssemblies (105ms)
			RebuildTransferFunctionScriptingTraits (0ms)
			SetupTypeCache (135ms)
			ReleaseScriptCaches (0ms)
			RebuildScriptCaches (34ms)
			SetupLoadedEditorAssemblies (348ms)
				LogAssemblyErrors (0ms)
				InitializePlatformSupportModulesInManaged (8ms)
				SetLoadedEditorAssemblies (0ms)
				RefreshPlugins (117ms)
				BeforeProcessingInitializeOnLoad (1ms)
				ProcessInitializeOnLoadAttributes (162ms)
				ProcessInitializeOnLoadMethodAttributes (59ms)
				AfterProcessingInitializeOnLoad (0ms)
				EditorAssembliesLoaded (0ms)
			ExecutionOrderSort2 (0ms)
			AwakeInstancesAfterBackupRestoration (0ms)
Platform modules already initialized, skipping
Registering precompiled user dll's ...
Registered in 0.011812 seconds.
Begin MonoManager ReloadAssembly
Symbol file LoadedFromMemory doesn't match image F:\Github\VR-projekt\VR projekt\Library\PackageCache\com.unity.visualscripting@1.7.8\Editor\VisualScripting.Core\Dependencies\YamlDotNet\Unity.VisualScripting.YamlDotNet.dll
Symbol file LoadedFromMemory doesn't match image F:\Github\VR-projekt\VR projekt\Library\PackageCache\com.unity.visualscripting@1.7.8\Editor\VisualScripting.Core\Dependencies\DotNetZip\Unity.VisualScripting.IonicZip.dll
Native extension for WindowsStandalone target not found
Refreshing native plugins compatible for Editor in 118.73 ms, found 3 plugins.
Preloading 0 native plugins for Editor in 0.00 ms.
Mono: successfully reloaded assembly
- Completed reload, in  1.941 seconds
Domain Reload Profiling:
	ReloadAssembly (1942ms)
		BeginReloadAssembly (133ms)
			ExecutionOrderSort (0ms)
			DisableScriptedObjects (8ms)
			BackupInstance (0ms)
			ReleaseScriptingObjects (0ms)
			CreateAndSetChildDomain (23ms)
		EndReloadAssembly (1666ms)
			LoadAssemblies (155ms)
			RebuildTransferFunctionScriptingTraits (0ms)
			SetupTypeCache (409ms)
			ReleaseScriptCaches (1ms)
			RebuildScriptCaches (111ms)
			SetupLoadedEditorAssemblies (881ms)
				LogAssemblyErrors (0ms)
				InitializePlatformSupportModulesInManaged (4ms)
				SetLoadedEditorAssemblies (0ms)
				RefreshPlugins (119ms)
				BeforeProcessingInitializeOnLoad (117ms)
				ProcessInitializeOnLoadAttributes (595ms)
				ProcessInitializeOnLoadMethodAttributes (35ms)
				AfterProcessingInitializeOnLoad (10ms)
				EditorAssembliesLoaded (0ms)
			ExecutionOrderSort2 (0ms)
			AwakeInstancesAfterBackupRestoration (9ms)
Platform modules already initialized, skipping
========================================================================
Worker process is ready to serve import requests
Launched and connected shader compiler UnityShaderCompiler.exe after 0.06 seconds
Refreshing native plugins compatible for Editor in 0.94 ms, found 3 plugins.
Preloading 0 native plugins for Editor in 0.00 ms.
Unloading 3883 Unused Serialized files (Serialized files now loaded: 0)
Unloading 44 unused Assets / (185.2 KB). Loaded Objects now: 4362.
Memory consumption went from 152.9 MB to 152.7 MB.
Total: 4.131000 ms (FindLiveObjects: 0.306600 ms CreateObjectMapping: 0.232700 ms MarkObjects: 3.387700 ms  DeleteObjects: 0.202600 ms)

AssetImportParameters requested are different than current active one (requested -> active):
  custom:video-decoder-ogg-theora: a1e56fd34408186e4bbccfd4996cb3dc -> 
  custom:container-muxer-webm: aa71ff27fc2769a1b78a27578f13a17b -> 
  custom:container-demuxer-webm: 4f35f7cbe854078d1ac9338744f61a02 -> 
  custom:video-encoder-webm-vp8: eb34c28f22e8b96e1ab97ce403110664 -> 
  custom:audio-encoder-webm-vorbis: bf7c407c2cedff20999df2af8eb42d56 -> 
  custom:framework-win-MediaFoundation: 216162199b28c13a410421893ffa2e32 -> 
  custom:container-demuxer-ogg: 62fdf1f143b41e24485cea50d1cbac27 -> 
  custom:video-decoder-webm-vp8: 9c59270c3fd7afecdb556c50c9e8de78 -> 
  custom:audio-decoder-ogg-vorbis: bf7c407c2cedff20999df2af8eb42d56 -> 
========================================================================
Received Import Request.
  Time since last request: 14856.318913 seconds.
  path: Assets/Models/Tomb/Tomb.mat
  artifactKey: Guid(6b795a4a98ec2ff459d97ae8f020b2c5) Importer(815301076,1909f56bfc062723c751e8b465ee728b)
Start importing Assets/Models/Tomb/Tomb.mat using Guid(6b795a4a98ec2ff459d97ae8f020b2c5) Importer(815301076,1909f56bfc062723c751e8b465ee728b)  -> (artifact id: 'f10d8875cd2f1e06afa67e783841b088') in 0.162222 seconds 
========================================================================
Received Import Request.
  Time since last request: 0.000030 seconds.
  path: Assets/Models/Tomb/tomb.tga
  artifactKey: Guid(ba62f04dd96fbf243b6c1f7985f0efb2) Importer(815301076,1909f56bfc062723c751e8b465ee728b)
Start importing Assets/Models/Tomb/tomb.tga using Guid(ba62f04dd96fbf243b6c1f7985f0efb2) Importer(815301076,1909f56bfc062723c751e8b465ee728b)  -> (artifact id: 'b1245f7ee1b60dd4ecc805296cb82b3f') in 0.031660 seconds 
========================================================================
Received Import Request.
  Time since last request: 34.237591 seconds.
  path: Assets/Stylized_Fantasy/Stylized_Fantasy/Props_Sample/Materials/M_Bench.mat
  artifactKey: Guid(3e3b819e86ebc5f4dadc6fd63539846e) Importer(815301076,1909f56bfc062723c751e8b465ee728b)
Start importing Assets/Stylized_Fantasy/Stylized_Fantasy/Props_Sample/Materials/M_Bench.mat using Guid(3e3b819e86ebc5f4dadc6fd63539846e) Importer(815301076,1909f56bfc062723c751e8b465ee728b)  -> (artifact id: 'ddd65f73959b7d5cbf69e33114cb2af7') in 0.076251 seconds 
========================================================================
Received Import Request.
  Time since last request: 0.000034 seconds.
  path: Assets/Stylized_Fantasy/Stylized_Fantasy/Props_Sample/Materials/M_Platform.mat
  artifactKey: Guid(0c5d642a1633c6c4682c3df7af717723) Importer(815301076,1909f56bfc062723c751e8b465ee728b)
Start importing Assets/Stylized_Fantasy/Stylized_Fantasy/Props_Sample/Materials/M_Platform.mat using Guid(0c5d642a1633c6c4682c3df7af717723) Importer(815301076,1909f56bfc062723c751e8b465ee728b)  -> (artifact id: 'c6ca98ddd983f4a5e50b954ae555927c') in 0.035423 seconds 
========================================================================
Received Import Request.
  Time since last request: 0.000032 seconds.
  path: Assets/Stylized_Fantasy/Stylized_Fantasy/Props_Sample/Materials/M_Signs.mat
  artifactKey: Guid(04388cb58baa1a44bb7740c7922456c4) Importer(815301076,1909f56bfc062723c751e8b465ee728b)
Start importing Assets/Stylized_Fantasy/Stylized_Fantasy/Props_Sample/Materials/M_Signs.mat using Guid(04388cb58baa1a44bb7740c7922456c4) Importer(815301076,1909f56bfc062723c751e8b465ee728b)  -> (artifact id: 'a754b471abac4955854485935d7779b1') in 0.038401 seconds 
========================================================================
Received Import Request.
  Time since last request: 0.000041 seconds.
  path: Assets/Stylized_Fantasy/Stylized_Fantasy/Props_Sample/Materials/M_Stool.mat
  artifactKey: Guid(0162c132f67563d45bf3c3d5967f5471) Importer(815301076,1909f56bfc062723c751e8b465ee728b)
Start importing Assets/Stylized_Fantasy/Stylized_Fantasy/Props_Sample/Materials/M_Stool.mat using Guid(0162c132f67563d45bf3c3d5967f5471) Importer(815301076,1909f56bfc062723c751e8b465ee728b)  -> (artifact id: 'f20da6e946abfb4584c7738836abeef6') in 0.043123 seconds 
========================================================================
Received Import Request.
  Time since last request: 0.000068 seconds.
  path: Assets/Stylized_Fantasy/Stylized_Fantasy/Props_Sample/Materials/M_Box.mat
  artifactKey: Guid(cfeef150acd262c42bac3f6b23e1600b) Importer(815301076,1909f56bfc062723c751e8b465ee728b)
Start importing Assets/Stylized_Fantasy/Stylized_Fantasy/Props_Sample/Materials/M_Box.mat using Guid(cfeef150acd262c42bac3f6b23e1600b) Importer(815301076,1909f56bfc062723c751e8b465ee728b)  -> (artifact id: '55de1ce5b0caa9de6503521bb86e0fb0') in 0.060880 seconds 
========================================================================
Received Import Request.
  Time since last request: 0.000037 seconds.
  path: Assets/Stylized_Fantasy/Stylized_Fantasy/Props_Sample/Materials/M_Bucket.mat
  artifactKey: Guid(65806fc1b162b754eaac8a1649a20f71) Importer(815301076,1909f56bfc062723c751e8b465ee728b)
Start importing Assets/Stylized_Fantasy/Stylized_Fantasy/Props_Sample/Materials/M_Bucket.mat using Guid(65806fc1b162b754eaac8a1649a20f71) Importer(815301076,1909f56bfc062723c751e8b465ee728b)  -> (artifact id: '125e214aeea7d2ed76705dd126262efa') in 0.032807 seconds 
========================================================================
Received Import Request.
  Time since last request: 10.660640 seconds.
  path: Assets/Stylized_Fantasy/Stylized_Fantasy/Props_Sample/Meshes/SM_Box.FBX
  artifactKey: Guid(2298fa82842f16642b586aa07bc0c9ab) Importer(815301076,1909f56bfc062723c751e8b465ee728b)
Start importing Assets/Stylized_Fantasy/Stylized_Fantasy/Props_Sample/Meshes/SM_Box.FBX using Guid(2298fa82842f16642b586aa07bc0c9ab) Importer(815301076,1909f56bfc062723c751e8b465ee728b)  -> (artifact id: '702bb3e7bdd1f7571cddc643900b2f7b') in 0.193348 seconds 
========================================================================
Received Import Request.
  Time since last request: 0.000030 seconds.
  path: Assets/Stylized_Fantasy/Stylized_Fantasy/Props_Sample/Meshes/SM_Sign_1.FBX
  artifactKey: Guid(71c12960b6cb0b74fb2f82282bdc97f9) Importer(815301076,1909f56bfc062723c751e8b465ee728b)
Start importing Assets/Stylized_Fantasy/Stylized_Fantasy/Props_Sample/Meshes/SM_Sign_1.FBX using Guid(71c12960b6cb0b74fb2f82282bdc97f9) Importer(815301076,1909f56bfc062723c751e8b465ee728b)  -> (artifact id: '709474aa9163e122637fefdb0a09f7b3') in 0.127260 seconds 
========================================================================
Received Import Request.
  Time since last request: 0.000035 seconds.
  path: Assets/Stylized_Fantasy/Stylized_Fantasy/Props_Sample/Meshes/SM_Wooden_Log_2.FBX
  artifactKey: Guid(8e9a64711ef685546939c1c3dd800fbf) Importer(815301076,1909f56bfc062723c751e8b465ee728b)
Start importing Assets/Stylized_Fantasy/Stylized_Fantasy/Props_Sample/Meshes/SM_Wooden_Log_2.FBX using Guid(8e9a64711ef685546939c1c3dd800fbf) Importer(815301076,1909f56bfc062723c751e8b465ee728b)  -> (artifact id: 'f471e8d2753e1a7f9175d44fdf96ab92') in 0.106142 seconds 
========================================================================
Received Import Request.
  Time since last request: 0.000028 seconds.
  path: Assets/Stylized_Fantasy/Stylized_Fantasy/Props_Sample/Meshes/SM_Sign_5.FBX
  artifactKey: Guid(6261bcc1fe979c44da32cf094d126b7e) Importer(815301076,1909f56bfc062723c751e8b465ee728b)
Start importing Assets/Stylized_Fantasy/Stylized_Fantasy/Props_Sample/Meshes/SM_Sign_5.FBX using Guid(6261bcc1fe979c44da32cf094d126b7e) Importer(815301076,1909f56bfc062723c751e8b465ee728b)  -> (artifact id: 'be73697e5c639f2c1f797fb3b065acf4') in 0.103483 seconds 
========================================================================
Received Import Request.
  Time since last request: 0.000166 seconds.
  path: Assets/Stylized_Fantasy/Stylized_Fantasy/Props_Sample/Meshes/SM_Stone_Obelisk.FBX
  artifactKey: Guid(28bdf3410ebe09f4fad4793cbb853994) Importer(815301076,1909f56bfc062723c751e8b465ee728b)
Start importing Assets/Stylized_Fantasy/Stylized_Fantasy/Props_Sample/Meshes/SM_Stone_Obelisk.FBX using Guid(28bdf3410ebe09f4fad4793cbb853994) Importer(815301076,1909f56bfc062723c751e8b465ee728b)  -> (artifact id: '643d1e1cd88543dd72a9ddea0a4a2647') in 0.109353 seconds 
========================================================================
Received Import Request.
  Time since last request: 0.000031 seconds.
  path: Assets/Stylized_Fantasy/Stylized_Fantasy/Props_Sample/Meshes/SM_Tent.FBX
  artifactKey: Guid(efa1bbda885d06549ac5e09454b61c82) Importer(815301076,1909f56bfc062723c751e8b465ee728b)
Start importing Assets/Stylized_Fantasy/Stylized_Fantasy/Props_Sample/Meshes/SM_Tent.FBX using Guid(efa1bbda885d06549ac5e09454b61c82) Importer(815301076,1909f56bfc062723c751e8b465ee728b)  -> (artifact id: 'ee7826560aa545b63c30ca434993647e') in 0.092776 seconds 
========================================================================
Received Import Request.
  Time since last request: 2.623395 seconds.
  path: Assets/Stylized_Fantasy/Stylized_Fantasy/Props_Sample/Textures/T_Barrel_N.png
  artifactKey: Guid(8e76335b88d7c15498d008e801183b20) Importer(815301076,1909f56bfc062723c751e8b465ee728b)
Start importing Assets/Stylized_Fantasy/Stylized_Fantasy/Props_Sample/Textures/T_Barrel_N.png using Guid(8e76335b88d7c15498d008e801183b20) Importer(815301076,1909f56bfc062723c751e8b465ee728b)  -> (artifact id: 'd70de0f7b5920dab15c2898fc97cb6f4') in 0.047598 seconds 
========================================================================
Received Import Request.
  Time since last request: 0.000034 seconds.
  path: Assets/Stylized_Fantasy/Stylized_Fantasy/Props_Sample/Textures/T_Fence_Albedo.png
  artifactKey: Guid(e62cadad1c8f63641afb26e2f7a4a42f) Importer(815301076,1909f56bfc062723c751e8b465ee728b)
Start importing Assets/Stylized_Fantasy/Stylized_Fantasy/Props_Sample/Textures/T_Fence_Albedo.png using Guid(e62cadad1c8f63641afb26e2f7a4a42f) Importer(815301076,1909f56bfc062723c751e8b465ee728b)  -> (artifact id: '9fe2b699ce84ec1ca40cb644169a3b21') in 0.020355 seconds 
========================================================================
Received Import Request.
  Time since last request: 0.000053 seconds.
  path: Assets/Stylized_Fantasy/Stylized_Fantasy/Props_Sample/Textures/T_Bucket_N.png
  artifactKey: Guid(d0a9aeaef8e95ca4f9172772ba646edd) Importer(815301076,1909f56bfc062723c751e8b465ee728b)
Start importing Assets/Stylized_Fantasy/Stylized_Fantasy/Props_Sample/Textures/T_Bucket_N.png using Guid(d0a9aeaef8e95ca4f9172772ba646edd) Importer(815301076,1909f56bfc062723c751e8b465ee728b)  -> (artifact id: '9d2b3598587398e6cb02128525c7796d') in 0.023744 seconds 
========================================================================
Received Import Request.
  Time since last request: 0.000026 seconds.
  path: Assets/Stylized_Fantasy/Stylized_Fantasy/Props_Sample/Textures/T_Fence_N.png
  artifactKey: Guid(a51810968db6f114baff762226f1073f) Importer(815301076,1909f56bfc062723c751e8b465ee728b)
Start importing Assets/Stylized_Fantasy/Stylized_Fantasy/Props_Sample/Textures/T_Fence_N.png using Guid(a51810968db6f114baff762226f1073f) Importer(815301076,1909f56bfc062723c751e8b465ee728b)  -> (artifact id: 'd510b0bc77c6611511c18ee0d728766f') in 0.025791 seconds 
========================================================================
Received Import Request.
  Time since last request: 0.000024 seconds.
  path: Assets/Stylized_Fantasy/Stylized_Fantasy/Props_Sample/Textures/T_Stool_N.png
  artifactKey: Guid(4c7043e5dda920c40a246d252660449a) Importer(815301076,1909f56bfc062723c751e8b465ee728b)
Start importing Assets/Stylized_Fantasy/Stylized_Fantasy/Props_Sample/Textures/T_Stool_N.png using Guid(4c7043e5dda920c40a246d252660449a) Importer(815301076,1909f56bfc062723c751e8b465ee728b)  -> (artifact id: 'e63a19a1aa9e28985e18a2f65c63b14f') in 0.022667 seconds 
========================================================================
Received Import Request.
  Time since last request: 0.001333 seconds.
  path: Assets/Stylized_Fantasy/Stylized_Fantasy/Props_Sample/Textures/T_Stool_Albedo.png
  artifactKey: Guid(fbbba548df5cbb44cab41b42509a9a7d) Importer(815301076,1909f56bfc062723c751e8b465ee728b)
Start importing Assets/Stylized_Fantasy/Stylized_Fantasy/Props_Sample/Textures/T_Stool_Albedo.png using Guid(fbbba548df5cbb44cab41b42509a9a7d) Importer(815301076,1909f56bfc062723c751e8b465ee728b)  -> (artifact id: '10acaa0ba738f8c2e051cecda29e420c') in 0.025535 seconds 
========================================================================
Received Import Request.
  Time since last request: 0.000024 seconds.
  path: Assets/Stylized_Fantasy/Stylized_Fantasy/Props_Sample/Textures/T_Tent_N.png
  artifactKey: Guid(0c21689fff808f844a502bef8fecf98f) Importer(815301076,1909f56bfc062723c751e8b465ee728b)
Start importing Assets/Stylized_Fantasy/Stylized_Fantasy/Props_Sample/Textures/T_Tent_N.png using Guid(0c21689fff808f844a502bef8fecf98f) Importer(815301076,1909f56bfc062723c751e8b465ee728b)  -> (artifact id: '23cb1b3e3cb3e53a4a79cdc8105e0f6d') in 0.030183 seconds 
Editor requested this worker to shutdown with reason: Scaling down because of idle timeout
AssetImportWorker is now disconnected from the server
Process exiting
Exiting without the bug reporter. Application will terminate with return code 0