Using pre-set license
Built from '2021.3/staging' branch; Version is '2021.3.4f1 (cb45f9cae8b7) revision 13321721'; Using compiler version '192829333'; Build Type 'Release'
OS: 'Windows 10  (10.0.19045) 64bit Core' Language: 'pl' Physical Memory: 16304 MB
BatchMode: 1, IsHumanControllingUs: 0, StartBugReporterOnCrash: 0, Is64bit: 1, IsPro: 1

COMMAND LINE ARGUMENTS:
F:\Unity\2021.3.4f1-x86_64\Editor\Unity.exe
-adb2
-batchMode
-noUpm
-name
AssetImportWorker3
-projectPath
D:/Github/VR-projekt/VR projekt
-logFile
Logs/AssetImportWorker3.log
-srvPort
60203
Successfully changed project path to: D:/Github/VR-projekt/VR projekt
D:/Github/VR-projekt/VR projekt
[UnityMemory] Configuration Parameters - Can be set up in boot.config
    "memorysetup-bucket-allocator-granularity=16"
    "memorysetup-bucket-allocator-bucket-count=8"
    "memorysetup-bucket-allocator-block-size=33554432"
    "memorysetup-bucket-allocator-block-count=8"
    "memorysetup-main-allocator-block-size=16777216"
    "memorysetup-thread-allocator-block-size=16777216"
    "memorysetup-gfx-main-allocator-block-size=16777216"
    "memorysetup-gfx-thread-allocator-block-size=16777216"
    "memorysetup-cache-allocator-block-size=4194304"
    "memorysetup-typetree-allocator-block-size=2097152"
    "memorysetup-profiler-bucket-allocator-granularity=16"
    "memorysetup-profiler-bucket-allocator-bucket-count=8"
    "memorysetup-profiler-bucket-allocator-block-size=33554432"
    "memorysetup-profiler-bucket-allocator-block-count=8"
    "memorysetup-profiler-allocator-block-size=16777216"
    "memorysetup-profiler-editor-allocator-block-size=1048576"
    "memorysetup-temp-allocator-size-main=16777216"
    "memorysetup-job-temp-allocator-block-size=2097152"
    "memorysetup-job-temp-allocator-block-size-background=1048576"
    "memorysetup-job-temp-allocator-reduction-small-platforms=262144"
    "memorysetup-temp-allocator-size-background-worker=32768"
    "memorysetup-temp-allocator-size-job-worker=262144"
    "memorysetup-temp-allocator-size-preload-manager=33554432"
    "memorysetup-temp-allocator-size-nav-mesh-worker=65536"
    "memorysetup-temp-allocator-size-audio-worker=65536"
    "memorysetup-temp-allocator-size-cloud-worker=32768"
    "memorysetup-temp-allocator-size-gi-baking-worker=262144"
    "memorysetup-temp-allocator-size-gfx=262144"
Refreshing native plugins compatible for Editor in 281.27 ms, found 3 plugins.
Preloading 0 native plugins for Editor in 0.00 ms.
Initialize engine version: 2021.3.4f1 (cb45f9cae8b7)
[Subsystems] Discovering subsystems at path F:/Unity/2021.3.4f1-x86_64/Editor/Data/Resources/UnitySubsystems
[Subsystems] Discovering subsystems at path D:/Github/VR-projekt/VR projekt/Assets
GfxDevice: creating device client; threaded=0; jobified=0
Direct3D:
    Version:  Direct3D 11.0 [level 11.1]
    Renderer: NVIDIA GeForce GTX 1650 (ID=0x1f91)
    Vendor:   NVIDIA
    VRAM:     3949 MB
    Driver:   31.0.15.2824
Initialize mono
Mono path[0] = 'F:/Unity/2021.3.4f1-x86_64/Editor/Data/Managed'
Mono path[1] = 'F:/Unity/2021.3.4f1-x86_64/Editor/Data/MonoBleedingEdge/lib/mono/unityjit-win32'
Mono config path = 'F:/Unity/2021.3.4f1-x86_64/Editor/Data/MonoBleedingEdge/etc'
Using monoOptions --debugger-agent=transport=dt_socket,embedding=1,server=y,suspend=n,address=127.0.0.1:56108
Begin MonoManager ReloadAssembly
Registering precompiled unity dll's ...
Register platform support module: F:/Unity/2021.3.4f1-x86_64/Editor/Data/PlaybackEngines/WindowsStandaloneSupport/UnityEditor.WindowsStandalone.Extensions.dll
Registered in 0.009374 seconds.
Native extension for WindowsStandalone target not found
Refreshing native plugins compatible for Editor in 280.09 ms, found 3 plugins.
Preloading 0 native plugins for Editor in 0.00 ms.
Mono: successfully reloaded assembly
- Completed reload, in  1.411 seconds
Domain Reload Profiling:
	ReloadAssembly (1412ms)
		BeginReloadAssembly (126ms)
			ExecutionOrderSort (0ms)
			DisableScriptedObjects (0ms)
			BackupInstance (0ms)
			ReleaseScriptingObjects (0ms)
			CreateAndSetChildDomain (1ms)
		EndReloadAssembly (1112ms)
			LoadAssemblies (122ms)
			RebuildTransferFunctionScriptingTraits (0ms)
			SetupTypeCache (161ms)
			ReleaseScriptCaches (0ms)
			RebuildScriptCaches (92ms)
			SetupLoadedEditorAssemblies (779ms)
				LogAssemblyErrors (0ms)
				InitializePlatformSupportModulesInManaged (16ms)
				SetLoadedEditorAssemblies (0ms)
				RefreshPlugins (280ms)
				BeforeProcessingInitializeOnLoad (23ms)
				ProcessInitializeOnLoadAttributes (337ms)
				ProcessInitializeOnLoadMethodAttributes (123ms)
				AfterProcessingInitializeOnLoad (0ms)
				EditorAssembliesLoaded (0ms)
			ExecutionOrderSort2 (0ms)
			AwakeInstancesAfterBackupRestoration (0ms)
Platform modules already initialized, skipping
Registering precompiled user dll's ...
Registered in 0.008305 seconds.
Begin MonoManager ReloadAssembly
Symbol file data-0000013B37BAD420 doesn't match image D:\Github\VR-projekt\VR projekt\Library\ScriptAssemblies\Assembly-CSharp.dll
Symbol file LoadedFromMemory is not a mono symbol file
Symbol file data-0000013B36774C90 doesn't match image D:\Github\VR-projekt\VR projekt\Library\ScriptAssemblies\Assembly-CSharp-Editor.dll
Symbol file LoadedFromMemory is not a mono symbol file
Symbol file data-0000013B35813F30 doesn't match image D:\Github\VR-projekt\VR projekt\Library\ScriptAssemblies\Unity.VisualScripting.Flow.Editor.dll
Symbol file LoadedFromMemory is not a mono symbol file
Symbol file data-0000013B36F2EC30 doesn't match image D:\Github\VR-projekt\VR projekt\Library\ScriptAssemblies\Unity.VSCode.Editor.dll
Symbol file LoadedFromMemory is not a mono symbol file
Symbol file data-0000013B36610820 doesn't match image D:\Github\VR-projekt\VR projekt\Library\ScriptAssemblies\Unity.TextMeshPro.Editor.dll
Symbol file LoadedFromMemory is not a mono symbol file
Symbol file data-0000013B36610820 doesn't match image D:\Github\VR-projekt\VR projekt\Library\ScriptAssemblies\Unity.Services.Core.Telemetry.dll
Symbol file LoadedFromMemory is not a mono symbol file
Symbol file data-0000013B36610820 doesn't match image D:\Github\VR-projekt\VR projekt\Library\ScriptAssemblies\Unity.Performance.Profile-Analyzer.Editor.dll
Symbol file LoadedFromMemory is not a mono symbol file
Symbol file data-0000013B3667B030 doesn't match image D:\Github\VR-projekt\VR projekt\Library\ScriptAssemblies\Unity.TestTools.CodeCoverage.Editor.OpenCover.Model.dll
Symbol file LoadedFromMemory is not a mono symbol file
Symbol file data-0000013B36610820 doesn't match image D:\Github\VR-projekt\VR projekt\Library\ScriptAssemblies\Unity.VisualStudio.Editor.dll
Symbol file LoadedFromMemory is not a mono symbol file
Symbol file data-0000013B35813F30 doesn't match image D:\Github\VR-projekt\VR projekt\Library\ScriptAssemblies\UnityEngine.TestRunner.dll
Symbol file LoadedFromMemory is not a mono symbol file
Symbol file data-0000013B31AC7830 doesn't match image D:\Github\VR-projekt\VR projekt\Library\ScriptAssemblies\Unity.Timeline.dll
Symbol file LoadedFromMemory is not a mono symbol file
Symbol file data-0000013B31AC7830 doesn't match image D:\Github\VR-projekt\VR projekt\Library\ScriptAssemblies\Unity.VisualScripting.Core.Editor.dll
Symbol file LoadedFromMemory is not a mono symbol file
Symbol file data-0000013B31AC7830 doesn't match image D:\Github\VR-projekt\VR projekt\Library\ScriptAssemblies\Unity.TextMeshPro.dll
Symbol file LoadedFromMemory is not a mono symbol file
Symbol file data-0000013B31B0EBA0 doesn't match image D:\Github\VR-projekt\VR projekt\Library\ScriptAssemblies\Unity.VisualScripting.State.Editor.dll
Symbol file LoadedFromMemory is not a mono symbol file
Symbol file data-0000013B36704420 doesn't match image D:\Github\VR-projekt\VR projekt\Library\ScriptAssemblies\UnityEditor.TestRunner.dll
Symbol file LoadedFromMemory is not a mono symbol file
Symbol file data-0000013B31F8F950 doesn't match image D:\Github\VR-projekt\VR projekt\Library\ScriptAssemblies\Unity.Services.Core.Networking.dll
Symbol file LoadedFromMemory is not a mono symbol file
Symbol file data-0000013B31F8F950 doesn't match image D:\Github\VR-projekt\VR projekt\Library\ScriptAssemblies\Unity.VisualScripting.SettingsProvider.Editor.dll
Symbol file LoadedFromMemory is not a mono symbol file
Symbol file data-0000013B31F8F950 doesn't match image D:\Github\VR-projekt\VR projekt\Library\ScriptAssemblies\Unity.TestTools.CodeCoverage.Editor.OpenCover.Mono.Reflection.dll
Symbol file LoadedFromMemory is not a mono symbol file
Symbol file data-0000013B36704420 doesn't match image D:\Github\VR-projekt\VR projekt\Library\ScriptAssemblies\Unity.VisualScripting.Flow.dll
Symbol file LoadedFromMemory is not a mono symbol file
Symbol file data-0000013B363E5C20 doesn't match image D:\Github\VR-projekt\VR projekt\Library\ScriptAssemblies\UnityEditor.UI.dll
Symbol file LoadedFromMemory is not a mono symbol file
Symbol file data-0000013B319E1010 doesn't match image D:\Github\VR-projekt\VR projekt\Library\ScriptAssemblies\Unity.InputSystem.dll
Symbol file LoadedFromMemory is not a mono symbol file
Symbol file data-0000013B363E5C20 doesn't match image D:\Github\VR-projekt\VR projekt\Library\ScriptAssemblies\Unity.Rider.Editor.dll
Symbol file LoadedFromMemory is not a mono symbol file
Symbol file data-0000013B35E92010 doesn't match image D:\Github\VR-projekt\VR projekt\Library\ScriptAssemblies\Unity.PlasticSCM.Editor.dll
Symbol file LoadedFromMemory is not a mono symbol file
Symbol file data-0000013B363E5C20 doesn't match image D:\Github\VR-projekt\VR projekt\Library\ScriptAssemblies\Unity.Services.Core.Internal.dll
Symbol file LoadedFromMemory is not a mono symbol file
Symbol file data-0000013B35ECEC20 doesn't match image D:\Github\VR-projekt\VR projekt\Library\ScriptAssemblies\UnityEngine.UI.dll
Symbol file LoadedFromMemory is not a mono symbol file
Symbol file data-0000013B31F8F950 doesn't match image D:\Github\VR-projekt\VR projekt\Library\ScriptAssemblies\Unity.Services.Core.Configuration.dll
Symbol file LoadedFromMemory is not a mono symbol file
Symbol file data-0000013B31F8F950 doesn't match image D:\Github\VR-projekt\VR projekt\Library\ScriptAssemblies\Unity.Services.Core.dll
Symbol file LoadedFromMemory is not a mono symbol file
Symbol file data-0000013B3650CC20 doesn't match image D:\Github\VR-projekt\VR projekt\Library\ScriptAssemblies\Unity.VisualScripting.Core.dll
Symbol file LoadedFromMemory is not a mono symbol file
Symbol file data-0000013B31F8F950 doesn't match image D:\Github\VR-projekt\VR projekt\Library\ScriptAssemblies\Unity.EditorCoroutines.Editor.dll
Symbol file LoadedFromMemory is not a mono symbol file
Symbol file data-0000013B363E5C20 doesn't match image D:\Github\VR-projekt\VR projekt\Library\ScriptAssemblies\Unity.Services.Core.Editor.dll
Symbol file LoadedFromMemory is not a mono symbol file
Symbol file data-0000013B36774C90 doesn't match image D:\Github\VR-projekt\VR projekt\Library\ScriptAssemblies\Unity.Services.Core.Configuration.Editor.dll
Symbol file LoadedFromMemory is not a mono symbol file
Symbol file data-0000013B35ECEC20 doesn't match image D:\Github\VR-projekt\VR projekt\Library\ScriptAssemblies\Cinemachine.dll
Symbol file LoadedFromMemory is not a mono symbol file
Symbol file data-0000013B36774C90 doesn't match image D:\Github\VR-projekt\VR projekt\Library\ScriptAssemblies\Unity.Services.Core.Analytics.dll
Symbol file LoadedFromMemory is not a mono symbol file
Symbol file data-0000013B31AEB660 doesn't match image D:\Github\VR-projekt\VR projekt\Library\ScriptAssemblies\Unity.Services.Core.Registration.dll
Symbol file LoadedFromMemory is not a mono symbol file
Symbol file data-0000013B35ECEC20 doesn't match image D:\Github\VR-projekt\VR projekt\Library\ScriptAssemblies\com.unity.cinemachine.editor.dll
Symbol file LoadedFromMemory is not a mono symbol file
Symbol file data-0000013B31AEB660 doesn't match image D:\Github\VR-projekt\VR projekt\Library\ScriptAssemblies\Unity.VisualScripting.Shared.Editor.dll
Symbol file LoadedFromMemory is not a mono symbol file
Symbol file data-0000013B31AEB660 doesn't match image D:\Github\VR-projekt\VR projekt\Library\ScriptAssemblies\Unity.Services.Core.Environments.dll
Symbol file LoadedFromMemory is not a mono symbol file
Symbol file data-0000013B31AEB660 doesn't match image D:\Github\VR-projekt\VR projekt\Library\ScriptAssemblies\Polyperfect.Universal.dll
Symbol file LoadedFromMemory is not a mono symbol file
Symbol file data-0000013B31AEB660 doesn't match image D:\Github\VR-projekt\VR projekt\Library\ScriptAssemblies\Unity.Services.Core.Scheduler.dll
Symbol file LoadedFromMemory is not a mono symbol file
Symbol file data-0000013B31AEB660 doesn't match image D:\Github\VR-projekt\VR projekt\Library\ScriptAssemblies\Unity.Services.Core.Environments.Internal.dll
Symbol file LoadedFromMemory is not a mono symbol file
Symbol file data-0000013B362F0010 doesn't match image D:\Github\VR-projekt\VR projekt\Library\ScriptAssemblies\Unity.Timeline.Editor.dll
Symbol file LoadedFromMemory is not a mono symbol file
Symbol file data-0000013B35ECEC20 doesn't match image D:\Github\VR-projekt\VR projekt\Library\ScriptAssemblies\Unity.Settings.Editor.dll
Symbol file LoadedFromMemory is not a mono symbol file
Symbol file data-0000013B35ECEC20 doesn't match image D:\Github\VR-projekt\VR projekt\Library\ScriptAssemblies\Unity.CollabProxy.Editor.dll
Symbol file LoadedFromMemory is not a mono symbol file
Symbol file data-0000013B319CA5D0 doesn't match image D:\Github\VR-projekt\VR projekt\Library\ScriptAssemblies\Unity.Services.Core.Threading.dll
Symbol file LoadedFromMemory is not a mono symbol file
Symbol file data-0000013B35EE6830 doesn't match image D:\Github\VR-projekt\VR projekt\Library\ScriptAssemblies\Unity.TestTools.CodeCoverage.Editor.dll
Symbol file LoadedFromMemory is not a mono symbol file
Symbol file data-0000013B31B16BB0 doesn't match image D:\Github\VR-projekt\VR projekt\Library\ScriptAssemblies\Unity.VisualScripting.State.dll
Symbol file LoadedFromMemory is not a mono symbol file
Symbol file data-0000013B319CA5D0 doesn't match image D:\Github\VR-projekt\VR projekt\Library\ScriptAssemblies\Unity.Services.Core.Device.dll
Symbol file LoadedFromMemory is not a mono symbol file
Symbol file LoadedFromMemory doesn't match image D:\Github\VR-projekt\VR projekt\Library\PackageCache\com.unity.visualscripting@1.7.8\Editor\VisualScripting.Core\Dependencies\YamlDotNet\Unity.VisualScripting.YamlDotNet.dll
Symbol file LoadedFromMemory doesn't match image D:\Github\VR-projekt\VR projekt\Library\PackageCache\com.unity.visualscripting@1.7.8\Editor\VisualScripting.Core\Dependencies\DotNetZip\Unity.VisualScripting.IonicZip.dll
Native extension for WindowsStandalone target not found
Refreshing native plugins compatible for Editor in 151.98 ms, found 3 plugins.
Preloading 0 native plugins for Editor in 0.00 ms.
Mono: successfully reloaded assembly
- Completed reload, in  2.295 seconds
Domain Reload Profiling:
	ReloadAssembly (2296ms)
		BeginReloadAssembly (213ms)
			ExecutionOrderSort (0ms)
			DisableScriptedObjects (7ms)
			BackupInstance (0ms)
			ReleaseScriptingObjects (0ms)
			CreateAndSetChildDomain (30ms)
		EndReloadAssembly (1916ms)
			LoadAssemblies (118ms)
			RebuildTransferFunctionScriptingTraits (0ms)
			SetupTypeCache (459ms)
			ReleaseScriptCaches (1ms)
			RebuildScriptCaches (97ms)
			SetupLoadedEditorAssemblies (1164ms)
				LogAssemblyErrors (0ms)
				InitializePlatformSupportModulesInManaged (7ms)
				SetLoadedEditorAssemblies (0ms)
				RefreshPlugins (152ms)
				BeforeProcessingInitializeOnLoad (147ms)
				ProcessInitializeOnLoadAttributes (781ms)
				ProcessInitializeOnLoadMethodAttributes (61ms)
				AfterProcessingInitializeOnLoad (15ms)
				EditorAssembliesLoaded (0ms)
			ExecutionOrderSort2 (0ms)
			AwakeInstancesAfterBackupRestoration (10ms)
Platform modules already initialized, skipping
========================================================================
Worker process is ready to serve import requests
Launched and connected shader compiler UnityShaderCompiler.exe after 0.11 seconds
Refreshing native plugins compatible for Editor in 1.38 ms, found 3 plugins.
Preloading 0 native plugins for Editor in 0.00 ms.
Unloading 3862 Unused Serialized files (Serialized files now loaded: 0)
Unloading 44 unused Assets / (182.1 KB). Loaded Objects now: 4345.
Memory consumption went from 157.4 MB to 157.2 MB.
Total: 6.378400 ms (FindLiveObjects: 0.380200 ms CreateObjectMapping: 0.279500 ms MarkObjects: 5.506800 ms  DeleteObjects: 0.210500 ms)

AssetImportParameters requested are different than current active one (requested -> active):
  custom:video-decoder-ogg-theora: a1e56fd34408186e4bbccfd4996cb3dc -> 
  custom:container-muxer-webm: aa71ff27fc2769a1b78a27578f13a17b -> 
  custom:container-demuxer-webm: 4f35f7cbe854078d1ac9338744f61a02 -> 
  custom:video-encoder-webm-vp8: eb34c28f22e8b96e1ab97ce403110664 -> 
  custom:audio-encoder-webm-vorbis: bf7c407c2cedff20999df2af8eb42d56 -> 
  custom:framework-win-MediaFoundation: 216162199b28c13a410421893ffa2e32 -> 
  custom:container-demuxer-ogg: 62fdf1f143b41e24485cea50d1cbac27 -> 
  custom:video-decoder-webm-vp8: 9c59270c3fd7afecdb556c50c9e8de78 -> 
  custom:audio-decoder-ogg-vorbis: bf7c407c2cedff20999df2af8eb42d56 -> 
========================================================================
Received Import Request.
  Time since last request: 60891.105046 seconds.
  path: Assets/GraveyardProps/GraveCircleStump_2.prefab
  artifactKey: Guid(54b93a659cabcb14780100955513aa03) Importer(815301076,1909f56bfc062723c751e8b465ee728b)
Start importing Assets/GraveyardProps/GraveCircleStump_2.prefab using Guid(54b93a659cabcb14780100955513aa03) Importer(815301076,1909f56bfc062723c751e8b465ee728b)  -> (artifact id: 'ac256d5ed85cc937bf221a067acda4e4') in 0.374536 seconds 
========================================================================
Received Import Request.
  Time since last request: 0.000027 seconds.
  path: Assets/GraveyardProps/GraveType2_Damaged_2.prefab
  artifactKey: Guid(2e6602961f3b26843893714f5721908b) Importer(815301076,1909f56bfc062723c751e8b465ee728b)
Start importing Assets/GraveyardProps/GraveType2_Damaged_2.prefab using Guid(2e6602961f3b26843893714f5721908b) Importer(815301076,1909f56bfc062723c751e8b465ee728b)  -> (artifact id: '25001db29fa9d438a838f79903d5ec4a') in 0.029431 seconds 
========================================================================
Received Import Request.
  Time since last request: 0.000076 seconds.
  path: Assets/GraveyardProps/SummoningStoneDetailed.prefab
  artifactKey: Guid(6c923e622fdfafa42b06425421702e07) Importer(815301076,1909f56bfc062723c751e8b465ee728b)
Start importing Assets/GraveyardProps/SummoningStoneDetailed.prefab using Guid(6c923e622fdfafa42b06425421702e07) Importer(815301076,1909f56bfc062723c751e8b465ee728b)  -> (artifact id: '4b377d349653162b4712c101266ced8d') in 0.018490 seconds 
========================================================================
Received Import Request.
  Time since last request: 0.878486 seconds.
  path: Assets/Halloween_Pack/Lamp_03.prefab
  artifactKey: Guid(6691b02975f55b1479597e6ac2f07bcc) Importer(815301076,1909f56bfc062723c751e8b465ee728b)
Start importing Assets/Halloween_Pack/Lamp_03.prefab using Guid(6691b02975f55b1479597e6ac2f07bcc) Importer(815301076,1909f56bfc062723c751e8b465ee728b)  -> (artifact id: '126df699c575e216f5b5f84042e6cce7') in 0.047897 seconds 
========================================================================
Received Prepare
Registering precompiled user dll's ...
Registered in 0.007815 seconds.
Begin MonoManager ReloadAssembly
Symbol file data-0000013B37680010 doesn't match image D:\Github\VR-projekt\VR projekt\Library\ScriptAssemblies\Assembly-CSharp.dll
Symbol file LoadedFromMemory is not a mono symbol file
Symbol file data-0000013B37680010 doesn't match image D:\Github\VR-projekt\VR projekt\Library\ScriptAssemblies\Assembly-CSharp-Editor.dll
Symbol file LoadedFromMemory is not a mono symbol file
Symbol file data-0000013B31FD0D70 doesn't match image D:\Github\VR-projekt\VR projekt\Library\ScriptAssemblies\Unity.VisualScripting.Flow.Editor.dll
Symbol file LoadedFromMemory is not a mono symbol file
Symbol file data-0000013B36F2EC30 doesn't match image D:\Github\VR-projekt\VR projekt\Library\ScriptAssemblies\Unity.VSCode.Editor.dll
Symbol file LoadedFromMemory is not a mono symbol file
Symbol file data-0000013B37788020 doesn't match image D:\Github\VR-projekt\VR projekt\Library\ScriptAssemblies\Unity.TextMeshPro.Editor.dll
Symbol file LoadedFromMemory is not a mono symbol file
Symbol file data-0000013B31CA17E0 doesn't match image D:\Github\VR-projekt\VR projekt\Library\ScriptAssemblies\Unity.Services.Core.Telemetry.dll
Symbol file LoadedFromMemory is not a mono symbol file
Symbol file data-0000013B31F5A010 doesn't match image D:\Github\VR-projekt\VR projekt\Library\ScriptAssemblies\Unity.Performance.Profile-Analyzer.Editor.dll
Symbol file LoadedFromMemory is not a mono symbol file
Symbol file data-0000013B3A38C020 doesn't match image D:\Github\VR-projekt\VR projekt\Library\ScriptAssemblies\Unity.TestTools.CodeCoverage.Editor.OpenCover.Model.dll
Symbol file LoadedFromMemory is not a mono symbol file
Symbol file data-0000013B3A38C020 doesn't match image D:\Github\VR-projekt\VR projekt\Library\ScriptAssemblies\Unity.VisualStudio.Editor.dll
Symbol file LoadedFromMemory is not a mono symbol file
Symbol file data-0000013B3A38C020 doesn't match image D:\Github\VR-projekt\VR projekt\Library\ScriptAssemblies\UnityEngine.TestRunner.dll
Symbol file LoadedFromMemory is not a mono symbol file
Symbol file data-0000013B379EC030 doesn't match image D:\Github\VR-projekt\VR projekt\Library\ScriptAssemblies\Unity.Timeline.dll
Symbol file LoadedFromMemory is not a mono symbol file
Symbol file data-0000013B3663F020 doesn't match image D:\Github\VR-projekt\VR projekt\Library\ScriptAssemblies\Unity.VisualScripting.Core.Editor.dll
Symbol file LoadedFromMemory is not a mono symbol file
Symbol file data-0000013B3715B020 doesn't match image D:\Github\VR-projekt\VR projekt\Library\ScriptAssemblies\Unity.TextMeshPro.dll
Symbol file LoadedFromMemory is not a mono symbol file
Symbol file data-0000013B3A38C020 doesn't match image D:\Github\VR-projekt\VR projekt\Library\ScriptAssemblies\Unity.VisualScripting.State.Editor.dll
Symbol file LoadedFromMemory is not a mono symbol file
Symbol file data-0000013B37788020 doesn't match image D:\Github\VR-projekt\VR projekt\Library\ScriptAssemblies\UnityEditor.TestRunner.dll
Symbol file LoadedFromMemory is not a mono symbol file
Symbol file data-0000013B3768B620 doesn't match image D:\Github\VR-projekt\VR projekt\Library\ScriptAssemblies\Unity.Services.Core.Networking.dll
Symbol file LoadedFromMemory is not a mono symbol file
Symbol file data-0000013B3768B620 doesn't match image D:\Github\VR-projekt\VR projekt\Library\ScriptAssemblies\Unity.VisualScripting.SettingsProvider.Editor.dll
Symbol file LoadedFromMemory is not a mono symbol file
Symbol file data-0000013B31CA73F0 doesn't match image D:\Github\VR-projekt\VR projekt\Library\ScriptAssemblies\Unity.TestTools.CodeCoverage.Editor.OpenCover.Mono.Reflection.dll
Symbol file LoadedFromMemory is not a mono symbol file
Symbol file data-0000013B3B196030 doesn't match image D:\Github\VR-projekt\VR projekt\Library\ScriptAssemblies\Unity.VisualScripting.Flow.dll
Symbol file LoadedFromMemory is not a mono symbol file
Symbol file data-0000013B3A38C020 doesn't match image D:\Github\VR-projekt\VR projekt\Library\ScriptAssemblies\UnityEditor.UI.dll
Symbol file LoadedFromMemory is not a mono symbol file
Symbol file data-0000013B360EA020 doesn't match image D:\Github\VR-projekt\VR projekt\Library\ScriptAssemblies\Unity.InputSystem.dll
Symbol file LoadedFromMemory is not a mono symbol file
Symbol file data-0000013B3A38C020 doesn't match image D:\Github\VR-projekt\VR projekt\Library\ScriptAssemblies\Unity.Rider.Editor.dll
Symbol file LoadedFromMemory is not a mono symbol file
Symbol file data-0000013B3B196030 doesn't match image D:\Github\VR-projekt\VR projekt\Library\ScriptAssemblies\Unity.PlasticSCM.Editor.dll
Symbol file LoadedFromMemory is not a mono symbol file
Symbol file data-0000013B3D297F00 doesn't match image D:\Github\VR-projekt\VR projekt\Library\ScriptAssemblies\Unity.Services.Core.Internal.dll
Symbol file LoadedFromMemory is not a mono symbol file
Symbol file data-0000013B3CF62F70 doesn't match image D:\Github\VR-projekt\VR projekt\Library\ScriptAssemblies\UnityEngine.UI.dll
Symbol file LoadedFromMemory is not a mono symbol file
Symbol file data-0000013B3768B620 doesn't match image D:\Github\VR-projekt\VR projekt\Library\ScriptAssemblies\Unity.Services.Core.Configuration.dll
Symbol file LoadedFromMemory is not a mono symbol file
Symbol file data-0000013B3768B620 doesn't match image D:\Github\VR-projekt\VR projekt\Library\ScriptAssemblies\Unity.Services.Core.dll
Symbol file LoadedFromMemory is not a mono symbol file
Symbol file data-0000013B39E5D030 doesn't match image D:\Github\VR-projekt\VR projekt\Library\ScriptAssemblies\Unity.VisualScripting.Core.dll
Symbol file LoadedFromMemory is not a mono symbol file
Symbol file data-0000013B3768B620 doesn't match image D:\Github\VR-projekt\VR projekt\Library\ScriptAssemblies\Unity.EditorCoroutines.Editor.dll
Symbol file LoadedFromMemory is not a mono symbol file
Symbol file data-0000013B39CCB010 doesn't match image D:\Github\VR-projekt\VR projekt\Library\ScriptAssemblies\Unity.Services.Core.Editor.dll
Symbol file LoadedFromMemory is not a mono symbol file
Symbol file data-0000013B3768B620 doesn't match image D:\Github\VR-projekt\VR projekt\Library\ScriptAssemblies\Unity.Services.Core.Configuration.Editor.dll
Symbol file LoadedFromMemory is not a mono symbol file
Symbol file data-0000013B3B040020 doesn't match image D:\Github\VR-projekt\VR projekt\Library\ScriptAssemblies\Cinemachine.dll
Symbol file LoadedFromMemory is not a mono symbol file
Symbol file data-0000013B395F4030 doesn't match image D:\Github\VR-projekt\VR projekt\Library\ScriptAssemblies\Unity.Services.Core.Analytics.dll
Symbol file LoadedFromMemory is not a mono symbol file
Symbol file data-0000013B3768B620 doesn't match image D:\Github\VR-projekt\VR projekt\Library\ScriptAssemblies\Unity.Services.Core.Registration.dll
Symbol file LoadedFromMemory is not a mono symbol file
Symbol file data-0000013B31FD0D70 doesn't match image D:\Github\VR-projekt\VR projekt\Library\ScriptAssemblies\com.unity.cinemachine.editor.dll
Symbol file LoadedFromMemory is not a mono symbol file
Symbol file data-0000013B3768B620 doesn't match image D:\Github\VR-projekt\VR projekt\Library\ScriptAssemblies\Unity.VisualScripting.Shared.Editor.dll
Symbol file LoadedFromMemory is not a mono symbol file
Symbol file data-0000013B3768B620 doesn't match image D:\Github\VR-projekt\VR projekt\Library\ScriptAssemblies\Unity.Services.Core.Environments.dll
Symbol file LoadedFromMemory is not a mono symbol file
Symbol file data-0000013B3768B620 doesn't match image D:\Github\VR-projekt\VR projekt\Library\ScriptAssemblies\Polyperfect.Universal.dll
Symbol file LoadedFromMemory is not a mono symbol file
Symbol file data-0000013B3768B620 doesn't match image D:\Github\VR-projekt\VR projekt\Library\ScriptAssemblies\Unity.Services.Core.Scheduler.dll
Symbol file LoadedFromMemory is not a mono symbol file
Symbol file data-0000013B3768B620 doesn't match image D:\Github\VR-projekt\VR projekt\Library\ScriptAssemblies\Unity.Services.Core.Environments.Internal.dll
Symbol file LoadedFromMemory is not a mono symbol file
Symbol file data-0000013B36308030 doesn't match image D:\Github\VR-projekt\VR projekt\Library\ScriptAssemblies\Unity.Timeline.Editor.dll
Symbol file LoadedFromMemory is not a mono symbol file
Symbol file data-0000013B39CD3020 doesn't match image D:\Github\VR-projekt\VR projekt\Library\ScriptAssemblies\Unity.Settings.Editor.dll
Symbol file LoadedFromMemory is not a mono symbol file
Symbol file data-0000013B397CA020 doesn't match image D:\Github\VR-projekt\VR projekt\Library\ScriptAssemblies\Unity.CollabProxy.Editor.dll
Symbol file LoadedFromMemory is not a mono symbol file
Symbol file data-0000013B3768B620 doesn't match image D:\Github\VR-projekt\VR projekt\Library\ScriptAssemblies\Unity.Services.Core.Threading.dll
Symbol file LoadedFromMemory is not a mono symbol file
Symbol file data-0000013B397CA020 doesn't match image D:\Github\VR-projekt\VR projekt\Library\ScriptAssemblies\Unity.TestTools.CodeCoverage.Editor.dll
Symbol file LoadedFromMemory is not a mono symbol file
Symbol file data-0000013B362F8020 doesn't match image D:\Github\VR-projekt\VR projekt\Library\ScriptAssemblies\Unity.VisualScripting.State.dll
Symbol file LoadedFromMemory is not a mono symbol file
Symbol file data-0000013B3768B620 doesn't match image D:\Github\VR-projekt\VR projekt\Library\ScriptAssemblies\Unity.Services.Core.Device.dll
Symbol file LoadedFromMemory is not a mono symbol file
Symbol file LoadedFromMemory doesn't match image D:\Github\VR-projekt\VR projekt\Library\PackageCache\com.unity.visualscripting@1.7.8\Editor\VisualScripting.Core\Dependencies\YamlDotNet\Unity.VisualScripting.YamlDotNet.dll
Symbol file LoadedFromMemory doesn't match image D:\Github\VR-projekt\VR projekt\Library\PackageCache\com.unity.visualscripting@1.7.8\Editor\VisualScripting.Core\Dependencies\DotNetZip\Unity.VisualScripting.IonicZip.dll
Native extension for WindowsStandalone target not found
Refreshing native plugins compatible for Editor in 3.66 ms, found 3 plugins.
Preloading 0 native plugins for Editor in 0.00 ms.
Mono: successfully reloaded assembly
- Completed reload, in  3.305 seconds
Domain Reload Profiling:
	ReloadAssembly (3307ms)
		BeginReloadAssembly (272ms)
			ExecutionOrderSort (0ms)
			DisableScriptedObjects (7ms)
			BackupInstance (0ms)
			ReleaseScriptingObjects (0ms)
			CreateAndSetChildDomain (69ms)
		EndReloadAssembly (2836ms)
			LoadAssemblies (192ms)
			RebuildTransferFunctionScriptingTraits (1ms)
			SetupTypeCache (745ms)
			ReleaseScriptCaches (2ms)
			RebuildScriptCaches (97ms)
			SetupLoadedEditorAssemblies (1674ms)
				LogAssemblyErrors (0ms)
				InitializePlatformSupportModulesInManaged (28ms)
				SetLoadedEditorAssemblies (1ms)
				RefreshPlugins (4ms)
				BeforeProcessingInitializeOnLoad (191ms)
				ProcessInitializeOnLoadAttributes (1280ms)
				ProcessInitializeOnLoadMethodAttributes (122ms)
				AfterProcessingInitializeOnLoad (47ms)
				EditorAssembliesLoaded (0ms)
			ExecutionOrderSort2 (0ms)
			AwakeInstancesAfterBackupRestoration (18ms)
Platform modules already initialized, skipping
Refreshing native plugins compatible for Editor in 3.25 ms, found 3 plugins.
Preloading 0 native plugins for Editor in 0.00 ms.
Unloading 3854 Unused Serialized files (Serialized files now loaded: 0)
Unloading 23 unused Assets / (149.8 KB). Loaded Objects now: 4366.
Memory consumption went from 161.2 MB to 161.1 MB.
Total: 8.971800 ms (FindLiveObjects: 0.386200 ms CreateObjectMapping: 0.413100 ms MarkObjects: 8.032500 ms  DeleteObjects: 0.138400 ms)

AssetImportParameters requested are different than current active one (requested -> active):
  custom:video-decoder-ogg-theora: a1e56fd34408186e4bbccfd4996cb3dc -> 
  custom:container-muxer-webm: aa71ff27fc2769a1b78a27578f13a17b -> 
  custom:container-demuxer-webm: 4f35f7cbe854078d1ac9338744f61a02 -> 
  custom:video-encoder-webm-vp8: eb34c28f22e8b96e1ab97ce403110664 -> 
  custom:audio-encoder-webm-vorbis: bf7c407c2cedff20999df2af8eb42d56 -> 
  custom:framework-win-MediaFoundation: 216162199b28c13a410421893ffa2e32 -> 
  custom:container-demuxer-ogg: 62fdf1f143b41e24485cea50d1cbac27 -> 
  custom:video-decoder-webm-vp8: 9c59270c3fd7afecdb556c50c9e8de78 -> 
  custom:audio-decoder-ogg-vorbis: bf7c407c2cedff20999df2af8eb42d56 -> 
Editor requested this worker to shutdown with reason: Scaling down because of idle timeout
AssetImportWorker is now disconnected from the server
Process exiting
Exiting without the bug reporter. Application will terminate with return code 0