Using pre-set license
Built from '2021.3/staging' branch; Version is '2021.3.4f1 (cb45f9cae8b7) revision 13321721'; Using compiler version '192829333'; Build Type 'Release'
OS: 'Windows 10  (10.0.19045) 64bit Core' Language: 'pl' Physical Memory: 16304 MB
BatchMode: 1, IsHumanControllingUs: 0, StartBugReporterOnCrash: 0, Is64bit: 1, IsPro: 1

COMMAND LINE ARGUMENTS:
F:\Unity\2021.3.4f1-x86_64\Editor\Unity.exe
-adb2
-batchMode
-noUpm
-name
AssetImportWorker42
-projectPath
D:/Github/VR-projekt/VR projekt
-logFile
Logs/AssetImportWorker42.log
-srvPort
51567
Successfully changed project path to: D:/Github/VR-projekt/VR projekt
D:/Github/VR-projekt/VR projekt
[UnityMemory] Configuration Parameters - Can be set up in boot.config
    "memorysetup-bucket-allocator-granularity=16"
    "memorysetup-bucket-allocator-bucket-count=8"
    "memorysetup-bucket-allocator-block-size=33554432"
    "memorysetup-bucket-allocator-block-count=8"
    "memorysetup-main-allocator-block-size=16777216"
    "memorysetup-thread-allocator-block-size=16777216"
    "memorysetup-gfx-main-allocator-block-size=16777216"
    "memorysetup-gfx-thread-allocator-block-size=16777216"
    "memorysetup-cache-allocator-block-size=4194304"
    "memorysetup-typetree-allocator-block-size=2097152"
    "memorysetup-profiler-bucket-allocator-granularity=16"
    "memorysetup-profiler-bucket-allocator-bucket-count=8"
    "memorysetup-profiler-bucket-allocator-block-size=33554432"
    "memorysetup-profiler-bucket-allocator-block-count=8"
    "memorysetup-profiler-allocator-block-size=16777216"
    "memorysetup-profiler-editor-allocator-block-size=1048576"
    "memorysetup-temp-allocator-size-main=16777216"
    "memorysetup-job-temp-allocator-block-size=2097152"
    "memorysetup-job-temp-allocator-block-size-background=1048576"
    "memorysetup-job-temp-allocator-reduction-small-platforms=262144"
    "memorysetup-temp-allocator-size-background-worker=32768"
    "memorysetup-temp-allocator-size-job-worker=262144"
    "memorysetup-temp-allocator-size-preload-manager=33554432"
    "memorysetup-temp-allocator-size-nav-mesh-worker=65536"
    "memorysetup-temp-allocator-size-audio-worker=65536"
    "memorysetup-temp-allocator-size-cloud-worker=32768"
    "memorysetup-temp-allocator-size-gi-baking-worker=262144"
    "memorysetup-temp-allocator-size-gfx=262144"
Refreshing native plugins compatible for Editor in 218.24 ms, found 3 plugins.
Preloading 0 native plugins for Editor in 0.00 ms.
Initialize engine version: 2021.3.4f1 (cb45f9cae8b7)
[Subsystems] Discovering subsystems at path F:/Unity/2021.3.4f1-x86_64/Editor/Data/Resources/UnitySubsystems
[Subsystems] Discovering subsystems at path D:/Github/VR-projekt/VR projekt/Assets
GfxDevice: creating device client; threaded=0; jobified=0
Direct3D:
    Version:  Direct3D 11.0 [level 11.1]
    Renderer: NVIDIA GeForce GTX 1650 (ID=0x1f91)
    Vendor:   NVIDIA
    VRAM:     3949 MB
    Driver:   31.0.15.2824
Initialize mono
Mono path[0] = 'F:/Unity/2021.3.4f1-x86_64/Editor/Data/Managed'
Mono path[1] = 'F:/Unity/2021.3.4f1-x86_64/Editor/Data/MonoBleedingEdge/lib/mono/unityjit-win32'
Mono config path = 'F:/Unity/2021.3.4f1-x86_64/Editor/Data/MonoBleedingEdge/etc'
Using monoOptions --debugger-agent=transport=dt_socket,embedding=1,server=y,suspend=n,address=127.0.0.1:56628
Begin MonoManager ReloadAssembly
Registering precompiled unity dll's ...
Register platform support module: F:/Unity/2021.3.4f1-x86_64/Editor/Data/PlaybackEngines/WindowsStandaloneSupport/UnityEditor.WindowsStandalone.Extensions.dll
Registered in 0.007299 seconds.
Native extension for WindowsStandalone target not found
Refreshing native plugins compatible for Editor in 139.88 ms, found 3 plugins.
Preloading 0 native plugins for Editor in 0.00 ms.
Mono: successfully reloaded assembly
- Completed reload, in  0.933 seconds
Domain Reload Profiling:
	ReloadAssembly (935ms)
		BeginReloadAssembly (105ms)
			ExecutionOrderSort (0ms)
			DisableScriptedObjects (0ms)
			BackupInstance (0ms)
			ReleaseScriptingObjects (0ms)
			CreateAndSetChildDomain (1ms)
		EndReloadAssembly (678ms)
			LoadAssemblies (101ms)
			RebuildTransferFunctionScriptingTraits (0ms)
			SetupTypeCache (160ms)
			ReleaseScriptCaches (0ms)
			RebuildScriptCaches (58ms)
			SetupLoadedEditorAssemblies (394ms)
				LogAssemblyErrors (0ms)
				InitializePlatformSupportModulesInManaged (8ms)
				SetLoadedEditorAssemblies (0ms)
				RefreshPlugins (140ms)
				BeforeProcessingInitializeOnLoad (2ms)
				ProcessInitializeOnLoadAttributes (185ms)
				ProcessInitializeOnLoadMethodAttributes (58ms)
				AfterProcessingInitializeOnLoad (0ms)
				EditorAssembliesLoaded (0ms)
			ExecutionOrderSort2 (0ms)
			AwakeInstancesAfterBackupRestoration (0ms)
Platform modules already initialized, skipping
Registering precompiled user dll's ...
Registered in 0.005097 seconds.
Begin MonoManager ReloadAssembly
Symbol file data-000001DF49B462B0 doesn't match image D:\Github\VR-projekt\VR projekt\Library\ScriptAssemblies\Assembly-CSharp.dll
Symbol file LoadedFromMemory is not a mono symbol file
Symbol file data-000001DF49B462B0 doesn't match image D:\Github\VR-projekt\VR projekt\Library\ScriptAssemblies\Assembly-CSharp-Editor.dll
Symbol file LoadedFromMemory is not a mono symbol file
Symbol file data-000001DF4844B840 doesn't match image D:\Github\VR-projekt\VR projekt\Library\ScriptAssemblies\Unity.VisualScripting.Flow.Editor.dll
Symbol file LoadedFromMemory is not a mono symbol file
Symbol file data-000001DF48436030 doesn't match image D:\Github\VR-projekt\VR projekt\Library\ScriptAssemblies\Unity.VSCode.Editor.dll
Symbol file LoadedFromMemory is not a mono symbol file
Symbol file data-000001DF484A5180 doesn't match image D:\Github\VR-projekt\VR projekt\Library\ScriptAssemblies\Unity.TextMeshPro.Editor.dll
Symbol file LoadedFromMemory is not a mono symbol file
Symbol file data-000001DF479DF030 doesn't match image D:\Github\VR-projekt\VR projekt\Library\ScriptAssemblies\Unity.Services.Core.Telemetry.dll
Symbol file LoadedFromMemory is not a mono symbol file
Symbol file data-000001DF485DE030 doesn't match image D:\Github\VR-projekt\VR projekt\Library\ScriptAssemblies\Unity.Performance.Profile-Analyzer.Editor.dll
Symbol file LoadedFromMemory is not a mono symbol file
Symbol file data-000001DF479DF030 doesn't match image D:\Github\VR-projekt\VR projekt\Library\ScriptAssemblies\Unity.TestTools.CodeCoverage.Editor.OpenCover.Model.dll
Symbol file LoadedFromMemory is not a mono symbol file
Symbol file data-000001DF479DF030 doesn't match image D:\Github\VR-projekt\VR projekt\Library\ScriptAssemblies\Unity.VisualStudio.Editor.dll
Symbol file LoadedFromMemory is not a mono symbol file
Symbol file data-000001DF48436030 doesn't match image D:\Github\VR-projekt\VR projekt\Library\ScriptAssemblies\UnityEngine.TestRunner.dll
Symbol file LoadedFromMemory is not a mono symbol file
Symbol file data-000001DF48436030 doesn't match image D:\Github\VR-projekt\VR projekt\Library\ScriptAssemblies\Unity.Timeline.dll
Symbol file LoadedFromMemory is not a mono symbol file
Symbol file data-000001DF43C14010 doesn't match image D:\Github\VR-projekt\VR projekt\Library\ScriptAssemblies\Unity.VisualScripting.Core.Editor.dll
Symbol file LoadedFromMemory is not a mono symbol file
Symbol file data-000001DF480C4C20 doesn't match image D:\Github\VR-projekt\VR projekt\Library\ScriptAssemblies\Unity.TextMeshPro.dll
Symbol file LoadedFromMemory is not a mono symbol file
Symbol file data-000001DF479DF030 doesn't match image D:\Github\VR-projekt\VR projekt\Library\ScriptAssemblies\Unity.VisualScripting.State.Editor.dll
Symbol file LoadedFromMemory is not a mono symbol file
Symbol file data-000001DF43F98010 doesn't match image D:\Github\VR-projekt\VR projekt\Library\ScriptAssemblies\UnityEditor.TestRunner.dll
Symbol file LoadedFromMemory is not a mono symbol file
Symbol file data-000001DF48460C50 doesn't match image D:\Github\VR-projekt\VR projekt\Library\ScriptAssemblies\Unity.Services.Core.Networking.dll
Symbol file LoadedFromMemory is not a mono symbol file
Symbol file data-000001DF485F8A40 doesn't match image D:\Github\VR-projekt\VR projekt\Library\ScriptAssemblies\Unity.VisualScripting.SettingsProvider.Editor.dll
Symbol file LoadedFromMemory is not a mono symbol file
Symbol file data-000001DF485F8A40 doesn't match image D:\Github\VR-projekt\VR projekt\Library\ScriptAssemblies\Unity.TestTools.CodeCoverage.Editor.OpenCover.Mono.Reflection.dll
Symbol file LoadedFromMemory is not a mono symbol file
Symbol file data-000001DF490D6010 doesn't match image D:\Github\VR-projekt\VR projekt\Library\ScriptAssemblies\Unity.VisualScripting.Flow.dll
Symbol file LoadedFromMemory is not a mono symbol file
Symbol file data-000001DF479DF030 doesn't match image D:\Github\VR-projekt\VR projekt\Library\ScriptAssemblies\UnityEditor.UI.dll
Symbol file LoadedFromMemory is not a mono symbol file
Symbol file data-000001DF490D6010 doesn't match image D:\Github\VR-projekt\VR projekt\Library\ScriptAssemblies\Unity.InputSystem.dll
Symbol file LoadedFromMemory is not a mono symbol file
Symbol file data-000001DF479DF030 doesn't match image D:\Github\VR-projekt\VR projekt\Library\ScriptAssemblies\Unity.Rider.Editor.dll
Symbol file LoadedFromMemory is not a mono symbol file
Symbol file data-000001DF490E8C20 doesn't match image D:\Github\VR-projekt\VR projekt\Library\ScriptAssemblies\Unity.PlasticSCM.Editor.dll
Symbol file LoadedFromMemory is not a mono symbol file
Symbol file data-000001DF480FC040 doesn't match image D:\Github\VR-projekt\VR projekt\Library\ScriptAssemblies\Unity.Services.Core.Internal.dll
Symbol file LoadedFromMemory is not a mono symbol file
Symbol file data-000001DF49125830 doesn't match image D:\Github\VR-projekt\VR projekt\Library\ScriptAssemblies\UnityEngine.UI.dll
Symbol file LoadedFromMemory is not a mono symbol file
Symbol file data-000001DF48442640 doesn't match image D:\Github\VR-projekt\VR projekt\Library\ScriptAssemblies\Unity.Services.Core.Configuration.dll
Symbol file LoadedFromMemory is not a mono symbol file
Symbol file data-000001DF48442640 doesn't match image D:\Github\VR-projekt\VR projekt\Library\ScriptAssemblies\Unity.Services.Core.dll
Symbol file LoadedFromMemory is not a mono symbol file
Symbol file data-000001DF49125830 doesn't match image D:\Github\VR-projekt\VR projekt\Library\ScriptAssemblies\Unity.VisualScripting.Core.dll
Symbol file LoadedFromMemory is not a mono symbol file
Symbol file data-000001DF48442640 doesn't match image D:\Github\VR-projekt\VR projekt\Library\ScriptAssemblies\Unity.EditorCoroutines.Editor.dll
Symbol file LoadedFromMemory is not a mono symbol file
Symbol file data-000001DF480FC040 doesn't match image D:\Github\VR-projekt\VR projekt\Library\ScriptAssemblies\Unity.Services.Core.Editor.dll
Symbol file LoadedFromMemory is not a mono symbol file
Symbol file data-000001DF485F8A40 doesn't match image D:\Github\VR-projekt\VR projekt\Library\ScriptAssemblies\Unity.Services.Core.Configuration.Editor.dll
Symbol file LoadedFromMemory is not a mono symbol file
Symbol file data-000001DF49125830 doesn't match image D:\Github\VR-projekt\VR projekt\Library\ScriptAssemblies\Cinemachine.dll
Symbol file LoadedFromMemory is not a mono symbol file
Symbol file data-000001DF485F8A40 doesn't match image D:\Github\VR-projekt\VR projekt\Library\ScriptAssemblies\Unity.Services.Core.Analytics.dll
Symbol file LoadedFromMemory is not a mono symbol file
Symbol file data-000001DF485F8A40 doesn't match image D:\Github\VR-projekt\VR projekt\Library\ScriptAssemblies\Unity.Services.Core.Registration.dll
Symbol file LoadedFromMemory is not a mono symbol file
Symbol file data-000001DF442C2FD0 doesn't match image D:\Github\VR-projekt\VR projekt\Library\ScriptAssemblies\com.unity.cinemachine.editor.dll
Symbol file LoadedFromMemory is not a mono symbol file
Symbol file data-000001DF43FFDC30 doesn't match image D:\Github\VR-projekt\VR projekt\Library\ScriptAssemblies\Unity.VisualScripting.Shared.Editor.dll
Symbol file LoadedFromMemory is not a mono symbol file
Symbol file data-000001DF43FFDC30 doesn't match image D:\Github\VR-projekt\VR projekt\Library\ScriptAssemblies\Unity.Services.Core.Environments.dll
Symbol file LoadedFromMemory is not a mono symbol file
Symbol file data-000001DF43FFDC30 doesn't match image D:\Github\VR-projekt\VR projekt\Library\ScriptAssemblies\Polyperfect.Universal.dll
Symbol file LoadedFromMemory is not a mono symbol file
Symbol file data-000001DF43FFDC30 doesn't match image D:\Github\VR-projekt\VR projekt\Library\ScriptAssemblies\Unity.Services.Core.Scheduler.dll
Symbol file LoadedFromMemory is not a mono symbol file
Symbol file data-000001DF43FFDC30 doesn't match image D:\Github\VR-projekt\VR projekt\Library\ScriptAssemblies\Unity.Services.Core.Environments.Internal.dll
Symbol file LoadedFromMemory is not a mono symbol file
Symbol file data-000001DF442C2FD0 doesn't match image D:\Github\VR-projekt\VR projekt\Library\ScriptAssemblies\Unity.Timeline.Editor.dll
Symbol file LoadedFromMemory is not a mono symbol file
Symbol file data-000001DF4820EA40 doesn't match image D:\Github\VR-projekt\VR projekt\Library\ScriptAssemblies\Unity.Settings.Editor.dll
Symbol file LoadedFromMemory is not a mono symbol file
Symbol file data-000001DF49159040 doesn't match image D:\Github\VR-projekt\VR projekt\Library\ScriptAssemblies\Unity.CollabProxy.Editor.dll
Symbol file LoadedFromMemory is not a mono symbol file
Symbol file data-000001DF4820EA40 doesn't match image D:\Github\VR-projekt\VR projekt\Library\ScriptAssemblies\Unity.Services.Core.Threading.dll
Symbol file LoadedFromMemory is not a mono symbol file
Symbol file data-000001DF49159040 doesn't match image D:\Github\VR-projekt\VR projekt\Library\ScriptAssemblies\Unity.TestTools.CodeCoverage.Editor.dll
Symbol file LoadedFromMemory is not a mono symbol file
Symbol file data-000001DF4820EA40 doesn't match image D:\Github\VR-projekt\VR projekt\Library\ScriptAssemblies\Unity.VisualScripting.State.dll
Symbol file LoadedFromMemory is not a mono symbol file
Symbol file data-000001DF49240650 doesn't match image D:\Github\VR-projekt\VR projekt\Library\ScriptAssemblies\Unity.Services.Core.Device.dll
Symbol file LoadedFromMemory is not a mono symbol file
Symbol file LoadedFromMemory doesn't match image D:\Github\VR-projekt\VR projekt\Library\PackageCache\com.unity.visualscripting@1.7.8\Editor\VisualScripting.Core\Dependencies\YamlDotNet\Unity.VisualScripting.YamlDotNet.dll
Symbol file LoadedFromMemory doesn't match image D:\Github\VR-projekt\VR projekt\Library\PackageCache\com.unity.visualscripting@1.7.8\Editor\VisualScripting.Core\Dependencies\DotNetZip\Unity.VisualScripting.IonicZip.dll
Native extension for WindowsStandalone target not found
Refreshing native plugins compatible for Editor in 128.02 ms, found 3 plugins.
Preloading 0 native plugins for Editor in 0.00 ms.
Mono: successfully reloaded assembly
- Completed reload, in  2.024 seconds
Domain Reload Profiling:
	ReloadAssembly (2025ms)
		BeginReloadAssembly (204ms)
			ExecutionOrderSort (0ms)
			DisableScriptedObjects (8ms)
			BackupInstance (0ms)
			ReleaseScriptingObjects (0ms)
			CreateAndSetChildDomain (29ms)
		EndReloadAssembly (1656ms)
			LoadAssemblies (112ms)
			RebuildTransferFunctionScriptingTraits (0ms)
			SetupTypeCache (384ms)
			ReleaseScriptCaches (1ms)
			RebuildScriptCaches (80ms)
			SetupLoadedEditorAssemblies (1022ms)
				LogAssemblyErrors (0ms)
				InitializePlatformSupportModulesInManaged (6ms)
				SetLoadedEditorAssemblies (0ms)
				RefreshPlugins (128ms)
				BeforeProcessingInitializeOnLoad (126ms)
				ProcessInitializeOnLoadAttributes (696ms)
				ProcessInitializeOnLoadMethodAttributes (52ms)
				AfterProcessingInitializeOnLoad (13ms)
				EditorAssembliesLoaded (0ms)
			ExecutionOrderSort2 (0ms)
			AwakeInstancesAfterBackupRestoration (10ms)
Platform modules already initialized, skipping
========================================================================
Worker process is ready to serve import requests
Launched and connected shader compiler UnityShaderCompiler.exe after 0.06 seconds
Refreshing native plugins compatible for Editor in 1.98 ms, found 3 plugins.
Preloading 0 native plugins for Editor in 0.00 ms.
Unloading 3862 Unused Serialized files (Serialized files now loaded: 0)
Unloading 44 unused Assets / (181.9 KB). Loaded Objects now: 4343.
Memory consumption went from 152.6 MB to 152.4 MB.
Total: 9.585200 ms (FindLiveObjects: 0.531600 ms CreateObjectMapping: 0.467300 ms MarkObjects: 8.358400 ms  DeleteObjects: 0.226200 ms)

AssetImportParameters requested are different than current active one (requested -> active):
  custom:video-decoder-ogg-theora: a1e56fd34408186e4bbccfd4996cb3dc -> 
  custom:container-muxer-webm: aa71ff27fc2769a1b78a27578f13a17b -> 
  custom:container-demuxer-webm: 4f35f7cbe854078d1ac9338744f61a02 -> 
  custom:video-encoder-webm-vp8: eb34c28f22e8b96e1ab97ce403110664 -> 
  custom:audio-encoder-webm-vorbis: bf7c407c2cedff20999df2af8eb42d56 -> 
  custom:framework-win-MediaFoundation: 216162199b28c13a410421893ffa2e32 -> 
  custom:container-demuxer-ogg: 62fdf1f143b41e24485cea50d1cbac27 -> 
  custom:video-decoder-webm-vp8: 9c59270c3fd7afecdb556c50c9e8de78 -> 
  custom:audio-decoder-ogg-vorbis: bf7c407c2cedff20999df2af8eb42d56 -> 
========================================================================
Received Import Request.
  Time since last request: 9879.189498 seconds.
  path: Assets/CemeteryPack/Floor3.prefab
  artifactKey: Guid(686c0325ec383ff43bbcbb7d29a794a1) Importer(815301076,1909f56bfc062723c751e8b465ee728b)
Start importing Assets/CemeteryPack/Floor3.prefab using Guid(686c0325ec383ff43bbcbb7d29a794a1) Importer(815301076,1909f56bfc062723c751e8b465ee728b)  -> (artifact id: '3285392f609dc5089f197a41945b65fa') in 0.412328 seconds 
========================================================================
Received Import Request.
  Time since last request: 0.000034 seconds.
  path: Assets/CemeteryPack/Floor17.prefab
  artifactKey: Guid(d0ad3c3d6d2d20b45b15f81ab27aa2f5) Importer(815301076,1909f56bfc062723c751e8b465ee728b)
Start importing Assets/CemeteryPack/Floor17.prefab using Guid(d0ad3c3d6d2d20b45b15f81ab27aa2f5) Importer(815301076,1909f56bfc062723c751e8b465ee728b)  -> (artifact id: '1fdf3109c53fa5a2f180bc50fe457947') in 0.096322 seconds 
========================================================================
Received Import Request.
  Time since last request: 0.000049 seconds.
  path: Assets/CemeteryPack/Floor22.prefab
  artifactKey: Guid(db2072ae43366ab4eb84280e7bbae989) Importer(815301076,1909f56bfc062723c751e8b465ee728b)
Start importing Assets/CemeteryPack/Floor22.prefab using Guid(db2072ae43366ab4eb84280e7bbae989) Importer(815301076,1909f56bfc062723c751e8b465ee728b)  -> (artifact id: 'cc54fafb04fa6ca09176709f04bf201d') in 0.082039 seconds 
========================================================================
Received Import Request.
  Time since last request: 0.000028 seconds.
  path: Assets/CemeteryPack/FloorCircle.prefab
  artifactKey: Guid(7ab747b445b2b99408bf13ab408ad521) Importer(815301076,1909f56bfc062723c751e8b465ee728b)
Start importing Assets/CemeteryPack/FloorCircle.prefab using Guid(7ab747b445b2b99408bf13ab408ad521) Importer(815301076,1909f56bfc062723c751e8b465ee728b)  -> (artifact id: '83ce8154474f1f3aa4be90850462042e') in 0.046699 seconds 
========================================================================
Received Import Request.
  Time since last request: 0.002132 seconds.
  path: Assets/CemeteryPack/MetObj_Fence2.prefab
  artifactKey: Guid(9cd69f976eeeb8849975bba487d6d4fc) Importer(815301076,1909f56bfc062723c751e8b465ee728b)
Start importing Assets/CemeteryPack/MetObj_Fence2.prefab using Guid(9cd69f976eeeb8849975bba487d6d4fc) Importer(815301076,1909f56bfc062723c751e8b465ee728b)  -> (artifact id: 'e270422330c73c77ae64de50e8794ba4') in 0.041554 seconds 
========================================================================
Received Import Request.
  Time since last request: 0.000088 seconds.
  path: Assets/CemeteryPack/FloorFoundation7.prefab
  artifactKey: Guid(796fa319205fc9e4e83dd632eec1aaff) Importer(815301076,1909f56bfc062723c751e8b465ee728b)
Start importing Assets/CemeteryPack/FloorFoundation7.prefab using Guid(796fa319205fc9e4e83dd632eec1aaff) Importer(815301076,1909f56bfc062723c751e8b465ee728b)  -> (artifact id: 'e101f0d32be053bacf84b1c0bda18cf3') in 0.071161 seconds 
========================================================================
Received Import Request.
  Time since last request: 0.203526 seconds.
  path: Assets/CemeteryPack/MetObj_FenceFoundation10.prefab
  artifactKey: Guid(979f0c40fb8b100438c634bfbf423279) Importer(815301076,1909f56bfc062723c751e8b465ee728b)
Start importing Assets/CemeteryPack/MetObj_FenceFoundation10.prefab using Guid(979f0c40fb8b100438c634bfbf423279) Importer(815301076,1909f56bfc062723c751e8b465ee728b)  -> (artifact id: '7661100c994434c92c781ba351ccbe50') in 0.023423 seconds 
========================================================================
Received Import Request.
  Time since last request: 0.000029 seconds.
  path: Assets/CemeteryPack/MetObj_FenceFoundation14.prefab
  artifactKey: Guid(3d02f20b242fed94fb5e314a2b2d669e) Importer(815301076,1909f56bfc062723c751e8b465ee728b)
Start importing Assets/CemeteryPack/MetObj_FenceFoundation14.prefab using Guid(3d02f20b242fed94fb5e314a2b2d669e) Importer(815301076,1909f56bfc062723c751e8b465ee728b)  -> (artifact id: '618f2ee78727ffe2a915697f7c3a8652') in 0.046322 seconds 
========================================================================
Received Import Request.
  Time since last request: 0.003108 seconds.
  path: Assets/CemeteryPack/TombstonesCoffinWood.005.prefab
  artifactKey: Guid(e229efc04a66c6c489db8033164da58d) Importer(815301076,1909f56bfc062723c751e8b465ee728b)
Start importing Assets/CemeteryPack/TombstonesCoffinWood.005.prefab using Guid(e229efc04a66c6c489db8033164da58d) Importer(815301076,1909f56bfc062723c751e8b465ee728b)  -> (artifact id: '189cff93434ede7cc0197df05f50c42c') in 0.064935 seconds 
========================================================================
Received Import Request.
  Time since last request: 0.000077 seconds.
  path: Assets/CemeteryPack/Tombstones.001.prefab
  artifactKey: Guid(72acfbeb17f3f3b4a8308cec03df077a) Importer(815301076,1909f56bfc062723c751e8b465ee728b)
Start importing Assets/CemeteryPack/Tombstones.001.prefab using Guid(72acfbeb17f3f3b4a8308cec03df077a) Importer(815301076,1909f56bfc062723c751e8b465ee728b)  -> (artifact id: '1a2f4f592dcb8d18f3497c00dea666b8') in 0.047299 seconds 
========================================================================
Received Import Request.
  Time since last request: 0.000831 seconds.
  path: Assets/CemeteryPack/MetObj_FenceFoundation21.prefab
  artifactKey: Guid(38a4e57b69c06af48af51e0e3b6e6511) Importer(815301076,1909f56bfc062723c751e8b465ee728b)
Start importing Assets/CemeteryPack/MetObj_FenceFoundation21.prefab using Guid(38a4e57b69c06af48af51e0e3b6e6511) Importer(815301076,1909f56bfc062723c751e8b465ee728b)  -> (artifact id: '07e9d0d00760433e8d8553d05e18bb48') in 0.044583 seconds 
========================================================================
Received Import Request.
  Time since last request: 14.235851 seconds.
  path: Assets/FantasyWillageHouse/house_2.prefab
  artifactKey: Guid(c6b9f431057ac714fa926966a1743210) Importer(815301076,1909f56bfc062723c751e8b465ee728b)
Start importing Assets/FantasyWillageHouse/house_2.prefab using Guid(c6b9f431057ac714fa926966a1743210) Importer(815301076,1909f56bfc062723c751e8b465ee728b)  -> (artifact id: '9b2f64ff52197788cb98137f91535731') in 0.098306 seconds 
Editor requested this worker to shutdown with reason: Scaling down because of idle timeout
AssetImportWorker is now disconnected from the server
Process exiting
Exiting without the bug reporter. Application will terminate with return code 0