Using pre-set license
Built from '2021.3/staging' branch; Version is '2021.3.15f1 (e8e88683f834) revision 15263878'; Using compiler version '192829333'; Build Type 'Release'
OS: 'Windows 10  (10.0.19045) 64bit Core' Language: 'pl' Physical Memory: 16304 MB
BatchMode: 1, IsHumanControllingUs: 0, StartBugReporterOnCrash: 0, Is64bit: 1, IsPro: 1

COMMAND LINE ARGUMENTS:
F:\Unity\2021.3.15f1\Editor\Unity.exe
-adb2
-batchMode
-noUpm
-name
AssetImportWorker21
-projectPath
F:/Github/VR-projekt/VR projekt
-logFile
Logs/AssetImportWorker21.log
-srvPort
52652
Successfully changed project path to: F:/Github/VR-projekt/VR projekt
F:/Github/VR-projekt/VR projekt
[UnityMemory] Configuration Parameters - Can be set up in boot.config
    "memorysetup-bucket-allocator-granularity=16"
    "memorysetup-bucket-allocator-bucket-count=8"
    "memorysetup-bucket-allocator-block-size=33554432"
    "memorysetup-bucket-allocator-block-count=8"
    "memorysetup-main-allocator-block-size=16777216"
    "memorysetup-thread-allocator-block-size=16777216"
    "memorysetup-gfx-main-allocator-block-size=16777216"
    "memorysetup-gfx-thread-allocator-block-size=16777216"
    "memorysetup-cache-allocator-block-size=4194304"
    "memorysetup-typetree-allocator-block-size=2097152"
    "memorysetup-profiler-bucket-allocator-granularity=16"
    "memorysetup-profiler-bucket-allocator-bucket-count=8"
    "memorysetup-profiler-bucket-allocator-block-size=33554432"
    "memorysetup-profiler-bucket-allocator-block-count=8"
    "memorysetup-profiler-allocator-block-size=16777216"
    "memorysetup-profiler-editor-allocator-block-size=1048576"
    "memorysetup-temp-allocator-size-main=16777216"
    "memorysetup-job-temp-allocator-block-size=2097152"
    "memorysetup-job-temp-allocator-block-size-background=1048576"
    "memorysetup-job-temp-allocator-reduction-small-platforms=262144"
    "memorysetup-temp-allocator-size-background-worker=32768"
    "memorysetup-temp-allocator-size-job-worker=262144"
    "memorysetup-temp-allocator-size-preload-manager=33554432"
    "memorysetup-temp-allocator-size-nav-mesh-worker=65536"
    "memorysetup-temp-allocator-size-audio-worker=65536"
    "memorysetup-temp-allocator-size-cloud-worker=32768"
    "memorysetup-temp-allocator-size-gi-baking-worker=262144"
    "memorysetup-temp-allocator-size-gfx=262144"
Player connection [18604] Host "[IP] 192.168.0.11 [Port] 0 [Flags] 2 [Guid] 2637516164 [EditorId] 2637516164 [Version] 1048832 [Id] WindowsEditor(7,DESKTOP-MN4RVAM) [Debug] 1 [PackageName] WindowsEditor [ProjectName] Editor" joined multi-casting on [225.0.0.222:54997]...

Player connection [18604] Host "[IP] 192.168.0.11 [Port] 0 [Flags] 2 [Guid] 2637516164 [EditorId] 2637516164 [Version] 1048832 [Id] WindowsEditor(7,DESKTOP-MN4RVAM) [Debug] 1 [PackageName] WindowsEditor [ProjectName] Editor" joined alternative multi-casting on [225.0.0.222:34997]...

Refreshing native plugins compatible for Editor in 164.83 ms, found 3 plugins.
Preloading 0 native plugins for Editor in 0.00 ms.
Initialize engine version: 2021.3.15f1 (e8e88683f834)
[Subsystems] Discovering subsystems at path F:/Unity/2021.3.15f1/Editor/Data/Resources/UnitySubsystems
[Subsystems] Discovering subsystems at path F:/Github/VR-projekt/VR projekt/Assets
GfxDevice: creating device client; threaded=0; jobified=0
Direct3D:
    Version:  Direct3D 11.0 [level 11.1]
    Renderer: NVIDIA GeForce GTX 1650 (ID=0x1f91)
    Vendor:   NVIDIA
    VRAM:     3949 MB
    Driver:   31.0.15.2824
Initialize mono
Mono path[0] = 'F:/Unity/2021.3.15f1/Editor/Data/Managed'
Mono path[1] = 'F:/Unity/2021.3.15f1/Editor/Data/MonoBleedingEdge/lib/mono/unityjit-win32'
Mono config path = 'F:/Unity/2021.3.15f1/Editor/Data/MonoBleedingEdge/etc'
Using monoOptions --debugger-agent=transport=dt_socket,embedding=1,server=y,suspend=n,address=127.0.0.1:56036
Begin MonoManager ReloadAssembly
Registering precompiled unity dll's ...
Register platform support module: F:/Unity/2021.3.15f1/Editor/Data/PlaybackEngines/WindowsStandaloneSupport/UnityEditor.WindowsStandalone.Extensions.dll
Registered in 0.008283 seconds.
Native extension for WindowsStandalone target not found
Refreshing native plugins compatible for Editor in 155.95 ms, found 3 plugins.
Preloading 0 native plugins for Editor in 0.00 ms.
Mono: successfully reloaded assembly
- Completed reload, in  1.171 seconds
Domain Reload Profiling:
	ReloadAssembly (1172ms)
		BeginReloadAssembly (193ms)
			ExecutionOrderSort (0ms)
			DisableScriptedObjects (0ms)
			BackupInstance (0ms)
			ReleaseScriptingObjects (0ms)
			CreateAndSetChildDomain (1ms)
		EndReloadAssembly (784ms)
			LoadAssemblies (188ms)
			RebuildTransferFunctionScriptingTraits (0ms)
			SetupTypeCache (195ms)
			ReleaseScriptCaches (0ms)
			RebuildScriptCaches (44ms)
			SetupLoadedEditorAssemblies (463ms)
				LogAssemblyErrors (0ms)
				InitializePlatformSupportModulesInManaged (11ms)
				SetLoadedEditorAssemblies (0ms)
				RefreshPlugins (156ms)
				BeforeProcessingInitializeOnLoad (2ms)
				ProcessInitializeOnLoadAttributes (220ms)
				ProcessInitializeOnLoadMethodAttributes (73ms)
				AfterProcessingInitializeOnLoad (0ms)
				EditorAssembliesLoaded (0ms)
			ExecutionOrderSort2 (0ms)
			AwakeInstancesAfterBackupRestoration (0ms)
Platform modules already initialized, skipping
Registering precompiled user dll's ...
Registered in 0.011761 seconds.
Begin MonoManager ReloadAssembly
Symbol file LoadedFromMemory doesn't match image F:\Github\VR-projekt\VR projekt\Library\PackageCache\com.unity.visualscripting@1.7.8\Editor\VisualScripting.Core\Dependencies\YamlDotNet\Unity.VisualScripting.YamlDotNet.dll
Symbol file LoadedFromMemory doesn't match image F:\Github\VR-projekt\VR projekt\Library\PackageCache\com.unity.visualscripting@1.7.8\Editor\VisualScripting.Core\Dependencies\DotNetZip\Unity.VisualScripting.IonicZip.dll
Native extension for WindowsStandalone target not found
Refreshing native plugins compatible for Editor in 149.71 ms, found 3 plugins.
Preloading 0 native plugins for Editor in 0.00 ms.
Mono: successfully reloaded assembly
- Completed reload, in  2.358 seconds
Domain Reload Profiling:
	ReloadAssembly (2359ms)
		BeginReloadAssembly (183ms)
			ExecutionOrderSort (0ms)
			DisableScriptedObjects (10ms)
			BackupInstance (0ms)
			ReleaseScriptingObjects (0ms)
			CreateAndSetChildDomain (33ms)
		EndReloadAssembly (1965ms)
			LoadAssemblies (142ms)
			RebuildTransferFunctionScriptingTraits (0ms)
			SetupTypeCache (552ms)
			ReleaseScriptCaches (1ms)
			RebuildScriptCaches (91ms)
			SetupLoadedEditorAssemblies (1116ms)
				LogAssemblyErrors (0ms)
				InitializePlatformSupportModulesInManaged (8ms)
				SetLoadedEditorAssemblies (0ms)
				RefreshPlugins (150ms)
				BeforeProcessingInitializeOnLoad (158ms)
				ProcessInitializeOnLoadAttributes (739ms)
				ProcessInitializeOnLoadMethodAttributes (44ms)
				AfterProcessingInitializeOnLoad (16ms)
				EditorAssembliesLoaded (0ms)
			ExecutionOrderSort2 (0ms)
			AwakeInstancesAfterBackupRestoration (9ms)
Platform modules already initialized, skipping
========================================================================
Worker process is ready to serve import requests
Launched and connected shader compiler UnityShaderCompiler.exe after 0.09 seconds
Refreshing native plugins compatible for Editor in 1.48 ms, found 3 plugins.
Preloading 0 native plugins for Editor in 0.00 ms.
Unloading 3883 Unused Serialized files (Serialized files now loaded: 0)
Unloading 44 unused Assets / (185.3 KB). Loaded Objects now: 4358.
Memory consumption went from 151.4 MB to 151.2 MB.
Total: 7.290100 ms (FindLiveObjects: 0.401700 ms CreateObjectMapping: 0.324000 ms MarkObjects: 6.353400 ms  DeleteObjects: 0.209100 ms)

AssetImportParameters requested are different than current active one (requested -> active):
  custom:video-decoder-ogg-theora: a1e56fd34408186e4bbccfd4996cb3dc -> 
  custom:container-muxer-webm: aa71ff27fc2769a1b78a27578f13a17b -> 
  custom:container-demuxer-webm: 4f35f7cbe854078d1ac9338744f61a02 -> 
  custom:video-encoder-webm-vp8: eb34c28f22e8b96e1ab97ce403110664 -> 
  custom:audio-encoder-webm-vorbis: bf7c407c2cedff20999df2af8eb42d56 -> 
  custom:framework-win-MediaFoundation: 216162199b28c13a410421893ffa2e32 -> 
  custom:container-demuxer-ogg: 62fdf1f143b41e24485cea50d1cbac27 -> 
  custom:video-decoder-webm-vp8: 9c59270c3fd7afecdb556c50c9e8de78 -> 
  custom:audio-decoder-ogg-vorbis: bf7c407c2cedff20999df2af8eb42d56 -> 
========================================================================
Received Import Request.
  Time since last request: 13529.568607 seconds.
  path: Assets/FREE_Cartoon_Halloween_Pack/_Prefabs/Fence.prefab
  artifactKey: Guid(bb44ef16b180b6941bbe4caf411f6249) Importer(815301076,1909f56bfc062723c751e8b465ee728b)
Start importing Assets/FREE_Cartoon_Halloween_Pack/_Prefabs/Fence.prefab using Guid(bb44ef16b180b6941bbe4caf411f6249) Importer(815301076,1909f56bfc062723c751e8b465ee728b)  -> (artifact id: 'be8c0e21260b6e036ec5372774c39733') in 0.311278 seconds 
========================================================================
Received Import Request.
  Time since last request: 60.635498 seconds.
  path: Assets/Medieval_LowPoly_Carts_Free/carts512.psd
  artifactKey: Guid(09ba063a64d97724e8cbcda103e49e10) Importer(815301076,1909f56bfc062723c751e8b465ee728b)
Start importing Assets/Medieval_LowPoly_Carts_Free/carts512.psd using Guid(09ba063a64d97724e8cbcda103e49e10) Importer(815301076,1909f56bfc062723c751e8b465ee728b)  -> (artifact id: 'd48c55dcb83ac261de0b25d7ed5ec08d') in 0.038532 seconds 
========================================================================
Received Import Request.
  Time since last request: 4.758177 seconds.
  path: Assets/Medieval_LowPoly_Carts_Free/Prefabs/Cart_Stand1.prefab
  artifactKey: Guid(0b8c2c3ec5a891d4ba1aa54bebe7916c) Importer(815301076,1909f56bfc062723c751e8b465ee728b)
Start importing Assets/Medieval_LowPoly_Carts_Free/Prefabs/Cart_Stand1.prefab using Guid(0b8c2c3ec5a891d4ba1aa54bebe7916c) Importer(815301076,1909f56bfc062723c751e8b465ee728b)  -> (artifact id: '162648ac1333160bbd3144b3ef8fba3c') in 0.037480 seconds 
========================================================================
Received Import Request.
  Time since last request: 123.831442 seconds.
  path: Assets/Medieval_LowPoly_Carts_Free/Cart_Stand1.prefab
  artifactKey: Guid(0b8c2c3ec5a891d4ba1aa54bebe7916c) Importer(815301076,1909f56bfc062723c751e8b465ee728b)
Start importing Assets/Medieval_LowPoly_Carts_Free/Cart_Stand1.prefab using Guid(0b8c2c3ec5a891d4ba1aa54bebe7916c) Importer(815301076,1909f56bfc062723c751e8b465ee728b)  -> (artifact id: '5394cc92d3fa27950139262ad03c9517') in 0.019827 seconds 
========================================================================
Received Import Request.
  Time since last request: 13.222280 seconds.
  path: Assets/Stylized_Labs/Stylized_Fantasy/Props_Sample/Prefabs/SM_Bench.prefab
  artifactKey: Guid(367e395222ab9874c84a74b0c824ad76) Importer(815301076,1909f56bfc062723c751e8b465ee728b)
Start importing Assets/Stylized_Labs/Stylized_Fantasy/Props_Sample/Prefabs/SM_Bench.prefab using Guid(367e395222ab9874c84a74b0c824ad76) Importer(815301076,1909f56bfc062723c751e8b465ee728b)  -> (artifact id: '15d4e6421899164b5354bdcfc5167d8f') in 0.470124 seconds 
========================================================================
Received Import Request.
  Time since last request: 0.000030 seconds.
  path: Assets/Stylized_Labs/Stylized_Fantasy/Props_Sample/Prefabs/SM_Fence_3.prefab
  artifactKey: Guid(b2a3a6777e0fb2e49996f2acc526131a) Importer(815301076,1909f56bfc062723c751e8b465ee728b)
Start importing Assets/Stylized_Labs/Stylized_Fantasy/Props_Sample/Prefabs/SM_Fence_3.prefab using Guid(b2a3a6777e0fb2e49996f2acc526131a) Importer(815301076,1909f56bfc062723c751e8b465ee728b)  -> (artifact id: 'd4ca83ac9d65862f50c22a44539f967b') in 0.033307 seconds 
========================================================================
Received Import Request.
  Time since last request: 0.000042 seconds.
  path: Assets/Stylized_Labs/Stylized_Fantasy/Props_Sample/Prefabs/SM_Sign_2.prefab
  artifactKey: Guid(03e1f310bef02c8488d781c1bcbc70c1) Importer(815301076,1909f56bfc062723c751e8b465ee728b)
Start importing Assets/Stylized_Labs/Stylized_Fantasy/Props_Sample/Prefabs/SM_Sign_2.prefab using Guid(03e1f310bef02c8488d781c1bcbc70c1) Importer(815301076,1909f56bfc062723c751e8b465ee728b)  -> (artifact id: '279deae4345953f8c5ed4ef618d3c156') in 0.033889 seconds 
========================================================================
Received Import Request.
  Time since last request: 0.000032 seconds.
  path: Assets/Stylized_Labs/Stylized_Fantasy/Props_Sample/Prefabs/SM_Wooden_Log_3.prefab
  artifactKey: Guid(e0ef1d1ef18d50b438699b1f9496736a) Importer(815301076,1909f56bfc062723c751e8b465ee728b)
Start importing Assets/Stylized_Labs/Stylized_Fantasy/Props_Sample/Prefabs/SM_Wooden_Log_3.prefab using Guid(e0ef1d1ef18d50b438699b1f9496736a) Importer(815301076,1909f56bfc062723c751e8b465ee728b)  -> (artifact id: '85eca2b40ed18676c966eda06fd09dc4') in 0.233901 seconds 
========================================================================
Received Import Request.
  Time since last request: 0.000029 seconds.
  path: Assets/Stylized_Labs/Stylized_Fantasy/Props_Sample/Prefabs/SM_Fence_2.prefab
  artifactKey: Guid(f5df267a950645a4fa6c5336047ac27a) Importer(815301076,1909f56bfc062723c751e8b465ee728b)
Start importing Assets/Stylized_Labs/Stylized_Fantasy/Props_Sample/Prefabs/SM_Fence_2.prefab using Guid(f5df267a950645a4fa6c5336047ac27a) Importer(815301076,1909f56bfc062723c751e8b465ee728b)  -> (artifact id: '3b5cb25adc7cf437545b9d246dd18f4b') in 0.097040 seconds 
========================================================================
Received Import Request.
  Time since last request: 0.000044 seconds.
  path: Assets/Stylized_Labs/Stylized_Fantasy/Props_Sample/Prefabs/SM_Fence_4.prefab
  artifactKey: Guid(29c07a3d02e0e884b896ea939b751041) Importer(815301076,1909f56bfc062723c751e8b465ee728b)
Start importing Assets/Stylized_Labs/Stylized_Fantasy/Props_Sample/Prefabs/SM_Fence_4.prefab using Guid(29c07a3d02e0e884b896ea939b751041) Importer(815301076,1909f56bfc062723c751e8b465ee728b)  -> (artifact id: 'f4322808c6100c9c39fdcfafca590de1') in 0.042086 seconds 
========================================================================
Received Import Request.
  Time since last request: 0.000028 seconds.
  path: Assets/Stylized_Labs/Stylized_Fantasy/Props_Sample/Prefabs/SM_Stool.prefab
  artifactKey: Guid(6c679e46d5fbf2b4fa0c78965e839d5b) Importer(815301076,1909f56bfc062723c751e8b465ee728b)
Start importing Assets/Stylized_Labs/Stylized_Fantasy/Props_Sample/Prefabs/SM_Stool.prefab using Guid(6c679e46d5fbf2b4fa0c78965e839d5b) Importer(815301076,1909f56bfc062723c751e8b465ee728b)  -> (artifact id: 'b010231df30b3d728c1428779d31900e') in 0.036366 seconds 
========================================================================
Received Import Request.
  Time since last request: 0.000032 seconds.
  path: Assets/Stylized_Labs/Stylized_Fantasy/Props_Sample/Prefabs/SM_Platform_2.prefab
  artifactKey: Guid(addcaad2054ee2e4a90a462d1e0af394) Importer(815301076,1909f56bfc062723c751e8b465ee728b)
Start importing Assets/Stylized_Labs/Stylized_Fantasy/Props_Sample/Prefabs/SM_Platform_2.prefab using Guid(addcaad2054ee2e4a90a462d1e0af394) Importer(815301076,1909f56bfc062723c751e8b465ee728b)  -> (artifact id: 'd54a356dfd316d9c52f29e73f6506a4a') in 0.049862 seconds 
========================================================================
Received Import Request.
  Time since last request: 0.000035 seconds.
  path: Assets/Stylized_Labs/Stylized_Fantasy/Props_Sample/Prefabs/SM_Stone_Obelisk.prefab
  artifactKey: Guid(301257378781c9440b658a128eccf9a4) Importer(815301076,1909f56bfc062723c751e8b465ee728b)
Start importing Assets/Stylized_Labs/Stylized_Fantasy/Props_Sample/Prefabs/SM_Stone_Obelisk.prefab using Guid(301257378781c9440b658a128eccf9a4) Importer(815301076,1909f56bfc062723c751e8b465ee728b)  -> (artifact id: 'f723c2f686a2e29de2785f6080ebc426') in 0.032258 seconds 
========================================================================
Received Import Request.
  Time since last request: 0.000036 seconds.
  path: Assets/Stylized_Labs/Stylized_Fantasy/Props_Sample/Prefabs/SM_Sign_4.prefab
  artifactKey: Guid(87090fe4f63772c43b1b4819dd5e5de4) Importer(815301076,1909f56bfc062723c751e8b465ee728b)
Start importing Assets/Stylized_Labs/Stylized_Fantasy/Props_Sample/Prefabs/SM_Sign_4.prefab using Guid(87090fe4f63772c43b1b4819dd5e5de4) Importer(815301076,1909f56bfc062723c751e8b465ee728b)  -> (artifact id: 'd8f0bca5603e990bda56d0e0b7b3a71b') in 0.033195 seconds 
Editor requested this worker to shutdown with reason: Scaling down because of idle timeout
AssetImportWorker is now disconnected from the server
Process exiting
Exiting without the bug reporter. Application will terminate with return code 0