Using pre-set license
Built from '2021.3/staging' branch; Version is '2021.3.4f1 (cb45f9cae8b7) revision 13321721'; Using compiler version '192829333'; Build Type 'Release'
OS: 'Windows 10  (10.0.19045) 64bit Professional' Language: 'pl' Physical Memory: 32681 MB
BatchMode: 1, IsHumanControllingUs: 0, StartBugReporterOnCrash: 0, Is64bit: 1, IsPro: 1

COMMAND LINE ARGUMENTS:
C:\Program Files\Unity\Hub\Editor\2021.3.4f1\Editor\Unity.exe
-adb2
-batchMode
-noUpm
-name
AssetImportWorker5
-projectPath
C:/Users/Magdalena/Documents/GitHub/VR-projekt(2)/VR-projekt/VR projekt
-logFile
Logs/AssetImportWorker5.log
-srvPort
64368
Successfully changed project path to: C:/Users/Magdalena/Documents/GitHub/VR-projekt(2)/VR-projekt/VR projekt
C:/Users/Magdalena/Documents/GitHub/VR-projekt(2)/VR-projekt/VR projekt
[UnityMemory] Configuration Parameters - Can be set up in boot.config
    "memorysetup-bucket-allocator-granularity=16"
    "memorysetup-bucket-allocator-bucket-count=8"
    "memorysetup-bucket-allocator-block-size=33554432"
    "memorysetup-bucket-allocator-block-count=8"
    "memorysetup-main-allocator-block-size=16777216"
    "memorysetup-thread-allocator-block-size=16777216"
    "memorysetup-gfx-main-allocator-block-size=16777216"
    "memorysetup-gfx-thread-allocator-block-size=16777216"
    "memorysetup-cache-allocator-block-size=4194304"
    "memorysetup-typetree-allocator-block-size=2097152"
    "memorysetup-profiler-bucket-allocator-granularity=16"
    "memorysetup-profiler-bucket-allocator-bucket-count=8"
    "memorysetup-profiler-bucket-allocator-block-size=33554432"
    "memorysetup-profiler-bucket-allocator-block-count=8"
    "memorysetup-profiler-allocator-block-size=16777216"
    "memorysetup-profiler-editor-allocator-block-size=1048576"
    "memorysetup-temp-allocator-size-main=16777216"
    "memorysetup-job-temp-allocator-block-size=2097152"
    "memorysetup-job-temp-allocator-block-size-background=1048576"
    "memorysetup-job-temp-allocator-reduction-small-platforms=262144"
    "memorysetup-temp-allocator-size-background-worker=32768"
    "memorysetup-temp-allocator-size-job-worker=262144"
    "memorysetup-temp-allocator-size-preload-manager=33554432"
    "memorysetup-temp-allocator-size-nav-mesh-worker=65536"
    "memorysetup-temp-allocator-size-audio-worker=65536"
    "memorysetup-temp-allocator-size-cloud-worker=32768"
    "memorysetup-temp-allocator-size-gi-baking-worker=262144"
    "memorysetup-temp-allocator-size-gfx=262144"
Refreshing native plugins compatible for Editor in 95.22 ms, found 3 plugins.
Preloading 0 native plugins for Editor in 0.00 ms.
Initialize engine version: 2021.3.4f1 (cb45f9cae8b7)
[Subsystems] Discovering subsystems at path C:/Program Files/Unity/Hub/Editor/2021.3.4f1/Editor/Data/Resources/UnitySubsystems
[Subsystems] Discovering subsystems at path C:/Users/Magdalena/Documents/GitHub/VR-projekt(2)/VR-projekt/VR projekt/Assets
GfxDevice: creating device client; threaded=0; jobified=0
Direct3D:
    Version:  Direct3D 11.0 [level 11.1]
    Renderer: NVIDIA GeForce RTX 3060 Ti (ID=0x2489)
    Vendor:   NVIDIA
    VRAM:     8038 MB
    Driver:   31.0.15.2849
Initialize mono
Mono path[0] = 'C:/Program Files/Unity/Hub/Editor/2021.3.4f1/Editor/Data/Managed'
Mono path[1] = 'C:/Program Files/Unity/Hub/Editor/2021.3.4f1/Editor/Data/MonoBleedingEdge/lib/mono/unityjit-win32'
Mono config path = 'C:/Program Files/Unity/Hub/Editor/2021.3.4f1/Editor/Data/MonoBleedingEdge/etc'
Using monoOptions --debugger-agent=transport=dt_socket,embedding=1,server=y,suspend=n,address=127.0.0.1:56068
Begin MonoManager ReloadAssembly
Registering precompiled unity dll's ...
Register platform support module: C:/Program Files/Unity/Hub/Editor/2021.3.4f1/Editor/Data/PlaybackEngines/WindowsStandaloneSupport/UnityEditor.WindowsStandalone.Extensions.dll
Registered in 0.007087 seconds.
Native extension for WindowsStandalone target not found
Refreshing native plugins compatible for Editor in 86.66 ms, found 3 plugins.
Preloading 0 native plugins for Editor in 0.00 ms.
Mono: successfully reloaded assembly
- Completed reload, in  0.552 seconds
Domain Reload Profiling:
	ReloadAssembly (553ms)
		BeginReloadAssembly (65ms)
			ExecutionOrderSort (0ms)
			DisableScriptedObjects (0ms)
			BackupInstance (0ms)
			ReleaseScriptingObjects (0ms)
			CreateAndSetChildDomain (1ms)
		EndReloadAssembly (394ms)
			LoadAssemblies (63ms)
			RebuildTransferFunctionScriptingTraits (0ms)
			SetupTypeCache (77ms)
			ReleaseScriptCaches (0ms)
			RebuildScriptCaches (21ms)
			SetupLoadedEditorAssemblies (253ms)
				LogAssemblyErrors (0ms)
				InitializePlatformSupportModulesInManaged (7ms)
				SetLoadedEditorAssemblies (0ms)
				RefreshPlugins (87ms)
				BeforeProcessingInitializeOnLoad (1ms)
				ProcessInitializeOnLoadAttributes (121ms)
				ProcessInitializeOnLoadMethodAttributes (37ms)
				AfterProcessingInitializeOnLoad (0ms)
				EditorAssembliesLoaded (0ms)
			ExecutionOrderSort2 (0ms)
			AwakeInstancesAfterBackupRestoration (0ms)
Platform modules already initialized, skipping
Registering precompiled user dll's ...
Registered in 0.006654 seconds.
Begin MonoManager ReloadAssembly
Symbol file LoadedFromMemory doesn't match image C:\Users\Magdalena\Documents\GitHub\VR-projekt(2)\VR-projekt\VR projekt\Library\PackageCache\com.unity.visualscripting@1.7.8\Editor\VisualScripting.Core\Dependencies\YamlDotNet\Unity.VisualScripting.YamlDotNet.dll
Symbol file LoadedFromMemory doesn't match image C:\Users\Magdalena\Documents\GitHub\VR-projekt(2)\VR-projekt\VR projekt\Library\PackageCache\com.unity.visualscripting@1.7.8\Editor\VisualScripting.Core\Dependencies\DotNetZip\Unity.VisualScripting.IonicZip.dll
Native extension for WindowsStandalone target not found
Refreshing native plugins compatible for Editor in 97.63 ms, found 3 plugins.
Preloading 0 native plugins for Editor in 0.00 ms.
Mono: successfully reloaded assembly
- Completed reload, in  1.222 seconds
Domain Reload Profiling:
	ReloadAssembly (1222ms)
		BeginReloadAssembly (104ms)
			ExecutionOrderSort (0ms)
			DisableScriptedObjects (5ms)
			BackupInstance (0ms)
			ReleaseScriptingObjects (0ms)
			CreateAndSetChildDomain (19ms)
		EndReloadAssembly (1013ms)
			LoadAssemblies (87ms)
			RebuildTransferFunctionScriptingTraits (0ms)
			SetupTypeCache (207ms)
			ReleaseScriptCaches (0ms)
			RebuildScriptCaches (43ms)
			SetupLoadedEditorAssemblies (644ms)
				LogAssemblyErrors (0ms)
				InitializePlatformSupportModulesInManaged (5ms)
				SetLoadedEditorAssemblies (0ms)
				RefreshPlugins (98ms)
				BeforeProcessingInitializeOnLoad (86ms)
				ProcessInitializeOnLoadAttributes (413ms)
				ProcessInitializeOnLoadMethodAttributes (34ms)
				AfterProcessingInitializeOnLoad (8ms)
				EditorAssembliesLoaded (0ms)
			ExecutionOrderSort2 (0ms)
			AwakeInstancesAfterBackupRestoration (5ms)
Platform modules already initialized, skipping
========================================================================
Worker process is ready to serve import requests
Launched and connected shader compiler UnityShaderCompiler.exe after 0.06 seconds
Refreshing native plugins compatible for Editor in 0.83 ms, found 3 plugins.
Preloading 0 native plugins for Editor in 0.00 ms.
Unloading 3862 Unused Serialized files (Serialized files now loaded: 0)
Unloading 44 unused Assets / (181.9 KB). Loaded Objects now: 4345.
Memory consumption went from 157.1 MB to 156.9 MB.
Total: 3.245800 ms (FindLiveObjects: 0.195200 ms CreateObjectMapping: 0.092800 ms MarkObjects: 2.855400 ms  DeleteObjects: 0.101800 ms)

AssetImportParameters requested are different than current active one (requested -> active):
  custom:video-decoder-ogg-theora: a1e56fd34408186e4bbccfd4996cb3dc -> 
  custom:container-muxer-webm: aa71ff27fc2769a1b78a27578f13a17b -> 
  custom:container-demuxer-webm: 4f35f7cbe854078d1ac9338744f61a02 -> 
  custom:video-encoder-webm-vp8: eb34c28f22e8b96e1ab97ce403110664 -> 
  custom:audio-encoder-webm-vorbis: bf7c407c2cedff20999df2af8eb42d56 -> 
  custom:framework-win-MediaFoundation: 216162199b28c13a410421893ffa2e32 -> 
  custom:container-demuxer-ogg: 62fdf1f143b41e24485cea50d1cbac27 -> 
  custom:video-decoder-webm-vp8: 9c59270c3fd7afecdb556c50c9e8de78 -> 
  custom:audio-decoder-ogg-vorbis: bf7c407c2cedff20999df2af8eb42d56 -> 
========================================================================
Received Import Request.
  Time since last request: 97504.919313 seconds.
  path: Assets/cemetery halloween set/spiderweb_02.prefab
  artifactKey: Guid(3e660194188b9ac448f45d41ab7bbf30) Importer(815301076,1909f56bfc062723c751e8b465ee728b)
Start importing Assets/cemetery halloween set/spiderweb_02.prefab using Guid(3e660194188b9ac448f45d41ab7bbf30) Importer(815301076,1909f56bfc062723c751e8b465ee728b)  -> (artifact id: '456d76fc0b23fa97cf96229f826451b7') in 0.120268 seconds 
========================================================================
Received Import Request.
  Time since last request: 0.000018 seconds.
  path: Assets/cemetery halloween set/zombie_hand_03.prefab
  artifactKey: Guid(dd1a843803920304d8816d640609bc7c) Importer(815301076,1909f56bfc062723c751e8b465ee728b)
Start importing Assets/cemetery halloween set/zombie_hand_03.prefab using Guid(dd1a843803920304d8816d640609bc7c) Importer(815301076,1909f56bfc062723c751e8b465ee728b)  -> (artifact id: 'd088ee70581195e8c9c6ffce67ff2eef') in 0.025054 seconds 
========================================================================
Received Import Request.
  Time since last request: 12.734647 seconds.
  path: Assets/CemeteryPack/Floor10.prefab
  artifactKey: Guid(fecf9a559bf14a44394e5a36e740e98f) Importer(815301076,1909f56bfc062723c751e8b465ee728b)
Start importing Assets/CemeteryPack/Floor10.prefab using Guid(fecf9a559bf14a44394e5a36e740e98f) Importer(815301076,1909f56bfc062723c751e8b465ee728b)  -> (artifact id: '878fa33dca052a2d49dd83941110b09f') in 0.046139 seconds 
========================================================================
Received Import Request.
  Time since last request: 0.000025 seconds.
  path: Assets/CemeteryPack/Floor15.prefab
  artifactKey: Guid(3a4a8fe559c15af4cb0c2ee4014ddff3) Importer(815301076,1909f56bfc062723c751e8b465ee728b)
Start importing Assets/CemeteryPack/Floor15.prefab using Guid(3a4a8fe559c15af4cb0c2ee4014ddff3) Importer(815301076,1909f56bfc062723c751e8b465ee728b)  -> (artifact id: 'a35e812267761a87680be5b1042a3453') in 0.037524 seconds 
========================================================================
Received Import Request.
  Time since last request: 0.000019 seconds.
  path: Assets/CemeteryPack/Floor22.prefab
  artifactKey: Guid(db2072ae43366ab4eb84280e7bbae989) Importer(815301076,1909f56bfc062723c751e8b465ee728b)
Start importing Assets/CemeteryPack/Floor22.prefab using Guid(db2072ae43366ab4eb84280e7bbae989) Importer(815301076,1909f56bfc062723c751e8b465ee728b)  -> (artifact id: '503713c317d1997b6839cb158bf3f294') in 0.021997 seconds 
========================================================================
Received Import Request.
  Time since last request: 0.000014 seconds.
  path: Assets/CemeteryPack/FloorFoundation11.prefab
  artifactKey: Guid(f35b95e874b254d45818fa4c8584429f) Importer(815301076,1909f56bfc062723c751e8b465ee728b)
Start importing Assets/CemeteryPack/FloorFoundation11.prefab using Guid(f35b95e874b254d45818fa4c8584429f) Importer(815301076,1909f56bfc062723c751e8b465ee728b)  -> (artifact id: '0029011b20d50234090882a741a859e8') in 0.019906 seconds 
========================================================================
Received Import Request.
  Time since last request: 0.000015 seconds.
  path: Assets/CemeteryPack/FloorFoundation3.prefab
  artifactKey: Guid(f3ab60d9090bba543a0fad7349d7e380) Importer(815301076,1909f56bfc062723c751e8b465ee728b)
Start importing Assets/CemeteryPack/FloorFoundation3.prefab using Guid(f3ab60d9090bba543a0fad7349d7e380) Importer(815301076,1909f56bfc062723c751e8b465ee728b)  -> (artifact id: '8f8b8f72180ce9405e156137839ba5b5') in 0.028797 seconds 
========================================================================
Received Import Request.
  Time since last request: 0.000018 seconds.
  path: Assets/CemeteryPack/Floor27.prefab
  artifactKey: Guid(d2927f5420f3c4f40b29377dc193494c) Importer(815301076,1909f56bfc062723c751e8b465ee728b)
Start importing Assets/CemeteryPack/Floor27.prefab using Guid(d2927f5420f3c4f40b29377dc193494c) Importer(815301076,1909f56bfc062723c751e8b465ee728b)  -> (artifact id: '4d3de4531e19d1b8d1c73a9834716cfd') in 0.024252 seconds 
========================================================================
Received Import Request.
  Time since last request: 1.834822 seconds.
  path: Assets/CemeteryPack/Tombstones.005.prefab
  artifactKey: Guid(5a780b07c3c81f34794e073c069820a2) Importer(815301076,1909f56bfc062723c751e8b465ee728b)
Start importing Assets/CemeteryPack/Tombstones.005.prefab using Guid(5a780b07c3c81f34794e073c069820a2) Importer(815301076,1909f56bfc062723c751e8b465ee728b)  -> (artifact id: 'ed0e3f4eed447d3b3c333d01e3f77c77') in 0.029007 seconds 
========================================================================
Received Import Request.
  Time since last request: 4.486824 seconds.
  path: Assets/FantasyWillageHouse/Vegetables.prefab
  artifactKey: Guid(f31fb0f07e7e9f64491c4d46fca58c44) Importer(815301076,1909f56bfc062723c751e8b465ee728b)
Start importing Assets/FantasyWillageHouse/Vegetables.prefab using Guid(f31fb0f07e7e9f64491c4d46fca58c44) Importer(815301076,1909f56bfc062723c751e8b465ee728b)  -> (artifact id: '2ae55e415d69a6eb210cacdb434bfeda') in 0.049488 seconds 
========================================================================
Received Import Request.
  Time since last request: 4.386732 seconds.
  path: Assets/GraveyardProps/GraveCircleStumpSlightDamage_2.prefab
  artifactKey: Guid(71fbbd54c68b0b84296515ebeba0eba6) Importer(815301076,1909f56bfc062723c751e8b465ee728b)
Start importing Assets/GraveyardProps/GraveCircleStumpSlightDamage_2.prefab using Guid(71fbbd54c68b0b84296515ebeba0eba6) Importer(815301076,1909f56bfc062723c751e8b465ee728b)  -> (artifact id: 'f5081de8caa6e598531d9c3f1c8b609c') in 0.033670 seconds 
========================================================================
Received Import Request.
  Time since last request: 0.071462 seconds.
  path: Assets/GraveyardProps/TombFantasyChunk_3.prefab
  artifactKey: Guid(d0e6f4ccc0197274fb2a8addf332046f) Importer(815301076,1909f56bfc062723c751e8b465ee728b)
Start importing Assets/GraveyardProps/TombFantasyChunk_3.prefab using Guid(d0e6f4ccc0197274fb2a8addf332046f) Importer(815301076,1909f56bfc062723c751e8b465ee728b)  -> (artifact id: '3f1845ef68d708316949d357ce3d465b') in 0.019443 seconds 
========================================================================
Received Import Request.
  Time since last request: 19.508579 seconds.
  path: Assets/Halloween_Pack/Lamp_03.prefab
  artifactKey: Guid(6691b02975f55b1479597e6ac2f07bcc) Importer(815301076,1909f56bfc062723c751e8b465ee728b)
Start importing Assets/Halloween_Pack/Lamp_03.prefab using Guid(6691b02975f55b1479597e6ac2f07bcc) Importer(815301076,1909f56bfc062723c751e8b465ee728b)  -> (artifact id: '85ebc3ec2eb787ffe7b12b6912a88ac3') in 0.018041 seconds 
========================================================================
Received Import Request.
  Time since last request: 10.996690 seconds.
  path: Assets/Poly Halloween/candle-finger-holder-unlit.prefab
  artifactKey: Guid(a8a6944873c3a3a40ae7156193549f12) Importer(815301076,1909f56bfc062723c751e8b465ee728b)
Start importing Assets/Poly Halloween/candle-finger-holder-unlit.prefab using Guid(a8a6944873c3a3a40ae7156193549f12) Importer(815301076,1909f56bfc062723c751e8b465ee728b)  -> (artifact id: '1fced05de8373e8589f89b9438f8256a') in 0.051426 seconds 
========================================================================
Received Import Request.
  Time since last request: 0.000024 seconds.
  path: Assets/Poly Halloween/candle-stick-b-unlit.prefab
  artifactKey: Guid(b45cd03fb31c8a54b9d9c3b5a2634d93) Importer(815301076,1909f56bfc062723c751e8b465ee728b)
Start importing Assets/Poly Halloween/candle-stick-b-unlit.prefab using Guid(b45cd03fb31c8a54b9d9c3b5a2634d93) Importer(815301076,1909f56bfc062723c751e8b465ee728b)  -> (artifact id: '49725ae10d2a35dba5801a66bfa7223a') in 0.031541 seconds 
========================================================================
Received Import Request.
  Time since last request: 0.000019 seconds.
  path: Assets/Poly Halloween/coffin-new.prefab
  artifactKey: Guid(213d2b56253be4d4cbfb202ddb822757) Importer(815301076,1909f56bfc062723c751e8b465ee728b)
Start importing Assets/Poly Halloween/coffin-new.prefab using Guid(213d2b56253be4d4cbfb202ddb822757) Importer(815301076,1909f56bfc062723c751e8b465ee728b)  -> (artifact id: 'b9bdc0844a112f07525489055036839c') in 0.035689 seconds 
========================================================================
Received Import Request.
  Time since last request: 0.022262 seconds.
  path: Assets/Poly Halloween/hand-severed.prefab
  artifactKey: Guid(7df99659d49e4c946a622409e384e6de) Importer(815301076,1909f56bfc062723c751e8b465ee728b)
Start importing Assets/Poly Halloween/hand-severed.prefab using Guid(7df99659d49e4c946a622409e384e6de) Importer(815301076,1909f56bfc062723c751e8b465ee728b)  -> (artifact id: 'f1ecf4f987e5a6d69f119177c18a9e9d') in 0.029218 seconds 
========================================================================
Received Import Request.
  Time since last request: 0.000029 seconds.
  path: Assets/Poly Halloween/lollipop-flat-a.prefab
  artifactKey: Guid(235453bd5573550408d145c0b6db75dc) Importer(815301076,1909f56bfc062723c751e8b465ee728b)
Start importing Assets/Poly Halloween/lollipop-flat-a.prefab using Guid(235453bd5573550408d145c0b6db75dc) Importer(815301076,1909f56bfc062723c751e8b465ee728b)  -> (artifact id: '27c107147f0c98599051456095373b1d') in 0.053347 seconds 
========================================================================
Received Import Request.
  Time since last request: 3.838395 seconds.
  path: Assets/Poly Halloween/pumpkin-candy.prefab
  artifactKey: Guid(8aa9f0eeaf116a8469f8cda342757ddb) Importer(815301076,1909f56bfc062723c751e8b465ee728b)
Start importing Assets/Poly Halloween/pumpkin-candy.prefab using Guid(8aa9f0eeaf116a8469f8cda342757ddb) Importer(815301076,1909f56bfc062723c751e8b465ee728b)  -> (artifact id: '13f67d6e3c904dd1e8f1f43dae1a6e11') in 0.028532 seconds 
========================================================================
Received Import Request.
  Time since last request: 1.183131 seconds.
  path: Assets/Poly Halloween/stone-f.prefab
  artifactKey: Guid(135cfa328d7fcb14abf14ee831d9d7d2) Importer(815301076,1909f56bfc062723c751e8b465ee728b)
Start importing Assets/Poly Halloween/stone-f.prefab using Guid(135cfa328d7fcb14abf14ee831d9d7d2) Importer(815301076,1909f56bfc062723c751e8b465ee728b)  -> (artifact id: 'ce2111c9299618aa2eb6949016faccb5') in 0.026841 seconds 
========================================================================
Received Import Request.
  Time since last request: 0.076142 seconds.
  path: Assets/Poly Halloween/wall-graveyard-end.prefab
  artifactKey: Guid(6aeb785d1cb7b554d95439d19f61fe4d) Importer(815301076,1909f56bfc062723c751e8b465ee728b)
Start importing Assets/Poly Halloween/wall-graveyard-end.prefab using Guid(6aeb785d1cb7b554d95439d19f61fe4d) Importer(815301076,1909f56bfc062723c751e8b465ee728b)  -> (artifact id: '7a3781eea0956b099bc80386a3b59c22') in 0.020587 seconds 
========================================================================
Received Import Request.
  Time since last request: 5.482260 seconds.
  path: Assets/Pure Poly/PP_Grass_15.prefab
  artifactKey: Guid(b8217b9c1183a5144b666d1dd63980c4) Importer(815301076,1909f56bfc062723c751e8b465ee728b)
Start importing Assets/Pure Poly/PP_Grass_15.prefab using Guid(b8217b9c1183a5144b666d1dd63980c4) Importer(815301076,1909f56bfc062723c751e8b465ee728b)  -> (artifact id: 'aa2eb129247252c56bc34ab4468c38cd') in 0.020693 seconds 
========================================================================
Received Import Request.
  Time since last request: 0.000023 seconds.
  path: Assets/Pure Poly/PP_Mushroom_Fantasy_Purple_05.prefab
  artifactKey: Guid(d354c41a99993964baca0254487708d1) Importer(815301076,1909f56bfc062723c751e8b465ee728b)
Start importing Assets/Pure Poly/PP_Mushroom_Fantasy_Purple_05.prefab using Guid(d354c41a99993964baca0254487708d1) Importer(815301076,1909f56bfc062723c751e8b465ee728b)  -> (artifact id: 'ae94b6841d736e93ddc5fc78bbc1293d') in 0.021889 seconds 
========================================================================
Received Import Request.
  Time since last request: 21.142664 seconds.
  path: Assets/Stylized_Fantasy/SM_Fence_2.prefab
  artifactKey: Guid(f5df267a950645a4fa6c5336047ac27a) Importer(815301076,1909f56bfc062723c751e8b465ee728b)
Start importing Assets/Stylized_Fantasy/SM_Fence_2.prefab using Guid(f5df267a950645a4fa6c5336047ac27a) Importer(815301076,1909f56bfc062723c751e8b465ee728b)  -> (artifact id: '305b88641401ae8b50b9de8a66227074') in 0.023235 seconds 
========================================================================
Received Import Request.
  Time since last request: 0.006548 seconds.
  path: Assets/Stylized_Fantasy/SM_Sign_4.prefab
  artifactKey: Guid(87090fe4f63772c43b1b4819dd5e5de4) Importer(815301076,1909f56bfc062723c751e8b465ee728b)
Start importing Assets/Stylized_Fantasy/SM_Sign_4.prefab using Guid(87090fe4f63772c43b1b4819dd5e5de4) Importer(815301076,1909f56bfc062723c751e8b465ee728b)  -> (artifact id: 'd1e35e957f5c0cf974d383cd764040da') in 0.029614 seconds 
========================================================================
Received Import Request.
  Time since last request: 0.000022 seconds.
  path: Assets/Stylized_Fantasy/SM_Wooden_Log_4.prefab
  artifactKey: Guid(5f4ad8a01e6a7924a969801297048646) Importer(815301076,1909f56bfc062723c751e8b465ee728b)
Start importing Assets/Stylized_Fantasy/SM_Wooden_Log_4.prefab using Guid(5f4ad8a01e6a7924a969801297048646) Importer(815301076,1909f56bfc062723c751e8b465ee728b)  -> (artifact id: '0ffc3ade7a36ac70cabd08263a7f9991') in 0.040159 seconds 
========================================================================
Received Import Request.
  Time since last request: 5.160587 seconds.
  path: Assets/Witchs_house/Stones.prefab
  artifactKey: Guid(8cd95076da3c6fb4e90fb42edf7160dd) Importer(815301076,1909f56bfc062723c751e8b465ee728b)
Start importing Assets/Witchs_house/Stones.prefab using Guid(8cd95076da3c6fb4e90fb42edf7160dd) Importer(815301076,1909f56bfc062723c751e8b465ee728b)  -> (artifact id: 'af69d9f743977f6257aef6f96aaf57a3') in 0.022794 seconds 
Editor requested this worker to shutdown with reason: Scaling down because of idle timeout
AssetImportWorker is now disconnected from the server
Process exiting
Exiting without the bug reporter. Application will terminate with return code 0