Using pre-set license
Built from '2021.3/staging' branch; Version is '2021.3.15f1 (e8e88683f834) revision 15263878'; Using compiler version '192829333'; Build Type 'Release'
OS: 'Windows 10  (10.0.19045) 64bit Core' Language: 'pl' Physical Memory: 16304 MB
BatchMode: 1, IsHumanControllingUs: 0, StartBugReporterOnCrash: 0, Is64bit: 1, IsPro: 1

COMMAND LINE ARGUMENTS:
F:\Unity\2021.3.15f1\Editor\Unity.exe
-adb2
-batchMode
-noUpm
-name
AssetImportWorker12
-projectPath
F:/Github/VR-projekt/VR projekt
-logFile
Logs/AssetImportWorker12.log
-srvPort
52652
Successfully changed project path to: F:/Github/VR-projekt/VR projekt
F:/Github/VR-projekt/VR projekt
[UnityMemory] Configuration Parameters - Can be set up in boot.config
    "memorysetup-bucket-allocator-granularity=16"
    "memorysetup-bucket-allocator-bucket-count=8"
    "memorysetup-bucket-allocator-block-size=33554432"
    "memorysetup-bucket-allocator-block-count=8"
    "memorysetup-main-allocator-block-size=16777216"
    "memorysetup-thread-allocator-block-size=16777216"
    "memorysetup-gfx-main-allocator-block-size=16777216"
    "memorysetup-gfx-thread-allocator-block-size=16777216"
    "memorysetup-cache-allocator-block-size=4194304"
    "memorysetup-typetree-allocator-block-size=2097152"
    "memorysetup-profiler-bucket-allocator-granularity=16"
    "memorysetup-profiler-bucket-allocator-bucket-count=8"
    "memorysetup-profiler-bucket-allocator-block-size=33554432"
    "memorysetup-profiler-bucket-allocator-block-count=8"
    "memorysetup-profiler-allocator-block-size=16777216"
    "memorysetup-profiler-editor-allocator-block-size=1048576"
    "memorysetup-temp-allocator-size-main=16777216"
    "memorysetup-job-temp-allocator-block-size=2097152"
    "memorysetup-job-temp-allocator-block-size-background=1048576"
    "memorysetup-job-temp-allocator-reduction-small-platforms=262144"
    "memorysetup-temp-allocator-size-background-worker=32768"
    "memorysetup-temp-allocator-size-job-worker=262144"
    "memorysetup-temp-allocator-size-preload-manager=33554432"
    "memorysetup-temp-allocator-size-nav-mesh-worker=65536"
    "memorysetup-temp-allocator-size-audio-worker=65536"
    "memorysetup-temp-allocator-size-cloud-worker=32768"
    "memorysetup-temp-allocator-size-gi-baking-worker=262144"
    "memorysetup-temp-allocator-size-gfx=262144"
Player connection [21272] Host "[IP] 192.168.0.11 [Port] 0 [Flags] 2 [Guid] 3596748789 [EditorId] 3596748789 [Version] 1048832 [Id] WindowsEditor(7,DESKTOP-MN4RVAM) [Debug] 1 [PackageName] WindowsEditor [ProjectName] Editor" joined multi-casting on [225.0.0.222:54997]...

Player connection [21272] Host "[IP] 192.168.0.11 [Port] 0 [Flags] 2 [Guid] 3596748789 [EditorId] 3596748789 [Version] 1048832 [Id] WindowsEditor(7,DESKTOP-MN4RVAM) [Debug] 1 [PackageName] WindowsEditor [ProjectName] Editor" joined alternative multi-casting on [225.0.0.222:34997]...

Refreshing native plugins compatible for Editor in 164.99 ms, found 3 plugins.
Preloading 0 native plugins for Editor in 0.00 ms.
Initialize engine version: 2021.3.15f1 (e8e88683f834)
[Subsystems] Discovering subsystems at path F:/Unity/2021.3.15f1/Editor/Data/Resources/UnitySubsystems
[Subsystems] Discovering subsystems at path F:/Github/VR-projekt/VR projekt/Assets
GfxDevice: creating device client; threaded=0; jobified=0
Direct3D:
    Version:  Direct3D 11.0 [level 11.1]
    Renderer: NVIDIA GeForce GTX 1650 (ID=0x1f91)
    Vendor:   NVIDIA
    VRAM:     3949 MB
    Driver:   31.0.15.2824
Initialize mono
Mono path[0] = 'F:/Unity/2021.3.15f1/Editor/Data/Managed'
Mono path[1] = 'F:/Unity/2021.3.15f1/Editor/Data/MonoBleedingEdge/lib/mono/unityjit-win32'
Mono config path = 'F:/Unity/2021.3.15f1/Editor/Data/MonoBleedingEdge/etc'
Using monoOptions --debugger-agent=transport=dt_socket,embedding=1,server=y,suspend=n,address=127.0.0.1:56876
Begin MonoManager ReloadAssembly
Registering precompiled unity dll's ...
Register platform support module: F:/Unity/2021.3.15f1/Editor/Data/PlaybackEngines/WindowsStandaloneSupport/UnityEditor.WindowsStandalone.Extensions.dll
Registered in 0.011364 seconds.
Native extension for WindowsStandalone target not found
Refreshing native plugins compatible for Editor in 226.59 ms, found 3 plugins.
Preloading 0 native plugins for Editor in 0.00 ms.
Mono: successfully reloaded assembly
- Completed reload, in  1.594 seconds
Domain Reload Profiling:
	ReloadAssembly (1595ms)
		BeginReloadAssembly (176ms)
			ExecutionOrderSort (0ms)
			DisableScriptedObjects (0ms)
			BackupInstance (0ms)
			ReleaseScriptingObjects (0ms)
			CreateAndSetChildDomain (2ms)
		EndReloadAssembly (1199ms)
			LoadAssemblies (170ms)
			RebuildTransferFunctionScriptingTraits (0ms)
			SetupTypeCache (268ms)
			ReleaseScriptCaches (0ms)
			RebuildScriptCaches (109ms)
			SetupLoadedEditorAssemblies (705ms)
				LogAssemblyErrors (0ms)
				InitializePlatformSupportModulesInManaged (17ms)
				SetLoadedEditorAssemblies (0ms)
				RefreshPlugins (227ms)
				BeforeProcessingInitializeOnLoad (2ms)
				ProcessInitializeOnLoadAttributes (381ms)
				ProcessInitializeOnLoadMethodAttributes (77ms)
				AfterProcessingInitializeOnLoad (0ms)
				EditorAssembliesLoaded (0ms)
			ExecutionOrderSort2 (0ms)
			AwakeInstancesAfterBackupRestoration (0ms)
Platform modules already initialized, skipping
Registering precompiled user dll's ...
Registered in 0.015788 seconds.
Begin MonoManager ReloadAssembly
Symbol file LoadedFromMemory doesn't match image F:\Github\VR-projekt\VR projekt\Library\PackageCache\com.unity.visualscripting@1.7.8\Editor\VisualScripting.Core\Dependencies\YamlDotNet\Unity.VisualScripting.YamlDotNet.dll
Symbol file LoadedFromMemory doesn't match image F:\Github\VR-projekt\VR projekt\Library\PackageCache\com.unity.visualscripting@1.7.8\Editor\VisualScripting.Core\Dependencies\DotNetZip\Unity.VisualScripting.IonicZip.dll
Native extension for WindowsStandalone target not found
Refreshing native plugins compatible for Editor in 132.40 ms, found 3 plugins.
Preloading 0 native plugins for Editor in 0.00 ms.
Mono: successfully reloaded assembly
- Completed reload, in  2.190 seconds
Domain Reload Profiling:
	ReloadAssembly (2191ms)
		BeginReloadAssembly (176ms)
			ExecutionOrderSort (0ms)
			DisableScriptedObjects (7ms)
			BackupInstance (0ms)
			ReleaseScriptingObjects (0ms)
			CreateAndSetChildDomain (29ms)
		EndReloadAssembly (1820ms)
			LoadAssemblies (143ms)
			RebuildTransferFunctionScriptingTraits (0ms)
			SetupTypeCache (470ms)
			ReleaseScriptCaches (1ms)
			RebuildScriptCaches (91ms)
			SetupLoadedEditorAssemblies (1063ms)
				LogAssemblyErrors (0ms)
				InitializePlatformSupportModulesInManaged (6ms)
				SetLoadedEditorAssemblies (0ms)
				RefreshPlugins (133ms)
				BeforeProcessingInitializeOnLoad (145ms)
				ProcessInitializeOnLoadAttributes (717ms)
				ProcessInitializeOnLoadMethodAttributes (47ms)
				AfterProcessingInitializeOnLoad (14ms)
				EditorAssembliesLoaded (0ms)
			ExecutionOrderSort2 (0ms)
			AwakeInstancesAfterBackupRestoration (8ms)
Platform modules already initialized, skipping
========================================================================
Worker process is ready to serve import requests
Launched and connected shader compiler UnityShaderCompiler.exe after 0.17 seconds
Refreshing native plugins compatible for Editor in 1.20 ms, found 3 plugins.
Preloading 0 native plugins for Editor in 0.00 ms.
Unloading 3880 Unused Serialized files (Serialized files now loaded: 0)
Unloading 44 unused Assets / (185.6 KB). Loaded Objects now: 4355.
Memory consumption went from 150.2 MB to 150.0 MB.
Total: 9.497300 ms (FindLiveObjects: 0.646500 ms CreateObjectMapping: 0.329000 ms MarkObjects: 8.309600 ms  DeleteObjects: 0.210600 ms)

AssetImportParameters requested are different than current active one (requested -> active):
  custom:video-decoder-ogg-theora: a1e56fd34408186e4bbccfd4996cb3dc -> 
  custom:container-muxer-webm: aa71ff27fc2769a1b78a27578f13a17b -> 
  custom:container-demuxer-webm: 4f35f7cbe854078d1ac9338744f61a02 -> 
  custom:video-encoder-webm-vp8: eb34c28f22e8b96e1ab97ce403110664 -> 
  custom:audio-encoder-webm-vorbis: bf7c407c2cedff20999df2af8eb42d56 -> 
  custom:framework-win-MediaFoundation: 216162199b28c13a410421893ffa2e32 -> 
  custom:container-demuxer-ogg: 62fdf1f143b41e24485cea50d1cbac27 -> 
  custom:video-decoder-webm-vp8: 9c59270c3fd7afecdb556c50c9e8de78 -> 
  custom:audio-decoder-ogg-vorbis: bf7c407c2cedff20999df2af8eb42d56 -> 
========================================================================
Received Import Request.
  Time since last request: 11351.388301 seconds.
  path: Assets/Poly Halloween/- Prefabs/People/man-killer-halloween.prefab
  artifactKey: Guid(138bea4fcc575f24bb71a706968042c1) Importer(815301076,1909f56bfc062723c751e8b465ee728b)
Start importing Assets/Poly Halloween/- Prefabs/People/man-killer-halloween.prefab using Guid(138bea4fcc575f24bb71a706968042c1) Importer(815301076,1909f56bfc062723c751e8b465ee728b)  -> (artifact id: '3eb07793897b4b9c2020539cd9974fbb') in 0.271538 seconds 
========================================================================
Received Import Request.
  Time since last request: 31.507992 seconds.
  path: Assets/Poly Halloween/- Meshes/Halloween/book-magical-eye.fbx
  artifactKey: Guid(cf07d82e7f6c3fc4fa85aea2404ee1a0) Importer(815301076,1909f56bfc062723c751e8b465ee728b)
Start importing Assets/Poly Halloween/- Meshes/Halloween/book-magical-eye.fbx using Guid(cf07d82e7f6c3fc4fa85aea2404ee1a0) Importer(815301076,1909f56bfc062723c751e8b465ee728b)  -> (artifact id: 'debc864cc2b3f6e6bbdaadf2f14a6753') in 0.069298 seconds 
========================================================================
Received Import Request.
  Time since last request: 0.000031 seconds.
  path: Assets/Poly Halloween/- Meshes/Halloween/lollipop-flat-a.fbx
  artifactKey: Guid(05928b00c07a40243b5291d701c34851) Importer(815301076,1909f56bfc062723c751e8b465ee728b)
Start importing Assets/Poly Halloween/- Meshes/Halloween/lollipop-flat-a.fbx using Guid(05928b00c07a40243b5291d701c34851) Importer(815301076,1909f56bfc062723c751e8b465ee728b)  -> (artifact id: 'f9b125111bd81acbbb211355ea861326') in 0.045653 seconds 
========================================================================
Received Import Request.
  Time since last request: 0.000025 seconds.
  path: Assets/Poly Halloween/- Meshes/Halloween/gravestone-old-small-b.fbx
  artifactKey: Guid(46e7a3cc26f6c0041a5ce80ee23bcf10) Importer(815301076,1909f56bfc062723c751e8b465ee728b)
Start importing Assets/Poly Halloween/- Meshes/Halloween/gravestone-old-small-b.fbx using Guid(46e7a3cc26f6c0041a5ce80ee23bcf10) Importer(815301076,1909f56bfc062723c751e8b465ee728b)  -> (artifact id: 'f04203428006cccffa81be8dd94ab05a') in 0.034001 seconds 
========================================================================
Received Import Request.
  Time since last request: 0.000039 seconds.
  path: Assets/Poly Halloween/- Meshes/Halloween/candle-stick-a-unlit.fbx
  artifactKey: Guid(0371a05d83da3c4438e5d19426d4a4cd) Importer(815301076,1909f56bfc062723c751e8b465ee728b)
Start importing Assets/Poly Halloween/- Meshes/Halloween/candle-stick-a-unlit.fbx using Guid(0371a05d83da3c4438e5d19426d4a4cd) Importer(815301076,1909f56bfc062723c751e8b465ee728b)  -> (artifact id: 'ecc64eed1eaa89f321c45af425dd56e9') in 0.026458 seconds 
========================================================================
Received Import Request.
  Time since last request: 0.000025 seconds.
  path: Assets/Poly Halloween/- Meshes/Halloween/candy-pumpkin.fbx
  artifactKey: Guid(e19fb63cb7b4b4a499c3198c57a4cb85) Importer(815301076,1909f56bfc062723c751e8b465ee728b)
Start importing Assets/Poly Halloween/- Meshes/Halloween/candy-pumpkin.fbx using Guid(e19fb63cb7b4b4a499c3198c57a4cb85) Importer(815301076,1909f56bfc062723c751e8b465ee728b)  -> (artifact id: 'f36dd042559d0d19a2c572b3a9130e20') in 0.075395 seconds 
========================================================================
Received Import Request.
  Time since last request: 0.000025 seconds.
  path: Assets/Poly Halloween/- Meshes/Halloween/gravestone-old-classic-broken.fbx
  artifactKey: Guid(fdec8e5b6b6bb784ba3d5d435ba8611e) Importer(815301076,1909f56bfc062723c751e8b465ee728b)
Start importing Assets/Poly Halloween/- Meshes/Halloween/gravestone-old-classic-broken.fbx using Guid(fdec8e5b6b6bb784ba3d5d435ba8611e) Importer(815301076,1909f56bfc062723c751e8b465ee728b)  -> (artifact id: '5eca5ab4d4094398a943d6a6341a504d') in 0.115021 seconds 
========================================================================
Received Import Request.
  Time since last request: 0.000028 seconds.
  path: Assets/Poly Halloween/- Meshes/Halloween/shovel-gravedigger.fbx
  artifactKey: Guid(b09dfbfcb65882440a52388a52b816f9) Importer(815301076,1909f56bfc062723c751e8b465ee728b)
Start importing Assets/Poly Halloween/- Meshes/Halloween/shovel-gravedigger.fbx using Guid(b09dfbfcb65882440a52388a52b816f9) Importer(815301076,1909f56bfc062723c751e8b465ee728b)  -> (artifact id: '00847143c10b4a99fcfdbbdc2e86e4a6') in 0.042098 seconds 
========================================================================
Received Import Request.
  Time since last request: 0.000044 seconds.
  path: Assets/Poly Halloween/- Meshes/Halloween/candle-stick-b-unlit.fbx
  artifactKey: Guid(a6d46daa3a74ce74c8f813986be0a018) Importer(815301076,1909f56bfc062723c751e8b465ee728b)
Start importing Assets/Poly Halloween/- Meshes/Halloween/candle-stick-b-unlit.fbx using Guid(a6d46daa3a74ce74c8f813986be0a018) Importer(815301076,1909f56bfc062723c751e8b465ee728b)  -> (artifact id: '39b55e7c08155745c38e409f35a786f6') in 0.032980 seconds 
========================================================================
Received Import Request.
  Time since last request: 0.000023 seconds.
  path: Assets/Poly Halloween/- Meshes/Halloween/candle-stick-c-lit.fbx
  artifactKey: Guid(9a04adaf8883c184f8e7da4878c62c64) Importer(815301076,1909f56bfc062723c751e8b465ee728b)
Start importing Assets/Poly Halloween/- Meshes/Halloween/candle-stick-c-lit.fbx using Guid(9a04adaf8883c184f8e7da4878c62c64) Importer(815301076,1909f56bfc062723c751e8b465ee728b)  -> (artifact id: '3bd23b25b2f91bbc8f5598689df962e9') in 0.068727 seconds 
========================================================================
Received Import Request.
  Time since last request: 0.000019 seconds.
  path: Assets/Poly Halloween/- Meshes/Halloween/candle-stick-a-lit.fbx
  artifactKey: Guid(f811773500f44d049967754a62d3da3b) Importer(815301076,1909f56bfc062723c751e8b465ee728b)
Start importing Assets/Poly Halloween/- Meshes/Halloween/candle-stick-a-lit.fbx using Guid(f811773500f44d049967754a62d3da3b) Importer(815301076,1909f56bfc062723c751e8b465ee728b)  -> (artifact id: '995d07f73387d4f5b864bf79a5fc9716') in 0.074895 seconds 
========================================================================
Received Import Request.
  Time since last request: 0.003842 seconds.
  path: Assets/Poly Halloween/- Meshes/Halloween/lanterns-on-string-5m.fbx
  artifactKey: Guid(0b9beb4b19b53ae43a6172233561de8f) Importer(815301076,1909f56bfc062723c751e8b465ee728b)
Start importing Assets/Poly Halloween/- Meshes/Halloween/lanterns-on-string-5m.fbx using Guid(0b9beb4b19b53ae43a6172233561de8f) Importer(815301076,1909f56bfc062723c751e8b465ee728b)  -> (artifact id: '1a7084c530c7a80b069e61f28a62be15') in 0.027298 seconds 
========================================================================
Received Import Request.
  Time since last request: 0.000025 seconds.
  path: Assets/Poly Halloween/- Meshes/Halloween/gravestone-old-tower.fbx
  artifactKey: Guid(a77653da149ca8644867707b9dca9198) Importer(815301076,1909f56bfc062723c751e8b465ee728b)
Start importing Assets/Poly Halloween/- Meshes/Halloween/gravestone-old-tower.fbx using Guid(a77653da149ca8644867707b9dca9198) Importer(815301076,1909f56bfc062723c751e8b465ee728b)  -> (artifact id: 'aeeedf7d364591bb92b95df075c4ab99') in 0.043874 seconds 
========================================================================
Received Import Request.
  Time since last request: 0.000021 seconds.
  path: Assets/Poly Halloween/- Meshes/Halloween/scarecrow-b.fbx
  artifactKey: Guid(da077f0aa5505964cbc56c88ef257f4a) Importer(815301076,1909f56bfc062723c751e8b465ee728b)
Start importing Assets/Poly Halloween/- Meshes/Halloween/scarecrow-b.fbx using Guid(da077f0aa5505964cbc56c88ef257f4a) Importer(815301076,1909f56bfc062723c751e8b465ee728b)  -> (artifact id: '93888bf3251e21ff8369750073311aa3') in 0.025161 seconds 
========================================================================
Received Import Request.
  Time since last request: 0.697751 seconds.
  path: Assets/Poly Halloween/- Materials/universal-glass-night.mat
  artifactKey: Guid(67ebe340f97be354c98766c2265fb834) Importer(815301076,1909f56bfc062723c751e8b465ee728b)
Start importing Assets/Poly Halloween/- Materials/universal-glass-night.mat using Guid(67ebe340f97be354c98766c2265fb834) Importer(815301076,1909f56bfc062723c751e8b465ee728b)  -> (artifact id: '57ce014e7e26b37c6070fec4e48c0f68') in 0.322042 seconds 
Editor requested this worker to shutdown with reason: Scaling down because of idle timeout
AssetImportWorker is now disconnected from the server
Process exiting
Exiting without the bug reporter. Application will terminate with return code 0