Using pre-set license
Built from '2021.3/staging' branch; Version is '2021.3.4f1 (cb45f9cae8b7) revision 13321721'; Using compiler version '192829333'; Build Type 'Release'
OS: 'Windows 10  (10.0.19045) 64bit Core' Language: 'pl' Physical Memory: 16304 MB
BatchMode: 1, IsHumanControllingUs: 0, StartBugReporterOnCrash: 0, Is64bit: 1, IsPro: 1

COMMAND LINE ARGUMENTS:
F:\Unity\2021.3.4f1-x86_64\Editor\Unity.exe
-adb2
-batchMode
-noUpm
-name
AssetImportWorker55
-projectPath
D:/Github/VR-projekt/VR projekt
-logFile
Logs/AssetImportWorker55.log
-srvPort
51567
Successfully changed project path to: D:/Github/VR-projekt/VR projekt
D:/Github/VR-projekt/VR projekt
[UnityMemory] Configuration Parameters - Can be set up in boot.config
    "memorysetup-bucket-allocator-granularity=16"
    "memorysetup-bucket-allocator-bucket-count=8"
    "memorysetup-bucket-allocator-block-size=33554432"
    "memorysetup-bucket-allocator-block-count=8"
    "memorysetup-main-allocator-block-size=16777216"
    "memorysetup-thread-allocator-block-size=16777216"
    "memorysetup-gfx-main-allocator-block-size=16777216"
    "memorysetup-gfx-thread-allocator-block-size=16777216"
    "memorysetup-cache-allocator-block-size=4194304"
    "memorysetup-typetree-allocator-block-size=2097152"
    "memorysetup-profiler-bucket-allocator-granularity=16"
    "memorysetup-profiler-bucket-allocator-bucket-count=8"
    "memorysetup-profiler-bucket-allocator-block-size=33554432"
    "memorysetup-profiler-bucket-allocator-block-count=8"
    "memorysetup-profiler-allocator-block-size=16777216"
    "memorysetup-profiler-editor-allocator-block-size=1048576"
    "memorysetup-temp-allocator-size-main=16777216"
    "memorysetup-job-temp-allocator-block-size=2097152"
    "memorysetup-job-temp-allocator-block-size-background=1048576"
    "memorysetup-job-temp-allocator-reduction-small-platforms=262144"
    "memorysetup-temp-allocator-size-background-worker=32768"
    "memorysetup-temp-allocator-size-job-worker=262144"
    "memorysetup-temp-allocator-size-preload-manager=33554432"
    "memorysetup-temp-allocator-size-nav-mesh-worker=65536"
    "memorysetup-temp-allocator-size-audio-worker=65536"
    "memorysetup-temp-allocator-size-cloud-worker=32768"
    "memorysetup-temp-allocator-size-gi-baking-worker=262144"
    "memorysetup-temp-allocator-size-gfx=262144"
Refreshing native plugins compatible for Editor in 188.93 ms, found 3 plugins.
Preloading 0 native plugins for Editor in 0.00 ms.
Initialize engine version: 2021.3.4f1 (cb45f9cae8b7)
[Subsystems] Discovering subsystems at path F:/Unity/2021.3.4f1-x86_64/Editor/Data/Resources/UnitySubsystems
[Subsystems] Discovering subsystems at path D:/Github/VR-projekt/VR projekt/Assets
GfxDevice: creating device client; threaded=0; jobified=0
Direct3D:
    Version:  Direct3D 11.0 [level 11.1]
    Renderer: NVIDIA GeForce GTX 1650 (ID=0x1f91)
    Vendor:   NVIDIA
    VRAM:     3949 MB
    Driver:   31.0.15.2824
Initialize mono
Mono path[0] = 'F:/Unity/2021.3.4f1-x86_64/Editor/Data/Managed'
Mono path[1] = 'F:/Unity/2021.3.4f1-x86_64/Editor/Data/MonoBleedingEdge/lib/mono/unityjit-win32'
Mono config path = 'F:/Unity/2021.3.4f1-x86_64/Editor/Data/MonoBleedingEdge/etc'
Using monoOptions --debugger-agent=transport=dt_socket,embedding=1,server=y,suspend=n,address=127.0.0.1:56364
Begin MonoManager ReloadAssembly
Registering precompiled unity dll's ...
Register platform support module: F:/Unity/2021.3.4f1-x86_64/Editor/Data/PlaybackEngines/WindowsStandaloneSupport/UnityEditor.WindowsStandalone.Extensions.dll
Registered in 0.009608 seconds.
Native extension for WindowsStandalone target not found
Refreshing native plugins compatible for Editor in 153.09 ms, found 3 plugins.
Preloading 0 native plugins for Editor in 0.00 ms.
Mono: successfully reloaded assembly
- Completed reload, in  1.056 seconds
Domain Reload Profiling:
	ReloadAssembly (1056ms)
		BeginReloadAssembly (125ms)
			ExecutionOrderSort (0ms)
			DisableScriptedObjects (0ms)
			BackupInstance (0ms)
			ReleaseScriptingObjects (0ms)
			CreateAndSetChildDomain (1ms)
		EndReloadAssembly (750ms)
			LoadAssemblies (120ms)
			RebuildTransferFunctionScriptingTraits (0ms)
			SetupTypeCache (169ms)
			ReleaseScriptCaches (0ms)
			RebuildScriptCaches (64ms)
			SetupLoadedEditorAssemblies (440ms)
				LogAssemblyErrors (0ms)
				InitializePlatformSupportModulesInManaged (10ms)
				SetLoadedEditorAssemblies (1ms)
				RefreshPlugins (153ms)
				BeforeProcessingInitializeOnLoad (2ms)
				ProcessInitializeOnLoadAttributes (205ms)
				ProcessInitializeOnLoadMethodAttributes (70ms)
				AfterProcessingInitializeOnLoad (0ms)
				EditorAssembliesLoaded (0ms)
			ExecutionOrderSort2 (0ms)
			AwakeInstancesAfterBackupRestoration (0ms)
Platform modules already initialized, skipping
Registering precompiled user dll's ...
Registered in 0.006551 seconds.
Begin MonoManager ReloadAssembly
Symbol file data-00000201B8A0B6C0 doesn't match image D:\Github\VR-projekt\VR projekt\Library\ScriptAssemblies\Assembly-CSharp.dll
Symbol file LoadedFromMemory is not a mono symbol file
Symbol file data-00000201B8A0B6C0 doesn't match image D:\Github\VR-projekt\VR projekt\Library\ScriptAssemblies\Assembly-CSharp-Editor.dll
Symbol file LoadedFromMemory is not a mono symbol file
Symbol file data-00000201B818E010 doesn't match image D:\Github\VR-projekt\VR projekt\Library\ScriptAssemblies\Unity.VisualScripting.Flow.Editor.dll
Symbol file LoadedFromMemory is not a mono symbol file
Symbol file data-00000201B8A0B6C0 doesn't match image D:\Github\VR-projekt\VR projekt\Library\ScriptAssemblies\Unity.VSCode.Editor.dll
Symbol file LoadedFromMemory is not a mono symbol file
Symbol file data-00000201B81C4820 doesn't match image D:\Github\VR-projekt\VR projekt\Library\ScriptAssemblies\Unity.TextMeshPro.Editor.dll
Symbol file LoadedFromMemory is not a mono symbol file
Symbol file data-00000201B8A11ED0 doesn't match image D:\Github\VR-projekt\VR projekt\Library\ScriptAssemblies\Unity.Services.Core.Telemetry.dll
Symbol file LoadedFromMemory is not a mono symbol file
Symbol file data-00000201B7581020 doesn't match image D:\Github\VR-projekt\VR projekt\Library\ScriptAssemblies\Unity.Performance.Profile-Analyzer.Editor.dll
Symbol file LoadedFromMemory is not a mono symbol file
Symbol file data-00000201B7581020 doesn't match image D:\Github\VR-projekt\VR projekt\Library\ScriptAssemblies\Unity.TestTools.CodeCoverage.Editor.OpenCover.Model.dll
Symbol file LoadedFromMemory is not a mono symbol file
Symbol file data-00000201B7596630 doesn't match image D:\Github\VR-projekt\VR projekt\Library\ScriptAssemblies\Unity.VisualStudio.Editor.dll
Symbol file LoadedFromMemory is not a mono symbol file
Symbol file data-00000201B793A010 doesn't match image D:\Github\VR-projekt\VR projekt\Library\ScriptAssemblies\UnityEngine.TestRunner.dll
Symbol file LoadedFromMemory is not a mono symbol file
Symbol file data-00000201B795AC20 doesn't match image D:\Github\VR-projekt\VR projekt\Library\ScriptAssemblies\Unity.Timeline.dll
Symbol file LoadedFromMemory is not a mono symbol file
Symbol file data-00000201B7CBB010 doesn't match image D:\Github\VR-projekt\VR projekt\Library\ScriptAssemblies\Unity.VisualScripting.Core.Editor.dll
Symbol file LoadedFromMemory is not a mono symbol file
Symbol file data-00000201B795AC20 doesn't match image D:\Github\VR-projekt\VR projekt\Library\ScriptAssemblies\Unity.TextMeshPro.dll
Symbol file LoadedFromMemory is not a mono symbol file
Symbol file data-00000201B7596630 doesn't match image D:\Github\VR-projekt\VR projekt\Library\ScriptAssemblies\Unity.VisualScripting.State.Editor.dll
Symbol file LoadedFromMemory is not a mono symbol file
Symbol file data-00000201B7970030 doesn't match image D:\Github\VR-projekt\VR projekt\Library\ScriptAssemblies\UnityEditor.TestRunner.dll
Symbol file LoadedFromMemory is not a mono symbol file
Symbol file data-00000201B8A17AE0 doesn't match image D:\Github\VR-projekt\VR projekt\Library\ScriptAssemblies\Unity.Services.Core.Networking.dll
Symbol file LoadedFromMemory is not a mono symbol file
Symbol file data-00000201B7D19E20 doesn't match image D:\Github\VR-projekt\VR projekt\Library\ScriptAssemblies\Unity.VisualScripting.SettingsProvider.Editor.dll
Symbol file LoadedFromMemory is not a mono symbol file
Symbol file data-00000201B7D19E20 doesn't match image D:\Github\VR-projekt\VR projekt\Library\ScriptAssemblies\Unity.TestTools.CodeCoverage.Editor.OpenCover.Mono.Reflection.dll
Symbol file LoadedFromMemory is not a mono symbol file
Symbol file data-00000201B7970030 doesn't match image D:\Github\VR-projekt\VR projekt\Library\ScriptAssemblies\Unity.VisualScripting.Flow.dll
Symbol file LoadedFromMemory is not a mono symbol file
Symbol file data-00000201B7596630 doesn't match image D:\Github\VR-projekt\VR projekt\Library\ScriptAssemblies\UnityEditor.UI.dll
Symbol file LoadedFromMemory is not a mono symbol file
Symbol file data-00000201B7D7E010 doesn't match image D:\Github\VR-projekt\VR projekt\Library\ScriptAssemblies\Unity.InputSystem.dll
Symbol file LoadedFromMemory is not a mono symbol file
Symbol file data-00000201B7596630 doesn't match image D:\Github\VR-projekt\VR projekt\Library\ScriptAssemblies\Unity.Rider.Editor.dll
Symbol file LoadedFromMemory is not a mono symbol file
Symbol file data-00000201B3402640 doesn't match image D:\Github\VR-projekt\VR projekt\Library\ScriptAssemblies\Unity.PlasticSCM.Editor.dll
Symbol file LoadedFromMemory is not a mono symbol file
Symbol file data-00000201B7596630 doesn't match image D:\Github\VR-projekt\VR projekt\Library\ScriptAssemblies\Unity.Services.Core.Internal.dll
Symbol file LoadedFromMemory is not a mono symbol file
Symbol file data-00000201B3402640 doesn't match image D:\Github\VR-projekt\VR projekt\Library\ScriptAssemblies\UnityEngine.UI.dll
Symbol file LoadedFromMemory is not a mono symbol file
Symbol file data-00000201B7599240 doesn't match image D:\Github\VR-projekt\VR projekt\Library\ScriptAssemblies\Unity.Services.Core.Configuration.dll
Symbol file LoadedFromMemory is not a mono symbol file
Symbol file data-00000201B7599240 doesn't match image D:\Github\VR-projekt\VR projekt\Library\ScriptAssemblies\Unity.Services.Core.dll
Symbol file LoadedFromMemory is not a mono symbol file
Symbol file data-00000201B7FBF860 doesn't match image D:\Github\VR-projekt\VR projekt\Library\ScriptAssemblies\Unity.VisualScripting.Core.dll
Symbol file LoadedFromMemory is not a mono symbol file
Symbol file data-00000201B3888C30 doesn't match image D:\Github\VR-projekt\VR projekt\Library\ScriptAssemblies\Unity.EditorCoroutines.Editor.dll
Symbol file LoadedFromMemory is not a mono symbol file
Symbol file data-00000201B3888C30 doesn't match image D:\Github\VR-projekt\VR projekt\Library\ScriptAssemblies\Unity.Services.Core.Editor.dll
Symbol file LoadedFromMemory is not a mono symbol file
Symbol file data-00000201B3888C30 doesn't match image D:\Github\VR-projekt\VR projekt\Library\ScriptAssemblies\Unity.Services.Core.Configuration.Editor.dll
Symbol file LoadedFromMemory is not a mono symbol file
Symbol file data-00000201B34F1A20 doesn't match image D:\Github\VR-projekt\VR projekt\Library\ScriptAssemblies\Cinemachine.dll
Symbol file LoadedFromMemory is not a mono symbol file
Symbol file data-00000201B8006A70 doesn't match image D:\Github\VR-projekt\VR projekt\Library\ScriptAssemblies\Unity.Services.Core.Analytics.dll
Symbol file LoadedFromMemory is not a mono symbol file
Symbol file data-00000201B3888C30 doesn't match image D:\Github\VR-projekt\VR projekt\Library\ScriptAssemblies\Unity.Services.Core.Registration.dll
Symbol file LoadedFromMemory is not a mono symbol file
Symbol file data-00000201B3421E60 doesn't match image D:\Github\VR-projekt\VR projekt\Library\ScriptAssemblies\com.unity.cinemachine.editor.dll
Symbol file LoadedFromMemory is not a mono symbol file
Symbol file data-00000201B800A680 doesn't match image D:\Github\VR-projekt\VR projekt\Library\ScriptAssemblies\Unity.VisualScripting.Shared.Editor.dll
Symbol file LoadedFromMemory is not a mono symbol file
Symbol file data-00000201B800A680 doesn't match image D:\Github\VR-projekt\VR projekt\Library\ScriptAssemblies\Unity.Services.Core.Environments.dll
Symbol file LoadedFromMemory is not a mono symbol file
Symbol file data-00000201B800A680 doesn't match image D:\Github\VR-projekt\VR projekt\Library\ScriptAssemblies\Polyperfect.Universal.dll
Symbol file LoadedFromMemory is not a mono symbol file
Symbol file data-00000201B800A680 doesn't match image D:\Github\VR-projekt\VR projekt\Library\ScriptAssemblies\Unity.Services.Core.Scheduler.dll
Symbol file LoadedFromMemory is not a mono symbol file
Symbol file data-00000201B800A680 doesn't match image D:\Github\VR-projekt\VR projekt\Library\ScriptAssemblies\Unity.Services.Core.Environments.Internal.dll
Symbol file LoadedFromMemory is not a mono symbol file
Symbol file data-00000201B7240080 doesn't match image D:\Github\VR-projekt\VR projekt\Library\ScriptAssemblies\Unity.Timeline.Editor.dll
Symbol file LoadedFromMemory is not a mono symbol file
Symbol file data-00000201B3421E60 doesn't match image D:\Github\VR-projekt\VR projekt\Library\ScriptAssemblies\Unity.Settings.Editor.dll
Symbol file LoadedFromMemory is not a mono symbol file
Symbol file data-00000201B3421E60 doesn't match image D:\Github\VR-projekt\VR projekt\Library\ScriptAssemblies\Unity.CollabProxy.Editor.dll
Symbol file LoadedFromMemory is not a mono symbol file
Symbol file data-00000201B3421E60 doesn't match image D:\Github\VR-projekt\VR projekt\Library\ScriptAssemblies\Unity.Services.Core.Threading.dll
Symbol file LoadedFromMemory is not a mono symbol file
Symbol file data-00000201B8AD4030 doesn't match image D:\Github\VR-projekt\VR projekt\Library\ScriptAssemblies\Unity.TestTools.CodeCoverage.Editor.dll
Symbol file LoadedFromMemory is not a mono symbol file
Symbol file data-00000201B8ADAA40 doesn't match image D:\Github\VR-projekt\VR projekt\Library\ScriptAssemblies\Unity.VisualScripting.State.dll
Symbol file LoadedFromMemory is not a mono symbol file
Symbol file data-00000201B3439A70 doesn't match image D:\Github\VR-projekt\VR projekt\Library\ScriptAssemblies\Unity.Services.Core.Device.dll
Symbol file LoadedFromMemory is not a mono symbol file
Symbol file LoadedFromMemory doesn't match image D:\Github\VR-projekt\VR projekt\Library\PackageCache\com.unity.visualscripting@1.7.8\Editor\VisualScripting.Core\Dependencies\YamlDotNet\Unity.VisualScripting.YamlDotNet.dll
Symbol file LoadedFromMemory doesn't match image D:\Github\VR-projekt\VR projekt\Library\PackageCache\com.unity.visualscripting@1.7.8\Editor\VisualScripting.Core\Dependencies\DotNetZip\Unity.VisualScripting.IonicZip.dll
Native extension for WindowsStandalone target not found
Refreshing native plugins compatible for Editor in 157.59 ms, found 3 plugins.
Preloading 0 native plugins for Editor in 0.00 ms.
Mono: successfully reloaded assembly
- Completed reload, in  2.323 seconds
Domain Reload Profiling:
	ReloadAssembly (2325ms)
		BeginReloadAssembly (236ms)
			ExecutionOrderSort (0ms)
			DisableScriptedObjects (15ms)
			BackupInstance (0ms)
			ReleaseScriptingObjects (0ms)
			CreateAndSetChildDomain (41ms)
		EndReloadAssembly (1904ms)
			LoadAssemblies (169ms)
			RebuildTransferFunctionScriptingTraits (0ms)
			SetupTypeCache (487ms)
			ReleaseScriptCaches (1ms)
			RebuildScriptCaches (86ms)
			SetupLoadedEditorAssemblies (1109ms)
				LogAssemblyErrors (0ms)
				InitializePlatformSupportModulesInManaged (5ms)
				SetLoadedEditorAssemblies (0ms)
				RefreshPlugins (158ms)
				BeforeProcessingInitializeOnLoad (154ms)
				ProcessInitializeOnLoadAttributes (726ms)
				ProcessInitializeOnLoadMethodAttributes (51ms)
				AfterProcessingInitializeOnLoad (14ms)
				EditorAssembliesLoaded (0ms)
			ExecutionOrderSort2 (0ms)
			AwakeInstancesAfterBackupRestoration (10ms)
Platform modules already initialized, skipping
========================================================================
Worker process is ready to serve import requests
database is locked
database is locked
Launched and connected shader compiler UnityShaderCompiler.exe after 0.08 seconds
Refreshing native plugins compatible for Editor in 1.91 ms, found 3 plugins.
Preloading 0 native plugins for Editor in 0.00 ms.
Unloading 3862 Unused Serialized files (Serialized files now loaded: 0)
Unloading 44 unused Assets / (181.9 KB). Loaded Objects now: 4343.
Memory consumption went from 152.9 MB to 152.7 MB.
Total: 8.100200 ms (FindLiveObjects: 0.422800 ms CreateObjectMapping: 0.568100 ms MarkObjects: 6.177200 ms  DeleteObjects: 0.930800 ms)

AssetImportParameters requested are different than current active one (requested -> active):
  custom:video-decoder-ogg-theora: a1e56fd34408186e4bbccfd4996cb3dc -> 
  custom:container-muxer-webm: aa71ff27fc2769a1b78a27578f13a17b -> 
  custom:container-demuxer-webm: 4f35f7cbe854078d1ac9338744f61a02 -> 
  custom:video-encoder-webm-vp8: eb34c28f22e8b96e1ab97ce403110664 -> 
  custom:audio-encoder-webm-vorbis: bf7c407c2cedff20999df2af8eb42d56 -> 
  custom:framework-win-MediaFoundation: 216162199b28c13a410421893ffa2e32 -> 
  custom:container-demuxer-ogg: 62fdf1f143b41e24485cea50d1cbac27 -> 
  custom:video-decoder-webm-vp8: 9c59270c3fd7afecdb556c50c9e8de78 -> 
  custom:audio-decoder-ogg-vorbis: bf7c407c2cedff20999df2af8eb42d56 -> 
========================================================================
Received Import Request.
  Time since last request: 11909.437094 seconds.
  path: Assets/CemeteryPack/Textures/Candle_normals.tga
  artifactKey: Guid(4d4f7861fbece3a4dbc88558d1dd0015) Importer(815301076,1909f56bfc062723c751e8b465ee728b)
Start importing Assets/CemeteryPack/Textures/Candle_normals.tga using Guid(4d4f7861fbece3a4dbc88558d1dd0015) Importer(815301076,1909f56bfc062723c751e8b465ee728b)  -> (artifact id: 'ba171155c9e49f83db9ab718f79b6f01') in 0.272243 seconds 
========================================================================
Received Import Request.
  Time since last request: 0.000029 seconds.
  path: Assets/CemeteryPack/Textures/Crypt_Specular.tga
  artifactKey: Guid(f40fbf717d2f61d468c72e080356eb3e) Importer(815301076,1909f56bfc062723c751e8b465ee728b)
Start importing Assets/CemeteryPack/Textures/Crypt_Specular.tga using Guid(f40fbf717d2f61d468c72e080356eb3e) Importer(815301076,1909f56bfc062723c751e8b465ee728b)  -> (artifact id: '280b156a322f6d2ed4d3c08b2be08ed2') in 0.025911 seconds 
========================================================================
Received Import Request.
  Time since last request: 3.708405 seconds.
  path: Assets/cemetery halloween set/textures/floor_11.png
  artifactKey: Guid(a2a3f5aa1919d754db7013249b67ee8f) Importer(815301076,1909f56bfc062723c751e8b465ee728b)
Start importing Assets/cemetery halloween set/textures/floor_11.png using Guid(a2a3f5aa1919d754db7013249b67ee8f) Importer(815301076,1909f56bfc062723c751e8b465ee728b)  -> (artifact id: 'badf7ca95559ceb2894da02022eeffff') in 0.033560 seconds 
========================================================================
Received Import Request.
  Time since last request: 0.000051 seconds.
  path: Assets/cemetery halloween set/textures/floor_14.mat
  artifactKey: Guid(e539cccd52c19aa46ac9e3dd40ae7370) Importer(815301076,1909f56bfc062723c751e8b465ee728b)
Start importing Assets/cemetery halloween set/textures/floor_14.mat using Guid(e539cccd52c19aa46ac9e3dd40ae7370) Importer(815301076,1909f56bfc062723c751e8b465ee728b)  -> (artifact id: '489f071045d4b87ca4f8b3b0a8cf3531') in 0.118670 seconds 
========================================================================
Received Import Request.
  Time since last request: 21.550252 seconds.
  path: Assets/cemetery halloween set/textures/floor_12.mat
  artifactKey: Guid(4558ef7bc514bdd4ea536e66c2cbdc70) Importer(815301076,1909f56bfc062723c751e8b465ee728b)
Start importing Assets/cemetery halloween set/textures/floor_12.mat using Guid(4558ef7bc514bdd4ea536e66c2cbdc70) Importer(815301076,1909f56bfc062723c751e8b465ee728b)  -> (artifact id: '0dec71fd1515bf7261ddd54fd44d6a71') in 0.037197 seconds 
========================================================================
Received Import Request.
  Time since last request: 48.333844 seconds.
  path: Assets/Poly Halloween/- Textures/Universal/atlas-specular.png
  artifactKey: Guid(ce4cc54c099337c4a83c0569800a533e) Importer(815301076,1909f56bfc062723c751e8b465ee728b)
Start importing Assets/Poly Halloween/- Textures/Universal/atlas-specular.png using Guid(ce4cc54c099337c4a83c0569800a533e) Importer(815301076,1909f56bfc062723c751e8b465ee728b)  -> (artifact id: 'ab9e5bad43ef5ee8d1faa5e72716ae8c') in 0.052297 seconds 
========================================================================
Received Import Request.
  Time since last request: 0.000045 seconds.
  path: Assets/Stylized fantasy items/flask_a/Materials/flask_a_Textures/flask_a_low_smoothing_groups_DefaultMaterial_BaseColor.png
  artifactKey: Guid(0464b663e6b02b64fbea912401c38ec6) Importer(815301076,1909f56bfc062723c751e8b465ee728b)
Start importing Assets/Stylized fantasy items/flask_a/Materials/flask_a_Textures/flask_a_low_smoothing_groups_DefaultMaterial_BaseColor.png using Guid(0464b663e6b02b64fbea912401c38ec6) Importer(815301076,1909f56bfc062723c751e8b465ee728b)  -> (artifact id: '21fe2819d02a42908b03e6274da7a463') in 0.027745 seconds 
========================================================================
Received Import Request.
  Time since last request: 0.000022 seconds.
  path: Assets/FantasyWillageHouse/Textures/house_1_Normal.png
  artifactKey: Guid(88f1a1261ea2ac24f995f53518462e5a) Importer(815301076,1909f56bfc062723c751e8b465ee728b)
Start importing Assets/FantasyWillageHouse/Textures/house_1_Normal.png using Guid(88f1a1261ea2ac24f995f53518462e5a) Importer(815301076,1909f56bfc062723c751e8b465ee728b)  -> (artifact id: 'ed69cf05b492505e072d6655c39857a4') in 0.074831 seconds 
========================================================================
Received Import Request.
  Time since last request: 0.000032 seconds.
  path: Assets/Stylized fantasy items/flask_a/Materials/flask_a_Textures/flask_a_low_smoothing_groups_DefaultMaterial_AO.png
  artifactKey: Guid(2eeda0cb9d9a2d14b8f5ff62e2ef8889) Importer(815301076,1909f56bfc062723c751e8b465ee728b)
Start importing Assets/Stylized fantasy items/flask_a/Materials/flask_a_Textures/flask_a_low_smoothing_groups_DefaultMaterial_AO.png using Guid(2eeda0cb9d9a2d14b8f5ff62e2ef8889) Importer(815301076,1909f56bfc062723c751e8b465ee728b)  -> (artifact id: '1b5d879b1eaddca510aef14ea05d5ba1') in 0.020862 seconds 
========================================================================
Received Import Request.
  Time since last request: 0.000028 seconds.
  path: Assets/Medieval_Carts/Texutre/carts512.psd
  artifactKey: Guid(09ba063a64d97724e8cbcda103e49e10) Importer(815301076,1909f56bfc062723c751e8b465ee728b)
Start importing Assets/Medieval_Carts/Texutre/carts512.psd using Guid(09ba063a64d97724e8cbcda103e49e10) Importer(815301076,1909f56bfc062723c751e8b465ee728b)  -> (artifact id: '76e6e6f744a035a87b01f6d4a7017d85') in 0.021870 seconds 
========================================================================
Received Import Request.
  Time since last request: 0.000031 seconds.
  path: Assets/#Nieważne/StarterAssets/Environment/Art/Textures/Grid_01_BaseMap.png
  artifactKey: Guid(d1118dda59970a2449ee890fa247c4c5) Importer(815301076,1909f56bfc062723c751e8b465ee728b)
Start importing Assets/#Nieważne/StarterAssets/Environment/Art/Textures/Grid_01_BaseMap.png using Guid(d1118dda59970a2449ee890fa247c4c5) Importer(815301076,1909f56bfc062723c751e8b465ee728b)  -> (artifact id: '9ac7c3f653388f9471cb95ff1f882ee8') in 0.029769 seconds 
========================================================================
Received Import Request.
  Time since last request: 0.000040 seconds.
  path: Assets/#Nieważne/StarterAssets/Environment/Art/Textures/Grid_01_Normal.png
  artifactKey: Guid(c5c221ed57a3bf6488f8eba0db28a004) Importer(815301076,1909f56bfc062723c751e8b465ee728b)
Start importing Assets/#Nieważne/StarterAssets/Environment/Art/Textures/Grid_01_Normal.png using Guid(c5c221ed57a3bf6488f8eba0db28a004) Importer(815301076,1909f56bfc062723c751e8b465ee728b)  -> (artifact id: 'bd73d0ae199515eea27b8863596e1569') in 0.023606 seconds 
========================================================================
Received Import Request.
  Time since last request: 0.000019 seconds.
  path: Assets/Fantasy House/Mesh/Fantasy_House_6.png
  artifactKey: Guid(37dfde35cb361bc47963fe5e19dd2146) Importer(815301076,1909f56bfc062723c751e8b465ee728b)
Start importing Assets/Fantasy House/Mesh/Fantasy_House_6.png using Guid(37dfde35cb361bc47963fe5e19dd2146) Importer(815301076,1909f56bfc062723c751e8b465ee728b)  -> (artifact id: '35461a6a371b1830b62cb7af63e80f26') in 0.034675 seconds 
========================================================================
Received Import Request.
  Time since last request: 4.772087 seconds.
  path: Assets/Stylized fantasy items/lantern_a/Materials/lantern_a_Textures/lantern_a_normal.png
  artifactKey: Guid(118624307f7bb934cbd1e4f189df6236) Importer(815301076,1909f56bfc062723c751e8b465ee728b)
Start importing Assets/Stylized fantasy items/lantern_a/Materials/lantern_a_Textures/lantern_a_normal.png using Guid(118624307f7bb934cbd1e4f189df6236) Importer(815301076,1909f56bfc062723c751e8b465ee728b)  -> (artifact id: 'ccbc0beb798cddcd7479e81962767541') in 0.033685 seconds 
========================================================================
Received Import Request.
  Time since last request: 0.041642 seconds.
  path: Assets/Halloween_Pack/Skyboxes/Textures/MoonShine/MoonShine_up.tif
  artifactKey: Guid(91c222ac5463b7243849bc078d53e72c) Importer(815301076,1909f56bfc062723c751e8b465ee728b)
Start importing Assets/Halloween_Pack/Skyboxes/Textures/MoonShine/MoonShine_up.tif using Guid(91c222ac5463b7243849bc078d53e72c) Importer(815301076,1909f56bfc062723c751e8b465ee728b)  -> (artifact id: '4b6fb8ecb5bedcdf1da49634fbae3d0c') in 0.041306 seconds 
========================================================================
Received Import Request.
  Time since last request: 0.000031 seconds.
  path: Assets/Obelisk_void/Textures/Obelisk_zodiac_low_obelisk_zodiac_Metallic.png
  artifactKey: Guid(4e59fedbebec8274e8bc1a0a3f1023e6) Importer(815301076,1909f56bfc062723c751e8b465ee728b)
Start importing Assets/Obelisk_void/Textures/Obelisk_zodiac_low_obelisk_zodiac_Metallic.png using Guid(4e59fedbebec8274e8bc1a0a3f1023e6) Importer(815301076,1909f56bfc062723c751e8b465ee728b)  -> (artifact id: '993e56c288a34861f3ae74d751b1f345') in 0.036281 seconds 
========================================================================
Received Import Request.
  Time since last request: 0.000027 seconds.
  path: Assets/Stylized_Fantasy/Stylized_Fantasy/Props_Sample/Textures/T_Bucket_N.png
  artifactKey: Guid(d0a9aeaef8e95ca4f9172772ba646edd) Importer(815301076,1909f56bfc062723c751e8b465ee728b)
Start importing Assets/Stylized_Fantasy/Stylized_Fantasy/Props_Sample/Textures/T_Bucket_N.png using Guid(d0a9aeaef8e95ca4f9172772ba646edd) Importer(815301076,1909f56bfc062723c751e8b465ee728b)  -> (artifact id: '53b7facef6432c303ea1699e8bd62085') in 0.036989 seconds 
========================================================================
Received Import Request.
  Time since last request: 0.000030 seconds.
  path: Assets/Stylized_Fantasy/Stylized_Fantasy/Props_Sample/Textures/T_Stone_Obelisk_MS.png
  artifactKey: Guid(ada3a4302b76adf4884a5f52f1966425) Importer(815301076,1909f56bfc062723c751e8b465ee728b)
Start importing Assets/Stylized_Fantasy/Stylized_Fantasy/Props_Sample/Textures/T_Stone_Obelisk_MS.png using Guid(ada3a4302b76adf4884a5f52f1966425) Importer(815301076,1909f56bfc062723c751e8b465ee728b)  -> (artifact id: '5c221c36afe67014e647219a9e42d49b') in 0.034425 seconds 
========================================================================
Received Import Request.
  Time since last request: 0.000040 seconds.
  path: Assets/Stylized_Fantasy/Stylized_Fantasy/Props_Sample/Textures/T_Signs_N.png
  artifactKey: Guid(f04fff4030d038349bf63c8c437fdbc6) Importer(815301076,1909f56bfc062723c751e8b465ee728b)
Start importing Assets/Stylized_Fantasy/Stylized_Fantasy/Props_Sample/Textures/T_Signs_N.png using Guid(f04fff4030d038349bf63c8c437fdbc6) Importer(815301076,1909f56bfc062723c751e8b465ee728b)  -> (artifact id: '8209b228935c6eb97ec2355a4236d146') in 0.067080 seconds 
========================================================================
Received Import Request.
  Time since last request: 0.000035 seconds.
  path: Assets/Witchs_house/Materials/Witchs house_o.png
  artifactKey: Guid(64a17595d4ddde24f850418a060c4fca) Importer(815301076,1909f56bfc062723c751e8b465ee728b)
Start importing Assets/Witchs_house/Materials/Witchs house_o.png using Guid(64a17595d4ddde24f850418a060c4fca) Importer(815301076,1909f56bfc062723c751e8b465ee728b)  -> (artifact id: '6e44823c837680f30dda454ad0db436e') in 0.034896 seconds 
========================================================================
Received Import Request.
  Time since last request: 0.000021 seconds.
  path: Assets/FantasyWillageHouse/Textures/props_Normal.png
  artifactKey: Guid(738b19a35603a384fba408576ad9048e) Importer(815301076,1909f56bfc062723c751e8b465ee728b)
Start importing Assets/FantasyWillageHouse/Textures/props_Normal.png using Guid(738b19a35603a384fba408576ad9048e) Importer(815301076,1909f56bfc062723c751e8b465ee728b)  -> (artifact id: 'c16d3235fb668228c10f5c26e675237e') in 0.028995 seconds 
========================================================================
Received Import Request.
  Time since last request: 0.000026 seconds.
  path: Assets/Stylized_Fantasy/Stylized_Fantasy/Props_Sample/Textures/T_Tent_MS.png
  artifactKey: Guid(80b3ae0a9fe45f24ea7c0839830cb44f) Importer(815301076,1909f56bfc062723c751e8b465ee728b)
Start importing Assets/Stylized_Fantasy/Stylized_Fantasy/Props_Sample/Textures/T_Tent_MS.png using Guid(80b3ae0a9fe45f24ea7c0839830cb44f) Importer(815301076,1909f56bfc062723c751e8b465ee728b)  -> (artifact id: '22b537f555a2ced52cf8c0d7992abd3c') in 0.022587 seconds 
========================================================================
Received Import Request.
  Time since last request: 0.000632 seconds.
  path: Assets/Stylized_Fantasy/Stylized_Fantasy/Props_Sample/Textures/T_Stool_Albedo.png
  artifactKey: Guid(fbbba548df5cbb44cab41b42509a9a7d) Importer(815301076,1909f56bfc062723c751e8b465ee728b)
Start importing Assets/Stylized_Fantasy/Stylized_Fantasy/Props_Sample/Textures/T_Stool_Albedo.png using Guid(fbbba548df5cbb44cab41b42509a9a7d) Importer(815301076,1909f56bfc062723c751e8b465ee728b)  -> (artifact id: '79bd4b988783c9662e4eb85008d4dd7e') in 0.026304 seconds 
========================================================================
Received Import Request.
  Time since last request: 0.000031 seconds.
  path: Assets/Skull Platform/_source/Textures/Platform_Skull_N.tga
  artifactKey: Guid(606857565cc0f2b4ca73520207a92175) Importer(815301076,1909f56bfc062723c751e8b465ee728b)
Start importing Assets/Skull Platform/_source/Textures/Platform_Skull_N.tga using Guid(606857565cc0f2b4ca73520207a92175) Importer(815301076,1909f56bfc062723c751e8b465ee728b)  -> (artifact id: '6e317f1d163992497e06cea0fe9974f5') in 0.034337 seconds 
========================================================================
Received Import Request.
  Time since last request: 0.000049 seconds.
  path: Assets/#Nieważne/StarterAssets/Mobile/UI/UI_Icon_Sprint.png
  artifactKey: Guid(b0fa70abd2a79904cb00b175dfd8ec7e) Importer(815301076,1909f56bfc062723c751e8b465ee728b)
Start importing Assets/#Nieważne/StarterAssets/Mobile/UI/UI_Icon_Sprint.png using Guid(b0fa70abd2a79904cb00b175dfd8ec7e) Importer(815301076,1909f56bfc062723c751e8b465ee728b)  -> (artifact id: '94fa2d879ac6d1fdd1de87660d079874') in 0.104592 seconds 
========================================================================
Received Import Request.
  Time since last request: 16.124495 seconds.
  path: Assets/CemeteryPack/Meshes/Materials/No Name.mat
  artifactKey: Guid(d8df4c713d033d14c9c8aae01b5cb59a) Importer(815301076,1909f56bfc062723c751e8b465ee728b)
Start importing Assets/CemeteryPack/Meshes/Materials/No Name.mat using Guid(d8df4c713d033d14c9c8aae01b5cb59a) Importer(815301076,1909f56bfc062723c751e8b465ee728b)  -> (artifact id: 'a1f066f892033c359e2cd89c2859d0d6') in 0.067740 seconds 
========================================================================
Received Import Request.
  Time since last request: 0.000036 seconds.
  path: Assets/Witchs_house/Materials/Whitchs_objects.mat
  artifactKey: Guid(9c9003e8bda32a44abf7207b5cda9f8c) Importer(815301076,1909f56bfc062723c751e8b465ee728b)
Start importing Assets/Witchs_house/Materials/Whitchs_objects.mat using Guid(9c9003e8bda32a44abf7207b5cda9f8c) Importer(815301076,1909f56bfc062723c751e8b465ee728b)  -> (artifact id: '344a6db704a0edd3a3d8d8bb7896f3f4') in 0.055826 seconds 
========================================================================
Received Import Request.
  Time since last request: 0.000027 seconds.
  path: Assets/Skull Platform/_source/Meshes/Materials/Platform_Skull_A.mat
  artifactKey: Guid(d5fb7946df6a5b545ae2c0b4dc8c5f08) Importer(815301076,1909f56bfc062723c751e8b465ee728b)
Start importing Assets/Skull Platform/_source/Meshes/Materials/Platform_Skull_A.mat using Guid(d5fb7946df6a5b545ae2c0b4dc8c5f08) Importer(815301076,1909f56bfc062723c751e8b465ee728b)  -> (artifact id: '390929d3cb614839916c4bdcb5eb4476') in 0.079857 seconds 
========================================================================
Received Import Request.
  Time since last request: 0.000025 seconds.
  path: Assets/Skull Platform/_source/Meshes/Materials/Stone_Floor_01_A.mat
  artifactKey: Guid(6ea95197c6e04034d9e3c025fd6d56c8) Importer(815301076,1909f56bfc062723c751e8b465ee728b)
Start importing Assets/Skull Platform/_source/Meshes/Materials/Stone_Floor_01_A.mat using Guid(6ea95197c6e04034d9e3c025fd6d56c8) Importer(815301076,1909f56bfc062723c751e8b465ee728b)  -> (artifact id: 'c90b79b0e0f1f7445b38e1fa1c48ae97') in 0.040632 seconds 
========================================================================
Received Import Request.
  Time since last request: 0.000017 seconds.
  path: Assets/Obelisk_void/FBX/Obelisk_zodiac_low.fbx
  artifactKey: Guid(dd429fa777638ef429ae03b5efdbf847) Importer(815301076,1909f56bfc062723c751e8b465ee728b)
Start importing Assets/Obelisk_void/FBX/Obelisk_zodiac_low.fbx using Guid(dd429fa777638ef429ae03b5efdbf847) Importer(815301076,1909f56bfc062723c751e8b465ee728b)  -> (artifact id: '772de35f4a50eabd4319d630c940bd00') in 0.212934 seconds 
========================================================================
Received Import Request.
  Time since last request: 0.000044 seconds.
  path: Assets/CemeteryPack/Meshes/FloorFoundation5.fbx
  artifactKey: Guid(51d38298a926d7e47a3649855b517c6c) Importer(815301076,1909f56bfc062723c751e8b465ee728b)
Start importing Assets/CemeteryPack/Meshes/FloorFoundation5.fbx using Guid(51d38298a926d7e47a3649855b517c6c) Importer(815301076,1909f56bfc062723c751e8b465ee728b)  -> (artifact id: '66b8c0533bf5ba5068d7a1167af1afdc') in 0.033971 seconds 
========================================================================
Received Import Request.
  Time since last request: 0.000043 seconds.
  path: Assets/CemeteryPack/Meshes/Floor.016.fbx
  artifactKey: Guid(539e734707bc45a419899ccbc5fb614d) Importer(815301076,1909f56bfc062723c751e8b465ee728b)
Start importing Assets/CemeteryPack/Meshes/Floor.016.fbx using Guid(539e734707bc45a419899ccbc5fb614d) Importer(815301076,1909f56bfc062723c751e8b465ee728b)  -> (artifact id: '7d9d1e67383dd0ea7987df54092e0097') in 0.033954 seconds 
========================================================================
Received Import Request.
  Time since last request: 0.000026 seconds.
  path: Assets/CemeteryPack/Meshes/Floor.003.fbx
  artifactKey: Guid(641ae11f1c56618429bdc87e766412fe) Importer(815301076,1909f56bfc062723c751e8b465ee728b)
Start importing Assets/CemeteryPack/Meshes/Floor.003.fbx using Guid(641ae11f1c56618429bdc87e766412fe) Importer(815301076,1909f56bfc062723c751e8b465ee728b)  -> (artifact id: 'e6da854054b7e949d4971586d1e22f55') in 0.064909 seconds 
========================================================================
Received Import Request.
  Time since last request: 0.000025 seconds.
  path: Assets/CemeteryPack/Meshes/FloorFoundation7.fbx
  artifactKey: Guid(8c71e1330e0c48e45be947caaa31e502) Importer(815301076,1909f56bfc062723c751e8b465ee728b)
Start importing Assets/CemeteryPack/Meshes/FloorFoundation7.fbx using Guid(8c71e1330e0c48e45be947caaa31e502) Importer(815301076,1909f56bfc062723c751e8b465ee728b)  -> (artifact id: '117609cf7b68718c255d1abb6bcd223a') in 0.032667 seconds 
========================================================================
Received Import Request.
  Time since last request: 0.002067 seconds.
  path: Assets/CemeteryPack/Meshes/FloorFoundation6.fbx
  artifactKey: Guid(9f796e0be50725e45ba25c76972092e2) Importer(815301076,1909f56bfc062723c751e8b465ee728b)
Start importing Assets/CemeteryPack/Meshes/FloorFoundation6.fbx using Guid(9f796e0be50725e45ba25c76972092e2) Importer(815301076,1909f56bfc062723c751e8b465ee728b)  -> (artifact id: '10f8d6577e5dd56ce82640c89400f44b') in 0.043519 seconds 
========================================================================
Received Import Request.
  Time since last request: 0.000037 seconds.
  path: Assets/cemetery halloween set/models/fence_pillar_01.fbx
  artifactKey: Guid(fda92cc783efd474a9010817ac54944f) Importer(815301076,1909f56bfc062723c751e8b465ee728b)
Start importing Assets/cemetery halloween set/models/fence_pillar_01.fbx using Guid(fda92cc783efd474a9010817ac54944f) Importer(815301076,1909f56bfc062723c751e8b465ee728b)  -> (artifact id: '786eeba34fba965ebc87eb2e48de63bb') in 0.043382 seconds 
========================================================================
Received Import Request.
  Time since last request: 0.000201 seconds.
  path: Assets/Fence Pack/LowPolyFencePack/Models/Fence Type6 Big.dae
  artifactKey: Guid(528e1a5bd85e7dd4781f1fdd6a8cb01a) Importer(815301076,1909f56bfc062723c751e8b465ee728b)
Start importing Assets/Fence Pack/LowPolyFencePack/Models/Fence Type6 Big.dae using Guid(528e1a5bd85e7dd4781f1fdd6a8cb01a) Importer(815301076,1909f56bfc062723c751e8b465ee728b)  -> (artifact id: '8100a212cb924e3f280ae3b5547d1945') in 0.058618 seconds 
========================================================================
Received Import Request.
  Time since last request: 0.000029 seconds.
  path: Assets/CemeteryPack/Meshes/Floor.004.fbx
  artifactKey: Guid(62683c73f24946f4790f7e6edeb807f1) Importer(815301076,1909f56bfc062723c751e8b465ee728b)
Start importing Assets/CemeteryPack/Meshes/Floor.004.fbx using Guid(62683c73f24946f4790f7e6edeb807f1) Importer(815301076,1909f56bfc062723c751e8b465ee728b)  -> (artifact id: '95e1eb205221c8ce32da90b95e70d5f3') in 0.029849 seconds 
========================================================================
Received Import Request.
  Time since last request: 0.000661 seconds.
  path: Assets/cemetery halloween set/mobile_models/fence_tile_01.fbx
  artifactKey: Guid(f96a520ba274cd14ca8dd7355ae63440) Importer(815301076,1909f56bfc062723c751e8b465ee728b)
Start importing Assets/cemetery halloween set/mobile_models/fence_tile_01.fbx using Guid(f96a520ba274cd14ca8dd7355ae63440) Importer(815301076,1909f56bfc062723c751e8b465ee728b)  -> (artifact id: 'd97916754cfd72d44c409e0bbb087b4c') in 0.031189 seconds 
========================================================================
Received Import Request.
  Time since last request: 0.000029 seconds.
  path: Assets/Skull Platform/Particles/_Prefabs/Dust.prefab
  artifactKey: Guid(8d218001a1e147542bc5a9058259e49f) Importer(815301076,1909f56bfc062723c751e8b465ee728b)
Start importing Assets/Skull Platform/Particles/_Prefabs/Dust.prefab using Guid(8d218001a1e147542bc5a9058259e49f) Importer(815301076,1909f56bfc062723c751e8b465ee728b)  -> (artifact id: '6d6e7114d2569f29f2c38a530957d1a3') in 0.056779 seconds 
========================================================================
Received Import Request.
  Time since last request: 0.000149 seconds.
  path: Assets/cemetery halloween set/Prefab_mobile/fence_tile_01.prefab
  artifactKey: Guid(06aeb7e39519e2e4c92d3c1ed2d4a011) Importer(815301076,1909f56bfc062723c751e8b465ee728b)
Start importing Assets/cemetery halloween set/Prefab_mobile/fence_tile_01.prefab using Guid(06aeb7e39519e2e4c92d3c1ed2d4a011) Importer(815301076,1909f56bfc062723c751e8b465ee728b)  -> (artifact id: '4f706a2ed38618ff602b1ccd92c2c73d') in 0.017453 seconds 
========================================================================
Received Import Request.
  Time since last request: 0.000028 seconds.
  path: Assets/CemeteryPack/Floor13.prefab
  artifactKey: Guid(880db84015a845c42a524c054757eeec) Importer(815301076,1909f56bfc062723c751e8b465ee728b)
Start importing Assets/CemeteryPack/Floor13.prefab using Guid(880db84015a845c42a524c054757eeec) Importer(815301076,1909f56bfc062723c751e8b465ee728b)  -> (artifact id: '5967f5776c6bf4e8cef3f783cd4dc3ee') in 0.092575 seconds 
========================================================================
Received Import Request.
  Time since last request: 0.002092 seconds.
  path: Assets/cemetery halloween set/fence_tile_01.prefab
  artifactKey: Guid(3d30d76bf390fc742b8fdd356d040839) Importer(815301076,1909f56bfc062723c751e8b465ee728b)
Start importing Assets/cemetery halloween set/fence_tile_01.prefab using Guid(3d30d76bf390fc742b8fdd356d040839) Importer(815301076,1909f56bfc062723c751e8b465ee728b)  -> (artifact id: '5886b871d394c27bc9a18d294e3e7376') in 0.043695 seconds 
========================================================================
Received Import Request.
  Time since last request: 0.000024 seconds.
  path: Assets/Stylized fantasy items/prefab/flask_a.prefab
  artifactKey: Guid(0b3bd141db4467942aa3b22a96a7aca2) Importer(815301076,1909f56bfc062723c751e8b465ee728b)
Start importing Assets/Stylized fantasy items/prefab/flask_a.prefab using Guid(0b3bd141db4467942aa3b22a96a7aca2) Importer(815301076,1909f56bfc062723c751e8b465ee728b)  -> (artifact id: 'bf066edd852b228c418434146cf8f572') in 0.015212 seconds 
========================================================================
Received Import Request.
  Time since last request: 0.000032 seconds.
  path: Assets/CemeteryPack/Meshes/FloorFoundation10.fbx
  artifactKey: Guid(427119a7b81132443bde64d719138de0) Importer(815301076,1909f56bfc062723c751e8b465ee728b)
Start importing Assets/CemeteryPack/Meshes/FloorFoundation10.fbx using Guid(427119a7b81132443bde64d719138de0) Importer(815301076,1909f56bfc062723c751e8b465ee728b)  -> (artifact id: 'aec4c178a7406bc97485bf347611b84a') in 0.039429 seconds 
========================================================================
Received Import Request.
  Time since last request: 0.000045 seconds.
  path: Assets/cemetery halloween set/fence_pillar_02.prefab
  artifactKey: Guid(c359d8121ce290d4fa23fd147d65a3e3) Importer(815301076,1909f56bfc062723c751e8b465ee728b)
Start importing Assets/cemetery halloween set/fence_pillar_02.prefab using Guid(c359d8121ce290d4fa23fd147d65a3e3) Importer(815301076,1909f56bfc062723c751e8b465ee728b)  -> (artifact id: 'a8d60484832a31dda23d4165257f870b') in 0.031029 seconds 
========================================================================
Received Import Request.
  Time since last request: 0.002115 seconds.
  path: Assets/Obelisk_void/Materials/Obelisk_void.mat
  artifactKey: Guid(57b9566559fef6b419ce2c91878028fa) Importer(815301076,1909f56bfc062723c751e8b465ee728b)
Start importing Assets/Obelisk_void/Materials/Obelisk_void.mat using Guid(57b9566559fef6b419ce2c91878028fa) Importer(815301076,1909f56bfc062723c751e8b465ee728b)  -> (artifact id: 'f35edab2b4b760b63677526c0a2b7b3b') in 0.108514 seconds 
========================================================================
Received Import Request.
  Time since last request: 0.000022 seconds.
  path: Assets/CemeteryPack/Meshes/Floor.006.fbx
  artifactKey: Guid(98595f63f7882c540bf9209fb2c2bf42) Importer(815301076,1909f56bfc062723c751e8b465ee728b)
Start importing Assets/CemeteryPack/Meshes/Floor.006.fbx using Guid(98595f63f7882c540bf9209fb2c2bf42) Importer(815301076,1909f56bfc062723c751e8b465ee728b)  -> (artifact id: '1c3caa4d51db9fa7b576e8272753dd6a') in 0.040628 seconds 
========================================================================
Received Import Request.
  Time since last request: 0.000030 seconds.
  path: Assets/Fence Pack/LowPolyFencePack/Prefabs/Animated/Fence Type2 Door.prefab
  artifactKey: Guid(3ad8812903a70904f96d2fb56031ca18) Importer(815301076,1909f56bfc062723c751e8b465ee728b)
Start importing Assets/Fence Pack/LowPolyFencePack/Prefabs/Animated/Fence Type2 Door.prefab using Guid(3ad8812903a70904f96d2fb56031ca18) Importer(815301076,1909f56bfc062723c751e8b465ee728b)  -> (artifact id: 'f936c276fb8cc03ce262e75a4631bf5c') in 0.093398 seconds 
========================================================================
Received Import Request.
  Time since last request: 8.729025 seconds.
  path: Assets/cemetery halloween set/gate_01.prefab
  artifactKey: Guid(e5e8b8e20dd6b6b49bc061bb9814a92b) Importer(815301076,1909f56bfc062723c751e8b465ee728b)
Start importing Assets/cemetery halloween set/gate_01.prefab using Guid(e5e8b8e20dd6b6b49bc061bb9814a92b) Importer(815301076,1909f56bfc062723c751e8b465ee728b)  -> (artifact id: '23dde2f974a20273012114e84a324f01') in 0.030138 seconds 
========================================================================
Received Import Request.
  Time since last request: 0.000031 seconds.
  path: Assets/cemetery halloween set/rock_13.prefab
  artifactKey: Guid(a468ad4cea8106146a8384818231c1dd) Importer(815301076,1909f56bfc062723c751e8b465ee728b)
Start importing Assets/cemetery halloween set/rock_13.prefab using Guid(a468ad4cea8106146a8384818231c1dd) Importer(815301076,1909f56bfc062723c751e8b465ee728b)  -> (artifact id: '5e1bd5019573b7b3a8280f141804a6c2') in 0.030852 seconds 
========================================================================
Received Import Request.
  Time since last request: 0.000038 seconds.
  path: Assets/cemetery halloween set/pumpkin_04.prefab
  artifactKey: Guid(784ccbabfee88b643ac3e8b6a8da2b70) Importer(815301076,1909f56bfc062723c751e8b465ee728b)
Start importing Assets/cemetery halloween set/pumpkin_04.prefab using Guid(784ccbabfee88b643ac3e8b6a8da2b70) Importer(815301076,1909f56bfc062723c751e8b465ee728b)  -> (artifact id: '989c266abf287b66ede13c65e253334e') in 0.022680 seconds 
========================================================================
Received Import Request.
  Time since last request: 0.000028 seconds.
  path: Assets/cemetery halloween set/lava_dead_tree_01.prefab
  artifactKey: Guid(cd558c52cdfae0e4c8d0c527eacae507) Importer(815301076,1909f56bfc062723c751e8b465ee728b)
Start importing Assets/cemetery halloween set/lava_dead_tree_01.prefab using Guid(cd558c52cdfae0e4c8d0c527eacae507) Importer(815301076,1909f56bfc062723c751e8b465ee728b)  -> (artifact id: 'c8e1dff191738e43b5991e88a2f9d543') in 0.024433 seconds 
========================================================================
Received Import Request.
  Time since last request: 0.000030 seconds.
  path: Assets/cemetery halloween set/pumpkin_11.prefab
  artifactKey: Guid(098fc4f9c342d1b4d9c9d51d4c0acdf9) Importer(815301076,1909f56bfc062723c751e8b465ee728b)
Start importing Assets/cemetery halloween set/pumpkin_11.prefab using Guid(098fc4f9c342d1b4d9c9d51d4c0acdf9) Importer(815301076,1909f56bfc062723c751e8b465ee728b)  -> (artifact id: 'f81d06a289ed6df9448bf6b83e063c7a') in 0.032572 seconds 
========================================================================
Received Import Request.
  Time since last request: 0.000028 seconds.
  path: Assets/cemetery halloween set/spokebone_01.prefab
  artifactKey: Guid(26a39a9e4e508834e920296ec8d2badf) Importer(815301076,1909f56bfc062723c751e8b465ee728b)
Start importing Assets/cemetery halloween set/spokebone_01.prefab using Guid(26a39a9e4e508834e920296ec8d2badf) Importer(815301076,1909f56bfc062723c751e8b465ee728b)  -> (artifact id: 'c45fc7c7987f899d7a9c96a69f042237') in 0.034151 seconds 
========================================================================
Received Import Request.
  Time since last request: 0.004395 seconds.
  path: Assets/cemetery halloween set/lava_dead_tree_04.prefab
  artifactKey: Guid(c9db9d90aba03fe468f68c0c7f75c4d2) Importer(815301076,1909f56bfc062723c751e8b465ee728b)
Start importing Assets/cemetery halloween set/lava_dead_tree_04.prefab using Guid(c9db9d90aba03fe468f68c0c7f75c4d2) Importer(815301076,1909f56bfc062723c751e8b465ee728b)  -> (artifact id: '29b1e26dd427a38bb6903a6f08400aa7') in 0.045306 seconds 
========================================================================
Received Import Request.
  Time since last request: 0.000036 seconds.
  path: Assets/cemetery halloween set/lava_dead_tree_03.prefab
  artifactKey: Guid(9e883b6e7e36db048b286ea954b59dc3) Importer(815301076,1909f56bfc062723c751e8b465ee728b)
Start importing Assets/cemetery halloween set/lava_dead_tree_03.prefab using Guid(9e883b6e7e36db048b286ea954b59dc3) Importer(815301076,1909f56bfc062723c751e8b465ee728b)  -> (artifact id: 'c90c7f051c4a9039732438347f9dbb39') in 0.041924 seconds 
========================================================================
Received Import Request.
  Time since last request: 49.053552 seconds.
  path: Assets/Stylized fantasy items/lantern_a/Materials/lantern_a_Textures/lantern_a_low_SG_lantern_a_Metallic.png
  artifactKey: Guid(99059f90447c6ed4e8656e0699a5b2cc) Importer(815301076,1909f56bfc062723c751e8b465ee728b)
Start importing Assets/Stylized fantasy items/lantern_a/Materials/lantern_a_Textures/lantern_a_low_SG_lantern_a_Metallic.png using Guid(99059f90447c6ed4e8656e0699a5b2cc) Importer(815301076,1909f56bfc062723c751e8b465ee728b)  -> (artifact id: '6e0238392a5d70fed08def11ab61a1cb') in 0.022720 seconds 
========================================================================
Received Import Request.
  Time since last request: 0.000025 seconds.
  path: Assets/GraveyardProps/Textures/LowPolyEnviro_Color.png
  artifactKey: Guid(e67d9368ef20f8240917a44bc01b77f4) Importer(815301076,1909f56bfc062723c751e8b465ee728b)
Start importing Assets/GraveyardProps/Textures/LowPolyEnviro_Color.png using Guid(e67d9368ef20f8240917a44bc01b77f4) Importer(815301076,1909f56bfc062723c751e8b465ee728b)  -> (artifact id: '12d3a9243fcffa3b48d7ee6e0d3847bf') in 0.028188 seconds 
========================================================================
Received Import Request.
  Time since last request: 0.000035 seconds.
  path: Assets/Skull Platform/_source/Textures/Plane.png
  artifactKey: Guid(1ad75851669495a4aa122b21447e5e55) Importer(815301076,1909f56bfc062723c751e8b465ee728b)
Start importing Assets/Skull Platform/_source/Textures/Plane.png using Guid(1ad75851669495a4aa122b21447e5e55) Importer(815301076,1909f56bfc062723c751e8b465ee728b)  -> (artifact id: '7605967330dd64c3828e1b72b6795008') in 0.022457 seconds 
========================================================================
Received Import Request.
  Time since last request: 0.000031 seconds.
  path: Assets/Halloween_Pack/Skyboxes/Textures/MoonShine/MoonShine_right.tif
  artifactKey: Guid(dc97187fca1dcaf4e84e8b5f414a64ba) Importer(815301076,1909f56bfc062723c751e8b465ee728b)
Start importing Assets/Halloween_Pack/Skyboxes/Textures/MoonShine/MoonShine_right.tif using Guid(dc97187fca1dcaf4e84e8b5f414a64ba) Importer(815301076,1909f56bfc062723c751e8b465ee728b)  -> (artifact id: 'f56b05dfe6ca330a1b737927ed79b9d1') in 0.055578 seconds 
========================================================================
Received Import Request.
  Time since last request: 0.000033 seconds.
  path: Assets/#Nieważne/StarterAssets/TutorialInfo/Icons/ReadMeImg.PNG
  artifactKey: Guid(44a17a5b205fcd349a24700e6f5615bd) Importer(815301076,1909f56bfc062723c751e8b465ee728b)
Start importing Assets/#Nieważne/StarterAssets/TutorialInfo/Icons/ReadMeImg.PNG using Guid(44a17a5b205fcd349a24700e6f5615bd) Importer(815301076,1909f56bfc062723c751e8b465ee728b)  -> (artifact id: 'bbff4a7437bf7ae5ecb85e1760d0d1f1') in 0.087002 seconds 
========================================================================
Received Import Request.
  Time since last request: 17.749704 seconds.
  path: Assets/Poly Halloween/- Textures/Nature/rock-norm.png
  artifactKey: Guid(4cbf06d4165475941aacbacdf3107599) Importer(815301076,1909f56bfc062723c751e8b465ee728b)
Start importing Assets/Poly Halloween/- Textures/Nature/rock-norm.png using Guid(4cbf06d4165475941aacbacdf3107599) Importer(815301076,1909f56bfc062723c751e8b465ee728b)  -> (artifact id: '9a86f2ed2488270834dbd0203b05ac61') in 0.049909 seconds 
========================================================================
Received Import Request.
  Time since last request: 27.638673 seconds.
  path: Assets/Stylized_Fantasy/Stylized_Fantasy/Props_Sample/Textures/T_Bucket_Albedo.png
  artifactKey: Guid(9ff61b1e77f2666429837ba77e458f1d) Importer(815301076,1909f56bfc062723c751e8b465ee728b)
Start importing Assets/Stylized_Fantasy/Stylized_Fantasy/Props_Sample/Textures/T_Bucket_Albedo.png using Guid(9ff61b1e77f2666429837ba77e458f1d) Importer(815301076,1909f56bfc062723c751e8b465ee728b)  -> (artifact id: '722ec500b9aff5fa01c01dd234c072f6') in 0.023593 seconds 
========================================================================
Received Import Request.
  Time since last request: 0.000032 seconds.
  path: Assets/Stylized_Fantasy/Stylized_Fantasy/Props_Sample/Textures/T_Tent_Albedo.png
  artifactKey: Guid(d69ba73803c8327449ae80597667c9f1) Importer(815301076,1909f56bfc062723c751e8b465ee728b)
Start importing Assets/Stylized_Fantasy/Stylized_Fantasy/Props_Sample/Textures/T_Tent_Albedo.png using Guid(d69ba73803c8327449ae80597667c9f1) Importer(815301076,1909f56bfc062723c751e8b465ee728b)  -> (artifact id: '546056982853b2e4731f7e2e81842270') in 0.017572 seconds 
========================================================================
Received Import Request.
  Time since last request: 0.000034 seconds.
  path: Assets/Witchs_house/Materials/whitchs_objects.tga
  artifactKey: Guid(7a8fb355c6985fa4889ccd15c9638626) Importer(815301076,1909f56bfc062723c751e8b465ee728b)
Start importing Assets/Witchs_house/Materials/whitchs_objects.tga using Guid(7a8fb355c6985fa4889ccd15c9638626) Importer(815301076,1909f56bfc062723c751e8b465ee728b)  -> (artifact id: '484557d33e6d14f413b5f9c9cdb5d0b4') in 0.018522 seconds 
========================================================================
Received Import Request.
  Time since last request: 0.000042 seconds.
  path: Assets/Witchs_house/Materials/Witchs house_n.png
  artifactKey: Guid(e481198fe832eb944afe718ebc0c5a74) Importer(815301076,1909f56bfc062723c751e8b465ee728b)
Start importing Assets/Witchs_house/Materials/Witchs house_n.png using Guid(e481198fe832eb944afe718ebc0c5a74) Importer(815301076,1909f56bfc062723c751e8b465ee728b)  -> (artifact id: '7cf0c38c2a639dd4d60c66fbe960aa64') in 0.017437 seconds 
========================================================================
Received Import Request.
  Time since last request: 0.000034 seconds.
  path: Assets/Stylized_Fantasy/Stylized_Fantasy/Props_Sample/Textures/T_Campfire_N.png
  artifactKey: Guid(86294431e3959974995fbb712b23973e) Importer(815301076,1909f56bfc062723c751e8b465ee728b)
Start importing Assets/Stylized_Fantasy/Stylized_Fantasy/Props_Sample/Textures/T_Campfire_N.png using Guid(86294431e3959974995fbb712b23973e) Importer(815301076,1909f56bfc062723c751e8b465ee728b)  -> (artifact id: 'c627ba60d185c57bee4bfa73fd47beb0') in 0.022715 seconds 
========================================================================
Received Import Request.
  Time since last request: 0.000036 seconds.
  path: Assets/Stylized_Fantasy/Stylized_Fantasy/Props_Sample/Textures/T_Stool_Albedo.png
  artifactKey: Guid(fbbba548df5cbb44cab41b42509a9a7d) Importer(815301076,1909f56bfc062723c751e8b465ee728b)
Start importing Assets/Stylized_Fantasy/Stylized_Fantasy/Props_Sample/Textures/T_Stool_Albedo.png using Guid(fbbba548df5cbb44cab41b42509a9a7d) Importer(815301076,1909f56bfc062723c751e8b465ee728b)  -> (artifact id: '7137411b682efa8fde32ce2b1f6dedc1') in 0.017361 seconds 
========================================================================
Received Import Request.
  Time since last request: 0.000036 seconds.
  path: Assets/#Nieważne/StarterAssets/Mobile/UI/UI_Circle_Bevel_Base.png
  artifactKey: Guid(b74c31d447d2f5d41a61081bdf5e7126) Importer(815301076,1909f56bfc062723c751e8b465ee728b)
Start importing Assets/#Nieważne/StarterAssets/Mobile/UI/UI_Circle_Bevel_Base.png using Guid(b74c31d447d2f5d41a61081bdf5e7126) Importer(815301076,1909f56bfc062723c751e8b465ee728b)  -> (artifact id: 'ad4fd8465881321b6de4c6ad4d76978d') in 0.075849 seconds 
========================================================================
Received Prepare
Registering precompiled user dll's ...
Registered in 0.006942 seconds.
Begin MonoManager ReloadAssembly
Symbol file data-00000201BD955DD0 doesn't match image D:\Github\VR-projekt\VR projekt\Library\ScriptAssemblies\Assembly-CSharp.dll
Symbol file LoadedFromMemory is not a mono symbol file
Symbol file data-00000201BD955DD0 doesn't match image D:\Github\VR-projekt\VR projekt\Library\ScriptAssemblies\Assembly-CSharp-Editor.dll
Symbol file LoadedFromMemory is not a mono symbol file
Symbol file data-00000201BD6D2020 doesn't match image D:\Github\VR-projekt\VR projekt\Library\ScriptAssemblies\Unity.VisualScripting.Flow.Editor.dll
Symbol file LoadedFromMemory is not a mono symbol file
Symbol file data-00000201BD955DD0 doesn't match image D:\Github\VR-projekt\VR projekt\Library\ScriptAssemblies\Unity.VSCode.Editor.dll
Symbol file LoadedFromMemory is not a mono symbol file
Symbol file data-00000201B8B4BFE0 doesn't match image D:\Github\VR-projekt\VR projekt\Library\ScriptAssemblies\Unity.TextMeshPro.Editor.dll
Symbol file LoadedFromMemory is not a mono symbol file
Symbol file data-00000201BD955DD0 doesn't match image D:\Github\VR-projekt\VR projekt\Library\ScriptAssemblies\Unity.Services.Core.Telemetry.dll
Symbol file LoadedFromMemory is not a mono symbol file
Symbol file data-00000201BD6D2020 doesn't match image D:\Github\VR-projekt\VR projekt\Library\ScriptAssemblies\Unity.Performance.Profile-Analyzer.Editor.dll
Symbol file LoadedFromMemory is not a mono symbol file
Symbol file data-00000201BD955DD0 doesn't match image D:\Github\VR-projekt\VR projekt\Library\ScriptAssemblies\Unity.TestTools.CodeCoverage.Editor.OpenCover.Model.dll
Symbol file LoadedFromMemory is not a mono symbol file
Symbol file data-00000201BD8BA830 doesn't match image D:\Github\VR-projekt\VR projekt\Library\ScriptAssemblies\Unity.VisualStudio.Editor.dll
Symbol file LoadedFromMemory is not a mono symbol file
Symbol file data-00000201B79AE020 doesn't match image D:\Github\VR-projekt\VR projekt\Library\ScriptAssemblies\UnityEngine.TestRunner.dll
Symbol file LoadedFromMemory is not a mono symbol file
Symbol file data-00000201B8F03020 doesn't match image D:\Github\VR-projekt\VR projekt\Library\ScriptAssemblies\Unity.Timeline.dll
Symbol file LoadedFromMemory is not a mono symbol file
Symbol file data-00000201BB3FE020 doesn't match image D:\Github\VR-projekt\VR projekt\Library\ScriptAssemblies\Unity.VisualScripting.Core.Editor.dll
Symbol file LoadedFromMemory is not a mono symbol file
Symbol file data-00000201B36BA170 doesn't match image D:\Github\VR-projekt\VR projekt\Library\ScriptAssemblies\Unity.TextMeshPro.dll
Symbol file LoadedFromMemory is not a mono symbol file
Symbol file data-00000201BCE8E430 doesn't match image D:\Github\VR-projekt\VR projekt\Library\ScriptAssemblies\Unity.VisualScripting.State.Editor.dll
Symbol file LoadedFromMemory is not a mono symbol file
Symbol file data-00000201BE7E1950 doesn't match image D:\Github\VR-projekt\VR projekt\Library\ScriptAssemblies\UnityEditor.TestRunner.dll
Symbol file LoadedFromMemory is not a mono symbol file
Symbol file data-00000201BDAB1A50 doesn't match image D:\Github\VR-projekt\VR projekt\Library\ScriptAssemblies\Unity.Services.Core.Networking.dll
Symbol file LoadedFromMemory is not a mono symbol file
Symbol file data-00000201BD6ECA30 doesn't match image D:\Github\VR-projekt\VR projekt\Library\ScriptAssemblies\Unity.VisualScripting.SettingsProvider.Editor.dll
Symbol file LoadedFromMemory is not a mono symbol file
Symbol file data-00000201BD6ECA30 doesn't match image D:\Github\VR-projekt\VR projekt\Library\ScriptAssemblies\Unity.TestTools.CodeCoverage.Editor.OpenCover.Mono.Reflection.dll
Symbol file LoadedFromMemory is not a mono symbol file
Symbol file data-00000201B36BA170 doesn't match image D:\Github\VR-projekt\VR projekt\Library\ScriptAssemblies\Unity.VisualScripting.Flow.dll
Symbol file LoadedFromMemory is not a mono symbol file
Symbol file data-00000201BCE8E430 doesn't match image D:\Github\VR-projekt\VR projekt\Library\ScriptAssemblies\UnityEditor.UI.dll
Symbol file LoadedFromMemory is not a mono symbol file
Symbol file data-00000201B7D7E010 doesn't match image D:\Github\VR-projekt\VR projekt\Library\ScriptAssemblies\Unity.InputSystem.dll
Symbol file LoadedFromMemory is not a mono symbol file
Symbol file data-00000201B89780A0 doesn't match image D:\Github\VR-projekt\VR projekt\Library\ScriptAssemblies\Unity.Rider.Editor.dll
Symbol file LoadedFromMemory is not a mono symbol file
Symbol file data-00000201BC586020 doesn't match image D:\Github\VR-projekt\VR projekt\Library\ScriptAssemblies\Unity.PlasticSCM.Editor.dll
Symbol file LoadedFromMemory is not a mono symbol file
Symbol file data-00000201B89780A0 doesn't match image D:\Github\VR-projekt\VR projekt\Library\ScriptAssemblies\Unity.Services.Core.Internal.dll
Symbol file LoadedFromMemory is not a mono symbol file
Symbol file data-00000201BB328020 doesn't match image D:\Github\VR-projekt\VR projekt\Library\ScriptAssemblies\UnityEngine.UI.dll
Symbol file LoadedFromMemory is not a mono symbol file
Symbol file data-00000201BC5C2C30 doesn't match image D:\Github\VR-projekt\VR projekt\Library\ScriptAssemblies\Unity.Services.Core.Configuration.dll
Symbol file LoadedFromMemory is not a mono symbol file
Symbol file data-00000201BC5C2C30 doesn't match image D:\Github\VR-projekt\VR projekt\Library\ScriptAssemblies\Unity.Services.Core.dll
Symbol file LoadedFromMemory is not a mono symbol file
Symbol file data-00000201BCC9E010 doesn't match image D:\Github\VR-projekt\VR projekt\Library\ScriptAssemblies\Unity.VisualScripting.Core.dll
Symbol file LoadedFromMemory is not a mono symbol file
Symbol file data-00000201BC5C2C30 doesn't match image D:\Github\VR-projekt\VR projekt\Library\ScriptAssemblies\Unity.EditorCoroutines.Editor.dll
Symbol file LoadedFromMemory is not a mono symbol file
Symbol file data-00000201B89780A0 doesn't match image D:\Github\VR-projekt\VR projekt\Library\ScriptAssemblies\Unity.Services.Core.Editor.dll
Symbol file LoadedFromMemory is not a mono symbol file
Symbol file data-00000201BC5C2C30 doesn't match image D:\Github\VR-projekt\VR projekt\Library\ScriptAssemblies\Unity.Services.Core.Configuration.Editor.dll
Symbol file LoadedFromMemory is not a mono symbol file
Symbol file data-00000201BD5E2020 doesn't match image D:\Github\VR-projekt\VR projekt\Library\ScriptAssemblies\Cinemachine.dll
Symbol file LoadedFromMemory is not a mono symbol file
Symbol file data-00000201BC5C2C30 doesn't match image D:\Github\VR-projekt\VR projekt\Library\ScriptAssemblies\Unity.Services.Core.Analytics.dll
Symbol file LoadedFromMemory is not a mono symbol file
Symbol file data-00000201BD6ECA30 doesn't match image D:\Github\VR-projekt\VR projekt\Library\ScriptAssemblies\Unity.Services.Core.Registration.dll
Symbol file LoadedFromMemory is not a mono symbol file
Symbol file data-00000201B8B4BFE0 doesn't match image D:\Github\VR-projekt\VR projekt\Library\ScriptAssemblies\com.unity.cinemachine.editor.dll
Symbol file LoadedFromMemory is not a mono symbol file
Symbol file data-00000201BD6ECA30 doesn't match image D:\Github\VR-projekt\VR projekt\Library\ScriptAssemblies\Unity.VisualScripting.Shared.Editor.dll
Symbol file LoadedFromMemory is not a mono symbol file
Symbol file data-00000201BD6ECA30 doesn't match image D:\Github\VR-projekt\VR projekt\Library\ScriptAssemblies\Unity.Services.Core.Environments.dll
Symbol file LoadedFromMemory is not a mono symbol file
Symbol file data-00000201BD6ECA30 doesn't match image D:\Github\VR-projekt\VR projekt\Library\ScriptAssemblies\Polyperfect.Universal.dll
Symbol file LoadedFromMemory is not a mono symbol file
Symbol file data-00000201BD6ECA30 doesn't match image D:\Github\VR-projekt\VR projekt\Library\ScriptAssemblies\Unity.Services.Core.Scheduler.dll
Symbol file LoadedFromMemory is not a mono symbol file
Symbol file data-00000201BD6ECA30 doesn't match image D:\Github\VR-projekt\VR projekt\Library\ScriptAssemblies\Unity.Services.Core.Environments.Internal.dll
Symbol file LoadedFromMemory is not a mono symbol file
Symbol file data-00000201BCB72030 doesn't match image D:\Github\VR-projekt\VR projekt\Library\ScriptAssemblies\Unity.Timeline.Editor.dll
Symbol file LoadedFromMemory is not a mono symbol file
Symbol file data-00000201BD8BA830 doesn't match image D:\Github\VR-projekt\VR projekt\Library\ScriptAssemblies\Unity.Settings.Editor.dll
Symbol file LoadedFromMemory is not a mono symbol file
Symbol file data-00000201BE998170 doesn't match image D:\Github\VR-projekt\VR projekt\Library\ScriptAssemblies\Unity.CollabProxy.Editor.dll
Symbol file LoadedFromMemory is not a mono symbol file
Symbol file data-00000201BD6ECA30 doesn't match image D:\Github\VR-projekt\VR projekt\Library\ScriptAssemblies\Unity.Services.Core.Threading.dll
Symbol file LoadedFromMemory is not a mono symbol file
Symbol file data-00000201BE998170 doesn't match image D:\Github\VR-projekt\VR projekt\Library\ScriptAssemblies\Unity.TestTools.CodeCoverage.Editor.dll
Symbol file LoadedFromMemory is not a mono symbol file
Symbol file data-00000201BD955DD0 doesn't match image D:\Github\VR-projekt\VR projekt\Library\ScriptAssemblies\Unity.VisualScripting.State.dll
Symbol file LoadedFromMemory is not a mono symbol file
Symbol file data-00000201BD6ECA30 doesn't match image D:\Github\VR-projekt\VR projekt\Library\ScriptAssemblies\Unity.Services.Core.Device.dll
Symbol file LoadedFromMemory is not a mono symbol file
Symbol file LoadedFromMemory doesn't match image D:\Github\VR-projekt\VR projekt\Library\PackageCache\com.unity.visualscripting@1.7.8\Editor\VisualScripting.Core\Dependencies\YamlDotNet\Unity.VisualScripting.YamlDotNet.dll
Symbol file LoadedFromMemory doesn't match image D:\Github\VR-projekt\VR projekt\Library\PackageCache\com.unity.visualscripting@1.7.8\Editor\VisualScripting.Core\Dependencies\DotNetZip\Unity.VisualScripting.IonicZip.dll
Native extension for WindowsStandalone target not found
Refreshing native plugins compatible for Editor in 1.21 ms, found 3 plugins.
Preloading 0 native plugins for Editor in 0.00 ms.
Mono: successfully reloaded assembly
- Completed reload, in  2.986 seconds
Domain Reload Profiling:
	ReloadAssembly (2988ms)
		BeginReloadAssembly (289ms)
			ExecutionOrderSort (0ms)
			DisableScriptedObjects (10ms)
			BackupInstance (0ms)
			ReleaseScriptingObjects (0ms)
			CreateAndSetChildDomain (81ms)
		EndReloadAssembly (2468ms)
			LoadAssemblies (205ms)
			RebuildTransferFunctionScriptingTraits (0ms)
			SetupTypeCache (623ms)
			ReleaseScriptCaches (2ms)
			RebuildScriptCaches (80ms)
			SetupLoadedEditorAssemblies (1464ms)
				LogAssemblyErrors (0ms)
				InitializePlatformSupportModulesInManaged (23ms)
				SetLoadedEditorAssemblies (1ms)
				RefreshPlugins (1ms)
				BeforeProcessingInitializeOnLoad (117ms)
				ProcessInitializeOnLoadAttributes (1158ms)
				ProcessInitializeOnLoadMethodAttributes (129ms)
				AfterProcessingInitializeOnLoad (35ms)
				EditorAssembliesLoaded (0ms)
			ExecutionOrderSort2 (0ms)
			AwakeInstancesAfterBackupRestoration (10ms)
Platform modules already initialized, skipping
Refreshing native plugins compatible for Editor in 3.09 ms, found 3 plugins.
Preloading 0 native plugins for Editor in 0.00 ms.
Unloading 3854 Unused Serialized files (Serialized files now loaded: 0)
Unloading 23 unused Assets / (149.5 KB). Loaded Objects now: 4410.
Memory consumption went from 170.3 MB to 170.1 MB.
Total: 6.826000 ms (FindLiveObjects: 0.376400 ms CreateObjectMapping: 0.347300 ms MarkObjects: 5.974300 ms  DeleteObjects: 0.126900 ms)

AssetImportParameters requested are different than current active one (requested -> active):
  custom:video-decoder-ogg-theora: a1e56fd34408186e4bbccfd4996cb3dc -> 
  custom:container-muxer-webm: aa71ff27fc2769a1b78a27578f13a17b -> 
  custom:container-demuxer-webm: 4f35f7cbe854078d1ac9338744f61a02 -> 
  custom:video-encoder-webm-vp8: eb34c28f22e8b96e1ab97ce403110664 -> 
  custom:audio-encoder-webm-vorbis: bf7c407c2cedff20999df2af8eb42d56 -> 
  custom:framework-win-MediaFoundation: 216162199b28c13a410421893ffa2e32 -> 
  custom:container-demuxer-ogg: 62fdf1f143b41e24485cea50d1cbac27 -> 
  custom:video-decoder-webm-vp8: 9c59270c3fd7afecdb556c50c9e8de78 -> 
  custom:audio-decoder-ogg-vorbis: bf7c407c2cedff20999df2af8eb42d56 -> 
Editor requested this worker to shutdown with reason: Scaling down because of idle timeout
AssetImportWorker is now disconnected from the server
Process exiting
Exiting without the bug reporter. Application will terminate with return code 0