Using pre-set license
Built from '2021.3/staging' branch; Version is '2021.3.15f1 (e8e88683f834) revision 15263878'; Using compiler version '192829333'; Build Type 'Release'
OS: 'Windows 10  (10.0.19045) 64bit Core' Language: 'pl' Physical Memory: 16304 MB
BatchMode: 1, IsHumanControllingUs: 0, StartBugReporterOnCrash: 0, Is64bit: 1, IsPro: 1

COMMAND LINE ARGUMENTS:
F:\Unity\2021.3.15f1\Editor\Unity.exe
-adb2
-batchMode
-noUpm
-name
AssetImportWorker54
-projectPath
F:/Github/VR-projekt/VR projekt
-logFile
Logs/AssetImportWorker54.log
-srvPort
52652
Successfully changed project path to: F:/Github/VR-projekt/VR projekt
F:/Github/VR-projekt/VR projekt
[UnityMemory] Configuration Parameters - Can be set up in boot.config
    "memorysetup-bucket-allocator-granularity=16"
    "memorysetup-bucket-allocator-bucket-count=8"
    "memorysetup-bucket-allocator-block-size=33554432"
    "memorysetup-bucket-allocator-block-count=8"
    "memorysetup-main-allocator-block-size=16777216"
    "memorysetup-thread-allocator-block-size=16777216"
    "memorysetup-gfx-main-allocator-block-size=16777216"
    "memorysetup-gfx-thread-allocator-block-size=16777216"
    "memorysetup-cache-allocator-block-size=4194304"
    "memorysetup-typetree-allocator-block-size=2097152"
    "memorysetup-profiler-bucket-allocator-granularity=16"
    "memorysetup-profiler-bucket-allocator-bucket-count=8"
    "memorysetup-profiler-bucket-allocator-block-size=33554432"
    "memorysetup-profiler-bucket-allocator-block-count=8"
    "memorysetup-profiler-allocator-block-size=16777216"
    "memorysetup-profiler-editor-allocator-block-size=1048576"
    "memorysetup-temp-allocator-size-main=16777216"
    "memorysetup-job-temp-allocator-block-size=2097152"
    "memorysetup-job-temp-allocator-block-size-background=1048576"
    "memorysetup-job-temp-allocator-reduction-small-platforms=262144"
    "memorysetup-temp-allocator-size-background-worker=32768"
    "memorysetup-temp-allocator-size-job-worker=262144"
    "memorysetup-temp-allocator-size-preload-manager=33554432"
    "memorysetup-temp-allocator-size-nav-mesh-worker=65536"
    "memorysetup-temp-allocator-size-audio-worker=65536"
    "memorysetup-temp-allocator-size-cloud-worker=32768"
    "memorysetup-temp-allocator-size-gi-baking-worker=262144"
    "memorysetup-temp-allocator-size-gfx=262144"
Player connection [25096] Host "[IP] 192.168.0.11 [Port] 0 [Flags] 2 [Guid] 3945672028 [EditorId] 3945672028 [Version] 1048832 [Id] WindowsEditor(7,DESKTOP-MN4RVAM) [Debug] 1 [PackageName] WindowsEditor [ProjectName] Editor" joined multi-casting on [225.0.0.222:54997]...

Player connection [25096] Host "[IP] 192.168.0.11 [Port] 0 [Flags] 2 [Guid] 3945672028 [EditorId] 3945672028 [Version] 1048832 [Id] WindowsEditor(7,DESKTOP-MN4RVAM) [Debug] 1 [PackageName] WindowsEditor [ProjectName] Editor" joined alternative multi-casting on [225.0.0.222:34997]...

Refreshing native plugins compatible for Editor in 159.50 ms, found 3 plugins.
Preloading 0 native plugins for Editor in 0.00 ms.
Initialize engine version: 2021.3.15f1 (e8e88683f834)
[Subsystems] Discovering subsystems at path F:/Unity/2021.3.15f1/Editor/Data/Resources/UnitySubsystems
[Subsystems] Discovering subsystems at path F:/Github/VR-projekt/VR projekt/Assets
GfxDevice: creating device client; threaded=0; jobified=0
Direct3D:
    Version:  Direct3D 11.0 [level 11.1]
    Renderer: NVIDIA GeForce GTX 1650 (ID=0x1f91)
    Vendor:   NVIDIA
    VRAM:     3949 MB
    Driver:   31.0.15.2824
Initialize mono
Mono path[0] = 'F:/Unity/2021.3.15f1/Editor/Data/Managed'
Mono path[1] = 'F:/Unity/2021.3.15f1/Editor/Data/MonoBleedingEdge/lib/mono/unityjit-win32'
Mono config path = 'F:/Unity/2021.3.15f1/Editor/Data/MonoBleedingEdge/etc'
Using monoOptions --debugger-agent=transport=dt_socket,embedding=1,server=y,suspend=n,address=127.0.0.1:56296
Begin MonoManager ReloadAssembly
Registering precompiled unity dll's ...
Register platform support module: F:/Unity/2021.3.15f1/Editor/Data/PlaybackEngines/WindowsStandaloneSupport/UnityEditor.WindowsStandalone.Extensions.dll
Registered in 0.007525 seconds.
Native extension for WindowsStandalone target not found
Refreshing native plugins compatible for Editor in 115.65 ms, found 3 plugins.
Preloading 0 native plugins for Editor in 0.00 ms.
Mono: successfully reloaded assembly
- Completed reload, in  0.812 seconds
Domain Reload Profiling:
	ReloadAssembly (812ms)
		BeginReloadAssembly (99ms)
			ExecutionOrderSort (0ms)
			DisableScriptedObjects (0ms)
			BackupInstance (0ms)
			ReleaseScriptingObjects (0ms)
			CreateAndSetChildDomain (1ms)
		EndReloadAssembly (578ms)
			LoadAssemblies (96ms)
			RebuildTransferFunctionScriptingTraits (0ms)
			SetupTypeCache (133ms)
			ReleaseScriptCaches (0ms)
			RebuildScriptCaches (32ms)
			SetupLoadedEditorAssemblies (347ms)
				LogAssemblyErrors (0ms)
				InitializePlatformSupportModulesInManaged (9ms)
				SetLoadedEditorAssemblies (0ms)
				RefreshPlugins (116ms)
				BeforeProcessingInitializeOnLoad (1ms)
				ProcessInitializeOnLoadAttributes (161ms)
				ProcessInitializeOnLoadMethodAttributes (59ms)
				AfterProcessingInitializeOnLoad (0ms)
				EditorAssembliesLoaded (0ms)
			ExecutionOrderSort2 (0ms)
			AwakeInstancesAfterBackupRestoration (0ms)
Platform modules already initialized, skipping
Registering precompiled user dll's ...
Registered in 0.013185 seconds.
Begin MonoManager ReloadAssembly
Symbol file LoadedFromMemory doesn't match image F:\Github\VR-projekt\VR projekt\Library\PackageCache\com.unity.visualscripting@1.7.8\Editor\VisualScripting.Core\Dependencies\YamlDotNet\Unity.VisualScripting.YamlDotNet.dll
Symbol file LoadedFromMemory doesn't match image F:\Github\VR-projekt\VR projekt\Library\PackageCache\com.unity.visualscripting@1.7.8\Editor\VisualScripting.Core\Dependencies\DotNetZip\Unity.VisualScripting.IonicZip.dll
Native extension for WindowsStandalone target not found
Refreshing native plugins compatible for Editor in 122.81 ms, found 3 plugins.
Preloading 0 native plugins for Editor in 0.00 ms.
Mono: successfully reloaded assembly
- Completed reload, in  1.926 seconds
Domain Reload Profiling:
	ReloadAssembly (1927ms)
		BeginReloadAssembly (123ms)
			ExecutionOrderSort (0ms)
			DisableScriptedObjects (6ms)
			BackupInstance (0ms)
			ReleaseScriptingObjects (0ms)
			CreateAndSetChildDomain (21ms)
		EndReloadAssembly (1649ms)
			LoadAssemblies (156ms)
			RebuildTransferFunctionScriptingTraits (0ms)
			SetupTypeCache (377ms)
			ReleaseScriptCaches (1ms)
			RebuildScriptCaches (105ms)
			SetupLoadedEditorAssemblies (899ms)
				LogAssemblyErrors (0ms)
				InitializePlatformSupportModulesInManaged (6ms)
				SetLoadedEditorAssemblies (0ms)
				RefreshPlugins (123ms)
				BeforeProcessingInitializeOnLoad (120ms)
				ProcessInitializeOnLoadAttributes (604ms)
				ProcessInitializeOnLoadMethodAttributes (35ms)
				AfterProcessingInitializeOnLoad (10ms)
				EditorAssembliesLoaded (0ms)
			ExecutionOrderSort2 (0ms)
			AwakeInstancesAfterBackupRestoration (6ms)
Platform modules already initialized, skipping
========================================================================
Worker process is ready to serve import requests
Launched and connected shader compiler UnityShaderCompiler.exe after 0.05 seconds
Refreshing native plugins compatible for Editor in 0.80 ms, found 3 plugins.
Preloading 0 native plugins for Editor in 0.00 ms.
Unloading 3883 Unused Serialized files (Serialized files now loaded: 0)
Unloading 44 unused Assets / (185.2 KB). Loaded Objects now: 4362.
Memory consumption went from 152.9 MB to 152.7 MB.
Total: 4.284300 ms (FindLiveObjects: 0.305600 ms CreateObjectMapping: 0.245500 ms MarkObjects: 3.592700 ms  DeleteObjects: 0.139800 ms)

AssetImportParameters requested are different than current active one (requested -> active):
  custom:video-decoder-ogg-theora: a1e56fd34408186e4bbccfd4996cb3dc -> 
  custom:container-muxer-webm: aa71ff27fc2769a1b78a27578f13a17b -> 
  custom:container-demuxer-webm: 4f35f7cbe854078d1ac9338744f61a02 -> 
  custom:video-encoder-webm-vp8: eb34c28f22e8b96e1ab97ce403110664 -> 
  custom:audio-encoder-webm-vorbis: bf7c407c2cedff20999df2af8eb42d56 -> 
  custom:framework-win-MediaFoundation: 216162199b28c13a410421893ffa2e32 -> 
  custom:container-demuxer-ogg: 62fdf1f143b41e24485cea50d1cbac27 -> 
  custom:video-decoder-webm-vp8: 9c59270c3fd7afecdb556c50c9e8de78 -> 
  custom:audio-decoder-ogg-vorbis: bf7c407c2cedff20999df2af8eb42d56 -> 
========================================================================
Received Import Request.
  Time since last request: 14856.256514 seconds.
  path: Assets/Models/Tomb
  artifactKey: Guid(2139b6a3e15949245a220755fcce9355) Importer(815301076,1909f56bfc062723c751e8b465ee728b)
Start importing Assets/Models/Tomb using Guid(2139b6a3e15949245a220755fcce9355) Importer(815301076,1909f56bfc062723c751e8b465ee728b)  -> (artifact id: 'cddc61bc89758cb7707d100e997aa541') in 0.012158 seconds 
========================================================================
Received Import Request.
  Time since last request: 0.041492 seconds.
  path: Assets/Models/Tomb/tomb.fbx
  artifactKey: Guid(48d8c8bc2e48ee34684520768faa66ea) Importer(815301076,1909f56bfc062723c751e8b465ee728b)
Start importing Assets/Models/Tomb/tomb.fbx using Guid(48d8c8bc2e48ee34684520768faa66ea) Importer(815301076,1909f56bfc062723c751e8b465ee728b)  -> (artifact id: 'a92c2240697515cd07813e6c6609ec3d') in 0.163113 seconds 
========================================================================
Received Import Request.
  Time since last request: 0.000023 seconds.
  path: Assets/Models/Tomb/Tomb.prefab
  artifactKey: Guid(2f505ce56b7efdb4d9d1655d925fa055) Importer(815301076,1909f56bfc062723c751e8b465ee728b)
Start importing Assets/Models/Tomb/Tomb.prefab using Guid(2f505ce56b7efdb4d9d1655d925fa055) Importer(815301076,1909f56bfc062723c751e8b465ee728b)  -> (artifact id: '022a765df4fbfad9199f38d8007bb128') in 0.028054 seconds 
========================================================================
Received Import Request.
  Time since last request: 1.821624 seconds.
  path: Assets/Models/Tomb/Tomb_Demo.unity
  artifactKey: Guid(e03787a81bd317f41ab82e66790943c5) Importer(815301076,1909f56bfc062723c751e8b465ee728b)
Start importing Assets/Models/Tomb/Tomb_Demo.unity using Guid(e03787a81bd317f41ab82e66790943c5) Importer(815301076,1909f56bfc062723c751e8b465ee728b)  -> (artifact id: '3a73aff03ee44bd760d4465e9bc606bb') in 0.003895 seconds 
========================================================================
Received Import Request.
  Time since last request: 32.409542 seconds.
  path: Assets/Stylized_Fantasy/Stylized_Fantasy/Props_Sample/Materials/M_Barrel.mat
  artifactKey: Guid(5373ab9890a54d04cb4ced74bdcfc37c) Importer(815301076,1909f56bfc062723c751e8b465ee728b)
Start importing Assets/Stylized_Fantasy/Stylized_Fantasy/Props_Sample/Materials/M_Barrel.mat using Guid(5373ab9890a54d04cb4ced74bdcfc37c) Importer(815301076,1909f56bfc062723c751e8b465ee728b)  -> (artifact id: 'e75c169b06c5e9db9fb215521d98668d') in 0.140000 seconds 
========================================================================
Received Import Request.
  Time since last request: 0.000045 seconds.
  path: Assets/Stylized_Fantasy/Stylized_Fantasy/Props_Sample/Materials/M_Tent.mat
  artifactKey: Guid(4187c0bbda452c04f847b9bf77316301) Importer(815301076,1909f56bfc062723c751e8b465ee728b)
Start importing Assets/Stylized_Fantasy/Stylized_Fantasy/Props_Sample/Materials/M_Tent.mat using Guid(4187c0bbda452c04f847b9bf77316301) Importer(815301076,1909f56bfc062723c751e8b465ee728b)  -> (artifact id: 'c7eb8a9a0d54a3d10595b1a9fe800ead') in 0.073267 seconds 
========================================================================
Received Import Request.
  Time since last request: 0.000130 seconds.
  path: Assets/Stylized_Fantasy/Stylized_Fantasy/Props_Sample/Materials/M_Fence.mat
  artifactKey: Guid(5d0f8b3636af08d4b965f77b0b76212b) Importer(815301076,1909f56bfc062723c751e8b465ee728b)
Start importing Assets/Stylized_Fantasy/Stylized_Fantasy/Props_Sample/Materials/M_Fence.mat using Guid(5d0f8b3636af08d4b965f77b0b76212b) Importer(815301076,1909f56bfc062723c751e8b465ee728b)  -> (artifact id: 'c3119b3a3ba89156e5395e9974b37fea') in 0.048308 seconds 
========================================================================
Received Import Request.
  Time since last request: 0.000027 seconds.
  path: Assets/Stylized_Fantasy/Stylized_Fantasy/Props_Sample/Materials/M_Campfire.mat
  artifactKey: Guid(ac5453d2455370346a86e53b320cab19) Importer(815301076,1909f56bfc062723c751e8b465ee728b)
Start importing Assets/Stylized_Fantasy/Stylized_Fantasy/Props_Sample/Materials/M_Campfire.mat using Guid(ac5453d2455370346a86e53b320cab19) Importer(815301076,1909f56bfc062723c751e8b465ee728b)  -> (artifact id: '29fd874c60e86c75afbb5abfacb39e9c') in 0.038385 seconds 
========================================================================
Received Import Request.
  Time since last request: 0.000022 seconds.
  path: Assets/Stylized_Fantasy/Stylized_Fantasy/Props_Sample/Materials/M_Stone_Obelisk.mat
  artifactKey: Guid(c0c662979c745b547a73f0e5ba610dc1) Importer(815301076,1909f56bfc062723c751e8b465ee728b)
Start importing Assets/Stylized_Fantasy/Stylized_Fantasy/Props_Sample/Materials/M_Stone_Obelisk.mat using Guid(c0c662979c745b547a73f0e5ba610dc1) Importer(815301076,1909f56bfc062723c751e8b465ee728b)  -> (artifact id: 'd240b23300ccc913892f4a0c0d1132b7') in 0.066258 seconds 
========================================================================
Received Import Request.
  Time since last request: 10.594559 seconds.
  path: Assets/Stylized_Fantasy/Stylized_Fantasy/Props_Sample/Meshes/SM_Bench.FBX
  artifactKey: Guid(2cb7600769591ae4a93dec0dd7351927) Importer(815301076,1909f56bfc062723c751e8b465ee728b)
Start importing Assets/Stylized_Fantasy/Stylized_Fantasy/Props_Sample/Meshes/SM_Bench.FBX using Guid(2cb7600769591ae4a93dec0dd7351927) Importer(815301076,1909f56bfc062723c751e8b465ee728b)  -> (artifact id: '6bcc19c1485b0e2cbc2e4af95c5af37b') in 0.103481 seconds 
========================================================================
Received Import Request.
  Time since last request: 0.000031 seconds.
  path: Assets/Stylized_Fantasy/Stylized_Fantasy/Props_Sample/Meshes/SM_Platform_1.FBX
  artifactKey: Guid(3a5d9b1ded54e8e4da6d084140d90fc5) Importer(815301076,1909f56bfc062723c751e8b465ee728b)
Start importing Assets/Stylized_Fantasy/Stylized_Fantasy/Props_Sample/Meshes/SM_Platform_1.FBX using Guid(3a5d9b1ded54e8e4da6d084140d90fc5) Importer(815301076,1909f56bfc062723c751e8b465ee728b)  -> (artifact id: '9199fb18004c091a7d4e0448abb62922') in 0.156805 seconds 
========================================================================
Received Import Request.
  Time since last request: 0.000033 seconds.
  path: Assets/Stylized_Fantasy/Stylized_Fantasy/Props_Sample/Meshes/SM_Fence_4.FBX
  artifactKey: Guid(7d8b50580c3f6f74380675229677fd8c) Importer(815301076,1909f56bfc062723c751e8b465ee728b)
Start importing Assets/Stylized_Fantasy/Stylized_Fantasy/Props_Sample/Meshes/SM_Fence_4.FBX using Guid(7d8b50580c3f6f74380675229677fd8c) Importer(815301076,1909f56bfc062723c751e8b465ee728b)  -> (artifact id: 'af422f417dc1c3f3a6db9e15a017dffa') in 0.114273 seconds 
========================================================================
Received Import Request.
  Time since last request: 0.000051 seconds.
  path: Assets/Stylized_Fantasy/Stylized_Fantasy/Props_Sample/Meshes/SM_Wooden_Log_1.FBX
  artifactKey: Guid(aab9b5bf37b305b4489f16a4756983d8) Importer(815301076,1909f56bfc062723c751e8b465ee728b)
Start importing Assets/Stylized_Fantasy/Stylized_Fantasy/Props_Sample/Meshes/SM_Wooden_Log_1.FBX using Guid(aab9b5bf37b305b4489f16a4756983d8) Importer(815301076,1909f56bfc062723c751e8b465ee728b)  -> (artifact id: '2b0e119ca07103046ac99c8bcc90e6ce') in 0.117964 seconds 
========================================================================
Received Import Request.
  Time since last request: 0.000032 seconds.
  path: Assets/Stylized_Fantasy/Stylized_Fantasy/Props_Sample/Meshes/SM_Platform_2.FBX
  artifactKey: Guid(e6bb0431911f7ed45b569278a99f0804) Importer(815301076,1909f56bfc062723c751e8b465ee728b)
Start importing Assets/Stylized_Fantasy/Stylized_Fantasy/Props_Sample/Meshes/SM_Platform_2.FBX using Guid(e6bb0431911f7ed45b569278a99f0804) Importer(815301076,1909f56bfc062723c751e8b465ee728b)  -> (artifact id: '6eca466a8a341110424c44d6d7e34ec7') in 0.124040 seconds 
========================================================================
Received Import Request.
  Time since last request: 0.000029 seconds.
  path: Assets/Stylized_Fantasy/Stylized_Fantasy/Props_Sample/Meshes/SM_Wooden_Log_4.FBX
  artifactKey: Guid(3290688675a804543b2d26cad4bb1bb1) Importer(815301076,1909f56bfc062723c751e8b465ee728b)
Start importing Assets/Stylized_Fantasy/Stylized_Fantasy/Props_Sample/Meshes/SM_Wooden_Log_4.FBX using Guid(3290688675a804543b2d26cad4bb1bb1) Importer(815301076,1909f56bfc062723c751e8b465ee728b)  -> (artifact id: '41f239b95d65c91bbff90afac8ee8a71') in 0.093018 seconds 
========================================================================
Received Import Request.
  Time since last request: 2.642438 seconds.
  path: Assets/Stylized_Fantasy/Stylized_Fantasy/Props_Sample/Textures/T_Barrel_MS.png
  artifactKey: Guid(8afeb5847a1406c49be514dfd4248b52) Importer(815301076,1909f56bfc062723c751e8b465ee728b)
Start importing Assets/Stylized_Fantasy/Stylized_Fantasy/Props_Sample/Textures/T_Barrel_MS.png using Guid(8afeb5847a1406c49be514dfd4248b52) Importer(815301076,1909f56bfc062723c751e8b465ee728b)  -> (artifact id: 'd007b0c556d3d745925c4a54eb8d67d6') in 0.050510 seconds 
========================================================================
Received Import Request.
  Time since last request: 0.000027 seconds.
  path: Assets/Stylized_Fantasy/Stylized_Fantasy/Props_Sample/Textures/T_Stone_Obelisk_N.png
  artifactKey: Guid(471e003548a4e4348bd7101892829914) Importer(815301076,1909f56bfc062723c751e8b465ee728b)
Start importing Assets/Stylized_Fantasy/Stylized_Fantasy/Props_Sample/Textures/T_Stone_Obelisk_N.png using Guid(471e003548a4e4348bd7101892829914) Importer(815301076,1909f56bfc062723c751e8b465ee728b)  -> (artifact id: '4921bed888eae3936a61e38fe4ffb34c') in 0.035208 seconds 
========================================================================
Received Import Request.
  Time since last request: 0.000045 seconds.
  path: Assets/Stylized_Fantasy/Stylized_Fantasy/Props_Sample/Textures/T_Box_MS.png
  artifactKey: Guid(c5153fdc29a8f19439272ea6217701af) Importer(815301076,1909f56bfc062723c751e8b465ee728b)
Start importing Assets/Stylized_Fantasy/Stylized_Fantasy/Props_Sample/Textures/T_Box_MS.png using Guid(c5153fdc29a8f19439272ea6217701af) Importer(815301076,1909f56bfc062723c751e8b465ee728b)  -> (artifact id: '3c15f72d870bfba6b7df95fc58960a9d') in 0.025749 seconds 
========================================================================
Received Import Request.
  Time since last request: 0.000044 seconds.
  path: Assets/Stylized_Fantasy/Stylized_Fantasy/Props_Sample/Textures/T_Signs_Albedo.png
  artifactKey: Guid(03579f04f6981fb46b7d4209e65c8631) Importer(815301076,1909f56bfc062723c751e8b465ee728b)
Start importing Assets/Stylized_Fantasy/Stylized_Fantasy/Props_Sample/Textures/T_Signs_Albedo.png using Guid(03579f04f6981fb46b7d4209e65c8631) Importer(815301076,1909f56bfc062723c751e8b465ee728b)  -> (artifact id: '54ea76880dea07ddf650909f5ce25c75') in 0.028307 seconds 
========================================================================
Received Import Request.
  Time since last request: 0.000029 seconds.
  path: Assets/Stylized_Fantasy/Stylized_Fantasy/Props_Sample/Textures/T_Box_Albedo.png
  artifactKey: Guid(511778196e0af3042b744e332aaf4e90) Importer(815301076,1909f56bfc062723c751e8b465ee728b)
Start importing Assets/Stylized_Fantasy/Stylized_Fantasy/Props_Sample/Textures/T_Box_Albedo.png using Guid(511778196e0af3042b744e332aaf4e90) Importer(815301076,1909f56bfc062723c751e8b465ee728b)  -> (artifact id: '79738c92fa4d001b1c8b5308199cc84d') in 0.032357 seconds 
========================================================================
Received Import Request.
  Time since last request: 0.000024 seconds.
  path: Assets/Stylized_Fantasy/Stylized_Fantasy/Props_Sample/Textures/T_Fence_MS.png
  artifactKey: Guid(efe435d40e0cb14488e4728abf32e081) Importer(815301076,1909f56bfc062723c751e8b465ee728b)
Start importing Assets/Stylized_Fantasy/Stylized_Fantasy/Props_Sample/Textures/T_Fence_MS.png using Guid(efe435d40e0cb14488e4728abf32e081) Importer(815301076,1909f56bfc062723c751e8b465ee728b)  -> (artifact id: '19fa1fbe112faa33d16124eb7b891429') in 0.018112 seconds 
========================================================================
Received Import Request.
  Time since last request: 0.000032 seconds.
  path: Assets/Stylized_Fantasy/Stylized_Fantasy/Props_Sample/Textures/T_Box_N.png
  artifactKey: Guid(d1f3b4cc7dc9a61488505e1ac3f41cad) Importer(815301076,1909f56bfc062723c751e8b465ee728b)
Start importing Assets/Stylized_Fantasy/Stylized_Fantasy/Props_Sample/Textures/T_Box_N.png using Guid(d1f3b4cc7dc9a61488505e1ac3f41cad) Importer(815301076,1909f56bfc062723c751e8b465ee728b)  -> (artifact id: '71124a4158ec51371faddbc63c2852ff') in 0.018348 seconds 
Editor requested this worker to shutdown with reason: Scaling down because of idle timeout
AssetImportWorker is now disconnected from the server
Process exiting
Exiting without the bug reporter. Application will terminate with return code 0