Using pre-set license
Built from '2021.3/staging' branch; Version is '2021.3.4f1 (cb45f9cae8b7) revision 13321721'; Using compiler version '192829333'; Build Type 'Release'
OS: 'Windows 10  (10.0.19045) 64bit Core' Language: 'pl' Physical Memory: 16304 MB
BatchMode: 1, IsHumanControllingUs: 0, StartBugReporterOnCrash: 0, Is64bit: 1, IsPro: 1

COMMAND LINE ARGUMENTS:
F:\Unity\2021.3.4f1-x86_64\Editor\Unity.exe
-adb2
-batchMode
-noUpm
-name
AssetImportWorker5
-projectPath
D:/Github/VR-projekt/VR projekt
-logFile
Logs/AssetImportWorker5.log
-srvPort
51567
Successfully changed project path to: D:/Github/VR-projekt/VR projekt
D:/Github/VR-projekt/VR projekt
[UnityMemory] Configuration Parameters - Can be set up in boot.config
    "memorysetup-bucket-allocator-granularity=16"
    "memorysetup-bucket-allocator-bucket-count=8"
    "memorysetup-bucket-allocator-block-size=33554432"
    "memorysetup-bucket-allocator-block-count=8"
    "memorysetup-main-allocator-block-size=16777216"
    "memorysetup-thread-allocator-block-size=16777216"
    "memorysetup-gfx-main-allocator-block-size=16777216"
    "memorysetup-gfx-thread-allocator-block-size=16777216"
    "memorysetup-cache-allocator-block-size=4194304"
    "memorysetup-typetree-allocator-block-size=2097152"
    "memorysetup-profiler-bucket-allocator-granularity=16"
    "memorysetup-profiler-bucket-allocator-bucket-count=8"
    "memorysetup-profiler-bucket-allocator-block-size=33554432"
    "memorysetup-profiler-bucket-allocator-block-count=8"
    "memorysetup-profiler-allocator-block-size=16777216"
    "memorysetup-profiler-editor-allocator-block-size=1048576"
    "memorysetup-temp-allocator-size-main=16777216"
    "memorysetup-job-temp-allocator-block-size=2097152"
    "memorysetup-job-temp-allocator-block-size-background=1048576"
    "memorysetup-job-temp-allocator-reduction-small-platforms=262144"
    "memorysetup-temp-allocator-size-background-worker=32768"
    "memorysetup-temp-allocator-size-job-worker=262144"
    "memorysetup-temp-allocator-size-preload-manager=33554432"
    "memorysetup-temp-allocator-size-nav-mesh-worker=65536"
    "memorysetup-temp-allocator-size-audio-worker=65536"
    "memorysetup-temp-allocator-size-cloud-worker=32768"
    "memorysetup-temp-allocator-size-gi-baking-worker=262144"
    "memorysetup-temp-allocator-size-gfx=262144"
Refreshing native plugins compatible for Editor in 190.25 ms, found 3 plugins.
Preloading 0 native plugins for Editor in 0.00 ms.
Initialize engine version: 2021.3.4f1 (cb45f9cae8b7)
[Subsystems] Discovering subsystems at path F:/Unity/2021.3.4f1-x86_64/Editor/Data/Resources/UnitySubsystems
[Subsystems] Discovering subsystems at path D:/Github/VR-projekt/VR projekt/Assets
GfxDevice: creating device client; threaded=0; jobified=0
Direct3D:
    Version:  Direct3D 11.0 [level 11.1]
    Renderer: NVIDIA GeForce GTX 1650 (ID=0x1f91)
    Vendor:   NVIDIA
    VRAM:     3949 MB
    Driver:   31.0.15.2824
Initialize mono
Mono path[0] = 'F:/Unity/2021.3.4f1-x86_64/Editor/Data/Managed'
Mono path[1] = 'F:/Unity/2021.3.4f1-x86_64/Editor/Data/MonoBleedingEdge/lib/mono/unityjit-win32'
Mono config path = 'F:/Unity/2021.3.4f1-x86_64/Editor/Data/MonoBleedingEdge/etc'
Using monoOptions --debugger-agent=transport=dt_socket,embedding=1,server=y,suspend=n,address=127.0.0.1:56952
Begin MonoManager ReloadAssembly
Registering precompiled unity dll's ...
Register platform support module: F:/Unity/2021.3.4f1-x86_64/Editor/Data/PlaybackEngines/WindowsStandaloneSupport/UnityEditor.WindowsStandalone.Extensions.dll
Registered in 0.010795 seconds.
Native extension for WindowsStandalone target not found
Refreshing native plugins compatible for Editor in 221.63 ms, found 3 plugins.
Preloading 0 native plugins for Editor in 0.00 ms.
Mono: successfully reloaded assembly
- Completed reload, in  1.404 seconds
Domain Reload Profiling:
	ReloadAssembly (1405ms)
		BeginReloadAssembly (175ms)
			ExecutionOrderSort (0ms)
			DisableScriptedObjects (0ms)
			BackupInstance (0ms)
			ReleaseScriptingObjects (0ms)
			CreateAndSetChildDomain (3ms)
		EndReloadAssembly (979ms)
			LoadAssemblies (165ms)
			RebuildTransferFunctionScriptingTraits (0ms)
			SetupTypeCache (253ms)
			ReleaseScriptCaches (0ms)
			RebuildScriptCaches (61ms)
			SetupLoadedEditorAssemblies (565ms)
				LogAssemblyErrors (0ms)
				InitializePlatformSupportModulesInManaged (13ms)
				SetLoadedEditorAssemblies (0ms)
				RefreshPlugins (222ms)
				BeforeProcessingInitializeOnLoad (2ms)
				ProcessInitializeOnLoadAttributes (242ms)
				ProcessInitializeOnLoadMethodAttributes (85ms)
				AfterProcessingInitializeOnLoad (0ms)
				EditorAssembliesLoaded (0ms)
			ExecutionOrderSort2 (0ms)
			AwakeInstancesAfterBackupRestoration (0ms)
Platform modules already initialized, skipping
Registering precompiled user dll's ...
Registered in 0.008183 seconds.
Begin MonoManager ReloadAssembly
Symbol file data-000001D9BCF446B0 doesn't match image D:\Github\VR-projekt\VR projekt\Library\ScriptAssemblies\Assembly-CSharp.dll
Symbol file LoadedFromMemory is not a mono symbol file
Symbol file data-000001D9BCF446B0 doesn't match image D:\Github\VR-projekt\VR projekt\Library\ScriptAssemblies\Assembly-CSharp-Editor.dll
Symbol file LoadedFromMemory is not a mono symbol file
Symbol file data-000001D9BEF34220 doesn't match image D:\Github\VR-projekt\VR projekt\Library\ScriptAssemblies\Unity.VisualScripting.Flow.Editor.dll
Symbol file LoadedFromMemory is not a mono symbol file
Symbol file data-000001D9BCF446B0 doesn't match image D:\Github\VR-projekt\VR projekt\Library\ScriptAssemblies\Unity.VSCode.Editor.dll
Symbol file LoadedFromMemory is not a mono symbol file
Symbol file data-000001D9BEF3F830 doesn't match image D:\Github\VR-projekt\VR projekt\Library\ScriptAssemblies\Unity.TextMeshPro.Editor.dll
Symbol file LoadedFromMemory is not a mono symbol file
Symbol file data-000001D9BEF3F830 doesn't match image D:\Github\VR-projekt\VR projekt\Library\ScriptAssemblies\Unity.Services.Core.Telemetry.dll
Symbol file LoadedFromMemory is not a mono symbol file
Symbol file data-000001D9BD4D9020 doesn't match image D:\Github\VR-projekt\VR projekt\Library\ScriptAssemblies\Unity.Performance.Profile-Analyzer.Editor.dll
Symbol file LoadedFromMemory is not a mono symbol file
Symbol file data-000001D9BEF4D980 doesn't match image D:\Github\VR-projekt\VR projekt\Library\ScriptAssemblies\Unity.TestTools.CodeCoverage.Editor.OpenCover.Model.dll
Symbol file LoadedFromMemory is not a mono symbol file
Symbol file data-000001D9BD91C820 doesn't match image D:\Github\VR-projekt\VR projekt\Library\ScriptAssemblies\Unity.VisualStudio.Editor.dll
Symbol file LoadedFromMemory is not a mono symbol file
Symbol file data-000001D9BD4F3A30 doesn't match image D:\Github\VR-projekt\VR projekt\Library\ScriptAssemblies\UnityEngine.TestRunner.dll
Symbol file LoadedFromMemory is not a mono symbol file
Symbol file data-000001D9BD4F3A30 doesn't match image D:\Github\VR-projekt\VR projekt\Library\ScriptAssemblies\Unity.Timeline.dll
Symbol file LoadedFromMemory is not a mono symbol file
Symbol file data-000001D9BDA37010 doesn't match image D:\Github\VR-projekt\VR projekt\Library\ScriptAssemblies\Unity.VisualScripting.Core.Editor.dll
Symbol file LoadedFromMemory is not a mono symbol file
Symbol file data-000001D9BE688C20 doesn't match image D:\Github\VR-projekt\VR projekt\Library\ScriptAssemblies\Unity.TextMeshPro.dll
Symbol file LoadedFromMemory is not a mono symbol file
Symbol file data-000001D9BD4F3A30 doesn't match image D:\Github\VR-projekt\VR projekt\Library\ScriptAssemblies\Unity.VisualScripting.State.Editor.dll
Symbol file LoadedFromMemory is not a mono symbol file
Symbol file data-000001D9BDA37010 doesn't match image D:\Github\VR-projekt\VR projekt\Library\ScriptAssemblies\UnityEditor.TestRunner.dll
Symbol file LoadedFromMemory is not a mono symbol file
Symbol file data-000001D9BD8CFC20 doesn't match image D:\Github\VR-projekt\VR projekt\Library\ScriptAssemblies\Unity.Services.Core.Networking.dll
Symbol file LoadedFromMemory is not a mono symbol file
Symbol file data-000001D9BEF4D980 doesn't match image D:\Github\VR-projekt\VR projekt\Library\ScriptAssemblies\Unity.VisualScripting.SettingsProvider.Editor.dll
Symbol file LoadedFromMemory is not a mono symbol file
Symbol file data-000001D9BEF4D980 doesn't match image D:\Github\VR-projekt\VR projekt\Library\ScriptAssemblies\Unity.TestTools.CodeCoverage.Editor.OpenCover.Mono.Reflection.dll
Symbol file LoadedFromMemory is not a mono symbol file
Symbol file data-000001D9BD0F4D70 doesn't match image D:\Github\VR-projekt\VR projekt\Library\ScriptAssemblies\Unity.VisualScripting.Flow.dll
Symbol file LoadedFromMemory is not a mono symbol file
Symbol file data-000001D9BD4F3A30 doesn't match image D:\Github\VR-projekt\VR projekt\Library\ScriptAssemblies\UnityEditor.UI.dll
Symbol file LoadedFromMemory is not a mono symbol file
Symbol file data-000001D9BDC76020 doesn't match image D:\Github\VR-projekt\VR projekt\Library\ScriptAssemblies\Unity.InputSystem.dll
Symbol file LoadedFromMemory is not a mono symbol file
Symbol file data-000001D9BEF4D980 doesn't match image D:\Github\VR-projekt\VR projekt\Library\ScriptAssemblies\Unity.Rider.Editor.dll
Symbol file LoadedFromMemory is not a mono symbol file
Symbol file data-000001D9BD7CE010 doesn't match image D:\Github\VR-projekt\VR projekt\Library\ScriptAssemblies\Unity.PlasticSCM.Editor.dll
Symbol file LoadedFromMemory is not a mono symbol file
Symbol file data-000001D9BD4FBA40 doesn't match image D:\Github\VR-projekt\VR projekt\Library\ScriptAssemblies\Unity.Services.Core.Internal.dll
Symbol file LoadedFromMemory is not a mono symbol file
Symbol file data-000001D9BD80AC20 doesn't match image D:\Github\VR-projekt\VR projekt\Library\ScriptAssemblies\UnityEngine.UI.dll
Symbol file LoadedFromMemory is not a mono symbol file
Symbol file data-000001D9BDA87C20 doesn't match image D:\Github\VR-projekt\VR projekt\Library\ScriptAssemblies\Unity.Services.Core.Configuration.dll
Symbol file LoadedFromMemory is not a mono symbol file
Symbol file data-000001D9BDA87C20 doesn't match image D:\Github\VR-projekt\VR projekt\Library\ScriptAssemblies\Unity.Services.Core.dll
Symbol file LoadedFromMemory is not a mono symbol file
Symbol file data-000001D9B9390010 doesn't match image D:\Github\VR-projekt\VR projekt\Library\ScriptAssemblies\Unity.VisualScripting.Core.dll
Symbol file LoadedFromMemory is not a mono symbol file
Symbol file data-000001D9BDA87C20 doesn't match image D:\Github\VR-projekt\VR projekt\Library\ScriptAssemblies\Unity.EditorCoroutines.Editor.dll
Symbol file LoadedFromMemory is not a mono symbol file
Symbol file data-000001D9BD4FBA40 doesn't match image D:\Github\VR-projekt\VR projekt\Library\ScriptAssemblies\Unity.Services.Core.Editor.dll
Symbol file LoadedFromMemory is not a mono symbol file
Symbol file data-000001D9BD82A440 doesn't match image D:\Github\VR-projekt\VR projekt\Library\ScriptAssemblies\Unity.Services.Core.Configuration.Editor.dll
Symbol file LoadedFromMemory is not a mono symbol file
Symbol file data-000001D9BD128FA0 doesn't match image D:\Github\VR-projekt\VR projekt\Library\ScriptAssemblies\Cinemachine.dll
Symbol file LoadedFromMemory is not a mono symbol file
Symbol file data-000001D9BD82A440 doesn't match image D:\Github\VR-projekt\VR projekt\Library\ScriptAssemblies\Unity.Services.Core.Analytics.dll
Symbol file LoadedFromMemory is not a mono symbol file
Symbol file data-000001D9BD82A440 doesn't match image D:\Github\VR-projekt\VR projekt\Library\ScriptAssemblies\Unity.Services.Core.Registration.dll
Symbol file LoadedFromMemory is not a mono symbol file
Symbol file data-000001D9BD128FA0 doesn't match image D:\Github\VR-projekt\VR projekt\Library\ScriptAssemblies\com.unity.cinemachine.editor.dll
Symbol file LoadedFromMemory is not a mono symbol file
Symbol file data-000001D9BD4FBA40 doesn't match image D:\Github\VR-projekt\VR projekt\Library\ScriptAssemblies\Unity.VisualScripting.Shared.Editor.dll
Symbol file LoadedFromMemory is not a mono symbol file
Symbol file data-000001D9BD4FBA40 doesn't match image D:\Github\VR-projekt\VR projekt\Library\ScriptAssemblies\Unity.Services.Core.Environments.dll
Symbol file LoadedFromMemory is not a mono symbol file
Symbol file data-000001D9BD4FBA40 doesn't match image D:\Github\VR-projekt\VR projekt\Library\ScriptAssemblies\Polyperfect.Universal.dll
Symbol file LoadedFromMemory is not a mono symbol file
Symbol file data-000001D9BD4FBA40 doesn't match image D:\Github\VR-projekt\VR projekt\Library\ScriptAssemblies\Unity.Services.Core.Scheduler.dll
Symbol file LoadedFromMemory is not a mono symbol file
Symbol file data-000001D9BD4FBA40 doesn't match image D:\Github\VR-projekt\VR projekt\Library\ScriptAssemblies\Unity.Services.Core.Environments.Internal.dll
Symbol file LoadedFromMemory is not a mono symbol file
Symbol file data-000001D9BDB45830 doesn't match image D:\Github\VR-projekt\VR projekt\Library\ScriptAssemblies\Unity.Timeline.Editor.dll
Symbol file LoadedFromMemory is not a mono symbol file
Symbol file data-000001D9BD4FDA50 doesn't match image D:\Github\VR-projekt\VR projekt\Library\ScriptAssemblies\Unity.Settings.Editor.dll
Symbol file LoadedFromMemory is not a mono symbol file
Symbol file data-000001D9BE62E020 doesn't match image D:\Github\VR-projekt\VR projekt\Library\ScriptAssemblies\Unity.CollabProxy.Editor.dll
Symbol file LoadedFromMemory is not a mono symbol file
Symbol file data-000001D9BD4FDA50 doesn't match image D:\Github\VR-projekt\VR projekt\Library\ScriptAssemblies\Unity.Services.Core.Threading.dll
Symbol file LoadedFromMemory is not a mono symbol file
Symbol file data-000001D9BE645C30 doesn't match image D:\Github\VR-projekt\VR projekt\Library\ScriptAssemblies\Unity.TestTools.CodeCoverage.Editor.dll
Symbol file LoadedFromMemory is not a mono symbol file
Symbol file data-000001D9BE645C30 doesn't match image D:\Github\VR-projekt\VR projekt\Library\ScriptAssemblies\Unity.VisualScripting.State.dll
Symbol file LoadedFromMemory is not a mono symbol file
Symbol file data-000001D9BE645C30 doesn't match image D:\Github\VR-projekt\VR projekt\Library\ScriptAssemblies\Unity.Services.Core.Device.dll
Symbol file LoadedFromMemory is not a mono symbol file
Symbol file LoadedFromMemory doesn't match image D:\Github\VR-projekt\VR projekt\Library\PackageCache\com.unity.visualscripting@1.7.8\Editor\VisualScripting.Core\Dependencies\YamlDotNet\Unity.VisualScripting.YamlDotNet.dll
Symbol file LoadedFromMemory doesn't match image D:\Github\VR-projekt\VR projekt\Library\PackageCache\com.unity.visualscripting@1.7.8\Editor\VisualScripting.Core\Dependencies\DotNetZip\Unity.VisualScripting.IonicZip.dll
Native extension for WindowsStandalone target not found
Refreshing native plugins compatible for Editor in 196.15 ms, found 3 plugins.
Preloading 0 native plugins for Editor in 0.00 ms.
Mono: successfully reloaded assembly
- Completed reload, in  3.023 seconds
Domain Reload Profiling:
	ReloadAssembly (3024ms)
		BeginReloadAssembly (199ms)
			ExecutionOrderSort (0ms)
			DisableScriptedObjects (9ms)
			BackupInstance (0ms)
			ReleaseScriptingObjects (0ms)
			CreateAndSetChildDomain (30ms)
		EndReloadAssembly (2590ms)
			LoadAssemblies (152ms)
			RebuildTransferFunctionScriptingTraits (0ms)
			SetupTypeCache (562ms)
			ReleaseScriptCaches (1ms)
			RebuildScriptCaches (118ms)
			SetupLoadedEditorAssemblies (1628ms)
				LogAssemblyErrors (0ms)
				InitializePlatformSupportModulesInManaged (9ms)
				SetLoadedEditorAssemblies (0ms)
				RefreshPlugins (196ms)
				BeforeProcessingInitializeOnLoad (187ms)
				ProcessInitializeOnLoadAttributes (1116ms)
				ProcessInitializeOnLoadMethodAttributes (90ms)
				AfterProcessingInitializeOnLoad (30ms)
				EditorAssembliesLoaded (0ms)
			ExecutionOrderSort2 (0ms)
			AwakeInstancesAfterBackupRestoration (46ms)
Platform modules already initialized, skipping
========================================================================
Worker process is ready to serve import requests
Launched and connected shader compiler UnityShaderCompiler.exe after 0.10 seconds
Refreshing native plugins compatible for Editor in 1.42 ms, found 3 plugins.
Preloading 0 native plugins for Editor in 0.00 ms.
Unloading 3862 Unused Serialized files (Serialized files now loaded: 0)
Unloading 44 unused Assets / (181.8 KB). Loaded Objects now: 4343.
Memory consumption went from 152.5 MB to 152.3 MB.
Total: 7.238100 ms (FindLiveObjects: 0.441900 ms CreateObjectMapping: 0.404100 ms MarkObjects: 6.215100 ms  DeleteObjects: 0.175100 ms)

AssetImportParameters requested are different than current active one (requested -> active):
  custom:video-decoder-ogg-theora: a1e56fd34408186e4bbccfd4996cb3dc -> 
  custom:container-muxer-webm: aa71ff27fc2769a1b78a27578f13a17b -> 
  custom:container-demuxer-webm: 4f35f7cbe854078d1ac9338744f61a02 -> 
  custom:video-encoder-webm-vp8: eb34c28f22e8b96e1ab97ce403110664 -> 
  custom:audio-encoder-webm-vorbis: bf7c407c2cedff20999df2af8eb42d56 -> 
  custom:framework-win-MediaFoundation: 216162199b28c13a410421893ffa2e32 -> 
  custom:container-demuxer-ogg: 62fdf1f143b41e24485cea50d1cbac27 -> 
  custom:video-decoder-webm-vp8: 9c59270c3fd7afecdb556c50c9e8de78 -> 
  custom:audio-decoder-ogg-vorbis: bf7c407c2cedff20999df2af8eb42d56 -> 
========================================================================
Received Import Request.
  Time since last request: 6296.319639 seconds.
  path: Assets/CemeteryPack/ColumnFoundation4 (1).prefab
  artifactKey: Guid(ab9318d8bc8ce7f43a9b1a0f0ef53c49) Importer(815301076,1909f56bfc062723c751e8b465ee728b)
Start importing Assets/CemeteryPack/ColumnFoundation4 (1).prefab using Guid(ab9318d8bc8ce7f43a9b1a0f0ef53c49) Importer(815301076,1909f56bfc062723c751e8b465ee728b)  -> (artifact id: '0cc8ee784c65422315180a23294c44e4') in 0.683536 seconds 
========================================================================
Received Import Request.
  Time since last request: 0.000031 seconds.
  path: Assets/CemeteryPack/CryptRootf3.prefab
  artifactKey: Guid(56a5a6ae857d32e4b8300af87eec2eb0) Importer(815301076,1909f56bfc062723c751e8b465ee728b)
Start importing Assets/CemeteryPack/CryptRootf3.prefab using Guid(56a5a6ae857d32e4b8300af87eec2eb0) Importer(815301076,1909f56bfc062723c751e8b465ee728b)  -> (artifact id: '23611f0ecc45d0f7fc2884eab3238fb3') in 0.081911 seconds 
========================================================================
Received Import Request.
  Time since last request: 0.000041 seconds.
  path: Assets/CemeteryPack/CryptColumnPlane1.prefab
  artifactKey: Guid(e14bda5ea66a44148bfb6afa6247e0d4) Importer(815301076,1909f56bfc062723c751e8b465ee728b)
Start importing Assets/CemeteryPack/CryptColumnPlane1.prefab using Guid(e14bda5ea66a44148bfb6afa6247e0d4) Importer(815301076,1909f56bfc062723c751e8b465ee728b)  -> (artifact id: 'f393074d0e0872cda008461df1e2b11c') in 0.060766 seconds 
========================================================================
Received Import Request.
  Time since last request: 0.000024 seconds.
  path: Assets/CemeteryPack/CryptRootf6.prefab
  artifactKey: Guid(d3673121240fc1e4e9d19d8ea56ca4a3) Importer(815301076,1909f56bfc062723c751e8b465ee728b)
Start importing Assets/CemeteryPack/CryptRootf6.prefab using Guid(d3673121240fc1e4e9d19d8ea56ca4a3) Importer(815301076,1909f56bfc062723c751e8b465ee728b)  -> (artifact id: 'a64b44e93239d9db8cd131f2854f63e8') in 0.044629 seconds 
========================================================================
Received Import Request.
  Time since last request: 0.001858 seconds.
  path: Assets/CemeteryPack/Candle2.prefab
  artifactKey: Guid(e4ed6040c475aa64e9446a9b34f2c7d2) Importer(815301076,1909f56bfc062723c751e8b465ee728b)
Start importing Assets/CemeteryPack/Candle2.prefab using Guid(e4ed6040c475aa64e9446a9b34f2c7d2) Importer(815301076,1909f56bfc062723c751e8b465ee728b)  -> (artifact id: '5f101f1c5f125c767f0688b918913427') in 0.057216 seconds 
========================================================================
Received Import Request.
  Time since last request: 0.000042 seconds.
  path: Assets/cemetery halloween set/rock_07.prefab
  artifactKey: Guid(96a955c63b2e1954796ff8d3cfb2cf39) Importer(815301076,1909f56bfc062723c751e8b465ee728b)
Start importing Assets/cemetery halloween set/rock_07.prefab using Guid(96a955c63b2e1954796ff8d3cfb2cf39) Importer(815301076,1909f56bfc062723c751e8b465ee728b)  -> (artifact id: '9b617b2312032f50cd5966e6fadced4e') in 0.185380 seconds 
========================================================================
Received Import Request.
  Time since last request: 0.004461 seconds.
  path: Assets/cemetery halloween set/hang_pumpkin_04.prefab
  artifactKey: Guid(17f938bd0b741b648bc90b68ab21d41a) Importer(815301076,1909f56bfc062723c751e8b465ee728b)
Start importing Assets/cemetery halloween set/hang_pumpkin_04.prefab using Guid(17f938bd0b741b648bc90b68ab21d41a) Importer(815301076,1909f56bfc062723c751e8b465ee728b)  -> (artifact id: 'f8b703df3c7d622e6f2fb5f557c60855') in 0.067491 seconds 
========================================================================
Received Import Request.
  Time since last request: 0.000033 seconds.
  path: Assets/cemetery halloween set/spokebone_02.prefab
  artifactKey: Guid(3b8a8d4f185bf754992507a3347879da) Importer(815301076,1909f56bfc062723c751e8b465ee728b)
Start importing Assets/cemetery halloween set/spokebone_02.prefab using Guid(3b8a8d4f185bf754992507a3347879da) Importer(815301076,1909f56bfc062723c751e8b465ee728b)  -> (artifact id: '02b46f7063c05f2a46103df5a0d37b6e') in 0.138150 seconds 
========================================================================
Received Import Request.
  Time since last request: 0.000038 seconds.
  path: Assets/CemeteryPack/CryptMiniWall.prefab
  artifactKey: Guid(3f4f663e61b9ec047be7d249a727de97) Importer(815301076,1909f56bfc062723c751e8b465ee728b)
Start importing Assets/CemeteryPack/CryptMiniWall.prefab using Guid(3f4f663e61b9ec047be7d249a727de97) Importer(815301076,1909f56bfc062723c751e8b465ee728b)  -> (artifact id: '9d632e7285e6e75c7b58ae24f12b6149') in 0.075767 seconds 
========================================================================
Received Import Request.
  Time since last request: 0.000036 seconds.
  path: Assets/cemetery halloween set/pumpkin_08.prefab
  artifactKey: Guid(824812786490c78489fd01f4351a63bf) Importer(815301076,1909f56bfc062723c751e8b465ee728b)
Start importing Assets/cemetery halloween set/pumpkin_08.prefab using Guid(824812786490c78489fd01f4351a63bf) Importer(815301076,1909f56bfc062723c751e8b465ee728b)  -> (artifact id: 'ffb9a0537792c65689ccda66d336dcaf') in 0.084486 seconds 
========================================================================
Received Import Request.
  Time since last request: 0.000032 seconds.
  path: Assets/CemeteryPack/CryptRootf1.prefab
  artifactKey: Guid(0a286194ca872484294cfdb8b39216c1) Importer(815301076,1909f56bfc062723c751e8b465ee728b)
Start importing Assets/CemeteryPack/CryptRootf1.prefab using Guid(0a286194ca872484294cfdb8b39216c1) Importer(815301076,1909f56bfc062723c751e8b465ee728b)  -> (artifact id: '7ccbdf0a28730768b2bfcf7cd0fe89df') in 0.080591 seconds 
========================================================================
Received Import Request.
  Time since last request: 0.000039 seconds.
  path: Assets/CemeteryPack/ColumnFoundation2.prefab
  artifactKey: Guid(150d5a46dd7793e4580fb7ece8ae07f9) Importer(815301076,1909f56bfc062723c751e8b465ee728b)
Start importing Assets/CemeteryPack/ColumnFoundation2.prefab using Guid(150d5a46dd7793e4580fb7ece8ae07f9) Importer(815301076,1909f56bfc062723c751e8b465ee728b)  -> (artifact id: '220428378b29055eb6b0a60a0e9df4be') in 0.057867 seconds 
========================================================================
Received Import Request.
  Time since last request: 0.000051 seconds.
  path: Assets/CemeteryPack/ColumnCrypt1 (1).prefab
  artifactKey: Guid(38c8a9e3b1a3e6a46a769a26575ba522) Importer(815301076,1909f56bfc062723c751e8b465ee728b)
Start importing Assets/CemeteryPack/ColumnCrypt1 (1).prefab using Guid(38c8a9e3b1a3e6a46a769a26575ba522) Importer(815301076,1909f56bfc062723c751e8b465ee728b)  -> (artifact id: '8cd2d2879c6c5d4f4a7963808ff77e7f') in 0.066247 seconds 
========================================================================
Received Import Request.
  Time since last request: 0.000046 seconds.
  path: Assets/CemeteryPack/CryptFoundationLadder1.prefab
  artifactKey: Guid(bf9dfc378d052b0438b1cece561f6724) Importer(815301076,1909f56bfc062723c751e8b465ee728b)
Start importing Assets/CemeteryPack/CryptFoundationLadder1.prefab using Guid(bf9dfc378d052b0438b1cece561f6724) Importer(815301076,1909f56bfc062723c751e8b465ee728b)  -> (artifact id: '005c5076473e68e02798b2bf89c0d902') in 0.070020 seconds 
========================================================================
Received Import Request.
  Time since last request: 0.000029 seconds.
  path: Assets/CemeteryPack/ColumnCrypt4.prefab
  artifactKey: Guid(b72e73eb37c5eea4a963ba85db9f572e) Importer(815301076,1909f56bfc062723c751e8b465ee728b)
Start importing Assets/CemeteryPack/ColumnCrypt4.prefab using Guid(b72e73eb37c5eea4a963ba85db9f572e) Importer(815301076,1909f56bfc062723c751e8b465ee728b)  -> (artifact id: '4718203869ebcfda7acf2b0b8b460fc7') in 0.053019 seconds 
========================================================================
Received Import Request.
  Time since last request: 0.000044 seconds.
  path: Assets/cemetery halloween set/lava_dead_tree_03.prefab
  artifactKey: Guid(9e883b6e7e36db048b286ea954b59dc3) Importer(815301076,1909f56bfc062723c751e8b465ee728b)
Start importing Assets/cemetery halloween set/lava_dead_tree_03.prefab using Guid(9e883b6e7e36db048b286ea954b59dc3) Importer(815301076,1909f56bfc062723c751e8b465ee728b)  -> (artifact id: 'c90fcdbb767441bca92af89b5516fc77') in 0.178502 seconds 
========================================================================
Received Import Request.
  Time since last request: 642.596703 seconds.
  path: Assets/Witchs_house/axe.prefab
  artifactKey: Guid(a966a24842bb4d84783e345d8ccccdae) Importer(815301076,1909f56bfc062723c751e8b465ee728b)
Start importing Assets/Witchs_house/axe.prefab using Guid(a966a24842bb4d84783e345d8ccccdae) Importer(815301076,1909f56bfc062723c751e8b465ee728b)  -> (artifact id: '957cd0e2788de1fa9341124420ce5415') in 0.233292 seconds 
========================================================================
Received Import Request.
  Time since last request: 0.000043 seconds.
  path: Assets/Witchs_house/well.prefab
  artifactKey: Guid(196e176e4da73bf449dba8cd3bb4a986) Importer(815301076,1909f56bfc062723c751e8b465ee728b)
Start importing Assets/Witchs_house/well.prefab using Guid(196e176e4da73bf449dba8cd3bb4a986) Importer(815301076,1909f56bfc062723c751e8b465ee728b)  -> (artifact id: 'b7f2b147ed1f15c56e2dd454ede33b6d') in 0.035201 seconds 
========================================================================
Received Import Request.
  Time since last request: 0.000033 seconds.
  path: Assets/Witchs_house/vessel_3.prefab
  artifactKey: Guid(6ec98d5379f963149a2ae1800c3d072d) Importer(815301076,1909f56bfc062723c751e8b465ee728b)
Start importing Assets/Witchs_house/vessel_3.prefab using Guid(6ec98d5379f963149a2ae1800c3d072d) Importer(815301076,1909f56bfc062723c751e8b465ee728b)  -> (artifact id: 'c465a3fda89ae890144077e27719eaf5') in 0.039755 seconds 
========================================================================
Received Import Request.
  Time since last request: 0.000087 seconds.
  path: Assets/Witchs_house/Plane.mat
  artifactKey: Guid(09633a1e5f65f4543a8e599e3d43610d) Importer(815301076,1909f56bfc062723c751e8b465ee728b)
Start importing Assets/Witchs_house/Plane.mat using Guid(09633a1e5f65f4543a8e599e3d43610d) Importer(815301076,1909f56bfc062723c751e8b465ee728b)  -> (artifact id: '0c34d5d93e5f978ddc253e7bb6d1c14e') in 0.274993 seconds 
========================================================================
Received Import Request.
  Time since last request: 0.000034 seconds.
  path: Assets/Witchs_house/Pointer.prefab
  artifactKey: Guid(58de58a8ad0360e4a8aa08535edf42d5) Importer(815301076,1909f56bfc062723c751e8b465ee728b)
Start importing Assets/Witchs_house/Pointer.prefab using Guid(58de58a8ad0360e4a8aa08535edf42d5) Importer(815301076,1909f56bfc062723c751e8b465ee728b)  -> (artifact id: '7306d74759839ccda3c9608d1ce1d3ad') in 0.031157 seconds 
========================================================================
Received Import Request.
  Time since last request: 0.000198 seconds.
  path: Assets/Witchs_house/frewood_1.prefab
  artifactKey: Guid(597bc9826ef14f048901936686d2295a) Importer(815301076,1909f56bfc062723c751e8b465ee728b)
Start importing Assets/Witchs_house/frewood_1.prefab using Guid(597bc9826ef14f048901936686d2295a) Importer(815301076,1909f56bfc062723c751e8b465ee728b)  -> (artifact id: 'a6f9a891013fc123fdc3c673b457653b') in 0.057119 seconds 
========================================================================
Received Import Request.
  Time since last request: 0.591979 seconds.
  path: Assets/Vegetation-LowPolyNature/Bush_1_1.prefab
  artifactKey: Guid(736a3a898da8f894593c271ad73d5f1f) Importer(815301076,1909f56bfc062723c751e8b465ee728b)
Start importing Assets/Vegetation-LowPolyNature/Bush_1_1.prefab using Guid(736a3a898da8f894593c271ad73d5f1f) Importer(815301076,1909f56bfc062723c751e8b465ee728b)  -> (artifact id: 'f2f03594f67672f677cf1fcfd2fd88af') in 0.020185 seconds 
========================================================================
Received Import Request.
  Time since last request: 0.000027 seconds.
  path: Assets/Vegetation-LowPolyNature/FallenTree_1_1.prefab
  artifactKey: Guid(c33d23e7dff87c94bbbf8303e2318397) Importer(815301076,1909f56bfc062723c751e8b465ee728b)
Start importing Assets/Vegetation-LowPolyNature/FallenTree_1_1.prefab using Guid(c33d23e7dff87c94bbbf8303e2318397) Importer(815301076,1909f56bfc062723c751e8b465ee728b)  -> (artifact id: '978b3a9ad5ed3002f5f1bf2c6083d573') in 0.034645 seconds 
========================================================================
Received Import Request.
  Time since last request: 0.000024 seconds.
  path: Assets/Vegetation-LowPolyNature/Tree_1_2.prefab
  artifactKey: Guid(d855296cdd38f1d43a9018c918395080) Importer(815301076,1909f56bfc062723c751e8b465ee728b)
Start importing Assets/Vegetation-LowPolyNature/Tree_1_2.prefab using Guid(d855296cdd38f1d43a9018c918395080) Importer(815301076,1909f56bfc062723c751e8b465ee728b)  -> (artifact id: '33a2224cc94e639ea412ccc62f254bfe') in 0.019535 seconds 
========================================================================
Received Import Request.
  Time since last request: 0.000028 seconds.
  path: Assets/Vegetation-LowPolyNature/Grass_2_1.prefab
  artifactKey: Guid(1ddaf242dd01c744393cf9bd8a9334d1) Importer(815301076,1909f56bfc062723c751e8b465ee728b)
Start importing Assets/Vegetation-LowPolyNature/Grass_2_1.prefab using Guid(1ddaf242dd01c744393cf9bd8a9334d1) Importer(815301076,1909f56bfc062723c751e8b465ee728b)  -> (artifact id: 'd61ae5ea20cf3776737339040a54cd22') in 0.030648 seconds 
========================================================================
Received Import Request.
  Time since last request: 0.000030 seconds.
  path: Assets/Vegetation-LowPolyNature/Grass_1_1.prefab
  artifactKey: Guid(2ab833ef86401f8409c0310ffb61631e) Importer(815301076,1909f56bfc062723c751e8b465ee728b)
Start importing Assets/Vegetation-LowPolyNature/Grass_1_1.prefab using Guid(2ab833ef86401f8409c0310ffb61631e) Importer(815301076,1909f56bfc062723c751e8b465ee728b)  -> (artifact id: 'e9cd3b133535fbdfddbb2d8be7ae3e6d') in 0.021594 seconds 
========================================================================
Received Import Request.
  Time since last request: 0.000028 seconds.
  path: Assets/Vegetation-LowPolyNature/Grass_1_2.prefab
  artifactKey: Guid(729e667a67b1fbd40adbda716ae59a2e) Importer(815301076,1909f56bfc062723c751e8b465ee728b)
Start importing Assets/Vegetation-LowPolyNature/Grass_1_2.prefab using Guid(729e667a67b1fbd40adbda716ae59a2e) Importer(815301076,1909f56bfc062723c751e8b465ee728b)  -> (artifact id: 'c58ecf0b06823654615aacf6a15fbfaa') in 0.042760 seconds 
========================================================================
Received Import Request.
  Time since last request: 0.000035 seconds.
  path: Assets/Vegetation-LowPolyNature/FallenTree_1_2.prefab
  artifactKey: Guid(7bd8a99d77d246b41b47d6f0958d6e89) Importer(815301076,1909f56bfc062723c751e8b465ee728b)
Start importing Assets/Vegetation-LowPolyNature/FallenTree_1_2.prefab using Guid(7bd8a99d77d246b41b47d6f0958d6e89) Importer(815301076,1909f56bfc062723c751e8b465ee728b)  -> (artifact id: '3d92c84d249a504c9f929e133cc6e669') in 0.041350 seconds 
========================================================================
Received Import Request.
  Time since last request: 0.970189 seconds.
  path: Assets/Tomb/Tomb.prefab
  artifactKey: Guid(2f505ce56b7efdb4d9d1655d925fa055) Importer(815301076,1909f56bfc062723c751e8b465ee728b)
Start importing Assets/Tomb/Tomb.prefab using Guid(2f505ce56b7efdb4d9d1655d925fa055) Importer(815301076,1909f56bfc062723c751e8b465ee728b)  -> (artifact id: '6a17fc88c4e617780bbf718035268836') in 0.029720 seconds 
========================================================================
Received Import Request.
  Time since last request: 1.196317 seconds.
  path: Assets/Stylized fantasy items/axe_a.prefab
  artifactKey: Guid(049f45c27e45ebe4ab3ce91515c82e36) Importer(815301076,1909f56bfc062723c751e8b465ee728b)
Start importing Assets/Stylized fantasy items/axe_a.prefab using Guid(049f45c27e45ebe4ab3ce91515c82e36) Importer(815301076,1909f56bfc062723c751e8b465ee728b)  -> (artifact id: '01cc5e1debc11e67eb08885cf4d8dd47') in 0.590342 seconds 
========================================================================
Received Import Request.
  Time since last request: 0.000044 seconds.
  path: Assets/Stylized fantasy items/sword_a.prefab
  artifactKey: Guid(3896049b8574a7146bf2cc3061d4262b) Importer(815301076,1909f56bfc062723c751e8b465ee728b)
Start importing Assets/Stylized fantasy items/sword_a.prefab using Guid(3896049b8574a7146bf2cc3061d4262b) Importer(815301076,1909f56bfc062723c751e8b465ee728b)  -> (artifact id: '9529c7dab00e0e5d2685568f5bd71443') in 0.065470 seconds 
========================================================================
Received Import Request.
  Time since last request: 0.000035 seconds.
  path: Assets/Stylized_Fantasy/SM_Fence_3.prefab
  artifactKey: Guid(b2a3a6777e0fb2e49996f2acc526131a) Importer(815301076,1909f56bfc062723c751e8b465ee728b)
Start importing Assets/Stylized_Fantasy/SM_Fence_3.prefab using Guid(b2a3a6777e0fb2e49996f2acc526131a) Importer(815301076,1909f56bfc062723c751e8b465ee728b)  -> (artifact id: 'fcb65f54c52743ebf298a275b9bc68c1') in 0.480027 seconds 
========================================================================
Received Import Request.
  Time since last request: 0.000030 seconds.
  path: Assets/Stylized_Fantasy/SM_Sign_2.prefab
  artifactKey: Guid(03e1f310bef02c8488d781c1bcbc70c1) Importer(815301076,1909f56bfc062723c751e8b465ee728b)
Start importing Assets/Stylized_Fantasy/SM_Sign_2.prefab using Guid(03e1f310bef02c8488d781c1bcbc70c1) Importer(815301076,1909f56bfc062723c751e8b465ee728b)  -> (artifact id: 'd00124b9ca508dec4270bbf14e7f957e') in 0.125582 seconds 
========================================================================
Received Import Request.
  Time since last request: 0.000352 seconds.
  path: Assets/Stylized_Fantasy/SM_Tent.prefab
  artifactKey: Guid(4abbdb50213dde041994e2d4dcf791e9) Importer(815301076,1909f56bfc062723c751e8b465ee728b)
Start importing Assets/Stylized_Fantasy/SM_Tent.prefab using Guid(4abbdb50213dde041994e2d4dcf791e9) Importer(815301076,1909f56bfc062723c751e8b465ee728b)  -> (artifact id: '3b68dfa5d2a9811ae9df401f126ffac1') in 0.053677 seconds 
========================================================================
Received Import Request.
  Time since last request: 0.000027 seconds.
  path: Assets/Stylized_Fantasy/SM_Wooden_Log_3.prefab
  artifactKey: Guid(e0ef1d1ef18d50b438699b1f9496736a) Importer(815301076,1909f56bfc062723c751e8b465ee728b)
Start importing Assets/Stylized_Fantasy/SM_Wooden_Log_3.prefab using Guid(e0ef1d1ef18d50b438699b1f9496736a) Importer(815301076,1909f56bfc062723c751e8b465ee728b)  -> (artifact id: '41e73b75ba97242f53a2c2f676609a55') in 0.300740 seconds 
========================================================================
Received Import Request.
  Time since last request: 0.000029 seconds.
  path: Assets/Stylized_Fantasy/SM_Fence_2.prefab
  artifactKey: Guid(f5df267a950645a4fa6c5336047ac27a) Importer(815301076,1909f56bfc062723c751e8b465ee728b)
Start importing Assets/Stylized_Fantasy/SM_Fence_2.prefab using Guid(f5df267a950645a4fa6c5336047ac27a) Importer(815301076,1909f56bfc062723c751e8b465ee728b)  -> (artifact id: 'e9d47859fd019bf3c78ebb362e2e0311') in 0.045319 seconds 
========================================================================
Received Import Request.
  Time since last request: 0.000035 seconds.
  path: Assets/Stylized_Fantasy/SM_Barrel.prefab
  artifactKey: Guid(b746182c1d59cc6489e5e4f5d152a96a) Importer(815301076,1909f56bfc062723c751e8b465ee728b)
Start importing Assets/Stylized_Fantasy/SM_Barrel.prefab using Guid(b746182c1d59cc6489e5e4f5d152a96a) Importer(815301076,1909f56bfc062723c751e8b465ee728b)  -> (artifact id: 'bc8be11dda81aa510f2f211ea1ac8eb8') in 0.043740 seconds 
========================================================================
Received Import Request.
  Time since last request: 0.000022 seconds.
  path: Assets/Stylized_Fantasy/SM_Wooden_Log_1.prefab
  artifactKey: Guid(8f75d7d8649593341822be19369f95fb) Importer(815301076,1909f56bfc062723c751e8b465ee728b)
Start importing Assets/Stylized_Fantasy/SM_Wooden_Log_1.prefab using Guid(8f75d7d8649593341822be19369f95fb) Importer(815301076,1909f56bfc062723c751e8b465ee728b)  -> (artifact id: 'c9f0e45ed301e2adbde73379d6da77d4') in 0.025696 seconds 
========================================================================
Received Import Request.
  Time since last request: 0.000021 seconds.
  path: Assets/Stylized_Fantasy/SM_Box.prefab
  artifactKey: Guid(44126836fe1d5144691997a61899c148) Importer(815301076,1909f56bfc062723c751e8b465ee728b)
Start importing Assets/Stylized_Fantasy/SM_Box.prefab using Guid(44126836fe1d5144691997a61899c148) Importer(815301076,1909f56bfc062723c751e8b465ee728b)  -> (artifact id: '10b57ea3e0a435608346e08c34fb72eb') in 0.058197 seconds 
========================================================================
Received Import Request.
  Time since last request: 0.000024 seconds.
  path: Assets/Stylized_Fantasy/SM_Sign_3.prefab
  artifactKey: Guid(eceb78943acc555418459f837305ac49) Importer(815301076,1909f56bfc062723c751e8b465ee728b)
Start importing Assets/Stylized_Fantasy/SM_Sign_3.prefab using Guid(eceb78943acc555418459f837305ac49) Importer(815301076,1909f56bfc062723c751e8b465ee728b)  -> (artifact id: 'c6bf63fee134c0b2be6dcd5bddebceed') in 0.034580 seconds 
========================================================================
Received Import Request.
  Time since last request: 0.000023 seconds.
  path: Assets/Stylized_Fantasy/SM_Platform_1.prefab
  artifactKey: Guid(a7fcd4b6b7a92cc4eaca691ac7ab151b) Importer(815301076,1909f56bfc062723c751e8b465ee728b)
Start importing Assets/Stylized_Fantasy/SM_Platform_1.prefab using Guid(a7fcd4b6b7a92cc4eaca691ac7ab151b) Importer(815301076,1909f56bfc062723c751e8b465ee728b)  -> (artifact id: 'd224b9d330df30d00fc1f0f11752f381') in 0.053883 seconds 
========================================================================
Received Import Request.
  Time since last request: 0.001659 seconds.
  path: Assets/Stylized_Fantasy/SM_Wooden_Log_5.prefab
  artifactKey: Guid(e631055e5dc73cd449feebcbe2d56922) Importer(815301076,1909f56bfc062723c751e8b465ee728b)
Start importing Assets/Stylized_Fantasy/SM_Wooden_Log_5.prefab using Guid(e631055e5dc73cd449feebcbe2d56922) Importer(815301076,1909f56bfc062723c751e8b465ee728b)  -> (artifact id: '03a3a8f8f0b5d81be3f9e3d4a4622f9f') in 0.039066 seconds 
========================================================================
Received Import Request.
  Time since last request: 0.000557 seconds.
  path: Assets/Stylized_Fantasy/SM_Stone_Obelisk.prefab
  artifactKey: Guid(301257378781c9440b658a128eccf9a4) Importer(815301076,1909f56bfc062723c751e8b465ee728b)
Start importing Assets/Stylized_Fantasy/SM_Stone_Obelisk.prefab using Guid(301257378781c9440b658a128eccf9a4) Importer(815301076,1909f56bfc062723c751e8b465ee728b)  -> (artifact id: '8c9a466d60c00e07074391398006fc4e') in 0.059844 seconds 
========================================================================
Received Import Request.
  Time since last request: 0.000028 seconds.
  path: Assets/Stylized_Fantasy/SM_Sign_4.prefab
  artifactKey: Guid(87090fe4f63772c43b1b4819dd5e5de4) Importer(815301076,1909f56bfc062723c751e8b465ee728b)
Start importing Assets/Stylized_Fantasy/SM_Sign_4.prefab using Guid(87090fe4f63772c43b1b4819dd5e5de4) Importer(815301076,1909f56bfc062723c751e8b465ee728b)  -> (artifact id: 'bca7f328c64ace17ccd66f49feea9440') in 0.036736 seconds 
========================================================================
Received Import Request.
  Time since last request: 0.000024 seconds.
  path: Assets/Stylized_Fantasy/SM_Bench.prefab
  artifactKey: Guid(367e395222ab9874c84a74b0c824ad76) Importer(815301076,1909f56bfc062723c751e8b465ee728b)
Start importing Assets/Stylized_Fantasy/SM_Bench.prefab using Guid(367e395222ab9874c84a74b0c824ad76) Importer(815301076,1909f56bfc062723c751e8b465ee728b)  -> (artifact id: '8a45b09289db5f75389f50f50eb8000c') in 0.061847 seconds 
========================================================================
Received Import Request.
  Time since last request: 2.589545 seconds.
  path: Assets/SimpleNaturePack/Flowers_02.prefab
  artifactKey: Guid(299e7a1cb6456cf4fa6079cf5978df9b) Importer(815301076,1909f56bfc062723c751e8b465ee728b)
Start importing Assets/SimpleNaturePack/Flowers_02.prefab using Guid(299e7a1cb6456cf4fa6079cf5978df9b) Importer(815301076,1909f56bfc062723c751e8b465ee728b)  -> (artifact id: '732492b9da794f8c1d43d6cb7e30114f') in 0.034098 seconds 
========================================================================
Received Import Request.
  Time since last request: 0.000030 seconds.
  path: Assets/SimpleNaturePack/Tree_04.prefab
  artifactKey: Guid(f0c16f0ea935ea64297ca1d4d55d9746) Importer(815301076,1909f56bfc062723c751e8b465ee728b)
Start importing Assets/SimpleNaturePack/Tree_04.prefab using Guid(f0c16f0ea935ea64297ca1d4d55d9746) Importer(815301076,1909f56bfc062723c751e8b465ee728b)  -> (artifact id: '4cc869ee81fd97433f14e00ea5fa2467') in 0.024305 seconds 
========================================================================
Received Import Request.
  Time since last request: 0.000030 seconds.
  path: Assets/SimpleNaturePack/Tree_01.prefab
  artifactKey: Guid(88f2fd29f58b9734683512546acec310) Importer(815301076,1909f56bfc062723c751e8b465ee728b)
Start importing Assets/SimpleNaturePack/Tree_01.prefab using Guid(88f2fd29f58b9734683512546acec310) Importer(815301076,1909f56bfc062723c751e8b465ee728b)  -> (artifact id: 'cf8ef159c392eed52f2689915bfdbf00') in 0.020935 seconds 
========================================================================
Received Import Request.
  Time since last request: 0.000039 seconds.
  path: Assets/SimpleNaturePack/Mushroom_02.prefab
  artifactKey: Guid(494f6d43e170e9145bc7865d243ee00b) Importer(815301076,1909f56bfc062723c751e8b465ee728b)
Start importing Assets/SimpleNaturePack/Mushroom_02.prefab using Guid(494f6d43e170e9145bc7865d243ee00b) Importer(815301076,1909f56bfc062723c751e8b465ee728b)  -> (artifact id: 'f5edd402aa81da3229b9c9dadd62b357') in 0.025438 seconds 
========================================================================
Received Import Request.
  Time since last request: 0.000027 seconds.
  path: Assets/SimpleNaturePack/Rock_01.prefab
  artifactKey: Guid(c6308cb7062fac34e8e50600086b12a1) Importer(815301076,1909f56bfc062723c751e8b465ee728b)
Start importing Assets/SimpleNaturePack/Rock_01.prefab using Guid(c6308cb7062fac34e8e50600086b12a1) Importer(815301076,1909f56bfc062723c751e8b465ee728b)  -> (artifact id: 'ee0273374a920cd5dd925a17ab3d3986') in 0.113371 seconds 
========================================================================
Received Import Request.
  Time since last request: 0.000026 seconds.
  path: Assets/SimpleNaturePack/Tree_03.prefab
  artifactKey: Guid(c60edd51c065ceb46b345849a03bc106) Importer(815301076,1909f56bfc062723c751e8b465ee728b)
Start importing Assets/SimpleNaturePack/Tree_03.prefab using Guid(c60edd51c065ceb46b345849a03bc106) Importer(815301076,1909f56bfc062723c751e8b465ee728b)  -> (artifact id: '8ff709f9d6e0632ef0e668c7f9359e04') in 0.044067 seconds 
========================================================================
Received Import Request.
  Time since last request: 0.000039 seconds.
  path: Assets/SimpleNaturePack/Ground_02.prefab
  artifactKey: Guid(e2e682b966e3f644392ffbfab511e0e2) Importer(815301076,1909f56bfc062723c751e8b465ee728b)
Start importing Assets/SimpleNaturePack/Ground_02.prefab using Guid(e2e682b966e3f644392ffbfab511e0e2) Importer(815301076,1909f56bfc062723c751e8b465ee728b)  -> (artifact id: '999f3644a1c6a7627d4d3caf5a604302') in 0.011082 seconds 
========================================================================
Received Import Request.
  Time since last request: 0.557170 seconds.
  path: Assets/Skull Platform/Platform_Skull_04.prefab
  artifactKey: Guid(56cf5416ea25c6042ac013ea267b75ce) Importer(815301076,1909f56bfc062723c751e8b465ee728b)
Start importing Assets/Skull Platform/Platform_Skull_04.prefab using Guid(56cf5416ea25c6042ac013ea267b75ce) Importer(815301076,1909f56bfc062723c751e8b465ee728b)  -> (artifact id: '1e0524f7a0a7f5f010dfa19a778b9c04') in 0.178440 seconds 
========================================================================
Received Import Request.
  Time since last request: 1.729768 seconds.
  path: Assets/Poly Halloween/candle-finger-holder-lit.prefab
  artifactKey: Guid(c85864aae28330e49ae362ef6709cfa0) Importer(815301076,1909f56bfc062723c751e8b465ee728b)
Start importing Assets/Poly Halloween/candle-finger-holder-lit.prefab using Guid(c85864aae28330e49ae362ef6709cfa0) Importer(815301076,1909f56bfc062723c751e8b465ee728b)  -> (artifact id: '0c41c66bad1124241d2e1eba29993588') in 0.511832 seconds 
========================================================================
Received Import Request.
  Time since last request: 0.000034 seconds.
  path: Assets/Poly Halloween/lanterns-on-string-2m.prefab
  artifactKey: Guid(1ba68f217daf810458ec5dc2f7c131bf) Importer(815301076,1909f56bfc062723c751e8b465ee728b)
Start importing Assets/Poly Halloween/lanterns-on-string-2m.prefab using Guid(1ba68f217daf810458ec5dc2f7c131bf) Importer(815301076,1909f56bfc062723c751e8b465ee728b)  -> (artifact id: '8361f633428c26746a701e9bebf34753') in 0.046071 seconds 
========================================================================
Received Import Request.
  Time since last request: 0.000036 seconds.
  path: Assets/Poly Halloween/stone-f.prefab
  artifactKey: Guid(135cfa328d7fcb14abf14ee831d9d7d2) Importer(815301076,1909f56bfc062723c751e8b465ee728b)
Start importing Assets/Poly Halloween/stone-f.prefab using Guid(135cfa328d7fcb14abf14ee831d9d7d2) Importer(815301076,1909f56bfc062723c751e8b465ee728b)  -> (artifact id: 'a328c6e8b98fdecb6e8a5ae20cb3d7bb') in 0.086139 seconds 
========================================================================
Received Import Request.
  Time since last request: 0.000371 seconds.
  path: Assets/Poly Halloween/candy-corn.prefab
  artifactKey: Guid(ea6d0d79c6f9e514c9c7594bbaeac82f) Importer(815301076,1909f56bfc062723c751e8b465ee728b)
Start importing Assets/Poly Halloween/candy-corn.prefab using Guid(ea6d0d79c6f9e514c9c7594bbaeac82f) Importer(815301076,1909f56bfc062723c751e8b465ee728b)  -> (artifact id: 'edadbb8f50f559031cfa032dc04c88e7') in 0.051589 seconds 
========================================================================
Received Import Request.
  Time since last request: 0.000028 seconds.
  path: Assets/Poly Halloween/gravestone-old-small-c.prefab
  artifactKey: Guid(2ae467c0e5884e34eb2cf44d3defd2d0) Importer(815301076,1909f56bfc062723c751e8b465ee728b)
Start importing Assets/Poly Halloween/gravestone-old-small-c.prefab using Guid(2ae467c0e5884e34eb2cf44d3defd2d0) Importer(815301076,1909f56bfc062723c751e8b465ee728b)  -> (artifact id: '50bc0c1727bbaa652c1d169006c8c35e') in 0.057421 seconds 
========================================================================
Received Import Request.
  Time since last request: 0.000134 seconds.
  path: Assets/Poly Halloween/coffin-old.prefab
  artifactKey: Guid(5f7dbd80b21547d4b858ab33922e2740) Importer(815301076,1909f56bfc062723c751e8b465ee728b)
Start importing Assets/Poly Halloween/coffin-old.prefab using Guid(5f7dbd80b21547d4b858ab33922e2740) Importer(815301076,1909f56bfc062723c751e8b465ee728b)  -> (artifact id: '50c2658e98f13beb991e591e1f848274') in 0.036321 seconds 
========================================================================
Received Import Request.
  Time since last request: 0.000052 seconds.
  path: Assets/Poly Halloween/wall-graveyard-1m.prefab
  artifactKey: Guid(a360f7d95901f2e4081dccc2d8cd0542) Importer(815301076,1909f56bfc062723c751e8b465ee728b)
Start importing Assets/Poly Halloween/wall-graveyard-1m.prefab using Guid(a360f7d95901f2e4081dccc2d8cd0542) Importer(815301076,1909f56bfc062723c751e8b465ee728b)  -> (artifact id: 'f694a21a477c3658aa39a9c7ecee00a3') in 0.055923 seconds 
========================================================================
Received Import Request.
  Time since last request: 0.000888 seconds.
  path: Assets/Poly Halloween/mushroom-magical-amanita-mature.prefab
  artifactKey: Guid(a629a3959f8b3c24e90fb06d496c5cd6) Importer(815301076,1909f56bfc062723c751e8b465ee728b)
Start importing Assets/Poly Halloween/mushroom-magical-amanita-mature.prefab using Guid(a629a3959f8b3c24e90fb06d496c5cd6) Importer(815301076,1909f56bfc062723c751e8b465ee728b)  -> (artifact id: '4f8d9255c7b3069a79224269ef8b6bda') in 0.033974 seconds 
========================================================================
Received Import Request.
  Time since last request: 0.000035 seconds.
  path: Assets/Poly Halloween/mushroom-magical-amanita-baby.prefab
  artifactKey: Guid(33fd26760d9e0744882bcc652ba86ae0) Importer(815301076,1909f56bfc062723c751e8b465ee728b)
Start importing Assets/Poly Halloween/mushroom-magical-amanita-baby.prefab using Guid(33fd26760d9e0744882bcc652ba86ae0) Importer(815301076,1909f56bfc062723c751e8b465ee728b)  -> (artifact id: '957e59f9db072e4536fe3c5456121ff6') in 0.043026 seconds 
========================================================================
Received Import Request.
  Time since last request: 0.000031 seconds.
  path: Assets/Poly Halloween/rock-a.prefab
  artifactKey: Guid(0604ce9b58da7114aa77bfa1ef820aea) Importer(815301076,1909f56bfc062723c751e8b465ee728b)
Start importing Assets/Poly Halloween/rock-a.prefab using Guid(0604ce9b58da7114aa77bfa1ef820aea) Importer(815301076,1909f56bfc062723c751e8b465ee728b)  -> (artifact id: 'b8e8410ec7c517a4a78f60a1a3e8895a') in 0.044995 seconds 
========================================================================
Received Import Request.
  Time since last request: 0.000028 seconds.
  path: Assets/Poly Halloween/gravestone-old-classic-cross.prefab
  artifactKey: Guid(de2d09b271cfb144ab19747dc1626af1) Importer(815301076,1909f56bfc062723c751e8b465ee728b)
Start importing Assets/Poly Halloween/gravestone-old-classic-cross.prefab using Guid(de2d09b271cfb144ab19747dc1626af1) Importer(815301076,1909f56bfc062723c751e8b465ee728b)  -> (artifact id: '38f83ee98366913fc85ec0eb99b54cc1') in 0.045488 seconds 
========================================================================
Received Import Request.
  Time since last request: 1.268894 seconds.
  path: Assets/GraveyardProps/GraveCircleStump_2.prefab
  artifactKey: Guid(54b93a659cabcb14780100955513aa03) Importer(815301076,1909f56bfc062723c751e8b465ee728b)
Start importing Assets/GraveyardProps/GraveCircleStump_2.prefab using Guid(54b93a659cabcb14780100955513aa03) Importer(815301076,1909f56bfc062723c751e8b465ee728b)  -> (artifact id: '991ec8e761392e5ebb14c32e2d537bae') in 0.530704 seconds 
========================================================================
Received Import Request.
  Time since last request: 0.000027 seconds.
  path: Assets/GraveyardProps/TombHollow_1.prefab
  artifactKey: Guid(005d1cb2d92e75f4a858cb605ac92fe8) Importer(815301076,1909f56bfc062723c751e8b465ee728b)
Start importing Assets/GraveyardProps/TombHollow_1.prefab using Guid(005d1cb2d92e75f4a858cb605ac92fe8) Importer(815301076,1909f56bfc062723c751e8b465ee728b)  -> (artifact id: '62456cac1d8d93382ebca9b21e17d314') in 0.071074 seconds 
========================================================================
Received Import Request.
  Time since last request: 0.002299 seconds.
  path: Assets/Fence Pack/Fence Type1 01.prefab
  artifactKey: Guid(4cc487e002327cb43995ca1871bd142e) Importer(815301076,1909f56bfc062723c751e8b465ee728b)
Start importing Assets/Fence Pack/Fence Type1 01.prefab using Guid(4cc487e002327cb43995ca1871bd142e) Importer(815301076,1909f56bfc062723c751e8b465ee728b)  -> (artifact id: 'e8ad9c06e550e4e59c9db61b7ba2ad53') in 0.053933 seconds 
========================================================================
Received Import Request.
  Time since last request: 0.000021 seconds.
  path: Assets/GraveyardProps/TombHollow_2.prefab
  artifactKey: Guid(a3c5225c9902b054ca1416231e6f54a7) Importer(815301076,1909f56bfc062723c751e8b465ee728b)
Start importing Assets/GraveyardProps/TombHollow_2.prefab using Guid(a3c5225c9902b054ca1416231e6f54a7) Importer(815301076,1909f56bfc062723c751e8b465ee728b)  -> (artifact id: '8bc81598b79aaa3c9dd76c5fc267c258') in 0.032199 seconds 
========================================================================
Received Import Request.
  Time since last request: 0.000321 seconds.
  path: Assets/GraveyardProps/TombDamaged_2.prefab
  artifactKey: Guid(0497ecf3129a58747b80eb599078b4ca) Importer(815301076,1909f56bfc062723c751e8b465ee728b)
Start importing Assets/GraveyardProps/TombDamaged_2.prefab using Guid(0497ecf3129a58747b80eb599078b4ca) Importer(815301076,1909f56bfc062723c751e8b465ee728b)  -> (artifact id: 'fc541e8f5eeadf07268635a48a756023') in 0.046213 seconds 
========================================================================
Received Import Request.
  Time since last request: 0.000031 seconds.
  path: Assets/GraveyardProps/MegaGravestone_2.prefab
  artifactKey: Guid(7691546044b532d4db33a4d41c154c37) Importer(815301076,1909f56bfc062723c751e8b465ee728b)
Start importing Assets/GraveyardProps/MegaGravestone_2.prefab using Guid(7691546044b532d4db33a4d41c154c37) Importer(815301076,1909f56bfc062723c751e8b465ee728b)  -> (artifact id: '9358d414d53da78798504c0acc4b4d56') in 0.041541 seconds 
Editor requested this worker to shutdown with reason: Scaling down because of idle timeout
AssetImportWorker is now disconnected from the server
Process exiting
Exiting without the bug reporter. Application will terminate with return code 0