Using pre-set license
Built from '2021.3/staging' branch; Version is '2021.3.4f1 (cb45f9cae8b7) revision 13321721'; Using compiler version '192829333'; Build Type 'Release'
OS: 'Windows 10  (10.0.19045) 64bit Core' Language: 'pl' Physical Memory: 16304 MB
BatchMode: 1, IsHumanControllingUs: 0, StartBugReporterOnCrash: 0, Is64bit: 1, IsPro: 1

COMMAND LINE ARGUMENTS:
F:\Unity\2021.3.4f1\Editor\Unity.exe
-adb2
-batchMode
-noUpm
-name
AssetImportWorker10
-projectPath
D:/Github/VR-projekt/VR projekt
-logFile
Logs/AssetImportWorker10.log
-srvPort
49474
Successfully changed project path to: D:/Github/VR-projekt/VR projekt
D:/Github/VR-projekt/VR projekt
[UnityMemory] Configuration Parameters - Can be set up in boot.config
    "memorysetup-bucket-allocator-granularity=16"
    "memorysetup-bucket-allocator-bucket-count=8"
    "memorysetup-bucket-allocator-block-size=33554432"
    "memorysetup-bucket-allocator-block-count=8"
    "memorysetup-main-allocator-block-size=16777216"
    "memorysetup-thread-allocator-block-size=16777216"
    "memorysetup-gfx-main-allocator-block-size=16777216"
    "memorysetup-gfx-thread-allocator-block-size=16777216"
    "memorysetup-cache-allocator-block-size=4194304"
    "memorysetup-typetree-allocator-block-size=2097152"
    "memorysetup-profiler-bucket-allocator-granularity=16"
    "memorysetup-profiler-bucket-allocator-bucket-count=8"
    "memorysetup-profiler-bucket-allocator-block-size=33554432"
    "memorysetup-profiler-bucket-allocator-block-count=8"
    "memorysetup-profiler-allocator-block-size=16777216"
    "memorysetup-profiler-editor-allocator-block-size=1048576"
    "memorysetup-temp-allocator-size-main=16777216"
    "memorysetup-job-temp-allocator-block-size=2097152"
    "memorysetup-job-temp-allocator-block-size-background=1048576"
    "memorysetup-job-temp-allocator-reduction-small-platforms=262144"
    "memorysetup-temp-allocator-size-background-worker=32768"
    "memorysetup-temp-allocator-size-job-worker=262144"
    "memorysetup-temp-allocator-size-preload-manager=33554432"
    "memorysetup-temp-allocator-size-nav-mesh-worker=65536"
    "memorysetup-temp-allocator-size-audio-worker=65536"
    "memorysetup-temp-allocator-size-cloud-worker=32768"
    "memorysetup-temp-allocator-size-gi-baking-worker=262144"
    "memorysetup-temp-allocator-size-gfx=262144"
Refreshing native plugins compatible for Editor in 263.80 ms, found 3 plugins.
Preloading 0 native plugins for Editor in 0.00 ms.
Initialize engine version: 2021.3.4f1 (cb45f9cae8b7)
[Subsystems] Discovering subsystems at path F:/Unity/2021.3.4f1/Editor/Data/Resources/UnitySubsystems
[Subsystems] Discovering subsystems at path D:/Github/VR-projekt/VR projekt/Assets
GfxDevice: creating device client; threaded=0; jobified=0
Direct3D:
    Version:  Direct3D 11.0 [level 11.1]
    Renderer: NVIDIA GeForce GTX 1650 (ID=0x1f91)
    Vendor:   NVIDIA
    VRAM:     3949 MB
    Driver:   31.0.15.2824
Initialize mono
Mono path[0] = 'F:/Unity/2021.3.4f1/Editor/Data/Managed'
Mono path[1] = 'F:/Unity/2021.3.4f1/Editor/Data/MonoBleedingEdge/lib/mono/unityjit-win32'
Mono config path = 'F:/Unity/2021.3.4f1/Editor/Data/MonoBleedingEdge/etc'
Using monoOptions --debugger-agent=transport=dt_socket,embedding=1,server=y,suspend=n,address=127.0.0.1:56760
Begin MonoManager ReloadAssembly
Registering precompiled unity dll's ...
Register platform support module: F:/Unity/2021.3.4f1/Editor/Data/PlaybackEngines/WebGLSupport/UnityEditor.WebGL.Extensions.dll
Register platform support module: F:/Unity/2021.3.4f1/Editor/Data/PlaybackEngines/WindowsStandaloneSupport/UnityEditor.WindowsStandalone.Extensions.dll
Registered in 0.011057 seconds.
Native extension for WindowsStandalone target not found
Native extension for WebGL target not found
Refreshing native plugins compatible for Editor in 165.67 ms, found 3 plugins.
Preloading 0 native plugins for Editor in 0.00 ms.
Mono: successfully reloaded assembly
- Completed reload, in  1.175 seconds
Domain Reload Profiling:
	ReloadAssembly (1175ms)
		BeginReloadAssembly (129ms)
			ExecutionOrderSort (0ms)
			DisableScriptedObjects (0ms)
			BackupInstance (0ms)
			ReleaseScriptingObjects (0ms)
			CreateAndSetChildDomain (1ms)
		EndReloadAssembly (818ms)
			LoadAssemblies (123ms)
			RebuildTransferFunctionScriptingTraits (0ms)
			SetupTypeCache (173ms)
			ReleaseScriptCaches (0ms)
			RebuildScriptCaches (46ms)
			SetupLoadedEditorAssemblies (524ms)
				LogAssemblyErrors (0ms)
				InitializePlatformSupportModulesInManaged (14ms)
				SetLoadedEditorAssemblies (0ms)
				RefreshPlugins (166ms)
				BeforeProcessingInitializeOnLoad (2ms)
				ProcessInitializeOnLoadAttributes (263ms)
				ProcessInitializeOnLoadMethodAttributes (79ms)
				AfterProcessingInitializeOnLoad (0ms)
				EditorAssembliesLoaded (0ms)
			ExecutionOrderSort2 (0ms)
			AwakeInstancesAfterBackupRestoration (0ms)
Platform modules already initialized, skipping
Registering precompiled user dll's ...
Registered in 0.007932 seconds.
Begin MonoManager ReloadAssembly
Native extension for WindowsStandalone target not found
Native extension for WebGL target not found
Refreshing native plugins compatible for Editor in 144.99 ms, found 3 plugins.
Preloading 0 native plugins for Editor in 0.00 ms.
Mono: successfully reloaded assembly
- Completed reload, in  2.875 seconds
Domain Reload Profiling:
	ReloadAssembly (2877ms)
		BeginReloadAssembly (272ms)
			ExecutionOrderSort (0ms)
			DisableScriptedObjects (13ms)
			BackupInstance (0ms)
			ReleaseScriptingObjects (0ms)
			CreateAndSetChildDomain (46ms)
		EndReloadAssembly (2318ms)
			LoadAssemblies (203ms)
			RebuildTransferFunctionScriptingTraits (0ms)
			SetupTypeCache (815ms)
			ReleaseScriptCaches (1ms)
			RebuildScriptCaches (122ms)
			SetupLoadedEditorAssemblies (1110ms)
				LogAssemblyErrors (0ms)
				InitializePlatformSupportModulesInManaged (8ms)
				SetLoadedEditorAssemblies (0ms)
				RefreshPlugins (145ms)
				BeforeProcessingInitializeOnLoad (131ms)
				ProcessInitializeOnLoadAttributes (759ms)
				ProcessInitializeOnLoadMethodAttributes (53ms)
				AfterProcessingInitializeOnLoad (14ms)
				EditorAssembliesLoaded (0ms)
			ExecutionOrderSort2 (0ms)
			AwakeInstancesAfterBackupRestoration (10ms)
Platform modules already initialized, skipping
========================================================================
Worker process is ready to serve import requests
Launched and connected shader compiler UnityShaderCompiler.exe after 0.09 seconds
Refreshing native plugins compatible for Editor in 2.00 ms, found 3 plugins.
Preloading 0 native plugins for Editor in 0.00 ms.
Unloading 3862 Unused Serialized files (Serialized files now loaded: 0)
Unloading 42 unused Assets / (130.0 KB). Loaded Objects now: 4347.
Memory consumption went from 157.5 MB to 157.4 MB.
Total: 10.485200 ms (FindLiveObjects: 0.580800 ms CreateObjectMapping: 0.510600 ms MarkObjects: 9.183100 ms  DeleteObjects: 0.209300 ms)

AssetImportParameters requested are different than current active one (requested -> active):
  custom:video-decoder-ogg-theora: a1e56fd34408186e4bbccfd4996cb3dc -> 
  custom:container-muxer-webm: aa71ff27fc2769a1b78a27578f13a17b -> 
  custom:container-demuxer-webm: 4f35f7cbe854078d1ac9338744f61a02 -> 
  custom:video-encoder-webm-vp8: eb34c28f22e8b96e1ab97ce403110664 -> 
  custom:audio-encoder-webm-vorbis: bf7c407c2cedff20999df2af8eb42d56 -> 
  custom:framework-win-MediaFoundation: 216162199b28c13a410421893ffa2e32 -> 
  custom:container-demuxer-ogg: 62fdf1f143b41e24485cea50d1cbac27 -> 
  custom:video-decoder-webm-vp8: 9c59270c3fd7afecdb556c50c9e8de78 -> 
  custom:audio-decoder-ogg-vorbis: bf7c407c2cedff20999df2af8eb42d56 -> 
========================================================================
Received Import Request.
  Time since last request: 57946.523636 seconds.
  path: Assets/Fence Pack/Fence Type2 02.prefab
  artifactKey: Guid(c107d6218da3747479b38075e3042255) Importer(815301076,1909f56bfc062723c751e8b465ee728b)
Start importing Assets/Fence Pack/Fence Type2 02.prefab using Guid(c107d6218da3747479b38075e3042255) Importer(815301076,1909f56bfc062723c751e8b465ee728b)  -> (artifact id: '2a3eb7b98ca8210abbb4018a55747cba') in 0.446848 seconds 
========================================================================
Received Import Request.
  Time since last request: 3.497379 seconds.
  path: Assets/GraveyardProps/GraveCircleMini_2.prefab
  artifactKey: Guid(8428a5e2c37b0d645a3818eb637d59c5) Importer(815301076,1909f56bfc062723c751e8b465ee728b)
Start importing Assets/GraveyardProps/GraveCircleMini_2.prefab using Guid(8428a5e2c37b0d645a3818eb637d59c5) Importer(815301076,1909f56bfc062723c751e8b465ee728b)  -> (artifact id: '987ede422bd1543864b67a22e30864d3') in 0.075919 seconds 
========================================================================
Received Import Request.
  Time since last request: 0.000028 seconds.
  path: Assets/GraveyardProps/GraveType5_Damaged_2.prefab
  artifactKey: Guid(42c9cfd0ad2a02645a8e5682666da24e) Importer(815301076,1909f56bfc062723c751e8b465ee728b)
Start importing Assets/GraveyardProps/GraveType5_Damaged_2.prefab using Guid(42c9cfd0ad2a02645a8e5682666da24e) Importer(815301076,1909f56bfc062723c751e8b465ee728b)  -> (artifact id: '8a7bd5505889a96a6726aca614e00207') in 0.036451 seconds 
========================================================================
Received Import Request.
  Time since last request: 0.000047 seconds.
  path: Assets/GraveyardProps/GraveType5_VeryDamaged_2.prefab
  artifactKey: Guid(b836d717411464244b69188896a185cd) Importer(815301076,1909f56bfc062723c751e8b465ee728b)
Start importing Assets/GraveyardProps/GraveType5_VeryDamaged_2.prefab using Guid(b836d717411464244b69188896a185cd) Importer(815301076,1909f56bfc062723c751e8b465ee728b)  -> (artifact id: '7a046096afbc61192199018306c91d97') in 0.018985 seconds 
========================================================================
Received Import Request.
  Time since last request: 0.000027 seconds.
  path: Assets/GraveyardProps/GraveType2_Damaged_2.prefab
  artifactKey: Guid(2e6602961f3b26843893714f5721908b) Importer(815301076,1909f56bfc062723c751e8b465ee728b)
Start importing Assets/GraveyardProps/GraveType2_Damaged_2.prefab using Guid(2e6602961f3b26843893714f5721908b) Importer(815301076,1909f56bfc062723c751e8b465ee728b)  -> (artifact id: 'eb33872e4985aa34d9d6a742c3ba22d9') in 0.028922 seconds 
========================================================================
Received Import Request.
  Time since last request: 0.000035 seconds.
  path: Assets/GraveyardProps/GraveType5_2.prefab
  artifactKey: Guid(bbe4da5cc446d0d46a34fc5ed4a42e67) Importer(815301076,1909f56bfc062723c751e8b465ee728b)
Start importing Assets/GraveyardProps/GraveType5_2.prefab using Guid(bbe4da5cc446d0d46a34fc5ed4a42e67) Importer(815301076,1909f56bfc062723c751e8b465ee728b)  -> (artifact id: '46daf89f16eb4f1c8aa018baeca88291') in 0.029268 seconds 
========================================================================
Received Import Request.
  Time since last request: 0.000036 seconds.
  path: Assets/GraveyardProps/GraveType6_2.prefab
  artifactKey: Guid(f6ee4a6ffb3634f40bed89b2d9864a31) Importer(815301076,1909f56bfc062723c751e8b465ee728b)
Start importing Assets/GraveyardProps/GraveType6_2.prefab using Guid(f6ee4a6ffb3634f40bed89b2d9864a31) Importer(815301076,1909f56bfc062723c751e8b465ee728b)  -> (artifact id: 'fbdbd12ce0b6691beff3a5bd8ec407ba') in 0.016563 seconds 
========================================================================
Received Import Request.
  Time since last request: 7.445067 seconds.
  path: Assets/Halloween Fantasy Pack/HLW_Candy_BLE_4.prefab
  artifactKey: Guid(46c8d0b4610d58f4aa9b59c4de04f71d) Importer(815301076,1909f56bfc062723c751e8b465ee728b)
Start importing Assets/Halloween Fantasy Pack/HLW_Candy_BLE_4.prefab using Guid(46c8d0b4610d58f4aa9b59c4de04f71d) Importer(815301076,1909f56bfc062723c751e8b465ee728b)  -> (artifact id: '88e429aa5e513e07130a5ce5c4334593') in 0.071763 seconds 
========================================================================
Received Import Request.
  Time since last request: 0.000053 seconds.
  path: Assets/Halloween Fantasy Pack/HLW_Candy_RD_1.prefab
  artifactKey: Guid(1cbcc122398459a4f8823a9111a3b46a) Importer(815301076,1909f56bfc062723c751e8b465ee728b)
Start importing Assets/Halloween Fantasy Pack/HLW_Candy_RD_1.prefab using Guid(1cbcc122398459a4f8823a9111a3b46a) Importer(815301076,1909f56bfc062723c751e8b465ee728b)  -> (artifact id: '6cae6accacecb909901ca6e492599a74') in 0.039916 seconds 
========================================================================
Received Import Request.
  Time since last request: 0.000033 seconds.
  path: Assets/Halloween Fantasy Pack/HLW_Candy_YLW_4.prefab
  artifactKey: Guid(8d05d92b79308614abf1dbc8b67f71ad) Importer(815301076,1909f56bfc062723c751e8b465ee728b)
Start importing Assets/Halloween Fantasy Pack/HLW_Candy_YLW_4.prefab using Guid(8d05d92b79308614abf1dbc8b67f71ad) Importer(815301076,1909f56bfc062723c751e8b465ee728b)  -> (artifact id: '9abc4688ec223c735f3d168d819db5d5') in 0.040028 seconds 
========================================================================
Received Import Request.
  Time since last request: 0.000041 seconds.
  path: Assets/Halloween Fantasy Pack/HLW_Candy_PNK_6.prefab
  artifactKey: Guid(14b7f820b7b3b144d845ff631ed31574) Importer(815301076,1909f56bfc062723c751e8b465ee728b)
Start importing Assets/Halloween Fantasy Pack/HLW_Candy_PNK_6.prefab using Guid(14b7f820b7b3b144d845ff631ed31574) Importer(815301076,1909f56bfc062723c751e8b465ee728b)  -> (artifact id: 'c743cd7075dfb7d86006fcad89fcc04d') in 0.056646 seconds 
========================================================================
Received Import Request.
  Time since last request: 0.000026 seconds.
  path: Assets/Halloween Fantasy Pack/HLW_CandyBasket_2.prefab
  artifactKey: Guid(58240fa74f0acf04fbced300d72873fc) Importer(815301076,1909f56bfc062723c751e8b465ee728b)
Start importing Assets/Halloween Fantasy Pack/HLW_CandyBasket_2.prefab using Guid(58240fa74f0acf04fbced300d72873fc) Importer(815301076,1909f56bfc062723c751e8b465ee728b)  -> (artifact id: 'b7653b5b8f0d33c71302785c45ddcd0e') in 0.051421 seconds 
========================================================================
Received Import Request.
  Time since last request: 0.000024 seconds.
  path: Assets/Halloween Fantasy Pack/HLW_Candy_GRN_6.prefab
  artifactKey: Guid(e7348ab8845ac924eb481527edb4f5b1) Importer(815301076,1909f56bfc062723c751e8b465ee728b)
Start importing Assets/Halloween Fantasy Pack/HLW_Candy_GRN_6.prefab using Guid(e7348ab8845ac924eb481527edb4f5b1) Importer(815301076,1909f56bfc062723c751e8b465ee728b)  -> (artifact id: '76c0e76373534c2ed45e81e2ca4120bb') in 0.030767 seconds 
========================================================================
Received Import Request.
  Time since last request: 0.000055 seconds.
  path: Assets/Halloween Fantasy Pack/HLW_JackoLanter_1.prefab
  artifactKey: Guid(83e4b6251d908834ebc9a2808b2d6085) Importer(815301076,1909f56bfc062723c751e8b465ee728b)
Start importing Assets/Halloween Fantasy Pack/HLW_JackoLanter_1.prefab using Guid(83e4b6251d908834ebc9a2808b2d6085) Importer(815301076,1909f56bfc062723c751e8b465ee728b)  -> (artifact id: 'c061505087ad5debe5b4a7be621fd4eb') in 0.055305 seconds 
========================================================================
Received Import Request.
  Time since last request: 0.685231 seconds.
  path: Assets/Halloween Fantasy Pack/HLW_Skull_1.prefab
  artifactKey: Guid(bfcc07747ff206847b57684eb37861a5) Importer(815301076,1909f56bfc062723c751e8b465ee728b)
Start importing Assets/Halloween Fantasy Pack/HLW_Skull_1.prefab using Guid(bfcc07747ff206847b57684eb37861a5) Importer(815301076,1909f56bfc062723c751e8b465ee728b)  -> (artifact id: '4d0dfc7e89874193012197277fd96707') in 0.044966 seconds 
========================================================================
Received Import Request.
  Time since last request: 0.000055 seconds.
  path: Assets/Halloween Fantasy Pack/HLW_WitchHat_2.prefab
  artifactKey: Guid(97b5319947dc6c34bbfa4b6003c74f4b) Importer(815301076,1909f56bfc062723c751e8b465ee728b)
Start importing Assets/Halloween Fantasy Pack/HLW_WitchHat_2.prefab using Guid(97b5319947dc6c34bbfa4b6003c74f4b) Importer(815301076,1909f56bfc062723c751e8b465ee728b)  -> (artifact id: '77dd9e151de7cc3aac4d5f4ca9f4486b') in 0.018567 seconds 
========================================================================
Received Import Request.
  Time since last request: 3.113639 seconds.
  path: Assets/Halloween_Pack/Floor.prefab
  artifactKey: Guid(46641180572a6be4c9bff984c1d87196) Importer(815301076,1909f56bfc062723c751e8b465ee728b)
Start importing Assets/Halloween_Pack/Floor.prefab using Guid(46641180572a6be4c9bff984c1d87196) Importer(815301076,1909f56bfc062723c751e8b465ee728b)  -> (artifact id: 'eabd113ba2172433589173a57dd2f483') in 0.077682 seconds 
Editor requested this worker to shutdown with reason: Scaling down because of idle timeout
AssetImportWorker is now disconnected from the server
Process exiting
Exiting without the bug reporter. Application will terminate with return code 0