Using pre-set license
Built from '2021.3/staging' branch; Version is '2021.3.4f1 (cb45f9cae8b7) revision 13321721'; Using compiler version '192829333'; Build Type 'Release'
OS: 'Windows 10  (10.0.19045) 64bit Core' Language: 'pl' Physical Memory: 16304 MB
BatchMode: 1, IsHumanControllingUs: 0, StartBugReporterOnCrash: 0, Is64bit: 1, IsPro: 1

COMMAND LINE ARGUMENTS:
F:\Unity\2021.3.4f1-x86_64\Editor\Unity.exe
-adb2
-batchMode
-noUpm
-name
AssetImportWorker43
-projectPath
D:/Github/VR-projekt/VR projekt
-logFile
Logs/AssetImportWorker43.log
-srvPort
51567
Successfully changed project path to: D:/Github/VR-projekt/VR projekt
D:/Github/VR-projekt/VR projekt
[UnityMemory] Configuration Parameters - Can be set up in boot.config
    "memorysetup-bucket-allocator-granularity=16"
    "memorysetup-bucket-allocator-bucket-count=8"
    "memorysetup-bucket-allocator-block-size=33554432"
    "memorysetup-bucket-allocator-block-count=8"
    "memorysetup-main-allocator-block-size=16777216"
    "memorysetup-thread-allocator-block-size=16777216"
    "memorysetup-gfx-main-allocator-block-size=16777216"
    "memorysetup-gfx-thread-allocator-block-size=16777216"
    "memorysetup-cache-allocator-block-size=4194304"
    "memorysetup-typetree-allocator-block-size=2097152"
    "memorysetup-profiler-bucket-allocator-granularity=16"
    "memorysetup-profiler-bucket-allocator-bucket-count=8"
    "memorysetup-profiler-bucket-allocator-block-size=33554432"
    "memorysetup-profiler-bucket-allocator-block-count=8"
    "memorysetup-profiler-allocator-block-size=16777216"
    "memorysetup-profiler-editor-allocator-block-size=1048576"
    "memorysetup-temp-allocator-size-main=16777216"
    "memorysetup-job-temp-allocator-block-size=2097152"
    "memorysetup-job-temp-allocator-block-size-background=1048576"
    "memorysetup-job-temp-allocator-reduction-small-platforms=262144"
    "memorysetup-temp-allocator-size-background-worker=32768"
    "memorysetup-temp-allocator-size-job-worker=262144"
    "memorysetup-temp-allocator-size-preload-manager=33554432"
    "memorysetup-temp-allocator-size-nav-mesh-worker=65536"
    "memorysetup-temp-allocator-size-audio-worker=65536"
    "memorysetup-temp-allocator-size-cloud-worker=32768"
    "memorysetup-temp-allocator-size-gi-baking-worker=262144"
    "memorysetup-temp-allocator-size-gfx=262144"
Refreshing native plugins compatible for Editor in 310.30 ms, found 3 plugins.
Preloading 0 native plugins for Editor in 0.00 ms.
Initialize engine version: 2021.3.4f1 (cb45f9cae8b7)
[Subsystems] Discovering subsystems at path F:/Unity/2021.3.4f1-x86_64/Editor/Data/Resources/UnitySubsystems
[Subsystems] Discovering subsystems at path D:/Github/VR-projekt/VR projekt/Assets
GfxDevice: creating device client; threaded=0; jobified=0
Direct3D:
    Version:  Direct3D 11.0 [level 11.1]
    Renderer: NVIDIA GeForce GTX 1650 (ID=0x1f91)
    Vendor:   NVIDIA
    VRAM:     3949 MB
    Driver:   31.0.15.2824
Initialize mono
Mono path[0] = 'F:/Unity/2021.3.4f1-x86_64/Editor/Data/Managed'
Mono path[1] = 'F:/Unity/2021.3.4f1-x86_64/Editor/Data/MonoBleedingEdge/lib/mono/unityjit-win32'
Mono config path = 'F:/Unity/2021.3.4f1-x86_64/Editor/Data/MonoBleedingEdge/etc'
Using monoOptions --debugger-agent=transport=dt_socket,embedding=1,server=y,suspend=n,address=127.0.0.1:56708
Begin MonoManager ReloadAssembly
Registering precompiled unity dll's ...
Register platform support module: F:/Unity/2021.3.4f1-x86_64/Editor/Data/PlaybackEngines/WindowsStandaloneSupport/UnityEditor.WindowsStandalone.Extensions.dll
Registered in 0.005947 seconds.
Native extension for WindowsStandalone target not found
Refreshing native plugins compatible for Editor in 123.34 ms, found 3 plugins.
Preloading 0 native plugins for Editor in 0.00 ms.
Mono: successfully reloaded assembly
- Completed reload, in  0.895 seconds
Domain Reload Profiling:
	ReloadAssembly (895ms)
		BeginReloadAssembly (202ms)
			ExecutionOrderSort (0ms)
			DisableScriptedObjects (0ms)
			BackupInstance (0ms)
			ReleaseScriptingObjects (0ms)
			CreateAndSetChildDomain (1ms)
		EndReloadAssembly (576ms)
			LoadAssemblies (196ms)
			RebuildTransferFunctionScriptingTraits (0ms)
			SetupTypeCache (135ms)
			ReleaseScriptCaches (0ms)
			RebuildScriptCaches (48ms)
			SetupLoadedEditorAssemblies (334ms)
				LogAssemblyErrors (0ms)
				InitializePlatformSupportModulesInManaged (8ms)
				SetLoadedEditorAssemblies (0ms)
				RefreshPlugins (123ms)
				BeforeProcessingInitializeOnLoad (1ms)
				ProcessInitializeOnLoadAttributes (153ms)
				ProcessInitializeOnLoadMethodAttributes (48ms)
				AfterProcessingInitializeOnLoad (0ms)
				EditorAssembliesLoaded (0ms)
			ExecutionOrderSort2 (0ms)
			AwakeInstancesAfterBackupRestoration (0ms)
Platform modules already initialized, skipping
Registering precompiled user dll's ...
Registered in 0.005304 seconds.
Begin MonoManager ReloadAssembly
Symbol file data-000001DE4A8183F0 doesn't match image D:\Github\VR-projekt\VR projekt\Library\ScriptAssemblies\Assembly-CSharp.dll
Symbol file LoadedFromMemory is not a mono symbol file
Symbol file data-000001DE4A8183F0 doesn't match image D:\Github\VR-projekt\VR projekt\Library\ScriptAssemblies\Assembly-CSharp-Editor.dll
Symbol file LoadedFromMemory is not a mono symbol file
Symbol file data-000001DE44E36030 doesn't match image D:\Github\VR-projekt\VR projekt\Library\ScriptAssemblies\Unity.VisualScripting.Flow.Editor.dll
Symbol file LoadedFromMemory is not a mono symbol file
Symbol file data-000001DE48F21C30 doesn't match image D:\Github\VR-projekt\VR projekt\Library\ScriptAssemblies\Unity.VSCode.Editor.dll
Symbol file LoadedFromMemory is not a mono symbol file
Symbol file data-000001DE4900F830 doesn't match image D:\Github\VR-projekt\VR projekt\Library\ScriptAssemblies\Unity.TextMeshPro.Editor.dll
Symbol file LoadedFromMemory is not a mono symbol file
Symbol file data-000001DE44EBD230 doesn't match image D:\Github\VR-projekt\VR projekt\Library\ScriptAssemblies\Unity.Services.Core.Telemetry.dll
Symbol file LoadedFromMemory is not a mono symbol file
Symbol file data-000001DE44E36030 doesn't match image D:\Github\VR-projekt\VR projekt\Library\ScriptAssemblies\Unity.Performance.Profile-Analyzer.Editor.dll
Symbol file LoadedFromMemory is not a mono symbol file
Symbol file data-000001DE44EBD230 doesn't match image D:\Github\VR-projekt\VR projekt\Library\ScriptAssemblies\Unity.TestTools.CodeCoverage.Editor.OpenCover.Model.dll
Symbol file LoadedFromMemory is not a mono symbol file
Symbol file data-000001DE4900F830 doesn't match image D:\Github\VR-projekt\VR projekt\Library\ScriptAssemblies\Unity.VisualStudio.Editor.dll
Symbol file LoadedFromMemory is not a mono symbol file
Symbol file data-000001DE44E36030 doesn't match image D:\Github\VR-projekt\VR projekt\Library\ScriptAssemblies\UnityEngine.TestRunner.dll
Symbol file LoadedFromMemory is not a mono symbol file
Symbol file data-000001DE49033030 doesn't match image D:\Github\VR-projekt\VR projekt\Library\ScriptAssemblies\Unity.Timeline.dll
Symbol file LoadedFromMemory is not a mono symbol file
Symbol file data-000001DE49033030 doesn't match image D:\Github\VR-projekt\VR projekt\Library\ScriptAssemblies\Unity.VisualScripting.Core.Editor.dll
Symbol file LoadedFromMemory is not a mono symbol file
Symbol file data-000001DE48781050 doesn't match image D:\Github\VR-projekt\VR projekt\Library\ScriptAssemblies\Unity.TextMeshPro.dll
Symbol file LoadedFromMemory is not a mono symbol file
Symbol file data-000001DE49091E40 doesn't match image D:\Github\VR-projekt\VR projekt\Library\ScriptAssemblies\Unity.VisualScripting.State.Editor.dll
Symbol file LoadedFromMemory is not a mono symbol file
Symbol file data-000001DE487C5870 doesn't match image D:\Github\VR-projekt\VR projekt\Library\ScriptAssemblies\UnityEditor.TestRunner.dll
Symbol file LoadedFromMemory is not a mono symbol file
Symbol file data-000001DE44EBD230 doesn't match image D:\Github\VR-projekt\VR projekt\Library\ScriptAssemblies\Unity.Services.Core.Networking.dll
Symbol file LoadedFromMemory is not a mono symbol file
Symbol file data-000001DE44EBD230 doesn't match image D:\Github\VR-projekt\VR projekt\Library\ScriptAssemblies\Unity.VisualScripting.SettingsProvider.Editor.dll
Symbol file LoadedFromMemory is not a mono symbol file
Symbol file data-000001DE44EBD230 doesn't match image D:\Github\VR-projekt\VR projekt\Library\ScriptAssemblies\Unity.TestTools.CodeCoverage.Editor.OpenCover.Mono.Reflection.dll
Symbol file LoadedFromMemory is not a mono symbol file
Symbol file data-000001DE487C5870 doesn't match image D:\Github\VR-projekt\VR projekt\Library\ScriptAssemblies\Unity.VisualScripting.Flow.dll
Symbol file LoadedFromMemory is not a mono symbol file
Symbol file data-000001DE49091E40 doesn't match image D:\Github\VR-projekt\VR projekt\Library\ScriptAssemblies\UnityEditor.UI.dll
Symbol file LoadedFromMemory is not a mono symbol file
Symbol file data-000001DE4A36E010 doesn't match image D:\Github\VR-projekt\VR projekt\Library\ScriptAssemblies\Unity.InputSystem.dll
Symbol file LoadedFromMemory is not a mono symbol file
Symbol file data-000001DE49091E40 doesn't match image D:\Github\VR-projekt\VR projekt\Library\ScriptAssemblies\Unity.Rider.Editor.dll
Symbol file LoadedFromMemory is not a mono symbol file
Symbol file data-000001DE44ED5B60 doesn't match image D:\Github\VR-projekt\VR projekt\Library\ScriptAssemblies\Unity.PlasticSCM.Editor.dll
Symbol file LoadedFromMemory is not a mono symbol file
Symbol file data-000001DE49091E40 doesn't match image D:\Github\VR-projekt\VR projekt\Library\ScriptAssemblies\Unity.Services.Core.Internal.dll
Symbol file LoadedFromMemory is not a mono symbol file
Symbol file data-000001DE44F12770 doesn't match image D:\Github\VR-projekt\VR projekt\Library\ScriptAssemblies\UnityEngine.UI.dll
Symbol file LoadedFromMemory is not a mono symbol file
Symbol file data-000001DE44EBD230 doesn't match image D:\Github\VR-projekt\VR projekt\Library\ScriptAssemblies\Unity.Services.Core.Configuration.dll
Symbol file LoadedFromMemory is not a mono symbol file
Symbol file data-000001DE44EBD230 doesn't match image D:\Github\VR-projekt\VR projekt\Library\ScriptAssemblies\Unity.Services.Core.dll
Symbol file LoadedFromMemory is not a mono symbol file
Symbol file data-000001DE49E61010 doesn't match image D:\Github\VR-projekt\VR projekt\Library\ScriptAssemblies\Unity.VisualScripting.Core.dll
Symbol file LoadedFromMemory is not a mono symbol file
Symbol file data-000001DE44EBD230 doesn't match image D:\Github\VR-projekt\VR projekt\Library\ScriptAssemblies\Unity.EditorCoroutines.Editor.dll
Symbol file LoadedFromMemory is not a mono symbol file
Symbol file data-000001DE49091E40 doesn't match image D:\Github\VR-projekt\VR projekt\Library\ScriptAssemblies\Unity.Services.Core.Editor.dll
Symbol file LoadedFromMemory is not a mono symbol file
Symbol file data-000001DE44EBD230 doesn't match image D:\Github\VR-projekt\VR projekt\Library\ScriptAssemblies\Unity.Services.Core.Configuration.Editor.dll
Symbol file LoadedFromMemory is not a mono symbol file
Symbol file data-000001DE44F21F80 doesn't match image D:\Github\VR-projekt\VR projekt\Library\ScriptAssemblies\Cinemachine.dll
Symbol file LoadedFromMemory is not a mono symbol file
Symbol file data-000001DE494A3060 doesn't match image D:\Github\VR-projekt\VR projekt\Library\ScriptAssemblies\Unity.Services.Core.Analytics.dll
Symbol file LoadedFromMemory is not a mono symbol file
Symbol file data-000001DE44EBD230 doesn't match image D:\Github\VR-projekt\VR projekt\Library\ScriptAssemblies\Unity.Services.Core.Registration.dll
Symbol file LoadedFromMemory is not a mono symbol file
Symbol file data-000001DE44F21F80 doesn't match image D:\Github\VR-projekt\VR projekt\Library\ScriptAssemblies\com.unity.cinemachine.editor.dll
Symbol file LoadedFromMemory is not a mono symbol file
Symbol file data-000001DE44EBD230 doesn't match image D:\Github\VR-projekt\VR projekt\Library\ScriptAssemblies\Unity.VisualScripting.Shared.Editor.dll
Symbol file LoadedFromMemory is not a mono symbol file
Symbol file data-000001DE44EBD230 doesn't match image D:\Github\VR-projekt\VR projekt\Library\ScriptAssemblies\Unity.Services.Core.Environments.dll
Symbol file LoadedFromMemory is not a mono symbol file
Symbol file data-000001DE44EBD230 doesn't match image D:\Github\VR-projekt\VR projekt\Library\ScriptAssemblies\Polyperfect.Universal.dll
Symbol file LoadedFromMemory is not a mono symbol file
Symbol file data-000001DE44EBD230 doesn't match image D:\Github\VR-projekt\VR projekt\Library\ScriptAssemblies\Unity.Services.Core.Scheduler.dll
Symbol file LoadedFromMemory is not a mono symbol file
Symbol file data-000001DE44EBD230 doesn't match image D:\Github\VR-projekt\VR projekt\Library\ScriptAssemblies\Unity.Services.Core.Environments.Internal.dll
Symbol file LoadedFromMemory is not a mono symbol file
Symbol file data-000001DE49408820 doesn't match image D:\Github\VR-projekt\VR projekt\Library\ScriptAssemblies\Unity.Timeline.Editor.dll
Symbol file LoadedFromMemory is not a mono symbol file
Symbol file data-000001DE44EBD230 doesn't match image D:\Github\VR-projekt\VR projekt\Library\ScriptAssemblies\Unity.Settings.Editor.dll
Symbol file LoadedFromMemory is not a mono symbol file
Symbol file data-000001DE4473AAF0 doesn't match image D:\Github\VR-projekt\VR projekt\Library\ScriptAssemblies\Unity.CollabProxy.Editor.dll
Symbol file LoadedFromMemory is not a mono symbol file
Symbol file data-000001DE49ED0830 doesn't match image D:\Github\VR-projekt\VR projekt\Library\ScriptAssemblies\Unity.Services.Core.Threading.dll
Symbol file LoadedFromMemory is not a mono symbol file
Symbol file data-000001DE4473AAF0 doesn't match image D:\Github\VR-projekt\VR projekt\Library\ScriptAssemblies\Unity.TestTools.CodeCoverage.Editor.dll
Symbol file LoadedFromMemory is not a mono symbol file
Symbol file data-000001DE4473AAF0 doesn't match image D:\Github\VR-projekt\VR projekt\Library\ScriptAssemblies\Unity.VisualScripting.State.dll
Symbol file LoadedFromMemory is not a mono symbol file
Symbol file data-000001DE49ED0830 doesn't match image D:\Github\VR-projekt\VR projekt\Library\ScriptAssemblies\Unity.Services.Core.Device.dll
Symbol file LoadedFromMemory is not a mono symbol file
Symbol file LoadedFromMemory doesn't match image D:\Github\VR-projekt\VR projekt\Library\PackageCache\com.unity.visualscripting@1.7.8\Editor\VisualScripting.Core\Dependencies\YamlDotNet\Unity.VisualScripting.YamlDotNet.dll
Symbol file LoadedFromMemory doesn't match image D:\Github\VR-projekt\VR projekt\Library\PackageCache\com.unity.visualscripting@1.7.8\Editor\VisualScripting.Core\Dependencies\DotNetZip\Unity.VisualScripting.IonicZip.dll
Native extension for WindowsStandalone target not found
Refreshing native plugins compatible for Editor in 128.27 ms, found 3 plugins.
Preloading 0 native plugins for Editor in 0.00 ms.
Mono: successfully reloaded assembly
- Completed reload, in  1.687 seconds
Domain Reload Profiling:
	ReloadAssembly (1688ms)
		BeginReloadAssembly (151ms)
			ExecutionOrderSort (0ms)
			DisableScriptedObjects (6ms)
			BackupInstance (0ms)
			ReleaseScriptingObjects (0ms)
			CreateAndSetChildDomain (20ms)
		EndReloadAssembly (1388ms)
			LoadAssemblies (89ms)
			RebuildTransferFunctionScriptingTraits (0ms)
			SetupTypeCache (339ms)
			ReleaseScriptCaches (1ms)
			RebuildScriptCaches (64ms)
			SetupLoadedEditorAssemblies (855ms)
				LogAssemblyErrors (0ms)
				InitializePlatformSupportModulesInManaged (5ms)
				SetLoadedEditorAssemblies (0ms)
				RefreshPlugins (128ms)
				BeforeProcessingInitializeOnLoad (117ms)
				ProcessInitializeOnLoadAttributes (553ms)
				ProcessInitializeOnLoadMethodAttributes (41ms)
				AfterProcessingInitializeOnLoad (11ms)
				EditorAssembliesLoaded (0ms)
			ExecutionOrderSort2 (0ms)
			AwakeInstancesAfterBackupRestoration (6ms)
Platform modules already initialized, skipping
========================================================================
Worker process is ready to serve import requests
Launched and connected shader compiler UnityShaderCompiler.exe after 0.06 seconds
Refreshing native plugins compatible for Editor in 1.34 ms, found 3 plugins.
Preloading 0 native plugins for Editor in 0.00 ms.
Unloading 3862 Unused Serialized files (Serialized files now loaded: 0)
Unloading 44 unused Assets / (181.9 KB). Loaded Objects now: 4343.
Memory consumption went from 152.6 MB to 152.4 MB.
Total: 5.665200 ms (FindLiveObjects: 0.378400 ms CreateObjectMapping: 0.302500 ms MarkObjects: 4.815400 ms  DeleteObjects: 0.167500 ms)

AssetImportParameters requested are different than current active one (requested -> active):
  custom:video-decoder-ogg-theora: a1e56fd34408186e4bbccfd4996cb3dc -> 
  custom:container-muxer-webm: aa71ff27fc2769a1b78a27578f13a17b -> 
  custom:container-demuxer-webm: 4f35f7cbe854078d1ac9338744f61a02 -> 
  custom:video-encoder-webm-vp8: eb34c28f22e8b96e1ab97ce403110664 -> 
  custom:audio-encoder-webm-vorbis: bf7c407c2cedff20999df2af8eb42d56 -> 
  custom:framework-win-MediaFoundation: 216162199b28c13a410421893ffa2e32 -> 
  custom:container-demuxer-ogg: 62fdf1f143b41e24485cea50d1cbac27 -> 
  custom:video-decoder-webm-vp8: 9c59270c3fd7afecdb556c50c9e8de78 -> 
  custom:audio-decoder-ogg-vorbis: bf7c407c2cedff20999df2af8eb42d56 -> 
========================================================================
Received Import Request.
  Time since last request: 9894.841514 seconds.
  path: Assets/FantasyWillageHouse/gazebo.prefab
  artifactKey: Guid(76c6e15f520b3004ab02e4db34362f02) Importer(815301076,1909f56bfc062723c751e8b465ee728b)
Start importing Assets/FantasyWillageHouse/gazebo.prefab using Guid(76c6e15f520b3004ab02e4db34362f02) Importer(815301076,1909f56bfc062723c751e8b465ee728b)  -> (artifact id: '04d3255dcea5b244b7c3f1e601e627dc') in 0.253462 seconds 
========================================================================
Received Import Request.
  Time since last request: 787.188053 seconds.
  path: Assets/Mini First Person Controller/FirstPersonController
  artifactKey: Guid(e98228cc7f44d0549808c0944085002a) Importer(815301076,1909f56bfc062723c751e8b465ee728b)
Start importing Assets/Mini First Person Controller/FirstPersonController using Guid(e98228cc7f44d0549808c0944085002a) Importer(815301076,1909f56bfc062723c751e8b465ee728b)  -> (artifact id: 'd8de3c02ef46251c79eec2a9db19b8a3') in 0.001708 seconds 
========================================================================
Received Import Request.
  Time since last request: 1.367733 seconds.
  path: Assets/Mini First Person Controller/FirstPersonController/Prefabs
  artifactKey: Guid(41764c9a41787a940aae297e7442c88f) Importer(815301076,1909f56bfc062723c751e8b465ee728b)
Start importing Assets/Mini First Person Controller/FirstPersonController/Prefabs using Guid(41764c9a41787a940aae297e7442c88f) Importer(815301076,1909f56bfc062723c751e8b465ee728b)  -> (artifact id: 'd19f6c558acc667eacf80113db6dc03d') in 0.002699 seconds 
========================================================================
Received Import Request.
  Time since last request: 0.346825 seconds.
  path: Assets/Mini First Person Controller/FirstPersonController/Scripts
  artifactKey: Guid(c5051fe9bc1463c4a9a4bf3452f3654b) Importer(815301076,1909f56bfc062723c751e8b465ee728b)
Start importing Assets/Mini First Person Controller/FirstPersonController/Scripts using Guid(c5051fe9bc1463c4a9a4bf3452f3654b) Importer(815301076,1909f56bfc062723c751e8b465ee728b)  -> (artifact id: '2ae96c216479fb5163ab52d59f33a24a') in 0.001843 seconds 
========================================================================
Received Import Request.
  Time since last request: 165.532811 seconds.
  path: Assets/cemetery halloween set/mobile_models/fence_pillar_01.fbx
  artifactKey: Guid(8e9ec22f736431c4488e2b46461d3a60) Importer(815301076,1909f56bfc062723c751e8b465ee728b)
Start importing Assets/cemetery halloween set/mobile_models/fence_pillar_01.fbx using Guid(8e9ec22f736431c4488e2b46461d3a60) Importer(815301076,1909f56bfc062723c751e8b465ee728b)  -> (artifact id: '2441b9dd275f67db16cf667e5d99f6e3') in 0.282494 seconds 
========================================================================
Received Import Request.
  Time since last request: 0.000034 seconds.
  path: Assets/cemetery halloween set/mobile_models/mobile_gravestone_01.fbx
  artifactKey: Guid(46d5e9438ba35164b9256f46a8c9d379) Importer(815301076,1909f56bfc062723c751e8b465ee728b)
Start importing Assets/cemetery halloween set/mobile_models/mobile_gravestone_01.fbx using Guid(46d5e9438ba35164b9256f46a8c9d379) Importer(815301076,1909f56bfc062723c751e8b465ee728b)  -> (artifact id: 'c791bb0f6a4a07134b6d468f50ba1e69') in 0.057618 seconds 
========================================================================
Received Import Request.
  Time since last request: 0.000038 seconds.
  path: Assets/cemetery halloween set/mobile_models/mobile_lava_dead_tree_02.FBX
  artifactKey: Guid(ea5cb56192aa602489e4eb6bee630e97) Importer(815301076,1909f56bfc062723c751e8b465ee728b)
Start importing Assets/cemetery halloween set/mobile_models/mobile_lava_dead_tree_02.FBX using Guid(ea5cb56192aa602489e4eb6bee630e97) Importer(815301076,1909f56bfc062723c751e8b465ee728b)  -> (artifact id: 'b0e64dc23a72b08710502535a6547ea5') in 0.074339 seconds 
========================================================================
Received Import Request.
  Time since last request: 0.000022 seconds.
  path: Assets/cemetery halloween set/mobile_models/mobile_gravestone_03.fbx
  artifactKey: Guid(468ea0b11c46b024ba9150a745b6dd82) Importer(815301076,1909f56bfc062723c751e8b465ee728b)
Start importing Assets/cemetery halloween set/mobile_models/mobile_gravestone_03.fbx using Guid(468ea0b11c46b024ba9150a745b6dd82) Importer(815301076,1909f56bfc062723c751e8b465ee728b)  -> (artifact id: '76ddf9bf90552b7f2d16fffc5d4fe0ee') in 0.056901 seconds 
========================================================================
Received Import Request.
  Time since last request: 0.000029 seconds.
  path: Assets/cemetery halloween set/mobile_models/mobile_hang_pumpkin_05.FBX
  artifactKey: Guid(71f54f1fca959734c9ea7e5f1091f61a) Importer(815301076,1909f56bfc062723c751e8b465ee728b)
Start importing Assets/cemetery halloween set/mobile_models/mobile_hang_pumpkin_05.FBX using Guid(71f54f1fca959734c9ea7e5f1091f61a) Importer(815301076,1909f56bfc062723c751e8b465ee728b)  -> (artifact id: '820cb91f1c1af1f979b6647282556d7a') in 0.089077 seconds 
========================================================================
Received Import Request.
  Time since last request: 0.000029 seconds.
  path: Assets/cemetery halloween set/mobile_models/mobile_rock_11.fbx
  artifactKey: Guid(22baa4f6d34d5ff4a96f5ec0e9e994bb) Importer(815301076,1909f56bfc062723c751e8b465ee728b)
Start importing Assets/cemetery halloween set/mobile_models/mobile_rock_11.fbx using Guid(22baa4f6d34d5ff4a96f5ec0e9e994bb) Importer(815301076,1909f56bfc062723c751e8b465ee728b)  -> (artifact id: '8ad05fa571c283e273f3b86e8d14dc77') in 0.105078 seconds 
========================================================================
Received Import Request.
  Time since last request: 0.000037 seconds.
  path: Assets/cemetery halloween set/mobile_models/mobile_pumpkin_08.FBX
  artifactKey: Guid(cad228d00637b264b9c14371fa8c049a) Importer(815301076,1909f56bfc062723c751e8b465ee728b)
Start importing Assets/cemetery halloween set/mobile_models/mobile_pumpkin_08.FBX using Guid(cad228d00637b264b9c14371fa8c049a) Importer(815301076,1909f56bfc062723c751e8b465ee728b)  -> (artifact id: '5cc52798bc18c875d70b18e8e4e8b718') in 0.054315 seconds 
========================================================================
Received Import Request.
  Time since last request: 0.000032 seconds.
  path: Assets/cemetery halloween set/mobile_models/mobile_pumpkin_04.FBX
  artifactKey: Guid(c4fec476e34c51c4a91a1a1c8b519745) Importer(815301076,1909f56bfc062723c751e8b465ee728b)
Start importing Assets/cemetery halloween set/mobile_models/mobile_pumpkin_04.FBX using Guid(c4fec476e34c51c4a91a1a1c8b519745) Importer(815301076,1909f56bfc062723c751e8b465ee728b)  -> (artifact id: 'c4ac2c6e544868f7928434de139c5be4') in 0.050387 seconds 
========================================================================
Received Import Request.
  Time since last request: 0.000029 seconds.
  path: Assets/cemetery halloween set/mobile_models/mobile_hang_pumpkin_04.FBX
  artifactKey: Guid(007b384cf53b0bf4bb75f06b6f912c01) Importer(815301076,1909f56bfc062723c751e8b465ee728b)
Start importing Assets/cemetery halloween set/mobile_models/mobile_hang_pumpkin_04.FBX using Guid(007b384cf53b0bf4bb75f06b6f912c01) Importer(815301076,1909f56bfc062723c751e8b465ee728b)  -> (artifact id: '7558e7a287ec3e7ff39d2b0f47708c66') in 0.063513 seconds 
========================================================================
Received Import Request.
  Time since last request: 0.000035 seconds.
  path: Assets/cemetery halloween set/mobile_models/mobile_skull_03.fbx
  artifactKey: Guid(03acf250cbc1f0f4f9661a49b7d1dede) Importer(815301076,1909f56bfc062723c751e8b465ee728b)
Start importing Assets/cemetery halloween set/mobile_models/mobile_skull_03.fbx using Guid(03acf250cbc1f0f4f9661a49b7d1dede) Importer(815301076,1909f56bfc062723c751e8b465ee728b)  -> (artifact id: 'e97ca1ea1bdca6b0972fd220eb0a6efa') in 0.095477 seconds 
========================================================================
Received Import Request.
  Time since last request: 0.000039 seconds.
  path: Assets/cemetery halloween set/mobile_models/fence_tile_03.fbx
  artifactKey: Guid(6d16e2ba75630484c935450f48beda0c) Importer(815301076,1909f56bfc062723c751e8b465ee728b)
Start importing Assets/cemetery halloween set/mobile_models/fence_tile_03.fbx using Guid(6d16e2ba75630484c935450f48beda0c) Importer(815301076,1909f56bfc062723c751e8b465ee728b)  -> (artifact id: 'f870ba89b331920bb48d55ff0e343a82') in 0.074750 seconds 
========================================================================
Received Import Request.
  Time since last request: 0.000050 seconds.
  path: Assets/cemetery halloween set/mobile_models/mobile_skull_09.fbx
  artifactKey: Guid(e748348f7474b9e4f8629fbe63f51cb5) Importer(815301076,1909f56bfc062723c751e8b465ee728b)
Start importing Assets/cemetery halloween set/mobile_models/mobile_skull_09.fbx using Guid(e748348f7474b9e4f8629fbe63f51cb5) Importer(815301076,1909f56bfc062723c751e8b465ee728b)  -> (artifact id: '75d07b4697e42b67c4665856621f0a86') in 0.047082 seconds 
========================================================================
Received Import Request.
  Time since last request: 0.000039 seconds.
  path: Assets/cemetery halloween set/mobile_models/mobile_skull_08.fbx
  artifactKey: Guid(90855fca51f57254796d3d3639f9da6c) Importer(815301076,1909f56bfc062723c751e8b465ee728b)
Start importing Assets/cemetery halloween set/mobile_models/mobile_skull_08.fbx using Guid(90855fca51f57254796d3d3639f9da6c) Importer(815301076,1909f56bfc062723c751e8b465ee728b)  -> (artifact id: '4628152c0c90fbcf92b45ccff99dbaed') in 0.148228 seconds 
========================================================================
Received Import Request.
  Time since last request: 0.000030 seconds.
  path: Assets/cemetery halloween set/mobile_models/mobile_skull_05.fbx
  artifactKey: Guid(49eb1c92bb20c2b4eb57c3640ae03e36) Importer(815301076,1909f56bfc062723c751e8b465ee728b)
Start importing Assets/cemetery halloween set/mobile_models/mobile_skull_05.fbx using Guid(49eb1c92bb20c2b4eb57c3640ae03e36) Importer(815301076,1909f56bfc062723c751e8b465ee728b)  -> (artifact id: '653821718f7d1e4ca53965c08b83708b') in 0.050637 seconds 
========================================================================
Received Import Request.
  Time since last request: 0.000041 seconds.
  path: Assets/cemetery halloween set/mobile_models/mobile_pumpkin_05.FBX
  artifactKey: Guid(f48a3af7e4d3d3046ae0fe1995d6c765) Importer(815301076,1909f56bfc062723c751e8b465ee728b)
Start importing Assets/cemetery halloween set/mobile_models/mobile_pumpkin_05.FBX using Guid(f48a3af7e4d3d3046ae0fe1995d6c765) Importer(815301076,1909f56bfc062723c751e8b465ee728b)  -> (artifact id: '906f885c76e2077388721ca7434ec570') in 0.081686 seconds 
========================================================================
Received Import Request.
  Time since last request: 0.000030 seconds.
  path: Assets/cemetery halloween set/mobile_models/mobile_rock_05.fbx
  artifactKey: Guid(728cebed901f16e49ab5d0dfb82c1a11) Importer(815301076,1909f56bfc062723c751e8b465ee728b)
Start importing Assets/cemetery halloween set/mobile_models/mobile_rock_05.fbx using Guid(728cebed901f16e49ab5d0dfb82c1a11) Importer(815301076,1909f56bfc062723c751e8b465ee728b)  -> (artifact id: '942f9c06734c98fd428f403123c6e9de') in 0.066497 seconds 
========================================================================
Received Import Request.
  Time since last request: 0.000032 seconds.
  path: Assets/cemetery halloween set/mobile_models/mobile_dead_tree_01.prefab
  artifactKey: Guid(722a52c7ec5f59b498093c79916f5e9c) Importer(815301076,1909f56bfc062723c751e8b465ee728b)
Start importing Assets/cemetery halloween set/mobile_models/mobile_dead_tree_01.prefab using Guid(722a52c7ec5f59b498093c79916f5e9c) Importer(815301076,1909f56bfc062723c751e8b465ee728b)  -> (artifact id: '3db1ebf5a30ff29bf3c78236f54d8733') in 0.128594 seconds 
========================================================================
Received Import Request.
  Time since last request: 0.000034 seconds.
  path: Assets/cemetery halloween set/mobile_models/mobile_bush_02.FBX
  artifactKey: Guid(9d2e0523ffea2054bac6c50998adc631) Importer(815301076,1909f56bfc062723c751e8b465ee728b)
Start importing Assets/cemetery halloween set/mobile_models/mobile_bush_02.FBX using Guid(9d2e0523ffea2054bac6c50998adc631) Importer(815301076,1909f56bfc062723c751e8b465ee728b)  -> (artifact id: '505a7cd91b7ff6c33c34f2d2912b399c') in 0.081531 seconds 
========================================================================
Received Import Request.
  Time since last request: 0.000035 seconds.
  path: Assets/cemetery halloween set/mobile_models/fence_tile_04.fbx
  artifactKey: Guid(7d6ed17dc1e569c42bf7db199caf01ab) Importer(815301076,1909f56bfc062723c751e8b465ee728b)
Start importing Assets/cemetery halloween set/mobile_models/fence_tile_04.fbx using Guid(7d6ed17dc1e569c42bf7db199caf01ab) Importer(815301076,1909f56bfc062723c751e8b465ee728b)  -> (artifact id: 'b585495b70142accd9e78c61be0ffc51') in 0.050856 seconds 
========================================================================
Received Import Request.
  Time since last request: 0.000039 seconds.
  path: Assets/cemetery halloween set/mobile_models/mobile_gravestone_09.fbx
  artifactKey: Guid(690021454a47bee41959e17cf0212b91) Importer(815301076,1909f56bfc062723c751e8b465ee728b)
Start importing Assets/cemetery halloween set/mobile_models/mobile_gravestone_09.fbx using Guid(690021454a47bee41959e17cf0212b91) Importer(815301076,1909f56bfc062723c751e8b465ee728b)  -> (artifact id: '42e2c889b74b1d358b14566230d3559e') in 0.081031 seconds 
========================================================================
Received Import Request.
  Time since last request: 0.000031 seconds.
  path: Assets/cemetery halloween set/mobile_models/mobile_lava_dead_tree_01.FBX
  artifactKey: Guid(20cf38e0d10560f4593dd6f769adf006) Importer(815301076,1909f56bfc062723c751e8b465ee728b)
Start importing Assets/cemetery halloween set/mobile_models/mobile_lava_dead_tree_01.FBX using Guid(20cf38e0d10560f4593dd6f769adf006) Importer(815301076,1909f56bfc062723c751e8b465ee728b)  -> (artifact id: 'ce4e9ba1e2bd7d086187360850dbbc0a') in 0.094991 seconds 
========================================================================
Received Import Request.
  Time since last request: 0.000036 seconds.
  path: Assets/cemetery halloween set/mobile_models/mobile_dead_tree_03.FBX
  artifactKey: Guid(84a9fc44caa3a8a4caae120e9ab9f7ce) Importer(815301076,1909f56bfc062723c751e8b465ee728b)
Start importing Assets/cemetery halloween set/mobile_models/mobile_dead_tree_03.FBX using Guid(84a9fc44caa3a8a4caae120e9ab9f7ce) Importer(815301076,1909f56bfc062723c751e8b465ee728b)  -> (artifact id: '1f8469e69cd994c9d143612ed7be484f') in 0.074285 seconds 
========================================================================
Received Import Request.
  Time since last request: 0.000073 seconds.
  path: Assets/cemetery halloween set/mobile_models/mobile_rock_02.fbx
  artifactKey: Guid(02baa7d21c557c741a055362aa261913) Importer(815301076,1909f56bfc062723c751e8b465ee728b)
Start importing Assets/cemetery halloween set/mobile_models/mobile_rock_02.fbx using Guid(02baa7d21c557c741a055362aa261913) Importer(815301076,1909f56bfc062723c751e8b465ee728b)  -> (artifact id: 'b8eed829287fda7477407712658d0b79') in 0.052700 seconds 
========================================================================
Received Import Request.
  Time since last request: 0.005490 seconds.
  path: Assets/cemetery halloween set/mobile_models/mobile_rock_08.fbx
  artifactKey: Guid(7dc9d321c3853e14c997fc124045f89b) Importer(815301076,1909f56bfc062723c751e8b465ee728b)
Start importing Assets/cemetery halloween set/mobile_models/mobile_rock_08.fbx using Guid(7dc9d321c3853e14c997fc124045f89b) Importer(815301076,1909f56bfc062723c751e8b465ee728b)  -> (artifact id: '23acfe896dded83bbe7fd67eb802ce7a') in 0.076908 seconds 
========================================================================
Received Import Request.
  Time since last request: 0.000031 seconds.
  path: Assets/cemetery halloween set/mobile_models/fence_tile_02.fbx
  artifactKey: Guid(868f249a4aef0304688e04126dbf3949) Importer(815301076,1909f56bfc062723c751e8b465ee728b)
Start importing Assets/cemetery halloween set/mobile_models/fence_tile_02.fbx using Guid(868f249a4aef0304688e04126dbf3949) Importer(815301076,1909f56bfc062723c751e8b465ee728b)  -> (artifact id: '7fefb5e01e857f40bb3f58a103ea1525') in 0.065496 seconds 
========================================================================
Received Import Request.
  Time since last request: 0.000591 seconds.
  path: Assets/cemetery halloween set/mobile_models/mobile_dead_tree_04.FBX
  artifactKey: Guid(bb4f6f30b1c2add4c837344327b4d391) Importer(815301076,1909f56bfc062723c751e8b465ee728b)
Start importing Assets/cemetery halloween set/mobile_models/mobile_dead_tree_04.FBX using Guid(bb4f6f30b1c2add4c837344327b4d391) Importer(815301076,1909f56bfc062723c751e8b465ee728b)  -> (artifact id: '95077b317530042fcde7d89f707e155b') in 0.079945 seconds 
========================================================================
Received Import Request.
  Time since last request: 0.000024 seconds.
  path: Assets/cemetery halloween set/mobile_models/fence_tile_01.fbx
  artifactKey: Guid(f96a520ba274cd14ca8dd7355ae63440) Importer(815301076,1909f56bfc062723c751e8b465ee728b)
Start importing Assets/cemetery halloween set/mobile_models/fence_tile_01.fbx using Guid(f96a520ba274cd14ca8dd7355ae63440) Importer(815301076,1909f56bfc062723c751e8b465ee728b)  -> (artifact id: '160daf077e34f447aad0e502c86553c8') in 0.072713 seconds 
========================================================================
Received Import Request.
  Time since last request: 0.000685 seconds.
  path: Assets/cemetery halloween set/mobile_models/mobile_rock_13.fbx
  artifactKey: Guid(954b3807118d9874895dbb1dac5f7845) Importer(815301076,1909f56bfc062723c751e8b465ee728b)
Start importing Assets/cemetery halloween set/mobile_models/mobile_rock_13.fbx using Guid(954b3807118d9874895dbb1dac5f7845) Importer(815301076,1909f56bfc062723c751e8b465ee728b)  -> (artifact id: 'e87e21b6c27024109002724733da9960') in 0.091003 seconds 
========================================================================
Received Import Request.
  Time since last request: 0.000552 seconds.
  path: Assets/cemetery halloween set/mobile_models/mobile_rock_09.fbx
  artifactKey: Guid(d1387b70c9809a94ca019959f8e3f17e) Importer(815301076,1909f56bfc062723c751e8b465ee728b)
Start importing Assets/cemetery halloween set/mobile_models/mobile_rock_09.fbx using Guid(d1387b70c9809a94ca019959f8e3f17e) Importer(815301076,1909f56bfc062723c751e8b465ee728b)  -> (artifact id: '8e53eefb43f7183c4b2b56ad35a38926') in 0.082544 seconds 
========================================================================
Received Import Request.
  Time since last request: 0.000026 seconds.
  path: Assets/cemetery halloween set/mobile_models/mobile_dead_tree_06.FBX
  artifactKey: Guid(195c387e6a52b354d8b98c89c66bc831) Importer(815301076,1909f56bfc062723c751e8b465ee728b)
Start importing Assets/cemetery halloween set/mobile_models/mobile_dead_tree_06.FBX using Guid(195c387e6a52b354d8b98c89c66bc831) Importer(815301076,1909f56bfc062723c751e8b465ee728b)  -> (artifact id: 'b71ec41c56d398ca15c80fddd4087078') in 0.109962 seconds 
========================================================================
Received Import Request.
  Time since last request: 0.000035 seconds.
  path: Assets/cemetery halloween set/mobile_models/mobile_rock_10.fbx
  artifactKey: Guid(d16a3ed41b50e0145bc136aeeaf558c5) Importer(815301076,1909f56bfc062723c751e8b465ee728b)
Start importing Assets/cemetery halloween set/mobile_models/mobile_rock_10.fbx using Guid(d16a3ed41b50e0145bc136aeeaf558c5) Importer(815301076,1909f56bfc062723c751e8b465ee728b)  -> (artifact id: '7347aba44a0fbf6b32557ef313ba67a9') in 0.049889 seconds 
========================================================================
Received Import Request.
  Time since last request: 0.000325 seconds.
  path: Assets/cemetery halloween set/mobile_models/mobile_gravestone_08.fbx
  artifactKey: Guid(7c21598534771664ca8a39da4017b979) Importer(815301076,1909f56bfc062723c751e8b465ee728b)
Start importing Assets/cemetery halloween set/mobile_models/mobile_gravestone_08.fbx using Guid(7c21598534771664ca8a39da4017b979) Importer(815301076,1909f56bfc062723c751e8b465ee728b)  -> (artifact id: 'b16654ee7a12b2382984f11c9b3760ad') in 0.073492 seconds 
========================================================================
Received Import Request.
  Time since last request: 0.000030 seconds.
  path: Assets/cemetery halloween set/mobile_models/mobile_spokebone_03.fbx
  artifactKey: Guid(3c4c39aa62cf59941b89bf1c41b6a224) Importer(815301076,1909f56bfc062723c751e8b465ee728b)
Start importing Assets/cemetery halloween set/mobile_models/mobile_spokebone_03.fbx using Guid(3c4c39aa62cf59941b89bf1c41b6a224) Importer(815301076,1909f56bfc062723c751e8b465ee728b)  -> (artifact id: 'a26f93fa9340b91749ef7db5e89397d1') in 0.047155 seconds 
========================================================================
Received Import Request.
  Time since last request: 0.000026 seconds.
  path: Assets/cemetery halloween set/mobile_models/mobile_dead_tree_02.FBX
  artifactKey: Guid(1c8246c59d99d2948bc67f2f6aced547) Importer(815301076,1909f56bfc062723c751e8b465ee728b)
Start importing Assets/cemetery halloween set/mobile_models/mobile_dead_tree_02.FBX using Guid(1c8246c59d99d2948bc67f2f6aced547) Importer(815301076,1909f56bfc062723c751e8b465ee728b)  -> (artifact id: '6ab3ea2b3b2e287ad97a4c85036985da') in 0.092044 seconds 
========================================================================
Received Import Request.
  Time since last request: 0.000030 seconds.
  path: Assets/cemetery halloween set/mobile_models/mobile_gravestone_02.fbx
  artifactKey: Guid(57db24ac920bfeb49af61069c76fe534) Importer(815301076,1909f56bfc062723c751e8b465ee728b)
Start importing Assets/cemetery halloween set/mobile_models/mobile_gravestone_02.fbx using Guid(57db24ac920bfeb49af61069c76fe534) Importer(815301076,1909f56bfc062723c751e8b465ee728b)  -> (artifact id: '7823a742fc844f3c585c5ec42ac0055c') in 0.053495 seconds 
========================================================================
Received Import Request.
  Time since last request: 0.000036 seconds.
  path: Assets/cemetery halloween set/mobile_models/mobile_pumpkin_01.FBX
  artifactKey: Guid(efc7b3978d2aef348962d2218fc8da52) Importer(815301076,1909f56bfc062723c751e8b465ee728b)
Start importing Assets/cemetery halloween set/mobile_models/mobile_pumpkin_01.FBX using Guid(efc7b3978d2aef348962d2218fc8da52) Importer(815301076,1909f56bfc062723c751e8b465ee728b)  -> (artifact id: '4a235e0569359cabac1ef13b6214d682') in 0.096375 seconds 
========================================================================
Received Import Request.
  Time since last request: 0.000028 seconds.
  path: Assets/cemetery halloween set/mobile_models/mobile_rock_14.fbx
  artifactKey: Guid(d5ecc4678a7389c41ac8d6f820afaf72) Importer(815301076,1909f56bfc062723c751e8b465ee728b)
Start importing Assets/cemetery halloween set/mobile_models/mobile_rock_14.fbx using Guid(d5ecc4678a7389c41ac8d6f820afaf72) Importer(815301076,1909f56bfc062723c751e8b465ee728b)  -> (artifact id: '86d58395281fb1b96139c7aaa79fc660') in 0.057198 seconds 
========================================================================
Received Import Request.
  Time since last request: 0.000027 seconds.
  path: Assets/cemetery halloween set/mobile_models/mobile_gravestone_04.fbx
  artifactKey: Guid(9892d943f0205ff45896a8183e0d1da4) Importer(815301076,1909f56bfc062723c751e8b465ee728b)
Start importing Assets/cemetery halloween set/mobile_models/mobile_gravestone_04.fbx using Guid(9892d943f0205ff45896a8183e0d1da4) Importer(815301076,1909f56bfc062723c751e8b465ee728b)  -> (artifact id: '736079f93883b5c512bc57aad81b4205') in 0.051351 seconds 
========================================================================
Received Import Request.
  Time since last request: 0.000029 seconds.
  path: Assets/cemetery halloween set/mobile_models/mobile_hang_pumpkin_01.FBX
  artifactKey: Guid(56d06ab5f650793489a5fb00b1ada346) Importer(815301076,1909f56bfc062723c751e8b465ee728b)
Start importing Assets/cemetery halloween set/mobile_models/mobile_hang_pumpkin_01.FBX using Guid(56d06ab5f650793489a5fb00b1ada346) Importer(815301076,1909f56bfc062723c751e8b465ee728b)  -> (artifact id: '98d5d8c2bb530134ed46bb9dddea8d5c') in 0.096967 seconds 
========================================================================
Received Import Request.
  Time since last request: 0.000041 seconds.
  path: Assets/cemetery halloween set/mobile_models/mobile_lava_dead_tree_05.FBX
  artifactKey: Guid(206cac0edeba8064ba456fb9c2175038) Importer(815301076,1909f56bfc062723c751e8b465ee728b)
Start importing Assets/cemetery halloween set/mobile_models/mobile_lava_dead_tree_05.FBX using Guid(206cac0edeba8064ba456fb9c2175038) Importer(815301076,1909f56bfc062723c751e8b465ee728b)  -> (artifact id: '2fbfe861ed9a9a8032943658c216265c') in 0.078165 seconds 
Editor requested this worker to shutdown with reason: Scaling down because of idle timeout
AssetImportWorkerClient::OnTransportError - code=2 error=End of file
AssetImportWorker is now disconnected from the server
Process exiting
Exiting without the bug reporter. Application will terminate with return code 0