Using pre-set license
Built from '2021.3/staging' branch; Version is '2021.3.15f1 (e8e88683f834) revision 15263878'; Using compiler version '192829333'; Build Type 'Release'
OS: 'Windows 10  (10.0.19045) 64bit Core' Language: 'pl' Physical Memory: 16304 MB
BatchMode: 1, IsHumanControllingUs: 0, StartBugReporterOnCrash: 0, Is64bit: 1, IsPro: 1

COMMAND LINE ARGUMENTS:
F:\Unity\2021.3.15f1\Editor\Unity.exe
-adb2
-batchMode
-noUpm
-name
AssetImportWorker65
-projectPath
F:/Github/VR-projekt/VR projekt
-logFile
Logs/AssetImportWorker65.log
-srvPort
52652
Successfully changed project path to: F:/Github/VR-projekt/VR projekt
F:/Github/VR-projekt/VR projekt
[UnityMemory] Configuration Parameters - Can be set up in boot.config
    "memorysetup-bucket-allocator-granularity=16"
    "memorysetup-bucket-allocator-bucket-count=8"
    "memorysetup-bucket-allocator-block-size=33554432"
    "memorysetup-bucket-allocator-block-count=8"
    "memorysetup-main-allocator-block-size=16777216"
    "memorysetup-thread-allocator-block-size=16777216"
    "memorysetup-gfx-main-allocator-block-size=16777216"
    "memorysetup-gfx-thread-allocator-block-size=16777216"
    "memorysetup-cache-allocator-block-size=4194304"
    "memorysetup-typetree-allocator-block-size=2097152"
    "memorysetup-profiler-bucket-allocator-granularity=16"
    "memorysetup-profiler-bucket-allocator-bucket-count=8"
    "memorysetup-profiler-bucket-allocator-block-size=33554432"
    "memorysetup-profiler-bucket-allocator-block-count=8"
    "memorysetup-profiler-allocator-block-size=16777216"
    "memorysetup-profiler-editor-allocator-block-size=1048576"
    "memorysetup-temp-allocator-size-main=16777216"
    "memorysetup-job-temp-allocator-block-size=2097152"
    "memorysetup-job-temp-allocator-block-size-background=1048576"
    "memorysetup-job-temp-allocator-reduction-small-platforms=262144"
    "memorysetup-temp-allocator-size-background-worker=32768"
    "memorysetup-temp-allocator-size-job-worker=262144"
    "memorysetup-temp-allocator-size-preload-manager=33554432"
    "memorysetup-temp-allocator-size-nav-mesh-worker=65536"
    "memorysetup-temp-allocator-size-audio-worker=65536"
    "memorysetup-temp-allocator-size-cloud-worker=32768"
    "memorysetup-temp-allocator-size-gi-baking-worker=262144"
    "memorysetup-temp-allocator-size-gfx=262144"
Player connection [23556] Host "[IP] 192.168.0.11 [Port] 0 [Flags] 2 [Guid] 571408979 [EditorId] 571408979 [Version] 1048832 [Id] WindowsEditor(7,DESKTOP-MN4RVAM) [Debug] 1 [PackageName] WindowsEditor [ProjectName] Editor" joined multi-casting on [225.0.0.222:54997]...

Player connection [23556] Host "[IP] 192.168.0.11 [Port] 0 [Flags] 2 [Guid] 571408979 [EditorId] 571408979 [Version] 1048832 [Id] WindowsEditor(7,DESKTOP-MN4RVAM) [Debug] 1 [PackageName] WindowsEditor [ProjectName] Editor" joined alternative multi-casting on [225.0.0.222:34997]...

Refreshing native plugins compatible for Editor in 226.13 ms, found 3 plugins.
Preloading 0 native plugins for Editor in 0.00 ms.
Initialize engine version: 2021.3.15f1 (e8e88683f834)
[Subsystems] Discovering subsystems at path F:/Unity/2021.3.15f1/Editor/Data/Resources/UnitySubsystems
[Subsystems] Discovering subsystems at path F:/Github/VR-projekt/VR projekt/Assets
GfxDevice: creating device client; threaded=0; jobified=0
Direct3D:
    Version:  Direct3D 11.0 [level 11.1]
    Renderer: NVIDIA GeForce GTX 1650 (ID=0x1f91)
    Vendor:   NVIDIA
    VRAM:     3949 MB
    Driver:   31.0.15.2824
Initialize mono
Mono path[0] = 'F:/Unity/2021.3.15f1/Editor/Data/Managed'
Mono path[1] = 'F:/Unity/2021.3.15f1/Editor/Data/MonoBleedingEdge/lib/mono/unityjit-win32'
Mono config path = 'F:/Unity/2021.3.15f1/Editor/Data/MonoBleedingEdge/etc'
Using monoOptions --debugger-agent=transport=dt_socket,embedding=1,server=y,suspend=n,address=127.0.0.1:56480
Begin MonoManager ReloadAssembly
Registering precompiled unity dll's ...
Register platform support module: F:/Unity/2021.3.15f1/Editor/Data/PlaybackEngines/WindowsStandaloneSupport/UnityEditor.WindowsStandalone.Extensions.dll
Registered in 0.007792 seconds.
Native extension for WindowsStandalone target not found
Refreshing native plugins compatible for Editor in 152.11 ms, found 3 plugins.
Preloading 0 native plugins for Editor in 0.00 ms.
Mono: successfully reloaded assembly
- Completed reload, in  1.007 seconds
Domain Reload Profiling:
	ReloadAssembly (1008ms)
		BeginReloadAssembly (111ms)
			ExecutionOrderSort (0ms)
			DisableScriptedObjects (0ms)
			BackupInstance (0ms)
			ReleaseScriptingObjects (0ms)
			CreateAndSetChildDomain (1ms)
		EndReloadAssembly (731ms)
			LoadAssemblies (107ms)
			RebuildTransferFunctionScriptingTraits (0ms)
			SetupTypeCache (167ms)
			ReleaseScriptCaches (0ms)
			RebuildScriptCaches (38ms)
			SetupLoadedEditorAssemblies (454ms)
				LogAssemblyErrors (0ms)
				InitializePlatformSupportModulesInManaged (11ms)
				SetLoadedEditorAssemblies (0ms)
				RefreshPlugins (152ms)
				BeforeProcessingInitializeOnLoad (2ms)
				ProcessInitializeOnLoadAttributes (222ms)
				ProcessInitializeOnLoadMethodAttributes (66ms)
				AfterProcessingInitializeOnLoad (0ms)
				EditorAssembliesLoaded (0ms)
			ExecutionOrderSort2 (0ms)
			AwakeInstancesAfterBackupRestoration (0ms)
Platform modules already initialized, skipping
Registering precompiled user dll's ...
Registered in 0.011398 seconds.
Begin MonoManager ReloadAssembly
Symbol file LoadedFromMemory doesn't match image F:\Github\VR-projekt\VR projekt\Library\PackageCache\com.unity.visualscripting@1.7.8\Editor\VisualScripting.Core\Dependencies\YamlDotNet\Unity.VisualScripting.YamlDotNet.dll
Symbol file LoadedFromMemory doesn't match image F:\Github\VR-projekt\VR projekt\Library\PackageCache\com.unity.visualscripting@1.7.8\Editor\VisualScripting.Core\Dependencies\DotNetZip\Unity.VisualScripting.IonicZip.dll
Native extension for WindowsStandalone target not found
Refreshing native plugins compatible for Editor in 136.34 ms, found 3 plugins.
Preloading 0 native plugins for Editor in 0.00 ms.
Mono: successfully reloaded assembly
- Completed reload, in  2.170 seconds
Domain Reload Profiling:
	ReloadAssembly (2171ms)
		BeginReloadAssembly (174ms)
			ExecutionOrderSort (0ms)
			DisableScriptedObjects (11ms)
			BackupInstance (0ms)
			ReleaseScriptingObjects (0ms)
			CreateAndSetChildDomain (25ms)
		EndReloadAssembly (1813ms)
			LoadAssemblies (141ms)
			RebuildTransferFunctionScriptingTraits (0ms)
			SetupTypeCache (446ms)
			ReleaseScriptCaches (1ms)
			RebuildScriptCaches (89ms)
			SetupLoadedEditorAssemblies (1084ms)
				LogAssemblyErrors (0ms)
				InitializePlatformSupportModulesInManaged (8ms)
				SetLoadedEditorAssemblies (0ms)
				RefreshPlugins (136ms)
				BeforeProcessingInitializeOnLoad (143ms)
				ProcessInitializeOnLoadAttributes (730ms)
				ProcessInitializeOnLoadMethodAttributes (51ms)
				AfterProcessingInitializeOnLoad (16ms)
				EditorAssembliesLoaded (0ms)
			ExecutionOrderSort2 (0ms)
			AwakeInstancesAfterBackupRestoration (12ms)
Platform modules already initialized, skipping
========================================================================
Worker process is ready to serve import requests
Launched and connected shader compiler UnityShaderCompiler.exe after 0.08 seconds
Refreshing native plugins compatible for Editor in 3.62 ms, found 3 plugins.
Preloading 0 native plugins for Editor in 0.00 ms.
Unloading 3883 Unused Serialized files (Serialized files now loaded: 0)
Unloading 44 unused Assets / (185.6 KB). Loaded Objects now: 4363.
Memory consumption went from 153.2 MB to 153.0 MB.
Total: 9.202000 ms (FindLiveObjects: 0.445100 ms CreateObjectMapping: 0.363700 ms MarkObjects: 8.130500 ms  DeleteObjects: 0.261200 ms)

AssetImportParameters requested are different than current active one (requested -> active):
  custom:video-decoder-ogg-theora: a1e56fd34408186e4bbccfd4996cb3dc -> 
  custom:container-muxer-webm: aa71ff27fc2769a1b78a27578f13a17b -> 
  custom:container-demuxer-webm: 4f35f7cbe854078d1ac9338744f61a02 -> 
  custom:video-encoder-webm-vp8: eb34c28f22e8b96e1ab97ce403110664 -> 
  custom:audio-encoder-webm-vorbis: bf7c407c2cedff20999df2af8eb42d56 -> 
  custom:framework-win-MediaFoundation: 216162199b28c13a410421893ffa2e32 -> 
  custom:container-demuxer-ogg: 62fdf1f143b41e24485cea50d1cbac27 -> 
  custom:video-decoder-webm-vp8: 9c59270c3fd7afecdb556c50c9e8de78 -> 
  custom:audio-decoder-ogg-vorbis: bf7c407c2cedff20999df2af8eb42d56 -> 
========================================================================
Received Import Request.
  Time since last request: 15638.209320 seconds.
  path: Assets/CemeteryPack/Prefabs/CryptMini/CryptMiniCoffin1.prefab
  artifactKey: Guid(f0c46bcbdccbc3347a2f382657201c67) Importer(815301076,1909f56bfc062723c751e8b465ee728b)
Start importing Assets/CemeteryPack/Prefabs/CryptMini/CryptMiniCoffin1.prefab using Guid(f0c46bcbdccbc3347a2f382657201c67) Importer(815301076,1909f56bfc062723c751e8b465ee728b)  -> (artifact id: '776f0e4b15178588e0841335dcb86186') in 0.438336 seconds 
========================================================================
Received Import Request.
  Time since last request: 5.705154 seconds.
  path: Assets/CemeteryPack/Prefabs/FenceFoundation/MetObj_FenceFoundation.prefab
  artifactKey: Guid(c1f255e90aef161468495bd4cebbbeca) Importer(815301076,1909f56bfc062723c751e8b465ee728b)
Start importing Assets/CemeteryPack/Prefabs/FenceFoundation/MetObj_FenceFoundation.prefab using Guid(c1f255e90aef161468495bd4cebbbeca) Importer(815301076,1909f56bfc062723c751e8b465ee728b)  -> (artifact id: 'd787ec0996208cadd2647ba6ba50825c') in 0.049283 seconds 
========================================================================
Received Import Request.
  Time since last request: 0.000053 seconds.
  path: Assets/CemeteryPack/Prefabs/FenceFoundation/MetObj_FenceFoundation14.prefab
  artifactKey: Guid(3d02f20b242fed94fb5e314a2b2d669e) Importer(815301076,1909f56bfc062723c751e8b465ee728b)
Start importing Assets/CemeteryPack/Prefabs/FenceFoundation/MetObj_FenceFoundation14.prefab using Guid(3d02f20b242fed94fb5e314a2b2d669e) Importer(815301076,1909f56bfc062723c751e8b465ee728b)  -> (artifact id: 'b5eec6a122c980684db0c6b6e5b849a1') in 0.041285 seconds 
========================================================================
Received Import Request.
  Time since last request: 0.000036 seconds.
  path: Assets/CemeteryPack/Prefabs/FenceFoundation/MetObj_FenceFoundation8.prefab
  artifactKey: Guid(331ac7c1a550363448027a2b617042aa) Importer(815301076,1909f56bfc062723c751e8b465ee728b)
Start importing Assets/CemeteryPack/Prefabs/FenceFoundation/MetObj_FenceFoundation8.prefab using Guid(331ac7c1a550363448027a2b617042aa) Importer(815301076,1909f56bfc062723c751e8b465ee728b)  -> (artifact id: 'b9e05185e7f4e2d6ffa2e1deb5b86b90') in 0.136393 seconds 
========================================================================
Received Import Request.
  Time since last request: 4.463649 seconds.
  path: Assets/CemeteryPack/Prefabs/Floor/Floor1.prefab
  artifactKey: Guid(f2a647f04c90eb94b8e4f5e56736f4e2) Importer(815301076,1909f56bfc062723c751e8b465ee728b)
Start importing Assets/CemeteryPack/Prefabs/Floor/Floor1.prefab using Guid(f2a647f04c90eb94b8e4f5e56736f4e2) Importer(815301076,1909f56bfc062723c751e8b465ee728b)  -> (artifact id: '48c82dd1c32bbae0f11eb7134e7bcf5e') in 0.065689 seconds 
========================================================================
Received Import Request.
  Time since last request: 0.000047 seconds.
  path: Assets/CemeteryPack/Prefabs/Floor/Floor28.prefab
  artifactKey: Guid(42ac531c95545204fbbd1fb4fd09e86b) Importer(815301076,1909f56bfc062723c751e8b465ee728b)
Start importing Assets/CemeteryPack/Prefabs/Floor/Floor28.prefab using Guid(42ac531c95545204fbbd1fb4fd09e86b) Importer(815301076,1909f56bfc062723c751e8b465ee728b)  -> (artifact id: 'ae7590f0293310470d14c98615fbbfbc') in 0.064164 seconds 
========================================================================
Received Import Request.
  Time since last request: 0.000030 seconds.
  path: Assets/CemeteryPack/Prefabs/Floor/Floor12.prefab
  artifactKey: Guid(22e746d62f7494543a5815e240ea4d1d) Importer(815301076,1909f56bfc062723c751e8b465ee728b)
Start importing Assets/CemeteryPack/Prefabs/Floor/Floor12.prefab using Guid(22e746d62f7494543a5815e240ea4d1d) Importer(815301076,1909f56bfc062723c751e8b465ee728b)  -> (artifact id: '60fee2bd345b587bc0ca168e388dd323') in 0.059624 seconds 
========================================================================
Received Import Request.
  Time since last request: 0.000031 seconds.
  path: Assets/CemeteryPack/Prefabs/Floor/Floor22.prefab
  artifactKey: Guid(db2072ae43366ab4eb84280e7bbae989) Importer(815301076,1909f56bfc062723c751e8b465ee728b)
Start importing Assets/CemeteryPack/Prefabs/Floor/Floor22.prefab using Guid(db2072ae43366ab4eb84280e7bbae989) Importer(815301076,1909f56bfc062723c751e8b465ee728b)  -> (artifact id: '84b4f8ed7f414920f6ae8763b5196852') in 0.052572 seconds 
========================================================================
Received Import Request.
  Time since last request: 4.227736 seconds.
  path: Assets/CemeteryPack/Prefabs/FloorFoundation/FloorFoundation1.prefab
  artifactKey: Guid(1869158b8bb71104f84fe16b4def049e) Importer(815301076,1909f56bfc062723c751e8b465ee728b)
Start importing Assets/CemeteryPack/Prefabs/FloorFoundation/FloorFoundation1.prefab using Guid(1869158b8bb71104f84fe16b4def049e) Importer(815301076,1909f56bfc062723c751e8b465ee728b)  -> (artifact id: '2c3ca64303efd074e260e951edc88937') in 0.052126 seconds 
========================================================================
Received Import Request.
  Time since last request: 0.000036 seconds.
  path: Assets/CemeteryPack/Prefabs/FloorFoundation/FloorFoundation10.prefab
  artifactKey: Guid(edf7d8aba5fc28e49ba6f324b2b6512a) Importer(815301076,1909f56bfc062723c751e8b465ee728b)
Start importing Assets/CemeteryPack/Prefabs/FloorFoundation/FloorFoundation10.prefab using Guid(edf7d8aba5fc28e49ba6f324b2b6512a) Importer(815301076,1909f56bfc062723c751e8b465ee728b)  -> (artifact id: '9fac8ca61b0a393dcd2a813f31477a26') in 0.051832 seconds 
========================================================================
Received Import Request.
  Time since last request: 5.098607 seconds.
  path: Assets/CemeteryPack/Prefabs/Foundation/ColumnFoundation1.prefab
  artifactKey: Guid(dfd158b07b81bc94a8af27a8a3148935) Importer(815301076,1909f56bfc062723c751e8b465ee728b)
Start importing Assets/CemeteryPack/Prefabs/Foundation/ColumnFoundation1.prefab using Guid(dfd158b07b81bc94a8af27a8a3148935) Importer(815301076,1909f56bfc062723c751e8b465ee728b)  -> (artifact id: 'accf01a9275ba46fa7f1eb7a43882303') in 0.059405 seconds 
========================================================================
Received Import Request.
  Time since last request: 0.000056 seconds.
  path: Assets/CemeteryPack/Prefabs/Foundation/CryptFoundationLadder3.prefab
  artifactKey: Guid(b72ac4c9831a6d646b4d200e83b97735) Importer(815301076,1909f56bfc062723c751e8b465ee728b)
Start importing Assets/CemeteryPack/Prefabs/Foundation/CryptFoundationLadder3.prefab using Guid(b72ac4c9831a6d646b4d200e83b97735) Importer(815301076,1909f56bfc062723c751e8b465ee728b)  -> (artifact id: 'ae382f66b147534b8853ab923afb3322') in 0.091647 seconds 
========================================================================
Received Import Request.
  Time since last request: 6.020695 seconds.
  path: Assets/CemeteryPack/Prefabs/Gate/ColumnGateArch.prefab
  artifactKey: Guid(3b11171e2a148a34a92bec2f1dd14b59) Importer(815301076,1909f56bfc062723c751e8b465ee728b)
Start importing Assets/CemeteryPack/Prefabs/Gate/ColumnGateArch.prefab using Guid(3b11171e2a148a34a92bec2f1dd14b59) Importer(815301076,1909f56bfc062723c751e8b465ee728b)  -> (artifact id: 'fd65a201dbf9b8d47924cae72e2a8c1a') in 0.058930 seconds 
========================================================================
Received Import Request.
  Time since last request: 3.981968 seconds.
  path: Assets/CemeteryPack/Prefabs/Tombstones/Tombstones.001.prefab
  artifactKey: Guid(72acfbeb17f3f3b4a8308cec03df077a) Importer(815301076,1909f56bfc062723c751e8b465ee728b)
Start importing Assets/CemeteryPack/Prefabs/Tombstones/Tombstones.001.prefab using Guid(72acfbeb17f3f3b4a8308cec03df077a) Importer(815301076,1909f56bfc062723c751e8b465ee728b)  -> (artifact id: '3f824b3d9974f5f580e5bf6bb3d4a9f7') in 0.055019 seconds 
========================================================================
Received Import Request.
  Time since last request: 0.000037 seconds.
  path: Assets/CemeteryPack/Prefabs/Tombstones/TombstonesCoffinWood1.prefab
  artifactKey: Guid(b80d1b124b34b854c83664eb19bb7b05) Importer(815301076,1909f56bfc062723c751e8b465ee728b)
Start importing Assets/CemeteryPack/Prefabs/Tombstones/TombstonesCoffinWood1.prefab using Guid(b80d1b124b34b854c83664eb19bb7b05) Importer(815301076,1909f56bfc062723c751e8b465ee728b)  -> (artifact id: '59c85e324d3a90ad38e0ac0d3ae32c32') in 0.045128 seconds 
Editor requested this worker to shutdown with reason: Scaling down because of idle timeout
AssetImportWorker is now disconnected from the server
Process exiting
Exiting without the bug reporter. Application will terminate with return code 0