Using pre-set license
Built from '2021.3/staging' branch; Version is '2021.3.15f1 (e8e88683f834) revision 15263878'; Using compiler version '192829333'; Build Type 'Release'
OS: 'Windows 10  (10.0.19045) 64bit Core' Language: 'pl' Physical Memory: 16304 MB
BatchMode: 1, IsHumanControllingUs: 0, StartBugReporterOnCrash: 0, Is64bit: 1, IsPro: 1

COMMAND LINE ARGUMENTS:
F:\Unity\2021.3.15f1\Editor\Unity.exe
-adb2
-batchMode
-noUpm
-name
AssetImportWorker33
-projectPath
F:/Github/VR-projekt/VR projekt
-logFile
Logs/AssetImportWorker33.log
-srvPort
52652
Successfully changed project path to: F:/Github/VR-projekt/VR projekt
F:/Github/VR-projekt/VR projekt
[UnityMemory] Configuration Parameters - Can be set up in boot.config
    "memorysetup-bucket-allocator-granularity=16"
    "memorysetup-bucket-allocator-bucket-count=8"
    "memorysetup-bucket-allocator-block-size=33554432"
    "memorysetup-bucket-allocator-block-count=8"
    "memorysetup-main-allocator-block-size=16777216"
    "memorysetup-thread-allocator-block-size=16777216"
    "memorysetup-gfx-main-allocator-block-size=16777216"
    "memorysetup-gfx-thread-allocator-block-size=16777216"
    "memorysetup-cache-allocator-block-size=4194304"
    "memorysetup-typetree-allocator-block-size=2097152"
    "memorysetup-profiler-bucket-allocator-granularity=16"
    "memorysetup-profiler-bucket-allocator-bucket-count=8"
    "memorysetup-profiler-bucket-allocator-block-size=33554432"
    "memorysetup-profiler-bucket-allocator-block-count=8"
    "memorysetup-profiler-allocator-block-size=16777216"
    "memorysetup-profiler-editor-allocator-block-size=1048576"
    "memorysetup-temp-allocator-size-main=16777216"
    "memorysetup-job-temp-allocator-block-size=2097152"
    "memorysetup-job-temp-allocator-block-size-background=1048576"
    "memorysetup-job-temp-allocator-reduction-small-platforms=262144"
    "memorysetup-temp-allocator-size-background-worker=32768"
    "memorysetup-temp-allocator-size-job-worker=262144"
    "memorysetup-temp-allocator-size-preload-manager=33554432"
    "memorysetup-temp-allocator-size-nav-mesh-worker=65536"
    "memorysetup-temp-allocator-size-audio-worker=65536"
    "memorysetup-temp-allocator-size-cloud-worker=32768"
    "memorysetup-temp-allocator-size-gi-baking-worker=262144"
    "memorysetup-temp-allocator-size-gfx=262144"
Player connection [16504] Host "[IP] 192.168.0.11 [Port] 0 [Flags] 2 [Guid] 1146864262 [EditorId] 1146864262 [Version] 1048832 [Id] WindowsEditor(7,DESKTOP-MN4RVAM) [Debug] 1 [PackageName] WindowsEditor [ProjectName] Editor" joined multi-casting on [225.0.0.222:54997]...

Player connection [16504] Host "[IP] 192.168.0.11 [Port] 0 [Flags] 2 [Guid] 1146864262 [EditorId] 1146864262 [Version] 1048832 [Id] WindowsEditor(7,DESKTOP-MN4RVAM) [Debug] 1 [PackageName] WindowsEditor [ProjectName] Editor" joined alternative multi-casting on [225.0.0.222:34997]...

Refreshing native plugins compatible for Editor in 251.70 ms, found 3 plugins.
Preloading 0 native plugins for Editor in 0.00 ms.
Initialize engine version: 2021.3.15f1 (e8e88683f834)
[Subsystems] Discovering subsystems at path F:/Unity/2021.3.15f1/Editor/Data/Resources/UnitySubsystems
[Subsystems] Discovering subsystems at path F:/Github/VR-projekt/VR projekt/Assets
GfxDevice: creating device client; threaded=0; jobified=0
Direct3D:
    Version:  Direct3D 11.0 [level 11.1]
    Renderer: NVIDIA GeForce GTX 1650 (ID=0x1f91)
    Vendor:   NVIDIA
    VRAM:     3949 MB
    Driver:   31.0.15.2824
Initialize mono
Mono path[0] = 'F:/Unity/2021.3.15f1/Editor/Data/Managed'
Mono path[1] = 'F:/Unity/2021.3.15f1/Editor/Data/MonoBleedingEdge/lib/mono/unityjit-win32'
Mono config path = 'F:/Unity/2021.3.15f1/Editor/Data/MonoBleedingEdge/etc'
Using monoOptions --debugger-agent=transport=dt_socket,embedding=1,server=y,suspend=n,address=127.0.0.1:56540
Begin MonoManager ReloadAssembly
Registering precompiled unity dll's ...
Register platform support module: F:/Unity/2021.3.15f1/Editor/Data/PlaybackEngines/WindowsStandaloneSupport/UnityEditor.WindowsStandalone.Extensions.dll
Registered in 0.017070 seconds.
Native extension for WindowsStandalone target not found
Refreshing native plugins compatible for Editor in 289.62 ms, found 3 plugins.
Preloading 0 native plugins for Editor in 0.00 ms.
Mono: successfully reloaded assembly
- Completed reload, in  1.848 seconds
Domain Reload Profiling:
	ReloadAssembly (1849ms)
		BeginReloadAssembly (217ms)
			ExecutionOrderSort (0ms)
			DisableScriptedObjects (0ms)
			BackupInstance (0ms)
			ReleaseScriptingObjects (0ms)
			CreateAndSetChildDomain (2ms)
		EndReloadAssembly (1313ms)
			LoadAssemblies (207ms)
			RebuildTransferFunctionScriptingTraits (0ms)
			SetupTypeCache (356ms)
			ReleaseScriptCaches (0ms)
			RebuildScriptCaches (71ms)
			SetupLoadedEditorAssemblies (762ms)
				LogAssemblyErrors (0ms)
				InitializePlatformSupportModulesInManaged (12ms)
				SetLoadedEditorAssemblies (0ms)
				RefreshPlugins (290ms)
				BeforeProcessingInitializeOnLoad (2ms)
				ProcessInitializeOnLoadAttributes (354ms)
				ProcessInitializeOnLoadMethodAttributes (104ms)
				AfterProcessingInitializeOnLoad (0ms)
				EditorAssembliesLoaded (0ms)
			ExecutionOrderSort2 (0ms)
			AwakeInstancesAfterBackupRestoration (0ms)
Platform modules already initialized, skipping
Registering precompiled user dll's ...
Registered in 0.012380 seconds.
Begin MonoManager ReloadAssembly
Symbol file LoadedFromMemory doesn't match image F:\Github\VR-projekt\VR projekt\Library\PackageCache\com.unity.visualscripting@1.7.8\Editor\VisualScripting.Core\Dependencies\YamlDotNet\Unity.VisualScripting.YamlDotNet.dll
Symbol file LoadedFromMemory doesn't match image F:\Github\VR-projekt\VR projekt\Library\PackageCache\com.unity.visualscripting@1.7.8\Editor\VisualScripting.Core\Dependencies\DotNetZip\Unity.VisualScripting.IonicZip.dll
Native extension for WindowsStandalone target not found
Refreshing native plugins compatible for Editor in 166.15 ms, found 3 plugins.
Preloading 0 native plugins for Editor in 0.00 ms.
Mono: successfully reloaded assembly
- Completed reload, in  2.245 seconds
Domain Reload Profiling:
	ReloadAssembly (2246ms)
		BeginReloadAssembly (189ms)
			ExecutionOrderSort (0ms)
			DisableScriptedObjects (10ms)
			BackupInstance (0ms)
			ReleaseScriptingObjects (0ms)
			CreateAndSetChildDomain (31ms)
		EndReloadAssembly (1870ms)
			LoadAssemblies (132ms)
			RebuildTransferFunctionScriptingTraits (0ms)
			SetupTypeCache (470ms)
			ReleaseScriptCaches (1ms)
			RebuildScriptCaches (92ms)
			SetupLoadedEditorAssemblies (1123ms)
				LogAssemblyErrors (0ms)
				InitializePlatformSupportModulesInManaged (9ms)
				SetLoadedEditorAssemblies (0ms)
				RefreshPlugins (166ms)
				BeforeProcessingInitializeOnLoad (148ms)
				ProcessInitializeOnLoadAttributes (739ms)
				ProcessInitializeOnLoadMethodAttributes (50ms)
				AfterProcessingInitializeOnLoad (11ms)
				EditorAssembliesLoaded (0ms)
			ExecutionOrderSort2 (0ms)
			AwakeInstancesAfterBackupRestoration (8ms)
Platform modules already initialized, skipping
========================================================================
Worker process is ready to serve import requests
Launched and connected shader compiler UnityShaderCompiler.exe after 0.09 seconds
Refreshing native plugins compatible for Editor in 2.04 ms, found 3 plugins.
Preloading 0 native plugins for Editor in 0.00 ms.
Unloading 3883 Unused Serialized files (Serialized files now loaded: 0)
Unloading 44 unused Assets / (185.1 KB). Loaded Objects now: 4358.
Memory consumption went from 151.9 MB to 151.7 MB.
Total: 18.990000 ms (FindLiveObjects: 0.583300 ms CreateObjectMapping: 0.425700 ms MarkObjects: 17.727800 ms  DeleteObjects: 0.240900 ms)

AssetImportParameters requested are different than current active one (requested -> active):
  custom:video-decoder-ogg-theora: a1e56fd34408186e4bbccfd4996cb3dc -> 
  custom:container-muxer-webm: aa71ff27fc2769a1b78a27578f13a17b -> 
  custom:container-demuxer-webm: 4f35f7cbe854078d1ac9338744f61a02 -> 
  custom:video-encoder-webm-vp8: eb34c28f22e8b96e1ab97ce403110664 -> 
  custom:audio-encoder-webm-vorbis: bf7c407c2cedff20999df2af8eb42d56 -> 
  custom:framework-win-MediaFoundation: 216162199b28c13a410421893ffa2e32 -> 
  custom:container-demuxer-ogg: 62fdf1f143b41e24485cea50d1cbac27 -> 
  custom:video-decoder-webm-vp8: 9c59270c3fd7afecdb556c50c9e8de78 -> 
  custom:audio-decoder-ogg-vorbis: bf7c407c2cedff20999df2af8eb42d56 -> 
========================================================================
Received Import Request.
  Time since last request: 14015.822467 seconds.
  path: Assets/cemetery halloween set/Prefab/spokebone_02.prefab
  artifactKey: Guid(3b8a8d4f185bf754992507a3347879da) Importer(815301076,1909f56bfc062723c751e8b465ee728b)
Start importing Assets/cemetery halloween set/Prefab/spokebone_02.prefab using Guid(3b8a8d4f185bf754992507a3347879da) Importer(815301076,1909f56bfc062723c751e8b465ee728b)  -> (artifact id: 'dd10b3cb334459bb777b9b8003bec9e8') in 0.363093 seconds 
========================================================================
Received Import Request.
  Time since last request: 0.202787 seconds.
  path: Assets/cemetery halloween set/Prefab/zombie_hand_09.prefab
  artifactKey: Guid(672812a63609013408fea04c1f81d01f) Importer(815301076,1909f56bfc062723c751e8b465ee728b)
Start importing Assets/cemetery halloween set/Prefab/zombie_hand_09.prefab using Guid(672812a63609013408fea04c1f81d01f) Importer(815301076,1909f56bfc062723c751e8b465ee728b)  -> (artifact id: '9f14e98d5a82d0f6d86f6ad3e1c5dc2c') in 0.053610 seconds 
========================================================================
Received Import Request.
  Time since last request: 94.540405 seconds.
  path: Assets/cemetery halloween set/models/bush_02.FBX
  artifactKey: Guid(9aafa78da961cbb4d9503b7c2c34a5ac) Importer(815301076,1909f56bfc062723c751e8b465ee728b)
Start importing Assets/cemetery halloween set/models/bush_02.FBX using Guid(9aafa78da961cbb4d9503b7c2c34a5ac) Importer(815301076,1909f56bfc062723c751e8b465ee728b)  -> (artifact id: 'bfd5771dbfdc1b5d8dea4846f5c49e4b') in 0.113326 seconds 
========================================================================
Received Import Request.
  Time since last request: 0.000031 seconds.
  path: Assets/cemetery halloween set/models/fence_tile_03.fbx
  artifactKey: Guid(3a59d304685b7be4eaa9906e1ea91b48) Importer(815301076,1909f56bfc062723c751e8b465ee728b)
Start importing Assets/cemetery halloween set/models/fence_tile_03.fbx using Guid(3a59d304685b7be4eaa9906e1ea91b48) Importer(815301076,1909f56bfc062723c751e8b465ee728b)  -> (artifact id: '903048cef18f21d87e0523dc9aca7db6') in 0.049135 seconds 
========================================================================
Received Import Request.
  Time since last request: 0.000043 seconds.
  path: Assets/cemetery halloween set/models/gravestone_06.fbx
  artifactKey: Guid(dc042185714af6c458ef19e5b5b74517) Importer(815301076,1909f56bfc062723c751e8b465ee728b)
Start importing Assets/cemetery halloween set/models/gravestone_06.fbx using Guid(dc042185714af6c458ef19e5b5b74517) Importer(815301076,1909f56bfc062723c751e8b465ee728b)  -> (artifact id: '8e785878e37c587e6069ae401bc8dc50') in 0.089667 seconds 
========================================================================
Received Import Request.
  Time since last request: 0.000165 seconds.
  path: Assets/cemetery halloween set/models/lava_dead_tree_04.FBX
  artifactKey: Guid(776bc5f1c6c89854b841fe91a3bd86a5) Importer(815301076,1909f56bfc062723c751e8b465ee728b)
Start importing Assets/cemetery halloween set/models/lava_dead_tree_04.FBX using Guid(776bc5f1c6c89854b841fe91a3bd86a5) Importer(815301076,1909f56bfc062723c751e8b465ee728b)  -> (artifact id: '3927d0f8ccdc40df43b0b0797cae5b9e') in 0.066396 seconds 
========================================================================
Received Import Request.
  Time since last request: 0.000035 seconds.
  path: Assets/cemetery halloween set/models/rock_01.fbx
  artifactKey: Guid(3b032cefce50fb44088f8198c71ce608) Importer(815301076,1909f56bfc062723c751e8b465ee728b)
Start importing Assets/cemetery halloween set/models/rock_01.fbx using Guid(3b032cefce50fb44088f8198c71ce608) Importer(815301076,1909f56bfc062723c751e8b465ee728b)  -> (artifact id: '7f1fe61cd357eca8f33fff1f8d0b1c4d') in 0.049930 seconds 
========================================================================
Received Import Request.
  Time since last request: 0.000031 seconds.
  path: Assets/cemetery halloween set/models/hang_pumpkin_04.FBX
  artifactKey: Guid(2d61b8ffb6a1d6246916f79102d0117c) Importer(815301076,1909f56bfc062723c751e8b465ee728b)
Start importing Assets/cemetery halloween set/models/hang_pumpkin_04.FBX using Guid(2d61b8ffb6a1d6246916f79102d0117c) Importer(815301076,1909f56bfc062723c751e8b465ee728b)  -> (artifact id: '39a5c72b731dab167024ef16a6a5e1b5') in 0.057564 seconds 
========================================================================
Received Import Request.
  Time since last request: 0.000042 seconds.
  path: Assets/cemetery halloween set/models/fence_pillar_03.fbx
  artifactKey: Guid(d5ad956dd1189ee49b97f315600dd069) Importer(815301076,1909f56bfc062723c751e8b465ee728b)
Start importing Assets/cemetery halloween set/models/fence_pillar_03.fbx using Guid(d5ad956dd1189ee49b97f315600dd069) Importer(815301076,1909f56bfc062723c751e8b465ee728b)  -> (artifact id: 'f7547a5de91eb5d04ddc2d762acb2fbe') in 0.065571 seconds 
========================================================================
Received Import Request.
  Time since last request: 0.000026 seconds.
  path: Assets/cemetery halloween set/models/spiderweb_03.fbx
  artifactKey: Guid(0eb0ec8c1682b6f4e8f4ecc4dd48f2c6) Importer(815301076,1909f56bfc062723c751e8b465ee728b)
Start importing Assets/cemetery halloween set/models/spiderweb_03.fbx using Guid(0eb0ec8c1682b6f4e8f4ecc4dd48f2c6) Importer(815301076,1909f56bfc062723c751e8b465ee728b)  -> (artifact id: '0cbb9ecf0f4371c4c2bc7eadb7b465d2') in 0.048205 seconds 
========================================================================
Received Import Request.
  Time since last request: 0.000023 seconds.
  path: Assets/cemetery halloween set/models/pumpkin_09.FBX
  artifactKey: Guid(8bf3aed581518da48ab2ad57b02904ad) Importer(815301076,1909f56bfc062723c751e8b465ee728b)
Start importing Assets/cemetery halloween set/models/pumpkin_09.FBX using Guid(8bf3aed581518da48ab2ad57b02904ad) Importer(815301076,1909f56bfc062723c751e8b465ee728b)  -> (artifact id: 'c71de1cf32dc511c0e7691094230c032') in 0.033680 seconds 
========================================================================
Received Import Request.
  Time since last request: 0.000026 seconds.
  path: Assets/cemetery halloween set/models/dead_tree_02.FBX
  artifactKey: Guid(0ba9a6b9c80107a4dafb3a3067123c79) Importer(815301076,1909f56bfc062723c751e8b465ee728b)
Start importing Assets/cemetery halloween set/models/dead_tree_02.FBX using Guid(0ba9a6b9c80107a4dafb3a3067123c79) Importer(815301076,1909f56bfc062723c751e8b465ee728b)  -> (artifact id: 'bb504165ceadcc8724267d926dfb4057') in 0.056730 seconds 
========================================================================
Received Import Request.
  Time since last request: 0.000033 seconds.
  path: Assets/cemetery halloween set/models/gravestone_04.fbx
  artifactKey: Guid(0c6a1b709e81ef54297ce22bcaca285d) Importer(815301076,1909f56bfc062723c751e8b465ee728b)
Start importing Assets/cemetery halloween set/models/gravestone_04.fbx using Guid(0c6a1b709e81ef54297ce22bcaca285d) Importer(815301076,1909f56bfc062723c751e8b465ee728b)  -> (artifact id: '729022a5f08e7ec9e545b5daef99c0cf') in 0.039848 seconds 
========================================================================
Received Import Request.
  Time since last request: 0.000046 seconds.
  path: Assets/cemetery halloween set/models/lava_dead_tree_05.FBX
  artifactKey: Guid(b791933449d545e4f9fe4ef8a91da6bf) Importer(815301076,1909f56bfc062723c751e8b465ee728b)
Start importing Assets/cemetery halloween set/models/lava_dead_tree_05.FBX using Guid(b791933449d545e4f9fe4ef8a91da6bf) Importer(815301076,1909f56bfc062723c751e8b465ee728b)  -> (artifact id: '0192518b8d4542a3d8ad43d48af6940c') in 0.055073 seconds 
========================================================================
Received Import Request.
  Time since last request: 0.000025 seconds.
  path: Assets/cemetery halloween set/models/skull_02.fbx
  artifactKey: Guid(85b9fe69e945acc4381c69f5ff326dfd) Importer(815301076,1909f56bfc062723c751e8b465ee728b)
Start importing Assets/cemetery halloween set/models/skull_02.fbx using Guid(85b9fe69e945acc4381c69f5ff326dfd) Importer(815301076,1909f56bfc062723c751e8b465ee728b)  -> (artifact id: 'aa04b055cd16f0bec5972c2639bce26a') in 0.036062 seconds 
========================================================================
Received Import Request.
  Time since last request: 0.000034 seconds.
  path: Assets/cemetery halloween set/models/fence_pillar_04.fbx
  artifactKey: Guid(844f5ee9f9636e24b986341c65a04552) Importer(815301076,1909f56bfc062723c751e8b465ee728b)
Start importing Assets/cemetery halloween set/models/fence_pillar_04.fbx using Guid(844f5ee9f9636e24b986341c65a04552) Importer(815301076,1909f56bfc062723c751e8b465ee728b)  -> (artifact id: 'bb0ad9e9f34bb691c2032e6ce86f0905') in 0.058806 seconds 
========================================================================
Received Import Request.
  Time since last request: 0.000027 seconds.
  path: Assets/cemetery halloween set/models/gravestone_08.fbx
  artifactKey: Guid(40244e38365821e42bdf5e70f66cb012) Importer(815301076,1909f56bfc062723c751e8b465ee728b)
Start importing Assets/cemetery halloween set/models/gravestone_08.fbx using Guid(40244e38365821e42bdf5e70f66cb012) Importer(815301076,1909f56bfc062723c751e8b465ee728b)  -> (artifact id: '8d12c1c7daf38c9f11c64d9bfd565121') in 0.047623 seconds 
========================================================================
Received Import Request.
  Time since last request: 0.000039 seconds.
  path: Assets/cemetery halloween set/models/rock_10.fbx
  artifactKey: Guid(b85a73d1ef6903645be5e0ad882c2af8) Importer(815301076,1909f56bfc062723c751e8b465ee728b)
Start importing Assets/cemetery halloween set/models/rock_10.fbx using Guid(b85a73d1ef6903645be5e0ad882c2af8) Importer(815301076,1909f56bfc062723c751e8b465ee728b)  -> (artifact id: '2ae99db5488109781cf6e9a76e20d78e') in 0.036879 seconds 
========================================================================
Received Import Request.
  Time since last request: 0.000042 seconds.
  path: Assets/cemetery halloween set/models/rock_07.fbx
  artifactKey: Guid(e62e6d450c2012c4c8d26fdc7d221f66) Importer(815301076,1909f56bfc062723c751e8b465ee728b)
Start importing Assets/cemetery halloween set/models/rock_07.fbx using Guid(e62e6d450c2012c4c8d26fdc7d221f66) Importer(815301076,1909f56bfc062723c751e8b465ee728b)  -> (artifact id: 'e8ca7faa3425925a0dc30fdc494cf0d7') in 0.037217 seconds 
========================================================================
Received Import Request.
  Time since last request: 0.000038 seconds.
  path: Assets/cemetery halloween set/models/dead_tree_03.FBX
  artifactKey: Guid(06d19085b329a20418f3615867e04fd5) Importer(815301076,1909f56bfc062723c751e8b465ee728b)
Start importing Assets/cemetery halloween set/models/dead_tree_03.FBX using Guid(06d19085b329a20418f3615867e04fd5) Importer(815301076,1909f56bfc062723c751e8b465ee728b)  -> (artifact id: '991e65ef3008630427b39f37e71e49cf') in 0.053542 seconds 
========================================================================
Received Import Request.
  Time since last request: 0.000036 seconds.
  path: Assets/cemetery halloween set/models/skull_06.fbx
  artifactKey: Guid(4ebdf9858647ed64a8d486dbb3159a72) Importer(815301076,1909f56bfc062723c751e8b465ee728b)
Start importing Assets/cemetery halloween set/models/skull_06.fbx using Guid(4ebdf9858647ed64a8d486dbb3159a72) Importer(815301076,1909f56bfc062723c751e8b465ee728b)  -> (artifact id: '9a3837462dd29cf339d7c894688fe473') in 0.039321 seconds 
========================================================================
Received Import Request.
  Time since last request: 0.000044 seconds.
  path: Assets/cemetery halloween set/models/rock_12.fbx
  artifactKey: Guid(7d8bf4f6d6882da48a54b61675eef409) Importer(815301076,1909f56bfc062723c751e8b465ee728b)
Start importing Assets/cemetery halloween set/models/rock_12.fbx using Guid(7d8bf4f6d6882da48a54b61675eef409) Importer(815301076,1909f56bfc062723c751e8b465ee728b)  -> (artifact id: '4d72124715726df9458927554a8e5a0c') in 0.043972 seconds 
========================================================================
Received Import Request.
  Time since last request: 0.000038 seconds.
  path: Assets/cemetery halloween set/models/skull_09.fbx
  artifactKey: Guid(e65822353ae8c9340a402c7b8d1af067) Importer(815301076,1909f56bfc062723c751e8b465ee728b)
Start importing Assets/cemetery halloween set/models/skull_09.fbx using Guid(e65822353ae8c9340a402c7b8d1af067) Importer(815301076,1909f56bfc062723c751e8b465ee728b)  -> (artifact id: '1eb041f378f4d1b95d58e7d0d06983e1') in 0.044357 seconds 
========================================================================
Received Import Request.
  Time since last request: 0.000054 seconds.
  path: Assets/cemetery halloween set/models/bush_03.FBX
  artifactKey: Guid(155be0380d0110d4281f455d096665ef) Importer(815301076,1909f56bfc062723c751e8b465ee728b)
Start importing Assets/cemetery halloween set/models/bush_03.FBX using Guid(155be0380d0110d4281f455d096665ef) Importer(815301076,1909f56bfc062723c751e8b465ee728b)  -> (artifact id: '8aaad7a92a558a25400d2a972fd9eaa1') in 0.038999 seconds 
========================================================================
Received Import Request.
  Time since last request: 0.000050 seconds.
  path: Assets/cemetery halloween set/models/fence_tile_01.fbx
  artifactKey: Guid(3fd64e3f606559048b247d9d9fe68b28) Importer(815301076,1909f56bfc062723c751e8b465ee728b)
Start importing Assets/cemetery halloween set/models/fence_tile_01.fbx using Guid(3fd64e3f606559048b247d9d9fe68b28) Importer(815301076,1909f56bfc062723c751e8b465ee728b)  -> (artifact id: '3dbc0c2ddf014714a2a7978a2445db49') in 0.037177 seconds 
========================================================================
Received Import Request.
  Time since last request: 0.000029 seconds.
  path: Assets/cemetery halloween set/models/gate_02.fbx
  artifactKey: Guid(de39154115bfb6e4381d77121ee32d9b) Importer(815301076,1909f56bfc062723c751e8b465ee728b)
Start importing Assets/cemetery halloween set/models/gate_02.fbx using Guid(de39154115bfb6e4381d77121ee32d9b) Importer(815301076,1909f56bfc062723c751e8b465ee728b)  -> (artifact id: 'd0cb177e7e997a4928f8d18cad19365a') in 0.037388 seconds 
========================================================================
Received Import Request.
  Time since last request: 0.000029 seconds.
  path: Assets/cemetery halloween set/models/rock_14.fbx
  artifactKey: Guid(8fa5d86950599c14283ea80e4dbb6cdd) Importer(815301076,1909f56bfc062723c751e8b465ee728b)
Start importing Assets/cemetery halloween set/models/rock_14.fbx using Guid(8fa5d86950599c14283ea80e4dbb6cdd) Importer(815301076,1909f56bfc062723c751e8b465ee728b)  -> (artifact id: 'c188b33337d63be4bdc57dcbf8563066') in 0.042920 seconds 
========================================================================
Received Import Request.
  Time since last request: 0.000028 seconds.
  path: Assets/cemetery halloween set/models/skull_08.fbx
  artifactKey: Guid(0ae16d69b1d565946a7a7d33765ea7f7) Importer(815301076,1909f56bfc062723c751e8b465ee728b)
Start importing Assets/cemetery halloween set/models/skull_08.fbx using Guid(0ae16d69b1d565946a7a7d33765ea7f7) Importer(815301076,1909f56bfc062723c751e8b465ee728b)  -> (artifact id: 'd1a17cee92b954b035d672dcec025cc0') in 0.037407 seconds 
========================================================================
Received Import Request.
  Time since last request: 0.000031 seconds.
  path: Assets/cemetery halloween set/models/lava_dead_tree_02.FBX
  artifactKey: Guid(ac26e1e84029fc2409e9ce970fd00800) Importer(815301076,1909f56bfc062723c751e8b465ee728b)
Start importing Assets/cemetery halloween set/models/lava_dead_tree_02.FBX using Guid(ac26e1e84029fc2409e9ce970fd00800) Importer(815301076,1909f56bfc062723c751e8b465ee728b)  -> (artifact id: 'a558e01dd865b46534d20aa6b5583767') in 0.050584 seconds 
========================================================================
Received Import Request.
  Time since last request: 0.000041 seconds.
  path: Assets/cemetery halloween set/models/pumpkin_08.FBX
  artifactKey: Guid(31cece0bdb31fff4f8ab279d108b5f86) Importer(815301076,1909f56bfc062723c751e8b465ee728b)
Start importing Assets/cemetery halloween set/models/pumpkin_08.FBX using Guid(31cece0bdb31fff4f8ab279d108b5f86) Importer(815301076,1909f56bfc062723c751e8b465ee728b)  -> (artifact id: '00b2a53568f71c8844cb9ca46cdab2da') in 0.039576 seconds 
========================================================================
Received Import Request.
  Time since last request: 0.000032 seconds.
  path: Assets/cemetery halloween set/models/fence_pillar_01.fbx
  artifactKey: Guid(fda92cc783efd474a9010817ac54944f) Importer(815301076,1909f56bfc062723c751e8b465ee728b)
Start importing Assets/cemetery halloween set/models/fence_pillar_01.fbx using Guid(fda92cc783efd474a9010817ac54944f) Importer(815301076,1909f56bfc062723c751e8b465ee728b)  -> (artifact id: 'd2e0769682a7081144ae6888e11d808a') in 0.047390 seconds 
========================================================================
Received Import Request.
  Time since last request: 0.000029 seconds.
  path: Assets/cemetery halloween set/models/spiderweb_02.fbx
  artifactKey: Guid(eb94f0bdb081dc94f9bcc6b60dcaa7a7) Importer(815301076,1909f56bfc062723c751e8b465ee728b)
Start importing Assets/cemetery halloween set/models/spiderweb_02.fbx using Guid(eb94f0bdb081dc94f9bcc6b60dcaa7a7) Importer(815301076,1909f56bfc062723c751e8b465ee728b)  -> (artifact id: 'd3703f4de3d46dd23b85db8f0c55ce1d') in 0.039650 seconds 
========================================================================
Received Import Request.
  Time since last request: 0.000028 seconds.
  path: Assets/cemetery halloween set/models/spiderweb_04.fbx
  artifactKey: Guid(1bf8baa4c1bb36848a58e36c5cedc146) Importer(815301076,1909f56bfc062723c751e8b465ee728b)
Start importing Assets/cemetery halloween set/models/spiderweb_04.fbx using Guid(1bf8baa4c1bb36848a58e36c5cedc146) Importer(815301076,1909f56bfc062723c751e8b465ee728b)  -> (artifact id: '322078010917ab23404be51c39813223') in 0.037222 seconds 
========================================================================
Received Import Request.
  Time since last request: 0.000028 seconds.
  path: Assets/cemetery halloween set/models/rock_11.fbx
  artifactKey: Guid(147e2849b7754844e9afc7bee7e8c1cc) Importer(815301076,1909f56bfc062723c751e8b465ee728b)
Start importing Assets/cemetery halloween set/models/rock_11.fbx using Guid(147e2849b7754844e9afc7bee7e8c1cc) Importer(815301076,1909f56bfc062723c751e8b465ee728b)  -> (artifact id: '710706b2dffe5bad58cce2aeac61773a') in 0.041284 seconds 
========================================================================
Received Import Request.
  Time since last request: 0.000038 seconds.
  path: Assets/cemetery halloween set/models/dead_tree_05.FBX
  artifactKey: Guid(e0884eef239d74a4a9328c55745c142e) Importer(815301076,1909f56bfc062723c751e8b465ee728b)
Start importing Assets/cemetery halloween set/models/dead_tree_05.FBX using Guid(e0884eef239d74a4a9328c55745c142e) Importer(815301076,1909f56bfc062723c751e8b465ee728b)  -> (artifact id: '992be4b262855c2c96f66880d3e3685b') in 0.055966 seconds 
========================================================================
Received Import Request.
  Time since last request: 0.000045 seconds.
  path: Assets/cemetery halloween set/models/skull_04.fbx
  artifactKey: Guid(18c3f8aa37da94c41ab2b399cd121a62) Importer(815301076,1909f56bfc062723c751e8b465ee728b)
Start importing Assets/cemetery halloween set/models/skull_04.fbx using Guid(18c3f8aa37da94c41ab2b399cd121a62) Importer(815301076,1909f56bfc062723c751e8b465ee728b)  -> (artifact id: '0a767b54f2cfe1cc656d143a2011a8ca') in 0.035662 seconds 
========================================================================
Received Import Request.
  Time since last request: 0.000025 seconds.
  path: Assets/cemetery halloween set/models/pumpkin_12.FBX
  artifactKey: Guid(e6ed3073bc3cafe4a9ae8e28a16dce2f) Importer(815301076,1909f56bfc062723c751e8b465ee728b)
Start importing Assets/cemetery halloween set/models/pumpkin_12.FBX using Guid(e6ed3073bc3cafe4a9ae8e28a16dce2f) Importer(815301076,1909f56bfc062723c751e8b465ee728b)  -> (artifact id: 'e1fa2bef260fb432dadb52f09c31953a') in 0.049060 seconds 
========================================================================
Received Import Request.
  Time since last request: 0.000023 seconds.
  path: Assets/cemetery halloween set/models/hang_pumpkin_05.FBX
  artifactKey: Guid(7aaf8bbf8fb4b4643b1f1f5567ad6b61) Importer(815301076,1909f56bfc062723c751e8b465ee728b)
Start importing Assets/cemetery halloween set/models/hang_pumpkin_05.FBX using Guid(7aaf8bbf8fb4b4643b1f1f5567ad6b61) Importer(815301076,1909f56bfc062723c751e8b465ee728b)  -> (artifact id: '5a1ebcd77c049699ba6c66400f645d94') in 0.045580 seconds 
========================================================================
Received Import Request.
  Time since last request: 0.000031 seconds.
  path: Assets/cemetery halloween set/models/dead_tree_01.FBX
  artifactKey: Guid(44964e5ac51dbf54596a4b4ebc4f6b2a) Importer(815301076,1909f56bfc062723c751e8b465ee728b)
Start importing Assets/cemetery halloween set/models/dead_tree_01.FBX using Guid(44964e5ac51dbf54596a4b4ebc4f6b2a) Importer(815301076,1909f56bfc062723c751e8b465ee728b)  -> (artifact id: 'a8a84d93a09853f854e16c214f45e690') in 0.049412 seconds 
========================================================================
Received Import Request.
  Time since last request: 0.000031 seconds.
  path: Assets/cemetery halloween set/models/gravestone_07.fbx
  artifactKey: Guid(f44f54772e0fed64fa5ce4d4e0cd7b2f) Importer(815301076,1909f56bfc062723c751e8b465ee728b)
Start importing Assets/cemetery halloween set/models/gravestone_07.fbx using Guid(f44f54772e0fed64fa5ce4d4e0cd7b2f) Importer(815301076,1909f56bfc062723c751e8b465ee728b)  -> (artifact id: '8b84c83c0e790acaf631150461c01adb') in 0.039582 seconds 
========================================================================
Received Import Request.
  Time since last request: 0.000044 seconds.
  path: Assets/cemetery halloween set/models/fence_pillar_02.fbx
  artifactKey: Guid(7ad40de0b65ac1e49bc72259ad6343e2) Importer(815301076,1909f56bfc062723c751e8b465ee728b)
Start importing Assets/cemetery halloween set/models/fence_pillar_02.fbx using Guid(7ad40de0b65ac1e49bc72259ad6343e2) Importer(815301076,1909f56bfc062723c751e8b465ee728b)  -> (artifact id: '0d61978ab451f66d97130c042cfef2e4') in 0.040818 seconds 
========================================================================
Received Import Request.
  Time since last request: 0.000030 seconds.
  path: Assets/cemetery halloween set/models/hang_pumpkin_03.FBX
  artifactKey: Guid(60b896eb552db7a49bd58c9c7e6a98a2) Importer(815301076,1909f56bfc062723c751e8b465ee728b)
Start importing Assets/cemetery halloween set/models/hang_pumpkin_03.FBX using Guid(60b896eb552db7a49bd58c9c7e6a98a2) Importer(815301076,1909f56bfc062723c751e8b465ee728b)  -> (artifact id: 'd97e1603209d566b92e1a51abf87495e') in 0.059289 seconds 
========================================================================
Received Import Request.
  Time since last request: 0.000027 seconds.
  path: Assets/cemetery halloween set/models/fence_tile_05.fbx
  artifactKey: Guid(fbb2ac586132f1d41a2ba67a8234d3c9) Importer(815301076,1909f56bfc062723c751e8b465ee728b)
Start importing Assets/cemetery halloween set/models/fence_tile_05.fbx using Guid(fbb2ac586132f1d41a2ba67a8234d3c9) Importer(815301076,1909f56bfc062723c751e8b465ee728b)  -> (artifact id: '51d10bcd43943e7a24dd11293de8ee5d') in 0.039701 seconds 
========================================================================
Received Import Request.
  Time since last request: 0.000028 seconds.
  path: Assets/cemetery halloween set/models/hang_pumpkin_01.FBX
  artifactKey: Guid(6912e36da7db98940a5eed09d2a288df) Importer(815301076,1909f56bfc062723c751e8b465ee728b)
Start importing Assets/cemetery halloween set/models/hang_pumpkin_01.FBX using Guid(6912e36da7db98940a5eed09d2a288df) Importer(815301076,1909f56bfc062723c751e8b465ee728b)  -> (artifact id: '5cb80b1e6170a2e5eec76ea7fc8e2f78') in 0.045542 seconds 
========================================================================
Received Prepare
Registering precompiled user dll's ...
Registered in 0.020907 seconds.
Begin MonoManager ReloadAssembly
Symbol file LoadedFromMemory doesn't match image F:\Github\VR-projekt\VR projekt\Library\PackageCache\com.unity.visualscripting@1.7.8\Editor\VisualScripting.Core\Dependencies\YamlDotNet\Unity.VisualScripting.YamlDotNet.dll
Symbol file LoadedFromMemory doesn't match image F:\Github\VR-projekt\VR projekt\Library\PackageCache\com.unity.visualscripting@1.7.8\Editor\VisualScripting.Core\Dependencies\DotNetZip\Unity.VisualScripting.IonicZip.dll
Native extension for WindowsStandalone target not found
Refreshing native plugins compatible for Editor in 1.57 ms, found 3 plugins.
Preloading 0 native plugins for Editor in 0.00 ms.
Mono: successfully reloaded assembly
- Completed reload, in  2.642 seconds
Domain Reload Profiling:
	ReloadAssembly (2643ms)
		BeginReloadAssembly (316ms)
			ExecutionOrderSort (0ms)
			DisableScriptedObjects (12ms)
			BackupInstance (0ms)
			ReleaseScriptingObjects (0ms)
			CreateAndSetChildDomain (89ms)
		EndReloadAssembly (2132ms)
			LoadAssemblies (186ms)
			RebuildTransferFunctionScriptingTraits (0ms)
			SetupTypeCache (608ms)
			ReleaseScriptCaches (2ms)
			RebuildScriptCaches (83ms)
			SetupLoadedEditorAssemblies (1174ms)
				LogAssemblyErrors (0ms)
				InitializePlatformSupportModulesInManaged (27ms)
				SetLoadedEditorAssemblies (1ms)
				RefreshPlugins (2ms)
				BeforeProcessingInitializeOnLoad (143ms)
				ProcessInitializeOnLoadAttributes (889ms)
				ProcessInitializeOnLoadMethodAttributes (87ms)
				AfterProcessingInitializeOnLoad (25ms)
				EditorAssembliesLoaded (0ms)
			ExecutionOrderSort2 (0ms)
			AwakeInstancesAfterBackupRestoration (11ms)
Platform modules already initialized, skipping
Refreshing native plugins compatible for Editor in 19.63 ms, found 3 plugins.
Preloading 0 native plugins for Editor in 0.00 ms.
Unloading 3875 Unused Serialized files (Serialized files now loaded: 0)
Unloading 23 unused Assets / (152.6 KB). Loaded Objects now: 4384.
Memory consumption went from 156.5 MB to 156.4 MB.
Total: 8.653200 ms (FindLiveObjects: 1.415100 ms CreateObjectMapping: 0.400900 ms MarkObjects: 6.667900 ms  DeleteObjects: 0.167600 ms)

AssetImportParameters requested are different than current active one (requested -> active):
  custom:video-decoder-ogg-theora: a1e56fd34408186e4bbccfd4996cb3dc -> 
  custom:container-muxer-webm: aa71ff27fc2769a1b78a27578f13a17b -> 
  custom:container-demuxer-webm: 4f35f7cbe854078d1ac9338744f61a02 -> 
  custom:video-encoder-webm-vp8: eb34c28f22e8b96e1ab97ce403110664 -> 
  custom:audio-encoder-webm-vorbis: bf7c407c2cedff20999df2af8eb42d56 -> 
  custom:framework-win-MediaFoundation: 216162199b28c13a410421893ffa2e32 -> 
  custom:container-demuxer-ogg: 62fdf1f143b41e24485cea50d1cbac27 -> 
  custom:video-decoder-webm-vp8: 9c59270c3fd7afecdb556c50c9e8de78 -> 
  custom:audio-decoder-ogg-vorbis: bf7c407c2cedff20999df2af8eb42d56 -> 
========================================================================
Received Prepare
Registering precompiled user dll's ...
Registered in 0.013895 seconds.
Begin MonoManager ReloadAssembly
Symbol file LoadedFromMemory doesn't match image F:\Github\VR-projekt\VR projekt\Library\PackageCache\com.unity.visualscripting@1.7.8\Editor\VisualScripting.Core\Dependencies\YamlDotNet\Unity.VisualScripting.YamlDotNet.dll
Symbol file LoadedFromMemory doesn't match image F:\Github\VR-projekt\VR projekt\Library\PackageCache\com.unity.visualscripting@1.7.8\Editor\VisualScripting.Core\Dependencies\DotNetZip\Unity.VisualScripting.IonicZip.dll
Native extension for WindowsStandalone target not found
Refreshing native plugins compatible for Editor in 1.40 ms, found 3 plugins.
Preloading 0 native plugins for Editor in 0.00 ms.
Mono: successfully reloaded assembly
- Completed reload, in  2.638 seconds
Domain Reload Profiling:
	ReloadAssembly (2639ms)
		BeginReloadAssembly (315ms)
			ExecutionOrderSort (0ms)
			DisableScriptedObjects (7ms)
			BackupInstance (0ms)
			ReleaseScriptingObjects (0ms)
			CreateAndSetChildDomain (101ms)
		EndReloadAssembly (2033ms)
			LoadAssemblies (211ms)
			RebuildTransferFunctionScriptingTraits (0ms)
			SetupTypeCache (576ms)
			ReleaseScriptCaches (2ms)
			RebuildScriptCaches (100ms)
			SetupLoadedEditorAssemblies (1088ms)
				LogAssemblyErrors (0ms)
				InitializePlatformSupportModulesInManaged (21ms)
				SetLoadedEditorAssemblies (1ms)
				RefreshPlugins (2ms)
				BeforeProcessingInitializeOnLoad (148ms)
				ProcessInitializeOnLoadAttributes (825ms)
				ProcessInitializeOnLoadMethodAttributes (75ms)
				AfterProcessingInitializeOnLoad (17ms)
				EditorAssembliesLoaded (0ms)
			ExecutionOrderSort2 (0ms)
			AwakeInstancesAfterBackupRestoration (11ms)
Platform modules already initialized, skipping
Refreshing native plugins compatible for Editor in 5.48 ms, found 3 plugins.
Preloading 0 native plugins for Editor in 0.00 ms.
Unloading 3875 Unused Serialized files (Serialized files now loaded: 0)
Unloading 23 unused Assets / (152.5 KB). Loaded Objects now: 4399.
Memory consumption went from 156.5 MB to 156.4 MB.
Total: 6.512800 ms (FindLiveObjects: 0.452900 ms CreateObjectMapping: 0.348500 ms MarkObjects: 5.498300 ms  DeleteObjects: 0.211500 ms)

AssetImportParameters requested are different than current active one (requested -> active):
  custom:video-decoder-ogg-theora: a1e56fd34408186e4bbccfd4996cb3dc -> 
  custom:container-muxer-webm: aa71ff27fc2769a1b78a27578f13a17b -> 
  custom:container-demuxer-webm: 4f35f7cbe854078d1ac9338744f61a02 -> 
  custom:video-encoder-webm-vp8: eb34c28f22e8b96e1ab97ce403110664 -> 
  custom:audio-encoder-webm-vorbis: bf7c407c2cedff20999df2af8eb42d56 -> 
  custom:framework-win-MediaFoundation: 216162199b28c13a410421893ffa2e32 -> 
  custom:container-demuxer-ogg: 62fdf1f143b41e24485cea50d1cbac27 -> 
  custom:video-decoder-webm-vp8: 9c59270c3fd7afecdb556c50c9e8de78 -> 
  custom:audio-decoder-ogg-vorbis: bf7c407c2cedff20999df2af8eb42d56 -> 
Editor requested this worker to shutdown with reason: Scaling down because of idle timeout
AssetImportWorker is now disconnected from the server
Process exiting
Exiting without the bug reporter. Application will terminate with return code 0